/*C2*/SET SCHEMA PUBLIC
DISCONNECT
/*C12*/SET SCHEMA PUBLIC
INSERT INTO CLUSTER_SYNC VALUES('factProcessingTask',NULL,0,0)
COMMIT
DELETE FROM CLUSTER_SYNC WHERE ID='PlatformUsageProcessingTask'
INSERT INTO CLUSTER_SYNC VALUES('PlatformUsageProcessingTask','Larrys-MacBook-Pro.local:8b3c2276666e7836:-5c19473:152581a68c0:-7ffe',1453177112410,0)
DELETE FROM CLUSTER_SYNC WHERE ID='factProcessingTask'
INSERT INTO CLUSTER_SYNC VALUES('factProcessingTask','Larrys-MacBook-Pro.local:8b3c2276666e7836:-5c19473:152581a68c0:-7ffe',1453177112410,0)
DELETE FROM CLUSTER_SYNC WHERE ID='notificationCleanupTask'
INSERT INTO CLUSTER_SYNC VALUES('notificationCleanupTask','Larrys-MacBook-Pro.local:8b3c2276666e7836:-5c19473:152581a68c0:-7ffe',1453177112410,0)
DELETE FROM CLUSTER_SYNC WHERE ID='ssoExpiredLoginContextsCleanupTask'
INSERT INTO CLUSTER_SYNC VALUES('ssoExpiredLoginContextsCleanupTask','Larrys-MacBook-Pro.local:8b3c2276666e7836:-5c19473:152581a68c0:-7ffe',1453177112410,0)
COMMIT
DELETE FROM CLUSTER_SYNC WHERE ID='factProcessingTask'
COMMIT
/*C10*/SET SCHEMA PUBLIC
DELETE FROM CLUSTER_SYNC WHERE ID='PlatformUsageProcessingTask'
INSERT INTO CLUSTER_SYNC VALUES('PlatformUsageProcessingTask','Larrys-MacBook-Pro.local:8b3c2276666e7836:-5c19473:152581a68c0:-7ffe',1453177142430,0)
DELETE FROM CLUSTER_SYNC WHERE ID='notificationCleanupTask'
INSERT INTO CLUSTER_SYNC VALUES('notificationCleanupTask','Larrys-MacBook-Pro.local:8b3c2276666e7836:-5c19473:152581a68c0:-7ffe',1453177142431,0)
DELETE FROM CLUSTER_SYNC WHERE ID='ssoExpiredLoginContextsCleanupTask'
INSERT INTO CLUSTER_SYNC VALUES('ssoExpiredLoginContextsCleanupTask','Larrys-MacBook-Pro.local:8b3c2276666e7836:-5c19473:152581a68c0:-7ffe',1453177142431,0)
COMMIT
/*C9*/SET SCHEMA PUBLIC
INSERT INTO LICENSE_TERMS VALUES(5,0,1,0,'2016-01-18 22:19:02.449000',0)
COMMIT
ALTER SEQUENCE PUBLIC.LICENSETERMS_SEQ RESTART WITH 9
DELETE FROM CLUSTER_SYNC WHERE ID='PlatformUsageProcessingTask'
INSERT INTO CLUSTER_SYNC VALUES('PlatformUsageProcessingTask','Larrys-MacBook-Pro.local:8b3c2276666e7836:-5c19473:152581a68c0:-7ffe',1453177172437,0)
DELETE FROM CLUSTER_SYNC WHERE ID='notificationCleanupTask'
INSERT INTO CLUSTER_SYNC VALUES('notificationCleanupTask','Larrys-MacBook-Pro.local:8b3c2276666e7836:-5c19473:152581a68c0:-7ffe',1453177172437,0)
DELETE FROM CLUSTER_SYNC WHERE ID='ssoExpiredLoginContextsCleanupTask'
INSERT INTO CLUSTER_SYNC VALUES('ssoExpiredLoginContextsCleanupTask','Larrys-MacBook-Pro.local:8b3c2276666e7836:-5c19473:152581a68c0:-7ffe',1453177172437,0)
COMMIT
/*C11*/SET SCHEMA PUBLIC
DELETE FROM CLUSTER_SYNC WHERE ID='PlatformUsageProcessingTask'
INSERT INTO CLUSTER_SYNC VALUES('PlatformUsageProcessingTask','Larrys-MacBook-Pro.local:8b3c2276666e7836:-5c19473:152581a68c0:-7ffe',1453177202441,0)
DELETE FROM CLUSTER_SYNC WHERE ID='notificationCleanupTask'
INSERT INTO CLUSTER_SYNC VALUES('notificationCleanupTask','Larrys-MacBook-Pro.local:8b3c2276666e7836:-5c19473:152581a68c0:-7ffe',1453177202441,0)
DELETE FROM CLUSTER_SYNC WHERE ID='ssoExpiredLoginContextsCleanupTask'
INSERT INTO CLUSTER_SYNC VALUES('ssoExpiredLoginContextsCleanupTask','Larrys-MacBook-Pro.local:8b3c2276666e7836:-5c19473:152581a68c0:-7ffe',1453177202441,0)
COMMIT
DELETE FROM CLUSTER_SYNC WHERE ID='PlatformUsageProcessingTask'
INSERT INTO CLUSTER_SYNC VALUES('PlatformUsageProcessingTask','Larrys-MacBook-Pro.local:8b3c2276666e7836:-5c19473:152581a68c0:-7ffe',1453177232446,0)
DELETE FROM CLUSTER_SYNC WHERE ID='notificationCleanupTask'
INSERT INTO CLUSTER_SYNC VALUES('notificationCleanupTask','Larrys-MacBook-Pro.local:8b3c2276666e7836:-5c19473:152581a68c0:-7ffe',1453177232446,0)
DELETE FROM CLUSTER_SYNC WHERE ID='ssoExpiredLoginContextsCleanupTask'
INSERT INTO CLUSTER_SYNC VALUES('ssoExpiredLoginContextsCleanupTask','Larrys-MacBook-Pro.local:8b3c2276666e7836:-5c19473:152581a68c0:-7ffe',1453177232446,0)
COMMIT
DELETE FROM CLUSTER_SYNC WHERE ID='PlatformUsageProcessingTask'
INSERT INTO CLUSTER_SYNC VALUES('PlatformUsageProcessingTask','Larrys-MacBook-Pro.local:8b3c2276666e7836:-5c19473:152581a68c0:-7ffe',1453177262452,0)
DELETE FROM CLUSTER_SYNC WHERE ID='notificationCleanupTask'
INSERT INTO CLUSTER_SYNC VALUES('notificationCleanupTask','Larrys-MacBook-Pro.local:8b3c2276666e7836:-5c19473:152581a68c0:-7ffe',1453177262452,0)
DELETE FROM CLUSTER_SYNC WHERE ID='ssoExpiredLoginContextsCleanupTask'
INSERT INTO CLUSTER_SYNC VALUES('ssoExpiredLoginContextsCleanupTask','Larrys-MacBook-Pro.local:8b3c2276666e7836:-5c19473:152581a68c0:-7ffe',1453177262453,0)
COMMIT
DELETE FROM CLUSTER_SYNC WHERE ID='PlatformUsageProcessingTask'
INSERT INTO CLUSTER_SYNC VALUES('PlatformUsageProcessingTask','Larrys-MacBook-Pro.local:8b3c2276666e7836:-5c19473:152581a68c0:-7ffe',1453177292457,0)
DELETE FROM CLUSTER_SYNC WHERE ID='notificationCleanupTask'
INSERT INTO CLUSTER_SYNC VALUES('notificationCleanupTask','Larrys-MacBook-Pro.local:8b3c2276666e7836:-5c19473:152581a68c0:-7ffe',1453177292457,0)
DELETE FROM CLUSTER_SYNC WHERE ID='ssoExpiredLoginContextsCleanupTask'
INSERT INTO CLUSTER_SYNC VALUES('ssoExpiredLoginContextsCleanupTask','Larrys-MacBook-Pro.local:8b3c2276666e7836:-5c19473:152581a68c0:-7ffe',1453177292457,0)
COMMIT
DELETE FROM CLUSTER_SYNC WHERE ID='PlatformUsageProcessingTask'
INSERT INTO CLUSTER_SYNC VALUES('PlatformUsageProcessingTask','Larrys-MacBook-Pro.local:8b3c2276666e7836:-5c19473:152581a68c0:-7ffe',1453177322463,0)
DELETE FROM CLUSTER_SYNC WHERE ID='notificationCleanupTask'
INSERT INTO CLUSTER_SYNC VALUES('notificationCleanupTask','Larrys-MacBook-Pro.local:8b3c2276666e7836:-5c19473:152581a68c0:-7ffe',1453177322463,0)
DELETE FROM CLUSTER_SYNC WHERE ID='ssoExpiredLoginContextsCleanupTask'
INSERT INTO CLUSTER_SYNC VALUES('ssoExpiredLoginContextsCleanupTask','Larrys-MacBook-Pro.local:8b3c2276666e7836:-5c19473:152581a68c0:-7ffe',1453177322463,0)
COMMIT
DELETE FROM CLUSTER_SYNC WHERE ID='PlatformUsageProcessingTask'
INSERT INTO CLUSTER_SYNC VALUES('PlatformUsageProcessingTask','Larrys-MacBook-Pro.local:8b3c2276666e7836:-5c19473:152581a68c0:-7ffe',1453177352469,0)
DELETE FROM CLUSTER_SYNC WHERE ID='notificationCleanupTask'
INSERT INTO CLUSTER_SYNC VALUES('notificationCleanupTask','Larrys-MacBook-Pro.local:8b3c2276666e7836:-5c19473:152581a68c0:-7ffe',1453177352469,0)
DELETE FROM CLUSTER_SYNC WHERE ID='ssoExpiredLoginContextsCleanupTask'
INSERT INTO CLUSTER_SYNC VALUES('ssoExpiredLoginContextsCleanupTask','Larrys-MacBook-Pro.local:8b3c2276666e7836:-5c19473:152581a68c0:-7ffe',1453177352469,0)
COMMIT
DELETE FROM CLUSTER_SYNC WHERE ID='PlatformUsageProcessingTask'
INSERT INTO CLUSTER_SYNC VALUES('PlatformUsageProcessingTask','Larrys-MacBook-Pro.local:8b3c2276666e7836:-5c19473:152581a68c0:-7ffe',1453177382475,0)
DELETE FROM CLUSTER_SYNC WHERE ID='notificationCleanupTask'
INSERT INTO CLUSTER_SYNC VALUES('notificationCleanupTask','Larrys-MacBook-Pro.local:8b3c2276666e7836:-5c19473:152581a68c0:-7ffe',1453177382475,0)
DELETE FROM CLUSTER_SYNC WHERE ID='ssoExpiredLoginContextsCleanupTask'
INSERT INTO CLUSTER_SYNC VALUES('ssoExpiredLoginContextsCleanupTask','Larrys-MacBook-Pro.local:8b3c2276666e7836:-5c19473:152581a68c0:-7ffe',1453177382475,0)
COMMIT
DELETE FROM CLUSTER_SYNC WHERE ID='PlatformUsageProcessingTask'
INSERT INTO CLUSTER_SYNC VALUES('PlatformUsageProcessingTask','Larrys-MacBook-Pro.local:8b3c2276666e7836:-5c19473:152581a68c0:-7ffe',1453177412481,0)
DELETE FROM CLUSTER_SYNC WHERE ID='notificationCleanupTask'
INSERT INTO CLUSTER_SYNC VALUES('notificationCleanupTask','Larrys-MacBook-Pro.local:8b3c2276666e7836:-5c19473:152581a68c0:-7ffe',1453177412482,0)
DELETE FROM CLUSTER_SYNC WHERE ID='ssoExpiredLoginContextsCleanupTask'
INSERT INTO CLUSTER_SYNC VALUES('ssoExpiredLoginContextsCleanupTask','Larrys-MacBook-Pro.local:8b3c2276666e7836:-5c19473:152581a68c0:-7ffe',1453177412482,0)
COMMIT
DELETE FROM CLUSTER_SYNC WHERE ID='PlatformUsageProcessingTask'
INSERT INTO CLUSTER_SYNC VALUES('PlatformUsageProcessingTask','Larrys-MacBook-Pro.local:8b3c2276666e7836:-5c19473:152581a68c0:-7ffe',1453177442491,0)
DELETE FROM CLUSTER_SYNC WHERE ID='notificationCleanupTask'
INSERT INTO CLUSTER_SYNC VALUES('notificationCleanupTask','Larrys-MacBook-Pro.local:8b3c2276666e7836:-5c19473:152581a68c0:-7ffe',1453177442491,0)
DELETE FROM CLUSTER_SYNC WHERE ID='ssoExpiredLoginContextsCleanupTask'
INSERT INTO CLUSTER_SYNC VALUES('ssoExpiredLoginContextsCleanupTask','Larrys-MacBook-Pro.local:8b3c2276666e7836:-5c19473:152581a68c0:-7ffe',1453177442491,0)
COMMIT
DELETE FROM CLUSTER_SYNC WHERE ID='PlatformUsageProcessingTask'
INSERT INTO CLUSTER_SYNC VALUES('PlatformUsageProcessingTask','Larrys-MacBook-Pro.local:8b3c2276666e7836:-5c19473:152581a68c0:-7ffe',1453177472499,0)
DELETE FROM CLUSTER_SYNC WHERE ID='notificationCleanupTask'
INSERT INTO CLUSTER_SYNC VALUES('notificationCleanupTask','Larrys-MacBook-Pro.local:8b3c2276666e7836:-5c19473:152581a68c0:-7ffe',1453177472499,0)
DELETE FROM CLUSTER_SYNC WHERE ID='ssoExpiredLoginContextsCleanupTask'
INSERT INTO CLUSTER_SYNC VALUES('ssoExpiredLoginContextsCleanupTask','Larrys-MacBook-Pro.local:8b3c2276666e7836:-5c19473:152581a68c0:-7ffe',1453177472499,0)
COMMIT
INSERT INTO CLIENT_INSTANCES VALUES('XKYw1BVGGY','HybridAdapterAuth','1.0','','','','COMMON','386b3037663671676473')
COMMIT
INSERT INTO DEVICES VALUES('',NULL,'common','','',NULL,'2016-01-18 22:24:57.456000',0,NULL)
COMMIT
DELETE FROM DEVICES WHERE DEVICE_ID=''
INSERT INTO DEVICES VALUES('',NULL,'common','','',NULL,'2016-01-18 22:24:57.456000',0,'user')
COMMIT
DELETE FROM CLUSTER_SYNC WHERE ID='PlatformUsageProcessingTask'
INSERT INTO CLUSTER_SYNC VALUES('PlatformUsageProcessingTask','Larrys-MacBook-Pro.local:8b3c2276666e7836:-5c19473:152581a68c0:-7ffe',1453177502506,0)
DELETE FROM CLUSTER_SYNC WHERE ID='notificationCleanupTask'
INSERT INTO CLUSTER_SYNC VALUES('notificationCleanupTask','Larrys-MacBook-Pro.local:8b3c2276666e7836:-5c19473:152581a68c0:-7ffe',1453177502506,0)
DELETE FROM CLUSTER_SYNC WHERE ID='ssoExpiredLoginContextsCleanupTask'
INSERT INTO CLUSTER_SYNC VALUES('ssoExpiredLoginContextsCleanupTask','Larrys-MacBook-Pro.local:8b3c2276666e7836:-5c19473:152581a68c0:-7ffe',1453177502506,0)
COMMIT
DELETE FROM CLUSTER_SYNC WHERE ID='PlatformUsageProcessingTask'
INSERT INTO CLUSTER_SYNC VALUES('PlatformUsageProcessingTask','Larrys-MacBook-Pro.local:8b3c2276666e7836:-5c19473:152581a68c0:-7ffe',1453177532514,0)
DELETE FROM CLUSTER_SYNC WHERE ID='notificationCleanupTask'
INSERT INTO CLUSTER_SYNC VALUES('notificationCleanupTask','Larrys-MacBook-Pro.local:8b3c2276666e7836:-5c19473:152581a68c0:-7ffe',1453177532514,0)
DELETE FROM CLUSTER_SYNC WHERE ID='ssoExpiredLoginContextsCleanupTask'
INSERT INTO CLUSTER_SYNC VALUES('ssoExpiredLoginContextsCleanupTask','Larrys-MacBook-Pro.local:8b3c2276666e7836:-5c19473:152581a68c0:-7ffe',1453177532514,0)
COMMIT
DELETE FROM CLUSTER_SYNC WHERE ID='PlatformUsageProcessingTask'
INSERT INTO CLUSTER_SYNC VALUES('PlatformUsageProcessingTask','Larrys-MacBook-Pro.local:8b3c2276666e7836:-5c19473:152581a68c0:-7ffe',1453177562518,0)
DELETE FROM CLUSTER_SYNC WHERE ID='notificationCleanupTask'
INSERT INTO CLUSTER_SYNC VALUES('notificationCleanupTask','Larrys-MacBook-Pro.local:8b3c2276666e7836:-5c19473:152581a68c0:-7ffe',1453177562518,0)
DELETE FROM CLUSTER_SYNC WHERE ID='ssoExpiredLoginContextsCleanupTask'
INSERT INTO CLUSTER_SYNC VALUES('ssoExpiredLoginContextsCleanupTask','Larrys-MacBook-Pro.local:8b3c2276666e7836:-5c19473:152581a68c0:-7ffe',1453177562518,0)
COMMIT
DELETE FROM CLUSTER_SYNC WHERE ID='PlatformUsageProcessingTask'
INSERT INTO CLUSTER_SYNC VALUES('PlatformUsageProcessingTask','Larrys-MacBook-Pro.local:8b3c2276666e7836:-5c19473:152581a68c0:-7ffe',1453177592526,0)
DELETE FROM CLUSTER_SYNC WHERE ID='notificationCleanupTask'
INSERT INTO CLUSTER_SYNC VALUES('notificationCleanupTask','Larrys-MacBook-Pro.local:8b3c2276666e7836:-5c19473:152581a68c0:-7ffe',1453177592526,0)
DELETE FROM CLUSTER_SYNC WHERE ID='ssoExpiredLoginContextsCleanupTask'
INSERT INTO CLUSTER_SYNC VALUES('ssoExpiredLoginContextsCleanupTask','Larrys-MacBook-Pro.local:8b3c2276666e7836:-5c19473:152581a68c0:-7ffe',1453177592526,0)
COMMIT
DELETE FROM CLUSTER_SYNC WHERE ID='PlatformUsageProcessingTask'
INSERT INTO CLUSTER_SYNC VALUES('PlatformUsageProcessingTask','Larrys-MacBook-Pro.local:8b3c2276666e7836:-5c19473:152581a68c0:-7ffe',1453177622535,0)
DELETE FROM CLUSTER_SYNC WHERE ID='notificationCleanupTask'
INSERT INTO CLUSTER_SYNC VALUES('notificationCleanupTask','Larrys-MacBook-Pro.local:8b3c2276666e7836:-5c19473:152581a68c0:-7ffe',1453177622536,0)
DELETE FROM CLUSTER_SYNC WHERE ID='ssoExpiredLoginContextsCleanupTask'
INSERT INTO CLUSTER_SYNC VALUES('ssoExpiredLoginContextsCleanupTask','Larrys-MacBook-Pro.local:8b3c2276666e7836:-5c19473:152581a68c0:-7ffe',1453177622536,0)
COMMIT
DELETE FROM CLUSTER_SYNC WHERE ID='PlatformUsageProcessingTask'
INSERT INTO CLUSTER_SYNC VALUES('PlatformUsageProcessingTask','Larrys-MacBook-Pro.local:8b3c2276666e7836:-5c19473:152581a68c0:-7ffe',1453177652542,0)
DELETE FROM CLUSTER_SYNC WHERE ID='notificationCleanupTask'
INSERT INTO CLUSTER_SYNC VALUES('notificationCleanupTask','Larrys-MacBook-Pro.local:8b3c2276666e7836:-5c19473:152581a68c0:-7ffe',1453177652542,0)
DELETE FROM CLUSTER_SYNC WHERE ID='ssoExpiredLoginContextsCleanupTask'
INSERT INTO CLUSTER_SYNC VALUES('ssoExpiredLoginContextsCleanupTask','Larrys-MacBook-Pro.local:8b3c2276666e7836:-5c19473:152581a68c0:-7ffe',1453177652543,0)
COMMIT
DELETE FROM CLUSTER_SYNC WHERE ID='PlatformUsageProcessingTask'
INSERT INTO CLUSTER_SYNC VALUES('PlatformUsageProcessingTask','Larrys-MacBook-Pro.local:8b3c2276666e7836:-5c19473:152581a68c0:-7ffe',1453177682549,0)
DELETE FROM CLUSTER_SYNC WHERE ID='notificationCleanupTask'
INSERT INTO CLUSTER_SYNC VALUES('notificationCleanupTask','Larrys-MacBook-Pro.local:8b3c2276666e7836:-5c19473:152581a68c0:-7ffe',1453177682549,0)
DELETE FROM CLUSTER_SYNC WHERE ID='ssoExpiredLoginContextsCleanupTask'
INSERT INTO CLUSTER_SYNC VALUES('ssoExpiredLoginContextsCleanupTask','Larrys-MacBook-Pro.local:8b3c2276666e7836:-5c19473:152581a68c0:-7ffe',1453177682549,0)
COMMIT
DELETE FROM CLUSTER_SYNC WHERE ID='PlatformUsageProcessingTask'
INSERT INTO CLUSTER_SYNC VALUES('PlatformUsageProcessingTask','Larrys-MacBook-Pro.local:8b3c2276666e7836:-5c19473:152581a68c0:-7ffe',1453177712554,0)
DELETE FROM CLUSTER_SYNC WHERE ID='notificationCleanupTask'
INSERT INTO CLUSTER_SYNC VALUES('notificationCleanupTask','Larrys-MacBook-Pro.local:8b3c2276666e7836:-5c19473:152581a68c0:-7ffe',1453177712554,0)
DELETE FROM CLUSTER_SYNC WHERE ID='ssoExpiredLoginContextsCleanupTask'
INSERT INTO CLUSTER_SYNC VALUES('ssoExpiredLoginContextsCleanupTask','Larrys-MacBook-Pro.local:8b3c2276666e7836:-5c19473:152581a68c0:-7ffe',1453177712554,0)
COMMIT
DELETE FROM CLUSTER_SYNC WHERE ID='PlatformUsageProcessingTask'
INSERT INTO CLUSTER_SYNC VALUES('PlatformUsageProcessingTask','Larrys-MacBook-Pro.local:8b3c2276666e7836:-5c19473:152581a68c0:-7ffe',1453177742559,0)
DELETE FROM CLUSTER_SYNC WHERE ID='notificationCleanupTask'
INSERT INTO CLUSTER_SYNC VALUES('notificationCleanupTask','Larrys-MacBook-Pro.local:8b3c2276666e7836:-5c19473:152581a68c0:-7ffe',1453177742559,0)
DELETE FROM CLUSTER_SYNC WHERE ID='ssoExpiredLoginContextsCleanupTask'
INSERT INTO CLUSTER_SYNC VALUES('ssoExpiredLoginContextsCleanupTask','Larrys-MacBook-Pro.local:8b3c2276666e7836:-5c19473:152581a68c0:-7ffe',1453177742559,0)
COMMIT
DELETE FROM CLUSTER_SYNC WHERE ID='PlatformUsageProcessingTask'
INSERT INTO CLUSTER_SYNC VALUES('PlatformUsageProcessingTask','Larrys-MacBook-Pro.local:8b3c2276666e7836:-5c19473:152581a68c0:-7ffe',1453177772567,0)
DELETE FROM CLUSTER_SYNC WHERE ID='notificationCleanupTask'
INSERT INTO CLUSTER_SYNC VALUES('notificationCleanupTask','Larrys-MacBook-Pro.local:8b3c2276666e7836:-5c19473:152581a68c0:-7ffe',1453177772567,0)
DELETE FROM CLUSTER_SYNC WHERE ID='ssoExpiredLoginContextsCleanupTask'
INSERT INTO CLUSTER_SYNC VALUES('ssoExpiredLoginContextsCleanupTask','Larrys-MacBook-Pro.local:8b3c2276666e7836:-5c19473:152581a68c0:-7ffe',1453177772567,0)
COMMIT
DELETE FROM CLUSTER_SYNC WHERE ID='PlatformUsageProcessingTask'
INSERT INTO CLUSTER_SYNC VALUES('PlatformUsageProcessingTask','Larrys-MacBook-Pro.local:8b3c2276666e7836:-5c19473:152581a68c0:-7ffe',1453177802592,0)
DELETE FROM CLUSTER_SYNC WHERE ID='notificationCleanupTask'
INSERT INTO CLUSTER_SYNC VALUES('notificationCleanupTask','Larrys-MacBook-Pro.local:8b3c2276666e7836:-5c19473:152581a68c0:-7ffe',1453177802592,0)
DELETE FROM CLUSTER_SYNC WHERE ID='ssoExpiredLoginContextsCleanupTask'
INSERT INTO CLUSTER_SYNC VALUES('ssoExpiredLoginContextsCleanupTask','Larrys-MacBook-Pro.local:8b3c2276666e7836:-5c19473:152581a68c0:-7ffe',1453177802592,0)
COMMIT
DELETE FROM CLUSTER_SYNC WHERE ID='PlatformUsageProcessingTask'
INSERT INTO CLUSTER_SYNC VALUES('PlatformUsageProcessingTask','Larrys-MacBook-Pro.local:8b3c2276666e7836:-5c19473:152581a68c0:-7ffe',1453177832601,0)
DELETE FROM CLUSTER_SYNC WHERE ID='notificationCleanupTask'
INSERT INTO CLUSTER_SYNC VALUES('notificationCleanupTask','Larrys-MacBook-Pro.local:8b3c2276666e7836:-5c19473:152581a68c0:-7ffe',1453177832601,0)
DELETE FROM CLUSTER_SYNC WHERE ID='ssoExpiredLoginContextsCleanupTask'
INSERT INTO CLUSTER_SYNC VALUES('ssoExpiredLoginContextsCleanupTask','Larrys-MacBook-Pro.local:8b3c2276666e7836:-5c19473:152581a68c0:-7ffe',1453177832602,0)
COMMIT
DELETE FROM CLUSTER_SYNC WHERE ID='PlatformUsageProcessingTask'
INSERT INTO CLUSTER_SYNC VALUES('PlatformUsageProcessingTask','Larrys-MacBook-Pro.local:8b3c2276666e7836:-5c19473:152581a68c0:-7ffe',1453177862609,0)
DELETE FROM CLUSTER_SYNC WHERE ID='notificationCleanupTask'
INSERT INTO CLUSTER_SYNC VALUES('notificationCleanupTask','Larrys-MacBook-Pro.local:8b3c2276666e7836:-5c19473:152581a68c0:-7ffe',1453177862609,0)
DELETE FROM CLUSTER_SYNC WHERE ID='ssoExpiredLoginContextsCleanupTask'
INSERT INTO CLUSTER_SYNC VALUES('ssoExpiredLoginContextsCleanupTask','Larrys-MacBook-Pro.local:8b3c2276666e7836:-5c19473:152581a68c0:-7ffe',1453177862609,0)
COMMIT
DELETE FROM CLUSTER_SYNC WHERE ID='PlatformUsageProcessingTask'
INSERT INTO CLUSTER_SYNC VALUES('PlatformUsageProcessingTask','Larrys-MacBook-Pro.local:8b3c2276666e7836:-5c19473:152581a68c0:-7ffe',1453177892616,0)
DELETE FROM CLUSTER_SYNC WHERE ID='notificationCleanupTask'
INSERT INTO CLUSTER_SYNC VALUES('notificationCleanupTask','Larrys-MacBook-Pro.local:8b3c2276666e7836:-5c19473:152581a68c0:-7ffe',1453177892616,0)
DELETE FROM CLUSTER_SYNC WHERE ID='ssoExpiredLoginContextsCleanupTask'
INSERT INTO CLUSTER_SYNC VALUES('ssoExpiredLoginContextsCleanupTask','Larrys-MacBook-Pro.local:8b3c2276666e7836:-5c19473:152581a68c0:-7ffe',1453177892616,0)
COMMIT
DELETE FROM CLUSTER_SYNC WHERE ID='PlatformUsageProcessingTask'
INSERT INTO CLUSTER_SYNC VALUES('PlatformUsageProcessingTask','Larrys-MacBook-Pro.local:8b3c2276666e7836:-5c19473:152581a68c0:-7ffe',1453177922622,0)
DELETE FROM CLUSTER_SYNC WHERE ID='notificationCleanupTask'
INSERT INTO CLUSTER_SYNC VALUES('notificationCleanupTask','Larrys-MacBook-Pro.local:8b3c2276666e7836:-5c19473:152581a68c0:-7ffe',1453177922622,0)
DELETE FROM CLUSTER_SYNC WHERE ID='ssoExpiredLoginContextsCleanupTask'
INSERT INTO CLUSTER_SYNC VALUES('ssoExpiredLoginContextsCleanupTask','Larrys-MacBook-Pro.local:8b3c2276666e7836:-5c19473:152581a68c0:-7ffe',1453177922622,0)
COMMIT
DELETE FROM CLUSTER_SYNC WHERE ID='PlatformUsageProcessingTask'
INSERT INTO CLUSTER_SYNC VALUES('PlatformUsageProcessingTask','Larrys-MacBook-Pro.local:8b3c2276666e7836:-5c19473:152581a68c0:-7ffe',1453177952639,0)
DELETE FROM CLUSTER_SYNC WHERE ID='notificationCleanupTask'
INSERT INTO CLUSTER_SYNC VALUES('notificationCleanupTask','Larrys-MacBook-Pro.local:8b3c2276666e7836:-5c19473:152581a68c0:-7ffe',1453177952639,0)
DELETE FROM CLUSTER_SYNC WHERE ID='ssoExpiredLoginContextsCleanupTask'
INSERT INTO CLUSTER_SYNC VALUES('ssoExpiredLoginContextsCleanupTask','Larrys-MacBook-Pro.local:8b3c2276666e7836:-5c19473:152581a68c0:-7ffe',1453177952639,0)
COMMIT
DELETE FROM CLUSTER_SYNC WHERE ID='PlatformUsageProcessingTask'
INSERT INTO CLUSTER_SYNC VALUES('PlatformUsageProcessingTask','Larrys-MacBook-Pro.local:8b3c2276666e7836:-5c19473:152581a68c0:-7ffe',1453177982646,0)
DELETE FROM CLUSTER_SYNC WHERE ID='notificationCleanupTask'
INSERT INTO CLUSTER_SYNC VALUES('notificationCleanupTask','Larrys-MacBook-Pro.local:8b3c2276666e7836:-5c19473:152581a68c0:-7ffe',1453177982646,0)
DELETE FROM CLUSTER_SYNC WHERE ID='ssoExpiredLoginContextsCleanupTask'
INSERT INTO CLUSTER_SYNC VALUES('ssoExpiredLoginContextsCleanupTask','Larrys-MacBook-Pro.local:8b3c2276666e7836:-5c19473:152581a68c0:-7ffe',1453177982646,0)
COMMIT
DELETE FROM CLUSTER_SYNC WHERE ID='PlatformUsageProcessingTask'
INSERT INTO CLUSTER_SYNC VALUES('PlatformUsageProcessingTask','Larrys-MacBook-Pro.local:8b3c2276666e7836:-5c19473:152581a68c0:-7ffe',1453178012662,0)
DELETE FROM CLUSTER_SYNC WHERE ID='notificationCleanupTask'
INSERT INTO CLUSTER_SYNC VALUES('notificationCleanupTask','Larrys-MacBook-Pro.local:8b3c2276666e7836:-5c19473:152581a68c0:-7ffe',1453178012662,0)
DELETE FROM CLUSTER_SYNC WHERE ID='ssoExpiredLoginContextsCleanupTask'
INSERT INTO CLUSTER_SYNC VALUES('ssoExpiredLoginContextsCleanupTask','Larrys-MacBook-Pro.local:8b3c2276666e7836:-5c19473:152581a68c0:-7ffe',1453178012662,0)
COMMIT
DELETE FROM CLUSTER_SYNC WHERE ID='PlatformUsageProcessingTask'
INSERT INTO CLUSTER_SYNC VALUES('PlatformUsageProcessingTask','Larrys-MacBook-Pro.local:8b3c2276666e7836:-5c19473:152581a68c0:-7ffe',1453178042671,0)
DELETE FROM CLUSTER_SYNC WHERE ID='notificationCleanupTask'
INSERT INTO CLUSTER_SYNC VALUES('notificationCleanupTask','Larrys-MacBook-Pro.local:8b3c2276666e7836:-5c19473:152581a68c0:-7ffe',1453178042671,0)
DELETE FROM CLUSTER_SYNC WHERE ID='ssoExpiredLoginContextsCleanupTask'
INSERT INTO CLUSTER_SYNC VALUES('ssoExpiredLoginContextsCleanupTask','Larrys-MacBook-Pro.local:8b3c2276666e7836:-5c19473:152581a68c0:-7ffe',1453178042671,0)
COMMIT
DELETE FROM CLUSTER_SYNC WHERE ID='PlatformUsageProcessingTask'
INSERT INTO CLUSTER_SYNC VALUES('PlatformUsageProcessingTask','Larrys-MacBook-Pro.local:8b3c2276666e7836:-5c19473:152581a68c0:-7ffe',1453178072682,0)
DELETE FROM CLUSTER_SYNC WHERE ID='notificationCleanupTask'
INSERT INTO CLUSTER_SYNC VALUES('notificationCleanupTask','Larrys-MacBook-Pro.local:8b3c2276666e7836:-5c19473:152581a68c0:-7ffe',1453178072682,0)
DELETE FROM CLUSTER_SYNC WHERE ID='ssoExpiredLoginContextsCleanupTask'
INSERT INTO CLUSTER_SYNC VALUES('ssoExpiredLoginContextsCleanupTask','Larrys-MacBook-Pro.local:8b3c2276666e7836:-5c19473:152581a68c0:-7ffe',1453178072682,0)
COMMIT
DELETE FROM CLUSTER_SYNC WHERE ID='PlatformUsageProcessingTask'
INSERT INTO CLUSTER_SYNC VALUES('PlatformUsageProcessingTask','Larrys-MacBook-Pro.local:8b3c2276666e7836:-5c19473:152581a68c0:-7ffe',1453178102700,0)
DELETE FROM CLUSTER_SYNC WHERE ID='notificationCleanupTask'
INSERT INTO CLUSTER_SYNC VALUES('notificationCleanupTask','Larrys-MacBook-Pro.local:8b3c2276666e7836:-5c19473:152581a68c0:-7ffe',1453178102700,0)
DELETE FROM CLUSTER_SYNC WHERE ID='ssoExpiredLoginContextsCleanupTask'
INSERT INTO CLUSTER_SYNC VALUES('ssoExpiredLoginContextsCleanupTask','Larrys-MacBook-Pro.local:8b3c2276666e7836:-5c19473:152581a68c0:-7ffe',1453178102700,0)
COMMIT
DELETE FROM CLUSTER_SYNC WHERE ID='PlatformUsageProcessingTask'
INSERT INTO CLUSTER_SYNC VALUES('PlatformUsageProcessingTask','Larrys-MacBook-Pro.local:8b3c2276666e7836:-5c19473:152581a68c0:-7ffe',1453178132709,0)
DELETE FROM CLUSTER_SYNC WHERE ID='notificationCleanupTask'
INSERT INTO CLUSTER_SYNC VALUES('notificationCleanupTask','Larrys-MacBook-Pro.local:8b3c2276666e7836:-5c19473:152581a68c0:-7ffe',1453178132709,0)
DELETE FROM CLUSTER_SYNC WHERE ID='ssoExpiredLoginContextsCleanupTask'
INSERT INTO CLUSTER_SYNC VALUES('ssoExpiredLoginContextsCleanupTask','Larrys-MacBook-Pro.local:8b3c2276666e7836:-5c19473:152581a68c0:-7ffe',1453178132709,0)
COMMIT
DELETE FROM CLUSTER_SYNC WHERE ID='PlatformUsageProcessingTask'
INSERT INTO CLUSTER_SYNC VALUES('PlatformUsageProcessingTask','Larrys-MacBook-Pro.local:8b3c2276666e7836:-5c19473:152581a68c0:-7ffe',1453178162717,0)
DELETE FROM CLUSTER_SYNC WHERE ID='notificationCleanupTask'
INSERT INTO CLUSTER_SYNC VALUES('notificationCleanupTask','Larrys-MacBook-Pro.local:8b3c2276666e7836:-5c19473:152581a68c0:-7ffe',1453178162718,0)
DELETE FROM CLUSTER_SYNC WHERE ID='ssoExpiredLoginContextsCleanupTask'
INSERT INTO CLUSTER_SYNC VALUES('ssoExpiredLoginContextsCleanupTask','Larrys-MacBook-Pro.local:8b3c2276666e7836:-5c19473:152581a68c0:-7ffe',1453178162718,0)
COMMIT
DELETE FROM CLUSTER_SYNC WHERE ID='PlatformUsageProcessingTask'
INSERT INTO CLUSTER_SYNC VALUES('PlatformUsageProcessingTask','Larrys-MacBook-Pro.local:8b3c2276666e7836:-5c19473:152581a68c0:-7ffe',1453178192724,0)
DELETE FROM CLUSTER_SYNC WHERE ID='notificationCleanupTask'
INSERT INTO CLUSTER_SYNC VALUES('notificationCleanupTask','Larrys-MacBook-Pro.local:8b3c2276666e7836:-5c19473:152581a68c0:-7ffe',1453178192724,0)
DELETE FROM CLUSTER_SYNC WHERE ID='ssoExpiredLoginContextsCleanupTask'
INSERT INTO CLUSTER_SYNC VALUES('ssoExpiredLoginContextsCleanupTask','Larrys-MacBook-Pro.local:8b3c2276666e7836:-5c19473:152581a68c0:-7ffe',1453178192725,0)
COMMIT
DELETE FROM CLUSTER_SYNC WHERE ID='PlatformUsageProcessingTask'
INSERT INTO CLUSTER_SYNC VALUES('PlatformUsageProcessingTask','Larrys-MacBook-Pro.local:8b3c2276666e7836:-5c19473:152581a68c0:-7ffe',1453178222735,0)
DELETE FROM CLUSTER_SYNC WHERE ID='notificationCleanupTask'
INSERT INTO CLUSTER_SYNC VALUES('notificationCleanupTask','Larrys-MacBook-Pro.local:8b3c2276666e7836:-5c19473:152581a68c0:-7ffe',1453178222735,0)
DELETE FROM CLUSTER_SYNC WHERE ID='ssoExpiredLoginContextsCleanupTask'
INSERT INTO CLUSTER_SYNC VALUES('ssoExpiredLoginContextsCleanupTask','Larrys-MacBook-Pro.local:8b3c2276666e7836:-5c19473:152581a68c0:-7ffe',1453178222735,0)
COMMIT
DELETE FROM CLUSTER_SYNC WHERE ID='PlatformUsageProcessingTask'
INSERT INTO CLUSTER_SYNC VALUES('PlatformUsageProcessingTask','Larrys-MacBook-Pro.local:8b3c2276666e7836:-5c19473:152581a68c0:-7ffe',1453178252746,0)
DELETE FROM CLUSTER_SYNC WHERE ID='notificationCleanupTask'
INSERT INTO CLUSTER_SYNC VALUES('notificationCleanupTask','Larrys-MacBook-Pro.local:8b3c2276666e7836:-5c19473:152581a68c0:-7ffe',1453178252746,0)
DELETE FROM CLUSTER_SYNC WHERE ID='ssoExpiredLoginContextsCleanupTask'
INSERT INTO CLUSTER_SYNC VALUES('ssoExpiredLoginContextsCleanupTask','Larrys-MacBook-Pro.local:8b3c2276666e7836:-5c19473:152581a68c0:-7ffe',1453178252746,0)
COMMIT
DELETE FROM CLUSTER_SYNC WHERE ID='PlatformUsageProcessingTask'
INSERT INTO CLUSTER_SYNC VALUES('PlatformUsageProcessingTask','Larrys-MacBook-Pro.local:8b3c2276666e7836:-5c19473:152581a68c0:-7ffe',1453178282752,0)
DELETE FROM CLUSTER_SYNC WHERE ID='notificationCleanupTask'
INSERT INTO CLUSTER_SYNC VALUES('notificationCleanupTask','Larrys-MacBook-Pro.local:8b3c2276666e7836:-5c19473:152581a68c0:-7ffe',1453178282752,0)
DELETE FROM CLUSTER_SYNC WHERE ID='ssoExpiredLoginContextsCleanupTask'
INSERT INTO CLUSTER_SYNC VALUES('ssoExpiredLoginContextsCleanupTask','Larrys-MacBook-Pro.local:8b3c2276666e7836:-5c19473:152581a68c0:-7ffe',1453178282752,0)
COMMIT
