********************************************************************************
product = WebSphere Application Server 8.5.5.5 (wlp-1.0.8.cl50520150305-2202)
wlp.install.dir = /Users/lsteck/eclipse/eclipse-jee-LSR2-MFP710/plugins/com.worklight.worklight-artifacts_7.1.0.00-20151023-1441/liberty/wlp/
server.config.dir = /Users/lsteck/ws/ews/WorkspacesLSR2MFP710/CITutorial/dev/MobileFirstServerConfig/servers/worklight/
java.home = /Library/Java/JavaVirtualMachines/jdk1.7.0_76.jdk/Contents/Home/jre
java.version = 1.7.0_76
java.runtime = Java(TM) SE Runtime Environment (1.7.0_76-b13)
os = Mac OS X (10.11.2; x86_64) (en_US)
process = 86559@Larrys-MacBook-Pro.local
********************************************************************************
[1/15/16 16:10:20:760 CST] 00000001 com.ibm.ws.kernel.launch.internal.FrameworkManager           A CWWKE0001I: The server worklight has been launched.
[1/15/16 16:10:22:651 CST] 00000001 com.ibm.ws.kernel.launch.internal.FrameworkManager           I CWWKE0002I: The kernel started after 2.247 seconds
[1/15/16 16:10:22:681 CST] 0000001a com.ibm.ws.kernel.feature.internal.FeatureManager            I CWWKF0007I: Feature update started.
[1/15/16 16:10:23:478 CST] 00000011 com.ibm.ws.security.internal.SecurityReadyServiceImpl        I CWWKS0007I: The security service is starting...
[1/15/16 16:10:24:261 CST] 00000011 com.ibm.ws.app.manager.internal.monitor.DropinMonitor        A CWWKZ0058I: Monitoring dropins for applications. 
[1/15/16 16:10:24:469 CST] 00000024 com.ibm.ws.tcpchannel.internal.TCPChannel                    I CWWKO0219I: TCP Channel defaultHttpEndpoint has been started and is now listening for requests on host *  (IPv6) port 10080.
[1/15/16 16:10:24:482 CST] 00000024 com.ibm.ws.tcpchannel.internal.TCPChannel                    I CWWKO0219I: TCP Channel defaultHttpEndpoint-ssl has been started and is now listening for requests on host *  (IPv6) port 10443.
[1/15/16 16:10:24:939 CST] 00000011 com.ibm.ws.cache.ServerCache                                 I DYNA1001I: WebSphere Dynamic Cache instance named baseCache initialized successfully.
[1/15/16 16:10:24:941 CST] 00000011 com.ibm.ws.cache.ServerCache                                 I DYNA1071I: The cache provider default is being used.
[1/15/16 16:10:24:943 CST] 00000011 com.ibm.ws.cache.CacheServiceImpl                            I DYNA1056I: Dynamic Cache (object cache) initialized successfully.
[1/15/16 16:10:24:944 CST] 00000028 com.ibm.ws.security.internal.SecurityReadyServiceImpl        I CWWKS0008I: The security service is ready.
[1/15/16 16:10:24:945 CST] 00000028 com.ibm.ws.security.token.ltpa.internal.LTPAKeyCreator       I CWWKS4105I: LTPA configuration is ready after 0.115 seconds.
[1/15/16 16:10:25:266 CST] 0000002d com.ibm.ws.app.manager.AppMessageHelper                      I CWWKZ0018I: Starting application WorklightConsole.
[1/15/16 16:10:25:266 CST] 0000002f com.ibm.ws.app.manager.AppMessageHelper                      I CWWKZ0018I: Starting application AnalyticsServices.
[1/15/16 16:10:25:266 CST] 00000030 com.ibm.ws.app.manager.AppMessageHelper                      I CWWKZ0018I: Starting application WorklightServices.
[1/15/16 16:10:25:266 CST] 0000002b com.ibm.ws.app.manager.AppMessageHelper                      I CWWKZ0018I: Starting application AnalyticsUI.
[1/15/16 16:10:25:266 CST] 0000002c com.ibm.ws.app.manager.AppMessageHelper                      I CWWKZ0018I: Starting application AdapterBasedAuth.
[1/15/16 16:10:25:266 CST] 0000002e com.ibm.ws.app.manager.AppMessageHelper                      I CWWKZ0018I: Starting application _MobileBrowserSimulator.
[1/15/16 16:10:25:443 CST] 0000002f m.ibm.ws.container.service.app.deploy.ManifestClassPathUtils W SRVE9967W: The manifest class path xml-apis.jar can not be found in jar file wsjar:file:/Users/lsteck/ws/ews/WorkspacesLSR2MFP710/CITutorial/dev/MobileFirstServerConfig/servers/worklight/apps/analytics-service.war!/WEB-INF/lib/serializer-2.7.2.jar or its parent.
[1/15/16 16:10:25:659 CST] 0000002e com.ibm.ws.webcontainer.osgi.webapp.WebGroup                 I SRVE0169I: Loading Web Module: _MobileBrowserSimulator.
[1/15/16 16:10:25:663 CST] 0000002e com.ibm.ws.webcontainer                                      I SRVE0250I: Web Module _MobileBrowserSimulator has been bound to default_host.
[1/15/16 16:10:25:666 CST] 0000002e com.ibm.ws.http.internal.VirtualHostImpl                     A CWWKT0016I: Web application available (default_host): http://192.168.169.1:10080/_MobileBrowserSimulator/
[1/15/16 16:10:25:718 CST] 0000002f m.ibm.ws.container.service.app.deploy.ManifestClassPathUtils W SRVE9967W: The manifest class path xercesImpl.jar can not be found in jar file wsjar:file:/Users/lsteck/ws/ews/WorkspacesLSR2MFP710/CITutorial/dev/MobileFirstServerConfig/servers/worklight/apps/analytics-service.war!/WEB-INF/lib/xalan-2.7.2.jar or its parent.
[1/15/16 16:10:25:719 CST] 0000002f m.ibm.ws.container.service.app.deploy.ManifestClassPathUtils W SRVE9967W: The manifest class path xml-apis.jar can not be found in jar file wsjar:file:/Users/lsteck/ws/ews/WorkspacesLSR2MFP710/CITutorial/dev/MobileFirstServerConfig/servers/worklight/apps/analytics-service.war!/WEB-INF/lib/xalan-2.7.2.jar or its parent.
[1/15/16 16:10:25:719 CST] 0000002f m.ibm.ws.container.service.app.deploy.ManifestClassPathUtils W SRVE9967W: The manifest class path serializer.jar can not be found in jar file wsjar:file:/Users/lsteck/ws/ews/WorkspacesLSR2MFP710/CITutorial/dev/MobileFirstServerConfig/servers/worklight/apps/analytics-service.war!/WEB-INF/lib/xalan-2.7.2.jar or its parent.
[1/15/16 16:10:25:816 CST] 0000002e com.ibm.ws.session.WASSessionCore                            I SESN8501I: The session manager did not find a persistent storage location; HttpSession objects will be stored in the local application server's memory.
[1/15/16 16:10:25:822 CST] 0000002e com.ibm.ws.session.WASSessionCore                            I SESN0176I: A new session context will be created for application key default_host/_MobileBrowserSimulator
[1/15/16 16:10:25:868 CST] 0000002b com.ibm.ws.webcontainer.osgi.webapp.WebGroup                 I SRVE0169I: Loading Web Module: analytics.
[1/15/16 16:10:25:868 CST] 0000002b com.ibm.ws.webcontainer                                      I SRVE0250I: Web Module analytics has been bound to default_host.
[1/15/16 16:10:25:868 CST] 0000002b com.ibm.ws.http.internal.VirtualHostImpl                     A CWWKT0016I: Web application available (default_host): http://192.168.169.1:10080/analytics/
[1/15/16 16:10:25:885 CST] 00000029 com.ibm.ws.webcontainer.osgi.webapp.WebGroup                 I SRVE0169I: Loading Web Module: IBMJMXConnectorREST.
[1/15/16 16:10:25:886 CST] 00000029 com.ibm.ws.webcontainer                                      I SRVE0250I: Web Module IBMJMXConnectorREST has been bound to default_host.
[1/15/16 16:10:25:886 CST] 00000029 com.ibm.ws.http.internal.VirtualHostImpl                     A CWWKT0016I: Web application available (default_host): http://192.168.169.1:10080/IBMJMXConnectorREST/
[1/15/16 16:10:25:887 CST] 00000029 com.ibm.ws.jmx.connector.server.rest.RESTAppListener         I CWWKX0103I: The JMX REST connector is running and is available at the following service URL: service:jmx:rest://192.168.169.1:10443/IBMJMXConnectorREST
[1/15/16 16:10:25:889 CST] 00000029 com.ibm.ws.jmx.connector.server.rest.RESTAppListener         I CWWKX0103I: The JMX REST connector is running and is available at the following service URL: service:jmx:rest://192.168.169.1:10443/IBMJMXConnectorREST
[1/15/16 16:10:25:894 CST] 0000002b com.ibm.ws.session.WASSessionCore                            I SESN0176I: A new session context will be created for application key default_host/analytics
[1/15/16 16:10:25:897 CST] 0000002e com.ibm.ws.util                                              I SESN0172I: The session manager is using the Java default SecureRandom implementation for session ID generation.
[1/15/16 16:10:25:917 CST] 0000002b com.ibm.ws.util                                              I SESN0172I: The session manager is using the Java default SecureRandom implementation for session ID generation.
[1/15/16 16:10:25:974 CST] 0000002c com.ibm.ws.webcontainer.osgi.webapp.WebGroup                 I SRVE0169I: Loading Web Module: Worklight.
[1/15/16 16:10:25:974 CST] 0000002c com.ibm.ws.webcontainer                                      I SRVE0250I: Web Module Worklight has been bound to default_host.
[1/15/16 16:10:25:974 CST] 0000002c com.ibm.ws.http.internal.VirtualHostImpl                     A CWWKT0016I: Web application available (default_host): http://192.168.169.1:10080/AdapterBasedAuth/
[1/15/16 16:10:25:981 CST] 0000002e com.ibm.ws.jsp                                               I JSPG8502I: The value of the JSP attribute jdkSourceLevel is "15".
[1/15/16 16:10:25:985 CST] 0000002b com.ibm.ws.jsp                                               I JSPG8502I: The value of the JSP attribute jdkSourceLevel is "15".
[1/15/16 16:10:26:014 CST] 0000002e com.ibm.ws.cache.CacheServiceImpl                            I DYNA1056I: Dynamic Cache (object cache) initialized successfully.
[1/15/16 16:10:26:040 CST] 00000029 com.ibm.ws.session.WASSessionCore                            I SESN0176I: A new session context will be created for application key default_host/IBMJMXConnectorREST
[1/15/16 16:10:26:040 CST] 00000029 com.ibm.ws.util                                              I SESN0172I: The session manager is using the Java default SecureRandom implementation for session ID generation.
[1/15/16 16:10:26:089 CST] 0000002d m.ibm.ws.container.service.app.deploy.ManifestClassPathUtils W SRVE9967W: The manifest class path jaxb-api.jar can not be found in jar file wsjar:file:/Users/lsteck/ws/ews/WorkspacesLSR2MFP710/CITutorial/dev/MobileFirstServerConfig/servers/worklight/apps/worklight-management-ui.war!/WEB-INF/lib/jaxb-impl-2.1.12.osgi.jar or its parent.
[1/15/16 16:10:26:090 CST] 0000002d m.ibm.ws.container.service.app.deploy.ManifestClassPathUtils W SRVE9967W: The manifest class path activation.jar can not be found in jar file wsjar:file:/Users/lsteck/ws/ews/WorkspacesLSR2MFP710/CITutorial/dev/MobileFirstServerConfig/servers/worklight/apps/worklight-management-ui.war!/WEB-INF/lib/jaxb-impl-2.1.12.osgi.jar or its parent.
[1/15/16 16:10:26:090 CST] 0000002d m.ibm.ws.container.service.app.deploy.ManifestClassPathUtils W SRVE9967W: The manifest class path jsr173_1.0_api.jar can not be found in jar file wsjar:file:/Users/lsteck/ws/ews/WorkspacesLSR2MFP710/CITutorial/dev/MobileFirstServerConfig/servers/worklight/apps/worklight-management-ui.war!/WEB-INF/lib/jaxb-impl-2.1.12.osgi.jar or its parent.
[1/15/16 16:10:26:090 CST] 0000002d m.ibm.ws.container.service.app.deploy.ManifestClassPathUtils W SRVE9967W: The manifest class path jaxb1-impl.jar can not be found in jar file wsjar:file:/Users/lsteck/ws/ews/WorkspacesLSR2MFP710/CITutorial/dev/MobileFirstServerConfig/servers/worklight/apps/worklight-management-ui.war!/WEB-INF/lib/jaxb-impl-2.1.12.osgi.jar or its parent.
[1/15/16 16:10:26:103 CST] 0000002e com.ibm.ws.app.manager.AppMessageHelper                      A CWWKZ0001I: Application _MobileBrowserSimulator started in 0.837 seconds.
[1/15/16 16:10:26:135 CST] 00000030 m.ibm.ws.container.service.app.deploy.ManifestClassPathUtils W SRVE9967W: The manifest class path jaxb-api.jar can not be found in jar file wsjar:file:/Users/lsteck/ws/ews/WorkspacesLSR2MFP710/CITutorial/dev/MobileFirstServerConfig/servers/worklight/apps/worklight-management-service.war!/WEB-INF/lib/jaxb-impl-2.1.12.osgi.jar or its parent.
[1/15/16 16:10:26:136 CST] 00000030 m.ibm.ws.container.service.app.deploy.ManifestClassPathUtils W SRVE9967W: The manifest class path activation.jar can not be found in jar file wsjar:file:/Users/lsteck/ws/ews/WorkspacesLSR2MFP710/CITutorial/dev/MobileFirstServerConfig/servers/worklight/apps/worklight-management-service.war!/WEB-INF/lib/jaxb-impl-2.1.12.osgi.jar or its parent.
[1/15/16 16:10:26:136 CST] 00000030 m.ibm.ws.container.service.app.deploy.ManifestClassPathUtils W SRVE9967W: The manifest class path jsr173_1.0_api.jar can not be found in jar file wsjar:file:/Users/lsteck/ws/ews/WorkspacesLSR2MFP710/CITutorial/dev/MobileFirstServerConfig/servers/worklight/apps/worklight-management-service.war!/WEB-INF/lib/jaxb-impl-2.1.12.osgi.jar or its parent.
[1/15/16 16:10:26:137 CST] 00000030 m.ibm.ws.container.service.app.deploy.ManifestClassPathUtils W SRVE9967W: The manifest class path jaxb1-impl.jar can not be found in jar file wsjar:file:/Users/lsteck/ws/ews/WorkspacesLSR2MFP710/CITutorial/dev/MobileFirstServerConfig/servers/worklight/apps/worklight-management-service.war!/WEB-INF/lib/jaxb-impl-2.1.12.osgi.jar or its parent.
[1/15/16 16:10:26:368 CST] 0000002d m.ibm.ws.container.service.app.deploy.ManifestClassPathUtils W SRVE9967W: The manifest class path jaxb-api.jar can not be found in jar file wsjar:file:/Users/lsteck/ws/ews/WorkspacesLSR2MFP710/CITutorial/dev/MobileFirstServerConfig/servers/worklight/apps/worklight-management-ui.war!/WEB-INF/lib/jaxb-impl-2.1.12.osgi.jar or its parent.
[1/15/16 16:10:26:368 CST] 0000002d m.ibm.ws.container.service.app.deploy.ManifestClassPathUtils W SRVE9967W: The manifest class path activation.jar can not be found in jar file wsjar:file:/Users/lsteck/ws/ews/WorkspacesLSR2MFP710/CITutorial/dev/MobileFirstServerConfig/servers/worklight/apps/worklight-management-ui.war!/WEB-INF/lib/jaxb-impl-2.1.12.osgi.jar or its parent.
[1/15/16 16:10:26:369 CST] 0000002d m.ibm.ws.container.service.app.deploy.ManifestClassPathUtils W SRVE9967W: The manifest class path jsr173_1.0_api.jar can not be found in jar file wsjar:file:/Users/lsteck/ws/ews/WorkspacesLSR2MFP710/CITutorial/dev/MobileFirstServerConfig/servers/worklight/apps/worklight-management-ui.war!/WEB-INF/lib/jaxb-impl-2.1.12.osgi.jar or its parent.
[1/15/16 16:10:26:369 CST] 0000002d m.ibm.ws.container.service.app.deploy.ManifestClassPathUtils W SRVE9967W: The manifest class path jaxb1-impl.jar can not be found in jar file wsjar:file:/Users/lsteck/ws/ews/WorkspacesLSR2MFP710/CITutorial/dev/MobileFirstServerConfig/servers/worklight/apps/worklight-management-ui.war!/WEB-INF/lib/jaxb-impl-2.1.12.osgi.jar or its parent.
[1/15/16 16:10:26:809 CST] 00000030 m.ibm.ws.container.service.app.deploy.ManifestClassPathUtils W SRVE9967W: The manifest class path jaxb-api.jar can not be found in jar file wsjar:file:/Users/lsteck/ws/ews/WorkspacesLSR2MFP710/CITutorial/dev/MobileFirstServerConfig/servers/worklight/apps/worklight-management-service.war!/WEB-INF/lib/jaxb-impl-2.1.12.osgi.jar or its parent.
[1/15/16 16:10:26:809 CST] 00000030 m.ibm.ws.container.service.app.deploy.ManifestClassPathUtils W SRVE9967W: The manifest class path activation.jar can not be found in jar file wsjar:file:/Users/lsteck/ws/ews/WorkspacesLSR2MFP710/CITutorial/dev/MobileFirstServerConfig/servers/worklight/apps/worklight-management-service.war!/WEB-INF/lib/jaxb-impl-2.1.12.osgi.jar or its parent.
[1/15/16 16:10:26:810 CST] 00000030 m.ibm.ws.container.service.app.deploy.ManifestClassPathUtils W SRVE9967W: The manifest class path jsr173_1.0_api.jar can not be found in jar file wsjar:file:/Users/lsteck/ws/ews/WorkspacesLSR2MFP710/CITutorial/dev/MobileFirstServerConfig/servers/worklight/apps/worklight-management-service.war!/WEB-INF/lib/jaxb-impl-2.1.12.osgi.jar or its parent.
[1/15/16 16:10:26:810 CST] 00000030 m.ibm.ws.container.service.app.deploy.ManifestClassPathUtils W SRVE9967W: The manifest class path jaxb1-impl.jar can not be found in jar file wsjar:file:/Users/lsteck/ws/ews/WorkspacesLSR2MFP710/CITutorial/dev/MobileFirstServerConfig/servers/worklight/apps/worklight-management-service.war!/WEB-INF/lib/jaxb-impl-2.1.12.osgi.jar or its parent.
[1/15/16 16:10:26:994 CST] 00000029 apache.wink.server.internal.application.ApplicationProcessor I The following JAX-RS application has been processed: com.ibm.ws.jaxrs.webcontainer.JAXRSDefaultApplicationSubclassProxy
[1/15/16 16:10:26:997 CST] 00000029 org.apache.wink.server.internal.log.Resources                I The server has registered the JAX-RS resource class com.ibm.ws.jmx.connector.server.rest.resources.FileTransferRouterResource with @Path(/fileTransfer/router/{filePath}).
[1/15/16 16:10:26:997 CST] 00000029 org.apache.wink.server.internal.log.Resources                I The server has registered the JAX-RS resource class com.ibm.ws.jmx.connector.server.rest.resources.AttributeResource with @Path(/mbeans/{objectName}/attributes).
[1/15/16 16:10:26:997 CST] 00000029 org.apache.wink.server.internal.log.Resources                I The server has registered the JAX-RS resource class com.ibm.ws.jmx.connector.server.rest.resources.FileCollectionResource with @Path(/file/collection).
[1/15/16 16:10:26:998 CST] 00000029 org.apache.wink.server.internal.log.Resources                I The server has registered the JAX-RS resource class com.ibm.ws.jmx.connector.server.rest.resources.FileTransferResource with @Path(/fileTransfer/{filePath}).
[1/15/16 16:10:26:998 CST] 00000029 org.apache.wink.server.internal.log.Resources                I The server has registered the JAX-RS resource class com.ibm.ws.jmx.connector.server.rest.resources.NotificationResource with @Path(/notifications).
[1/15/16 16:10:26:998 CST] 00000029 org.apache.wink.server.internal.log.Resources                I The server has registered the JAX-RS resource class com.ibm.ws.jmx.connector.server.rest.resources.FileStatusResource with @Path(/file/status).
[1/15/16 16:10:26:998 CST] 00000029 org.apache.wink.server.internal.log.Resources                I The server has registered the JAX-RS resource class com.ibm.ws.jmx.connector.server.rest.resources.MBeanRouterResource with @Path(/router).
[1/15/16 16:10:26:999 CST] 00000029 org.apache.wink.server.internal.log.Resources                I The server has registered the JAX-RS resource class com.ibm.ws.jmx.connector.server.rest.resources.MBeanResource with @Path(/mbeans).
[1/15/16 16:10:26:999 CST] 00000029 org.apache.wink.server.internal.log.Resources                I The server has registered the JAX-RS resource class com.ibm.ws.jmx.connector.server.rest.resources.FileResource with @Path(/file/{filePath}).
[1/15/16 16:10:26:999 CST] 00000029 org.apache.wink.server.internal.log.Resources                I The server has registered the JAX-RS resource class com.ibm.ws.jmx.connector.server.rest.resources.JMXResource with @Path().
[1/15/16 16:10:27:001 CST] 00000029 org.apache.wink.server.internal.log.Providers                I The class com.ibm.ws.jmx.connector.server.rest.providers.JSONErrorOutputStreamProvider was registered as a JAX-RS MessageBodyWriter provider for com.ibm.ws.jmx.connector.server.rest.providers.JSONErrorOutputStream Java types and application/json media types.
[1/15/16 16:10:27:925 CST] 0000002c com.ibm.ws.session.WASSessionCore                            I SESN0176I: A new session context will be created for application key default_host/AdapterBasedAuth
[1/15/16 16:10:27:926 CST] 0000002c com.ibm.ws.util                                              I SESN0172I: The session manager is using the Java default SecureRandom implementation for session ID generation.
[1/15/16 16:10:27:930 CST] 0000002c com.ibm.ws.jsp                                               I JSPG8502I: The value of the JSP attribute jdkSourceLevel is "15".
[1/15/16 16:10:28:316 CST] 0000002f m.ibm.ws.container.service.app.deploy.ManifestClassPathUtils W SRVE9967W: The manifest class path xml-apis.jar can not be found in jar file wsjar:file:/Users/lsteck/ws/ews/WorkspacesLSR2MFP710/CITutorial/dev/MobileFirstServerConfig/servers/worklight/apps/analytics-service.war!/WEB-INF/lib/serializer-2.7.2.jar or its parent.
[1/15/16 16:10:28:362 CST] 0000002f m.ibm.ws.container.service.app.deploy.ManifestClassPathUtils W SRVE9967W: The manifest class path xercesImpl.jar can not be found in jar file wsjar:file:/Users/lsteck/ws/ews/WorkspacesLSR2MFP710/CITutorial/dev/MobileFirstServerConfig/servers/worklight/apps/analytics-service.war!/WEB-INF/lib/xalan-2.7.2.jar or its parent.
[1/15/16 16:10:28:363 CST] 0000002f m.ibm.ws.container.service.app.deploy.ManifestClassPathUtils W SRVE9967W: The manifest class path xml-apis.jar can not be found in jar file wsjar:file:/Users/lsteck/ws/ews/WorkspacesLSR2MFP710/CITutorial/dev/MobileFirstServerConfig/servers/worklight/apps/analytics-service.war!/WEB-INF/lib/xalan-2.7.2.jar or its parent.
[1/15/16 16:10:28:363 CST] 0000002f m.ibm.ws.container.service.app.deploy.ManifestClassPathUtils W SRVE9967W: The manifest class path serializer.jar can not be found in jar file wsjar:file:/Users/lsteck/ws/ews/WorkspacesLSR2MFP710/CITutorial/dev/MobileFirstServerConfig/servers/worklight/apps/analytics-service.war!/WEB-INF/lib/xalan-2.7.2.jar or its parent.
[1/15/16 16:10:28:519 CST] 00000029 com.ibm.ws.webcontainer.servlet                              I SRVE0242I: [com.ibm.ws.jmx.connector.server.rest] [/IBMJMXConnectorREST] [MBeanServerConnector]: Initialization successful.
[1/15/16 16:10:28:601 CST] 0000002f com.ibm.ws.webcontainer.osgi.webapp.WebGroup                 I SRVE0169I: Loading Web Module: analytics.
[1/15/16 16:10:28:601 CST] 0000002f com.ibm.ws.webcontainer                                      I SRVE0250I: Web Module analytics has been bound to default_host.
[1/15/16 16:10:28:601 CST] 0000002f com.ibm.ws.http.internal.VirtualHostImpl                     A CWWKT0016I: Web application available (default_host): http://192.168.169.1:10080/analytics-service/
[1/15/16 16:10:28:603 CST] 0000002f com.ibm.ws.session.WASSessionCore                            I SESN0176I: A new session context will be created for application key default_host/analytics-service
[1/15/16 16:10:28:604 CST] 0000002f com.ibm.ws.util                                              I SESN0172I: The session manager is using the Java default SecureRandom implementation for session ID generation.
[1/15/16 16:10:28:606 CST] 0000002f com.ibm.ws.jsp                                               I JSPG8502I: The value of the JSP attribute jdkSourceLevel is "15".
[1/15/16 16:10:30:277 CST] 0000002b com.ibm.ws.webcontainer.servlet                              I SRVE0242I: [AnalyticsUI] [/analytics] [utilityServlet]: Initialization successful.
[1/15/16 16:10:30:281 CST] 0000002b com.ibm.ws.webcontainer.servlet                              I SRVE0242I: [AnalyticsUI] [/analytics] [servicesServlet]: Initialization successful.
[1/15/16 16:10:30:285 CST] 0000002b com.ibm.ws.app.manager.AppMessageHelper                      A CWWKZ0001I: Application AnalyticsUI started in 5.019 seconds.
[1/15/16 16:10:30:564 CST] 0000002c com.worklight.common.util.JNDIFromPropertiesUtil             I Using JNDI configuration conf/jndi/default.properties
[1/15/16 16:10:30:818 CST] 0000002c com.worklight.server.bundle.project.JeeProjectActivator      I FWLST0024I: Scanning jar: jar:file:/Users/lsteck/ws/ews/WorkspacesLSR2MFP710/CITutorial/dev/MobileFirstServerConfig/shared/resources/worklight-jee-library-7.1.0.jar!/conf/db.default.properties  [project AdapterBasedAuth]
[1/15/16 16:10:30:818 CST] 0000002c com.worklight.server.bundle.project.JeeProjectActivator      I FWLST0024I: Scanning jar: jar:file:/Users/lsteck/ws/ews/WorkspacesLSR2MFP710/CITutorial/dev/MobileFirstServerConfig/shared/resources/worklight-jee-library-7.1.0.jar!/conf/worklight.properties  [project AdapterBasedAuth]
[1/15/16 16:10:30:819 CST] 0000002c com.worklight.server.bundle.project.JeeProjectActivator      I FWLST0024I: Scanning jar: jar:file:/Users/lsteck/ws/ews/WorkspacesLSR2MFP710/CITutorial/dev/MobileFirstServerConfig/servers/worklight/apps/AdapterBasedAuth.war!/WEB-INF/classes/conf/worklight.properties  [project AdapterBasedAuth]
[1/15/16 16:10:30:908 CST] 0000002d com.ibm.ws.webcontainer.osgi.webapp.WebGroup                 I SRVE0169I: Loading Web Module: Worklight Console.
[1/15/16 16:10:30:908 CST] 0000002d com.ibm.ws.webcontainer                                      I SRVE0250I: Web Module Worklight Console has been bound to default_host.
[1/15/16 16:10:30:908 CST] 0000002d com.ibm.ws.http.internal.VirtualHostImpl                     A CWWKT0016I: Web application available (default_host): http://192.168.169.1:10080/worklightconsole/
[1/15/16 16:10:30:984 CST] 0000002d com.ibm.ws.session.WASSessionCore                            I SESN0176I: A new session context will be created for application key default_host/worklightconsole
[1/15/16 16:10:30:985 CST] 0000002d com.ibm.ws.util                                              I SESN0172I: The session manager is using the Java default SecureRandom implementation for session ID generation.
[1/15/16 16:10:30:986 CST] 0000002d com.ibm.ws.jsp                                               I JSPG8502I: The value of the JSP attribute jdkSourceLevel is "15".
[1/15/16 16:10:31:117 CST] 0000002d com.ibm.ws.webcontainer.servlet                              I SRVE0242I: [WorklightConsole] [/worklightconsole] [localeServlet]: Initialization successful.
[1/15/16 16:10:31:119 CST] 0000002d com.ibm.ws.webcontainer.servlet                              I SRVE0242I: [WorklightConsole] [/worklightconsole] [servicesServlet]: Initialization successful.
[1/15/16 16:10:31:122 CST] 0000002d com.ibm.ws.app.manager.AppMessageHelper                      A CWWKZ0001I: Application WorklightConsole started in 5.856 seconds.
[1/15/16 16:10:31:244 CST] 0000002c com.worklight.server.bundle.api.WorklightConfiguration       I FWLSE4006I: IBM MobileFirst Platform Studio is running in 'development' mode. [project AdapterBasedAuth]
[1/15/16 16:10:31:254 CST] 0000002c .worklight.server.bundle.project.ProjectConfigurationFactory W Using empty value for configuration property 'wl.analytics.logs.packages'
[1/15/16 16:10:31:266 CST] 00000039 com.worklight.server.bundle.project.JeeProjectActivator      I FWLST0022I: Worklight project async start = true
[1/15/16 16:10:31:408 CST] 0000002c apache.wink.server.internal.application.ApplicationProcessor I The following JAX-RS application has been processed: com.ibm.ws.jaxrs.webcontainer.JAXRSDefaultApplicationSubclassProxy
[1/15/16 16:10:31:408 CST] 0000002c org.apache.wink.server.internal.log.Resources                I The server has registered the JAX-RS resource class com.worklight.authorization.endpoint.validation.TokenValidationEndpoint with @Path(/v1/token/validation).
[1/15/16 16:10:31:408 CST] 0000002c org.apache.wink.server.internal.log.Resources                I The server has registered the JAX-RS resource class com.worklight.authorization.endpoint.registration.AppInstanceRegistrationEndpoint with @Path(/v1/clients/instance/).
[1/15/16 16:10:31:408 CST] 0000002c org.apache.wink.server.internal.log.Resources                I The server has registered the JAX-RS resource class com.worklight.authorization.endpoint.registration.PreviewRegistrationEndpoint with @Path(/v1/clients/preview/).
[1/15/16 16:10:31:409 CST] 0000002c org.apache.wink.server.internal.log.Resources                I The server has registered the JAX-RS resource class com.worklight.authorization.endpoint.authorization.AuthorizationEndpoint with @Path(/v1/authorization).
[1/15/16 16:10:31:409 CST] 0000002c org.apache.wink.server.internal.log.Resources                I The server has registered the JAX-RS resource class com.worklight.authorization.endpoint.testtoken.TestTokenEndpoint with @Path(/v1/testtoken).
[1/15/16 16:10:31:409 CST] 0000002c org.apache.wink.server.internal.log.Resources                I The server has registered the JAX-RS resource class com.worklight.authorization.endpoint.publickey.PublicKeyEndpoint with @Path(/v1/publickey).
[1/15/16 16:10:31:409 CST] 0000002c org.apache.wink.server.internal.log.Resources                I The server has registered the JAX-RS resource class com.worklight.authorization.endpoint.token.TokenEndpoint with @Path(/v1/token).
[1/15/16 16:10:31:410 CST] 0000002c org.apache.wink.server.internal.log.Providers                I There are no custom JAX-RS providers defined in the application.
[1/15/16 16:10:31:470 CST] 00000039 com.worklight.server.bundle.project.JeeProjectActivator      I FWLST0001I: Worklight home folder is /Users/lsteck/ws/ews/WorkspacesLSR2MFP710/CITutorial/dev/MobileFirstServerConfig/servers/worklight/workarea/org.eclipse.osgi/84/data/temp/default_node/SMF_WebContainer/AdapterBasedAuth/AdapterBasedAuth [project AdapterBasedAuth]
[1/15/16 16:10:31:591 CST] 00000039 ingframework.context.support.FileSystemXmlApplicationContext I Refreshing org.springframework.context.support.FileSystemXmlApplicationContext@59491c51: startup date [Fri Jan 15 16:10:31 CST 2016]; root of context hierarchy
[1/15/16 16:10:31:612 CST] 0000002c com.ibm.ws.webcontainer.servlet                              I SRVE0242I: [AdapterBasedAuth] [/AdapterBasedAuth] [OAuthAuthorizationServer]: Initialization successful.
[1/15/16 16:10:31:786 CST] 00000039 rg.springframework.beans.factory.xml.XmlBeanDefinitionReader I Loading XML bean definitions from URL [wsjar:file:/Users/lsteck/ws/ews/WorkspacesLSR2MFP710/CITutorial/dev/MobileFirstServerConfig/shared/resources/worklight-jee-library-7.1.0.jar!/conf/spring-server-core.xml]
[1/15/16 16:10:31:864 CST] 0000002c apache.wink.server.internal.application.ApplicationProcessor I The following JAX-RS application has been processed: com.ibm.ws.jaxrs.webcontainer.JAXRSDefaultApplicationSubclassProxy
[1/15/16 16:10:31:865 CST] 0000002c org.apache.wink.server.internal.log.Resources                I The server has registered the JAX-RS resource class com.ibm.pushworks.server.rest.resources.PushResourceRouter with @Path(/).
[1/15/16 16:10:31:865 CST] 0000002c org.apache.wink.server.internal.log.Providers                I The class com.fasterxml.jackson.jaxrs.json.JacksonJsonProvider was registered as a JAX-RS MessageBodyReader provider for all Java types and */* media types.
[1/15/16 16:10:31:865 CST] 0000002c org.apache.wink.server.internal.log.Providers                I The class com.fasterxml.jackson.jaxrs.json.JacksonJsonProvider was registered as a JAX-RS MessageBodyWriter provider for all Java types and */* media types.
[1/15/16 16:10:31:866 CST] 0000002c org.apache.wink.server.internal.log.Providers                I The class com.ibm.pushworks.server.rest.response.PushWorksServerExceptionWriter was registered as a JAX-RS ExceptionMapper provider for com.ibm.pushworks.server.exceptions.PushWorksException Java types.
[1/15/16 16:10:31:890 CST] 0000002c com.ibm.ws.webcontainer.servlet                              I SRVE0242I: [AdapterBasedAuth] [/AdapterBasedAuth] [PushWorksApplication]: Initialization successful.
[1/15/16 16:10:31:918 CST] 0000002c apache.wink.server.internal.application.ApplicationProcessor I The following JAX-RS application has been processed: com.ibm.ws.jaxrs.webcontainer.JAXRSDefaultApplicationSubclassProxy
[1/15/16 16:10:31:919 CST] 0000002c org.apache.wink.server.internal.log.Resources                I The server has registered the JAX-RS resource class com.worklight.oauth.TokenValidationEndpoint with @Path(/validation).
[1/15/16 16:10:31:919 CST] 0000002c org.apache.wink.server.internal.log.Resources                I The server has registered the JAX-RS resource class com.worklight.oauth.TokenEndpoint with @Path(/token).
[1/15/16 16:10:31:919 CST] 0000002c org.apache.wink.server.internal.log.Providers                I There are no custom JAX-RS providers defined in the application.
[1/15/16 16:10:31:942 CST] 0000002c com.ibm.ws.webcontainer.servlet                              I SRVE0242I: [AdapterBasedAuth] [/AdapterBasedAuth] [AuthorizationServer]: Initialization successful.
[1/15/16 16:10:31:957 CST] 0000002c com.ibm.ws.app.manager.AppMessageHelper                      A CWWKZ0001I: Application AdapterBasedAuth started in 6.691 seconds.
[1/15/16 16:10:32:121 CST] 00000039 rg.springframework.beans.factory.xml.XmlBeanDefinitionReader I Loading XML bean definitions from URL [wsjar:file:/Users/lsteck/ws/ews/WorkspacesLSR2MFP710/CITutorial/dev/MobileFirstServerConfig/shared/resources/worklight-jee-library-7.1.0.jar!/conf/core.xml]
[1/15/16 16:10:32:188 CST] 00000039 rg.springframework.beans.factory.xml.XmlBeanDefinitionReader I Loading XML bean definitions from URL [wsjar:file:/Users/lsteck/ws/ews/WorkspacesLSR2MFP710/CITutorial/dev/MobileFirstServerConfig/shared/resources/worklight-jee-library-7.1.0.jar!/conf/integration.xml]
[1/15/16 16:10:32:207 CST] 00000039 rg.springframework.beans.factory.xml.XmlBeanDefinitionReader I Loading XML bean definitions from URL [wsjar:file:/Users/lsteck/ws/ews/WorkspacesLSR2MFP710/CITutorial/dev/MobileFirstServerConfig/shared/resources/worklight-jee-library-7.1.0.jar!/conf/gadgets.xml]
[1/15/16 16:10:32:232 CST] 00000039 rg.springframework.beans.factory.xml.XmlBeanDefinitionReader I Loading XML bean definitions from URL [wsjar:file:/Users/lsteck/ws/ews/WorkspacesLSR2MFP710/CITutorial/dev/MobileFirstServerConfig/shared/resources/worklight-jee-library-7.1.0.jar!/conf/pushworks.xml]
[1/15/16 16:10:32:249 CST] 00000039 ngframework.beans.factory.support.DefaultListableBeanFactory I Overriding bean definition for bean 'gadgetCustomizedResourcesRoot': replacing [Generic bean: class [com.worklight.core.util.WorkingDirectory]; scope=; abstract=false; lazyInit=false; autowireMode=0; dependencyCheck=0; autowireCandidate=true; primary=false; factoryBeanName=null; factoryMethodName=null; initMethodName=null; destroyMethodName=null; defined in URL [wsjar:file:/Users/lsteck/ws/ews/WorkspacesLSR2MFP710/CITutorial/dev/MobileFirstServerConfig/shared/resources/worklight-jee-library-7.1.0.jar!/conf/gadgets.xml]] with [Generic bean: class [com.worklight.core.util.WorkingDirectory]; scope=; abstract=false; lazyInit=false; autowireMode=0; dependencyCheck=0; autowireCandidate=true; primary=false; factoryBeanName=null; factoryMethodName=null; initMethodName=null; destroyMethodName=null; defined in URL [wsjar:file:/Users/lsteck/ws/ews/WorkspacesLSR2MFP710/CITutorial/dev/MobileFirstServerConfig/shared/resources/worklight-jee-library-7.1.0.jar!/conf/spring-server-core.xml]]
[1/15/16 16:10:32:250 CST] 00000039 ngframework.beans.factory.support.DefaultListableBeanFactory I Overriding bean definition for bean 'gadgetResourcesRoot': replacing [Generic bean: class [com.worklight.core.util.WorkingDirectory]; scope=; abstract=false; lazyInit=false; autowireMode=0; dependencyCheck=0; autowireCandidate=true; primary=false; factoryBeanName=null; factoryMethodName=null; initMethodName=null; destroyMethodName=null; defined in URL [wsjar:file:/Users/lsteck/ws/ews/WorkspacesLSR2MFP710/CITutorial/dev/MobileFirstServerConfig/shared/resources/worklight-jee-library-7.1.0.jar!/conf/gadgets.xml]] with [Generic bean: class [com.worklight.core.util.WorkingDirectory]; scope=; abstract=false; lazyInit=false; autowireMode=0; dependencyCheck=0; autowireCandidate=true; primary=false; factoryBeanName=null; factoryMethodName=null; initMethodName=null; destroyMethodName=null; defined in URL [wsjar:file:/Users/lsteck/ws/ews/WorkspacesLSR2MFP710/CITutorial/dev/MobileFirstServerConfig/shared/resources/worklight-jee-library-7.1.0.jar!/conf/spring-server-core.xml]]
[1/15/16 16:10:32:260 CST] 00000039 rg.springframework.beans.factory.xml.XmlBeanDefinitionReader I Loading XML bean definitions from URL [wsjar:file:/Users/lsteck/ws/ews/WorkspacesLSR2MFP710/CITutorial/dev/MobileFirstServerConfig/shared/resources/worklight-jee-library-7.1.0.jar!/conf/jpa.xml]
[1/15/16 16:10:32:876 CST] 00000030 com.ibm.ws.webcontainer.osgi.webapp.WebGroup                 I SRVE0169I: Loading Web Module: Worklight Administration Services.
[1/15/16 16:10:32:877 CST] 00000030 com.ibm.ws.webcontainer                                      I SRVE0250I: Web Module Worklight Administration Services has been bound to default_host.
[1/15/16 16:10:32:877 CST] 00000030 com.ibm.ws.http.internal.VirtualHostImpl                     A CWWKT0016I: Web application available (default_host): http://192.168.169.1:10080/worklightadmin/
[1/15/16 16:10:32:968 CST] 00000030 com.ibm.ws.injectionengine.AbstractInjectionEngine           W CWNEN0070W: The javax.ws.rs.core.Context annotation class will not be recognized because it was loaded from the null location rather than from a product class loader.
[1/15/16 16:10:32:971 CST] 00000030 com.ibm.ws.injectionengine.AbstractInjectionEngine           W CWNEN0070W: The javax.ws.rs.HeaderParam annotation class will not be recognized because it was loaded from the null location rather than from a product class loader.
[1/15/16 16:10:32:972 CST] 00000030 com.ibm.ws.injectionengine.AbstractInjectionEngine           W CWNEN0070W: The javax.ws.rs.CookieParam annotation class will not be recognized because it was loaded from the null location rather than from a product class loader.
[1/15/16 16:10:32:973 CST] 00000030 com.ibm.ws.injectionengine.AbstractInjectionEngine           W CWNEN0070W: The javax.ws.rs.PathParam annotation class will not be recognized because it was loaded from the null location rather than from a product class loader.
[1/15/16 16:10:32:973 CST] 00000030 com.ibm.ws.injectionengine.AbstractInjectionEngine           W CWNEN0070W: The javax.ws.rs.MatrixParam annotation class will not be recognized because it was loaded from the null location rather than from a product class loader.
[1/15/16 16:10:32:974 CST] 00000030 com.ibm.ws.injectionengine.AbstractInjectionEngine           W CWNEN0070W: The javax.ws.rs.QueryParam annotation class will not be recognized because it was loaded from the null location rather than from a product class loader.
[1/15/16 16:10:33:003 CST] 00000030 com.ibm.ws.session.WASSessionCore                            I SESN0176I: A new session context will be created for application key default_host/worklightadmin
[1/15/16 16:10:33:003 CST] 00000030 com.ibm.ws.util                                              I SESN0172I: The session manager is using the Java default SecureRandom implementation for session ID generation.
[1/15/16 16:10:33:004 CST] 00000030 com.ibm.ws.jsp                                               I JSPG8502I: The value of the JSP attribute jdkSourceLevel is "15".
[1/15/16 16:10:33:444 CST] 00000030 com.ibm.ws.webcontainer.webapp                               I SRVE0292I: Servlet Message - [worklight-management-service]:.No Spring WebApplicationInitializer types detected on classpath
[1/15/16 16:10:33:528 CST] 00000030 com.ibm.ws.webcontainer.webapp                               I SRVE0292I: Servlet Message - [worklight-management-service]:.Initializing Spring root WebApplicationContext
[1/15/16 16:10:33:529 CST] 00000030 org.springframework.web.context.ContextLoader                I Root WebApplicationContext: initialization started
[1/15/16 16:10:33:702 CST] 00000030 springframework.web.context.support.XmlWebApplicationContext I Refreshing Root WebApplicationContext: startup date [Fri Jan 15 16:10:33 CST 2016]; root of context hierarchy
[1/15/16 16:10:33:745 CST] 00000039 com.worklight.server.database.api.WorklightDataSource        I FWLSE0187I: jdbc/WorklightReportsDS data source is disabled. No connection opened.  [project AdapterBasedAuth]
[1/15/16 16:10:33:792 CST] 00000039 ringframework.orm.jpa.LocalContainerEntityManagerFactoryBean I Building JPA container EntityManagerFactory for persistence unit 'WorklightReportsPU'
[1/15/16 16:10:33:797 CST] 00000030 rg.springframework.beans.factory.xml.XmlBeanDefinitionReader I Loading XML bean definitions from ServletContext resource [/WEB-INF/spring-management-service.xml]
[1/15/16 16:10:33:873 CST] 00000030 ngframework.beans.factory.support.DefaultListableBeanFactory I Pre-instantiating singletons in org.springframework.beans.factory.support.DefaultListableBeanFactory@1b1140aa: defining beans [registrationServiceFactory]; root of factory hierarchy
[1/15/16 16:10:33:945 CST] 00000030 com.ibm.worklight.admin.common.util.ContextPropertyUtil      I Resource conf/jndi/default.properties not found. This is not an error. Context path is /worklightadmin
[1/15/16 16:10:33:946 CST] 00000030 com.ibm.worklight.admin.datastore.DataStoreUtil              I Read properties file. allProperties: {ibm.worklight.admin.db.jndi.name=java:comp/env/jdbc/WorklightAdminDS}
[1/15/16 16:10:33:960 CST] 00000030 com.ibm.worklight.admin.datastore.DataStoreUtil              I Handling propName=ibm.worklight.admin.db.jndi.name propValue=java:comp/env/jdbc/WorklightAdminDS
[1/15/16 16:10:33:960 CST] 00000030 com.ibm.worklight.admin.datastore.DataStoreUtil              I Handling propName=ibm.worklight.admin.db.openjpa.Log propValue=
[1/15/16 16:10:33:961 CST] 00000030 com.ibm.worklight.admin.datastore.DataStoreUtil              I Handling propName=ibm.worklight.admin.db.type propValue=
[1/15/16 16:10:34:096 CST] 00000039 SystemErr                                                    R 28  WorklightReportsPU  WARN   [Worklight runtime initialization for context=/AdapterBasedAuth] openjpa.Runtime - An error occurred while registering a ClassTransformer with PersistenceUnitInfo: name 'WorklightReportsPU', root URL [file:/Users/lsteck/ws/ews/WorkspacesLSR2MFP710/CITutorial/dev/MobileFirstServerConfig/shared/resources/worklight-jee-library-7.1.0.jar]. The error has been consumed. To see it, set your openjpa.Runtime log level to TRACE. Load-time class transformation will not be available.
[1/15/16 16:10:34:155 CST] 00000030 com.ibm.ws.recoverylog.spi.RecoveryDirectorImpl              I CWRLS0010I: Performing recovery processing for local WebSphere server (Cell\Node\Server).
[1/15/16 16:10:34:226 CST] 00000030 com.ibm.ws.recoverylog.spi.RecoveryDirectorImpl              I CWRLS0012I: All persistent services have been directed to perform recovery processing for this WebSphere server (Cell\Node\Server).
[1/15/16 16:10:34:226 CST] 0000003e com.ibm.tx.jta.impl.RecoveryManager                          I WTRN0135I: Transaction service recovering no transactions.
[1/15/16 16:10:34:854 CST] 00000039 ringframework.orm.jpa.LocalContainerEntityManagerFactoryBean I Building JPA container EntityManagerFactory for persistence unit 'WorklightPU'
[1/15/16 16:10:34:862 CST] 00000039 SystemErr                                                    R 1  WorklightPU  WARN   [Worklight runtime initialization for context=/AdapterBasedAuth] openjpa.Runtime - An error occurred while registering a ClassTransformer with PersistenceUnitInfo: name 'WorklightPU', root URL [file:/Users/lsteck/ws/ews/WorkspacesLSR2MFP710/CITutorial/dev/MobileFirstServerConfig/shared/resources/worklight-jee-library-7.1.0.jar]. The error has been consumed. To see it, set your openjpa.Runtime log level to TRACE. Load-time class transformation will not be available.
[1/15/16 16:10:34:862 CST] 00000039 ngframework.beans.factory.support.DefaultListableBeanFactory I Pre-instantiating singletons in org.springframework.beans.factory.support.DefaultListableBeanFactory@7c50ecbc: defining beans [org.springframework.context.annotation.internalConfigurationAnnotationProcessor,org.springframework.context.annotation.internalAutowiredAnnotationProcessor,org.springframework.context.annotation.internalRequiredAnnotationProcessor,org.springframework.context.annotation.internalCommonAnnotationProcessor,org.springframework.context.annotation.internalPersistenceAnnotationProcessor,mailingService,WorkLightNotice,rssBrokerUtils,audit,GenericDAOFactory,GenericDAO,clusterSynchronizationDAOFactory,clusterSynchronizationDAO,taskCoordinator,taskManager,worklightAuthenticationService,loginConfigurationServiceBean,protectedResourceFactory,ssoDAOFactory,ssoDAO,ssoExpiredLoginContextsCleanupTask,keyStoreManager,authorizationServer,OAuthValidator,OAuthValidationFilter,authorizationStore,OAuthInternalFilter,JAXRSSandboxFactory,AdapterResourceFactory,wlServerAPI,securityAPI,adaptersAPI,configurationAPI,pushAPI,analyticsAPI,winkFrameworkSharedClassLoader,dataAccessService,shellResourcesService,analyticsService,coreServiceManager,adapterManager,nodeProcessManager,adapterManagementService,factProcessingTask,PlatformUsageProcessingTask,notificationCleanupTask,WSSecurityService,cloudantDatabaseFactory,cloudantDb,cloudantConnectorFactory,gadgetDAOFactory,gadgetDAO,userPrefDAOFactory,userPrefDAO,deviceDAOFactory,deviceDAO,licenseTermsDAOFactory,licenseTermsDAO,clientInstanceDAOFactory,clientInstanceDAO,licenseTermsAddressableDeviceDAOFactory,licenseTermsAddressableDeviceDAO,AttributeStoreDAOFactory,attributeStoreDAO,platformUsageService,configProfileService,gfwProps,gadgetEnvironmentManager,gadgetResourcesRoot,gadgetCustomizedResourcesRoot,applicationMetadataService,applicationManagementService,beaconService,notificationsSimulationManager,pushServiceListener,PushService,reportService,reportsDS,reportsBrokerDS,reportsSessionFactory,gadgetReportsDAO,notificationReportsDao,gadgetReportsService,analyticsFactService,analyticsSDKProvider,analyticsSDK,nodeInfo,registrationService,runtimeTransactionHandler,projectSyncService,xsConfiguration,attributeStoreFactory,attributeStoreDBCleanupTask,classCache,txManager,worklight-direct,rssBrokerDS,brokerSessionFactory,org.springframework.context.annotation.ConfigurationClassPostProcessor.importAwareProcessor]; root of factory hierarchy
[1/15/16 16:10:35:103 CST] 00000039 com.worklight.server.bundle.project.JeeProjectActivator      I FWLST0024I: Scanning jar: jar:file:/Users/lsteck/ws/ews/WorkspacesLSR2MFP710/CITutorial/dev/MobileFirstServerConfig/shared/resources/worklight-jee-library-7.1.0.jar!/conf/authenticationConfig.xml  [project AdapterBasedAuth]
[1/15/16 16:10:35:168 CST] 00000039 com.worklight.server.bundle.project.JeeProjectActivator      I FWLST0024I: Scanning jar: jar:file:/Users/lsteck/ws/ews/WorkspacesLSR2MFP710/CITutorial/dev/MobileFirstServerConfig/servers/worklight/apps/AdapterBasedAuth.war!/WEB-INF/classes/conf/authenticationConfig.xml  [project AdapterBasedAuth]
[1/15/16 16:10:35:420 CST] 00000030 com.ibm.ws.rsadapter.spi.InternalGenericDataStoreHelper      I DSRA8203I: Database product name : Apache Derby
[1/15/16 16:10:35:426 CST] 00000030 com.ibm.ws.rsadapter.spi.InternalGenericDataStoreHelper      I DSRA8204I: Database product version : 10.8.2.2 - (1181258)
[1/15/16 16:10:35:426 CST] 00000030 com.ibm.ws.rsadapter.spi.InternalGenericDataStoreHelper      I DSRA8205I: JDBC driver name  : Apache Derby Embedded JDBC Driver
[1/15/16 16:10:35:426 CST] 00000030 com.ibm.ws.rsadapter.spi.InternalGenericDataStoreHelper      I DSRA8206I: JDBC driver version  : 10.8.2.2 - (1181258)
[1/15/16 16:10:35:489 CST] 00000030 com.ibm.worklight.admin.jpa.datastore.JPAStore               I Creating EntityManagerFactory for persistence-unit=WorklightManagementPU-derby with properties: {openjpa.ConnectionFactory=com.ibm.ws.rsadapter.jdbc.WSJdbcDataSource@1a3734ec, openjpa.jdbc.SynchronizeMappings=buildSchema(SchemaAction='add'), openjpa.ProxyManager=com.ibm.worklight.admin.jpa.CustomProxyManager}
[1/15/16 16:10:35:813 CST] 00000039 com.worklight.server.bundle.project.JeeProjectActivator      I FWLST0024I: Scanning jar: jar:file:/Users/lsteck/ws/ews/WorkspacesLSR2MFP710/CITutorial/dev/MobileFirstServerConfig/servers/worklight/apps/AdapterBasedAuth.war!/WEB-INF/classes/conf/default.keystore  [project AdapterBasedAuth]
[1/15/16 16:10:35:833 CST] 00000039 com.worklight.server.bundle.project.JeeProjectActivator      I FWLST0024I: Scanning jar: jar:file:/Users/lsteck/ws/ews/WorkspacesLSR2MFP710/CITutorial/dev/MobileFirstServerConfig/shared/resources/worklight-jee-library-7.1.0.jar!/conf/wl-default.jks  [project AdapterBasedAuth]
[1/15/16 16:10:35:900 CST] 00000030 com.worklight.common.util.JNDIUtils                          I Resource conf/jndi/default.properties not found. This is not an error. Context path is __globalscope__
[1/15/16 16:10:35:964 CST] 00000030 com.worklight.common.util.jmx.LibertyJMXRegister             I FWLSE2008I: MBean registration succeeded for: com.worklight.common.server.jmx.api:type=WorklightAdmin,qualifier=worklightadmin
[1/15/16 16:10:35:974 CST] 00000030 SystemErr                                                    R 122  WorklightManagementPU-derby  INFO   [LargeThreadPool-thread-16] openjpa.Runtime - Starting OpenJPA 1.2.2
[1/15/16 16:10:35:981 CST] 00000039 SystemErr                                                    R 1120  WorklightPU  INFO   [Worklight runtime initialization for context=/AdapterBasedAuth] openjpa.Runtime - Starting OpenJPA 1.2.2
[1/15/16 16:10:36:065 CST] 00000039 SystemErr                                                    R 1204  WorklightPU  INFO   [Worklight runtime initialization for context=/AdapterBasedAuth] openjpa.jdbc.JDBC - Using dictionary class "org.apache.openjpa.jdbc.sql.HSQLDictionary".
[1/15/16 16:10:36:114 CST] 00000030 SystemErr                                                    R 262  WorklightManagementPU-derby  INFO   [LargeThreadPool-thread-16] openjpa.jdbc.JDBC - Using dictionary class "org.apache.openjpa.jdbc.sql.DerbyDictionary" (Apache Derby 10.8.2.2 - (1181258) ,Apache Derby Embedded JDBC Driver 10.8.2.2 - (1181258)).
[1/15/16 16:10:38:041 CST] 00000039 com.worklight.authorization.server.AuthorizationServer       I FWLSE0364W : No configuration for trusted signing certificates. [project AdapterBasedAuth]
[1/15/16 16:10:38:080 CST] 00000039 .worklight.server.bundle.project.ProjectConfigurationFactory W Using empty value for configuration property 'mfp.attrStore.type'
[1/15/16 16:10:38:083 CST] 00000039 om.worklight.core.attrstore.DistributedAttributeStoreFactory I FWLSE0371I : This attribute store type is: com.worklight.core.attrstore.HTTPSessionAttributeStoreManager [project AdapterBasedAuth]
[1/15/16 16:10:38:090 CST] 00000039 .worklight.server.bundle.project.ProjectConfigurationFactory W Using empty value for configuration property 'mfp.session.independent'
[1/15/16 16:10:38:094 CST] 00000039 om.worklight.core.attrstore.DistributedAttributeStoreFactory I FWLSE0351I: Session independent mode is set to 'false'. [project AdapterBasedAuth]
[1/15/16 16:10:38:142 CST] 00000030 SystemErr                                                    R 2290  WorklightManagementPU-derby  INFO   [LargeThreadPool-thread-16] openjpa.Runtime - Though you are using optimistic transactions, OpenJPA is now beginning a datastore transaction because you have requested a lock on some data.
[1/15/16 16:10:38:188 CST] 00000039 com.worklight.report.impl.GadgetReportsServiceImpl           I FWLSE0186I: Application raw reports are disabled. [project AdapterBasedAuth]
[1/15/16 16:10:38:205 CST] 00000030 SystemErr                                                    R 2353  WorklightManagementPU-derby  INFO   [LargeThreadPool-thread-16] openjpa.Runtime - Though you are using optimistic transactions, OpenJPA is now beginning a datastore transaction because you have requested a lock on some data.
[1/15/16 16:10:38:220 CST] 00000030 org.springframework.web.context.ContextLoader                I Root WebApplicationContext: initialization completed in 4691 ms
[1/15/16 16:10:38:232 CST] 00000030 ht.admin.listeners.WorklightManagementServletContextListener I MobileFirst Administration Services servlet context listener initialized
[1/15/16 16:10:38:232 CST] 00000030 ht.admin.listeners.WorklightManagementServletContextListener I FWLSE3199I: ========= MobileFirst Administration Services version 7.1.0.00-20151023-1441 started.
[1/15/16 16:10:38:280 CST] 00000030 org.apache.wink.server.internal.servlet.RestServlet          I The system is using the com.ibm.worklight.admin.services.ManagementServiceServlet JAX-RS application class that is named in the javax.ws.rs.Application init-param initialization parameter.
[1/15/16 16:10:38:375 CST] 00000030 apache.wink.server.internal.application.ApplicationProcessor I The following JAX-RS application has been processed: com.ibm.worklight.admin.services.ManagementServiceServlet
[1/15/16 16:10:38:377 CST] 00000030 org.apache.wink.server.internal.log.Resources                I The server has registered the JAX-RS resource class com.ibm.worklight.admin.services.ManagementService with @Path(/).
[1/15/16 16:10:38:379 CST] 00000030 org.apache.wink.server.internal.log.Providers                I The class com.ibm.worklight.admin.util.ByteArrayWorkaroundProvider was registered as a JAX-RS MessageBodyReader provider for com.ibm.worklight.admin.util.ByteArrayWorkaround Java types and */* media types.
[1/15/16 16:10:38:379 CST] 00000030 org.apache.wink.server.internal.log.Providers                I The class com.ibm.worklight.admin.util.ByteArrayWorkaroundProvider was registered as a JAX-RS MessageBodyWriter provider for com.ibm.worklight.admin.util.ByteArrayWorkaround Java types and */* media types.
[1/15/16 16:10:38:582 CST] 00000030 com.ibm.ws.webcontainer.servlet                              I SRVE0242I: [WorklightServices] [/worklightadmin] [ManagementServlet]: Initialization successful.
[1/15/16 16:10:38:584 CST] 00000030 com.ibm.ws.app.manager.AppMessageHelper                      A CWWKZ0001I: Application WorklightServices started in 13.318 seconds.
[1/15/16 16:10:39:226 CST] 0000002f com.ibm.mobile.analytics.server.util.config.JndiSettings     I Read JNDI Property: warmupFrequencyInSeconds = 0
[1/15/16 16:10:39:228 CST] 0000002f com.ibm.mobile.analytics.server.util.DatastoreUtility        I JNDI property: datastore_type has not been set. Datastore is defaulting to elasticsearch_local
[1/15/16 16:10:39:254 CST] 0000002f org.apache.wink.server.internal.servlet.RestServlet          I The system is using the com.ibm.mobile.analytics.server.servlet.ElasticApplicationV2 JAX-RS application class that is named in the javax.ws.rs.Application init-param initialization parameter.
[1/15/16 16:10:39:339 CST] 00000039 com.worklight.common.util.jmx.LibertyJMXRegister             I FWLSE2008I: MBean registration succeeded for: com.worklight.common.server.jmx.api:type=ProjectManagement,qualifier=AdapterBasedAuth [project AdapterBasedAuth]
[1/15/16 16:10:39:388 CST] 00000039 com.worklight.core.auth.impl.AuthenticationFilter            I FWLSE0273I: Set sync required to 'true' [project AdapterBasedAuth]
[1/15/16 16:10:39:393 CST] 00000039 com.worklight.common.util.jmx.LibertyRuntimeMBeanHandler     I Establishing REST connection to service:jmx:rest://localhost:10443/IBMJMXConnectorREST
[1/15/16 16:10:39:410 CST] 00000039 jmx.connector.client.rest.internal.RESTMBeanServerConnection I Value of retry post was already set: false
[1/15/16 16:10:39:478 CST] 0000002f apache.wink.server.internal.application.ApplicationProcessor I The following JAX-RS application has been processed: com.ibm.mobile.analytics.server.servlet.ElasticApplicationV2
[1/15/16 16:10:39:478 CST] 0000002f org.apache.wink.server.internal.log.Resources                I The server has registered the JAX-RS resource class com.ibm.mobile.analytics.server.servlet.DataReceiverV2 with @Path(/).
[1/15/16 16:10:39:478 CST] 0000002f org.apache.wink.server.internal.log.Providers                I The class com.ibm.mobile.analytics.server.servlet.EventReportListProvider was registered as a JAX-RS MessageBodyReader provider for java.util.List Java types and application/json media types.
[1/15/16 16:10:39:479 CST] 0000002f org.apache.wink.server.internal.log.Providers                I The class com.ibm.mobile.analytics.server.servlet.CustomParametersProvider was registered as a JAX-RS MessageBodyReader provider for com.ibm.mobile.analytics.server.rest.params.CustomParameters Java types and application/json media types.
[1/15/16 16:10:39:479 CST] 0000002f org.apache.wink.server.internal.log.Providers                I The class com.ibm.mobile.analytics.server.servlet.EventReportProvider was registered as a JAX-RS MessageBodyReader provider for com.ibm.mobile.analytics.sdk.model.EventReport Java types and application/json media types.
[1/15/16 16:10:39:499 CST] 0000002f com.ibm.ws.webcontainer.servlet                              I SRVE0242I: [AnalyticsServices] [/analytics-service] [datav2]: Initialization successful.
[1/15/16 16:10:39:501 CST] 0000002f org.apache.wink.server.internal.servlet.RestServlet          I The system is using the com.ibm.mobile.analytics.server.servlet.ElasticApplication JAX-RS application class that is named in the javax.ws.rs.Application init-param initialization parameter.
[1/15/16 16:10:39:791 CST] 00000039 com.worklight.common.util.jmx.LibertyRuntimeMBeanHandler     I Successful REST connection to service:jmx:rest://localhost:10443/IBMJMXConnectorREST
[1/15/16 16:10:39:982 CST] 0000002f apache.wink.server.internal.application.ApplicationProcessor I The following JAX-RS application has been processed: com.ibm.mobile.analytics.server.servlet.ElasticApplication
[1/15/16 16:10:39:983 CST] 0000002f org.apache.wink.server.internal.log.Resources                I The server has registered the JAX-RS resource class com.ibm.mobile.analytics.server.rest.AdministrationResource with @Path(/administration/apps/{appId}).
[1/15/16 16:10:39:983 CST] 0000002f org.apache.wink.server.internal.log.Resources                I The server has registered the JAX-RS resource class com.ibm.mobile.analytics.server.alert.elasticsearch.NotificationsResource with @Path(/notifications/apps/{appId}).
[1/15/16 16:10:39:983 CST] 0000002f org.apache.wink.server.internal.log.Resources                I The server has registered the JAX-RS resource class com.ibm.mobile.analytics.server.custom.elasticsearch.CustomChartsManager with @Path(/customCharts/apps/{appId}).
[1/15/16 16:10:39:983 CST] 0000002f org.apache.wink.server.internal.log.Resources                I The server has registered the JAX-RS resource class com.ibm.mobile.analytics.server.loadtesting.LoadTesting with @Path(/loadTesting/apps/{appId}).
[1/15/16 16:10:39:983 CST] 0000002f org.apache.wink.server.internal.log.Resources                I The server has registered the JAX-RS resource class com.ibm.mobile.analytics.server.rest.DashboardResource with @Path(/dashboard/apps/{appId}).
[1/15/16 16:10:39:984 CST] 0000002f org.apache.wink.server.internal.log.Resources                I The server has registered the JAX-RS resource class com.ibm.mobile.analytics.server.rest.AdaptersResource with @Path(/adapters/apps/{appId}).
[1/15/16 16:10:39:984 CST] 0000002f org.apache.wink.server.internal.log.Resources                I The server has registered the JAX-RS resource class com.ibm.mobile.analytics.server.rest.SecurityResource with @Path(/security/apps/{appId}).
[1/15/16 16:10:39:985 CST] 0000002f org.apache.wink.server.internal.log.Resources                I The server has registered the JAX-RS resource class com.ibm.mobile.analytics.server.rest.ServersResource with @Path(/servers/apps/{appId}).
[1/15/16 16:10:39:985 CST] 0000002f org.apache.wink.server.internal.log.Resources                I The server has registered the JAX-RS resource class com.ibm.mobile.analytics.server.rest.DevicesResource with @Path(/devices/apps/{appId}).
[1/15/16 16:10:39:985 CST] 0000002f org.apache.wink.server.internal.log.Resources                I The server has registered the JAX-RS resource class com.ibm.mobile.analytics.server.rest.NetworkResource with @Path(/network/apps/{appId}).
[1/15/16 16:10:39:985 CST] 0000002f org.apache.wink.server.internal.log.Resources                I The server has registered the JAX-RS resource class com.ibm.mobile.analytics.server.alert.elasticsearch.AlertsResource with @Path(/alerts/apps/{appId}).
[1/15/16 16:10:39:986 CST] 0000002f org.apache.wink.server.internal.log.Resources                I The server has registered the JAX-RS resource class com.ibm.mobile.analytics.server.custom.elasticsearch.CustomCharts with @Path(/custom/apps/{appId}).
[1/15/16 16:10:39:986 CST] 0000002f org.apache.wink.server.internal.log.Resources                I The server has registered the JAX-RS resource class com.ibm.mobile.analytics.server.rest.SearchResource with @Path(/search/apps/{appId}).
[1/15/16 16:10:39:986 CST] 0000002f org.apache.wink.server.internal.log.Resources                I The server has registered the JAX-RS resource class com.ibm.mobile.analytics.server.rest.CommonResource with @Path(/common/apps/{appId}).
[1/15/16 16:10:39:986 CST] 0000002f org.apache.wink.server.internal.log.Resources                I The server has registered the JAX-RS resource class com.ibm.mobile.analytics.server.rest.PushResource with @Path(/push/apps/{appId}).
[1/15/16 16:10:39:986 CST] 0000002f org.apache.wink.server.internal.log.Resources                I The server has registered the JAX-RS resource class com.wordnik.swagger.jaxrs.listing.ApiListingResourceJSON with @Path(/api-docs).
[1/15/16 16:10:39:986 CST] 0000002f org.apache.wink.server.internal.log.Resources                I The server has registered the JAX-RS resource class com.ibm.mobile.analytics.server.rest.IndexManagerResource with @Path(/indices).
[1/15/16 16:10:39:986 CST] 0000002f org.apache.wink.server.internal.log.Resources                I The server has registered the JAX-RS resource class com.ibm.mobile.analytics.server.servlet.DataReceiver with @Path(/).
[1/15/16 16:10:39:986 CST] 0000002f org.apache.wink.server.internal.log.Providers                I The class com.ibm.mobile.analytics.server.servlet.AlertDefinitionProvider was registered as a JAX-RS MessageBodyReader provider for com.ibm.mobile.analytics.sdk.model.AlertDefinition Java types and application/json media types.
[1/15/16 16:10:39:987 CST] 0000002f org.apache.wink.server.internal.log.Providers                I The class com.ibm.mobile.analytics.server.servlet.EventReportListProvider was registered as a JAX-RS MessageBodyReader provider for java.util.List Java types and application/json media types.
[1/15/16 16:10:39:987 CST] 0000002f org.apache.wink.server.internal.log.Providers                I The class com.ibm.mobile.analytics.server.servlet.CustomParametersProvider was registered as a JAX-RS MessageBodyReader provider for com.ibm.mobile.analytics.server.rest.params.CustomParameters Java types and application/json media types.
[1/15/16 16:10:39:987 CST] 0000002f org.apache.wink.server.internal.log.Providers                I The class com.ibm.mobile.analytics.server.servlet.EventReportProvider was registered as a JAX-RS MessageBodyReader provider for com.ibm.mobile.analytics.sdk.model.EventReport Java types and application/json media types.
[1/15/16 16:10:39:987 CST] 0000002f org.apache.wink.server.internal.log.Providers                I The class com.wordnik.swagger.jaxrs.listing.ResourceListingProvider was registered as a JAX-RS MessageBodyWriter provider for com.wordnik.swagger.model.ResourceListing Java types and application/json media types.
[1/15/16 16:10:39:987 CST] 0000002f org.apache.wink.server.internal.log.Providers                I The class com.wordnik.swagger.jaxrs.listing.ApiDeclarationProvider was registered as a JAX-RS MessageBodyWriter provider for com.wordnik.swagger.model.ApiListing Java types and application/json media types.
[1/15/16 16:10:39:987 CST] 0000002f org.apache.wink.server.internal.log.Providers                I The class com.wordnik.swagger.jaxrs.listing.ResourceListingProvider was registered as a JAX-RS MessageBodyWriter provider for com.wordnik.swagger.model.ResourceListing Java types and application/xml media types.
[1/15/16 16:10:39:988 CST] 0000002f org.apache.wink.server.internal.log.Providers                I The class com.wordnik.swagger.jaxrs.listing.ApiDeclarationProvider was registered as a JAX-RS MessageBodyWriter provider for com.wordnik.swagger.model.ApiListing Java types and application/xml media types.
[1/15/16 16:10:40:001 CST] 0000002f com.ibm.ws.webcontainer.servlet                              I SRVE0242I: [AnalyticsServices] [/analytics-service] [data]: Initialization successful.
[1/15/16 16:10:40:432 CST] 00000064 com.ibm.worklight.admin.jmx.ManagementMXBeanImpl             I Accessing the ping service http://localhost:10080//worklightadmin/ping
[1/15/16 16:10:40:579 CST] 00000066 com.ibm.worklight.admin.services.ManagementService           I Ping service checking the availability of the HTTP(s) port successfully invoked
[1/15/16 16:10:40:602 CST] 00000064 com.ibm.worklight.admin.jmx.ManagementMXBeanImpl             I The ping service http://localhost:10080//worklightadmin/ping is available
[1/15/16 16:10:40:632 CST] 0000006a SystemErr                                                    R 4880  WorklightManagementPU-derby  INFO   [LargeThreadPool-thread-43] openjpa.Runtime - Starting OpenJPA 1.2.2
[1/15/16 16:10:40:633 CST] 0000006a SystemErr                                                    R 4881  WorklightManagementPU-derby  INFO   [LargeThreadPool-thread-43] openjpa.jdbc.JDBC - Using dictionary class "org.apache.openjpa.jdbc.sql.DerbyDictionary" (Apache Derby 10.8.2.2 - (1181258) ,Apache Derby Embedded JDBC Driver 10.8.2.2 - (1181258)).
[1/15/16 16:10:41:018 CST] 0000006a SystemErr                                                    R 5166  WorklightManagementPU-derby  INFO   [LargeThreadPool-thread-43] openjpa.Runtime - Though you are using optimistic transactions, OpenJPA is now beginning a datastore transaction because you have requested a lock on some data.
[1/15/16 16:10:41:021 CST] 0000006a SystemErr                                                    R 5169  WorklightManagementPU-derby  INFO   [LargeThreadPool-thread-43] openjpa.Runtime - Though you are using optimistic transactions, OpenJPA is now beginning a datastore transaction because you have requested a lock on some data.
[1/15/16 16:10:41:583 CST] 00000039 com.worklight.core.auth.impl.AuthenticationFilter            I FWLSE0273I: Set sync required to 'true' [project AdapterBasedAuth]
[1/15/16 16:10:41:585 CST] 00000039 com.worklight.core.jmx.ProjectSynchronizationBean            I FWLSE0271I: Resources dir '/Users/lsteck/ws/ews/WorkspacesLSR2MFP710/CITutorial/dev/MobileFirstServerConfig/servers/worklight/workarea/org.eclipse.osgi/84/data/temp/default_node/SMF_WebContainer/AdapterBasedAuth/AdapterBasedAuth/widget-resources' is going to be cleaned [project AdapterBasedAuth]
[1/15/16 16:10:42:021 CST] 00000039 com.worklight.common.util.HttpUtil                           I FWLSE2014I: Downloading a worklight artifact from http://localhost:10080/worklightadmin/otu/1.0/ffffffcd50ffffff94ffffffa8ffffffae32ffffffd4fffffff0325fffffffafffffffe45dffffff9b4e04/runtimes/AdapterBasedAuth/downloads/applications/HybridAdapterAuth/common/1.0 [project AdapterBasedAuth]
[1/15/16 16:10:42:046 CST] 00000039 com.worklight.common.util.GeneralUtil                        I FWLSE2001I: Detected more than one IP address. Using 192.168.0.11 as the public IP address of the MobileFirst Server. You can set a different IP address in worklight.properties. [project AdapterBasedAuth]
[1/15/16 16:10:42:072 CST] 00000039 om.worklight.applications.deployers.base.EnvironmentDeployer I FWLSE0274I: Environment common deployed to directory '/Users/lsteck/ws/ews/WorkspacesLSR2MFP710/CITutorial/dev/MobileFirstServerConfig/servers/worklight/workarea/org.eclipse.osgi/84/data/temp/default_node/SMF_WebContainer/AdapterBasedAuth/AdapterBasedAuth/widget-resources/HybridAdapterAuth-common-f759ad7ae14a84d34b6d594430261a728ed875c3' . [project AdapterBasedAuth]
[1/15/16 16:10:42:164 CST] 00000039 com.worklight.common.util.HttpUtil                           I FWLSE2014I: Downloading a worklight artifact from http://localhost:10080/worklightadmin/otu/1.0/ffffffcd50ffffff94ffffffa8ffffffae32ffffffd4fffffff0325fffffffafffffffe45dffffff9b4e04/runtimes/AdapterBasedAuth/downloads/adapters/AuthAdapter [project AdapterBasedAuth]
[1/15/16 16:10:43:773 CST] 00000039 apache.wink.server.internal.application.ApplicationProcessor I The following JAX-RS application has been processed: com.worklight.wink.extensions.MFPJAXRSApplicationWrapper
[1/15/16 16:10:43:774 CST] 00000039 org.apache.wink.server.internal.log.Resources                I The server has registered the JAX-RS resource class com.worklight.adapters.rest.JSAdapterRestWrapper with @Path(/).
[1/15/16 16:10:43:776 CST] 00000039 org.apache.wink.server.internal.log.Providers                I The class org.codehaus.jackson.jaxrs.JacksonJaxbJsonProvider was registered as a JAX-RS MessageBodyReader provider for all Java types and application/json media types.
[1/15/16 16:10:43:777 CST] 00000039 org.apache.wink.server.internal.log.Providers                I The class org.codehaus.jackson.jaxrs.JacksonJaxbJsonProvider was registered as a JAX-RS MessageBodyReader provider for all Java types and text/json media types.
[1/15/16 16:10:43:777 CST] 00000039 org.apache.wink.server.internal.log.Providers                I The class org.codehaus.jackson.jaxrs.JacksonJaxbJsonProvider was registered as a JAX-RS MessageBodyWriter provider for all Java types and application/json media types.
[1/15/16 16:10:43:777 CST] 00000039 org.apache.wink.server.internal.log.Providers                I The class org.codehaus.jackson.jaxrs.JacksonJaxbJsonProvider was registered as a JAX-RS MessageBodyWriter provider for all Java types and text/json media types.
[1/15/16 16:10:44:031 CST] 0000007b SystemErr                                                    R 8179  WorklightManagementPU-derby  INFO   [LargeThreadPool-thread-58] openjpa.Runtime - Though you are using optimistic transactions, OpenJPA is now beginning a datastore transaction because you have requested a lock on some data.
[1/15/16 16:10:44:044 CST] 0000007b com.ibm.worklight.admin.jmx.ManagementMXBeanImpl             I Result: AdapterBasedAuth: worklight///192.168.0.11: Runtime was synchronized successfully
[1/15/16 16:10:44:044 CST] 0000007b com.ibm.worklight.admin.jmx.ManagementMXBeanImpl             I AdapterBasedAuth: worklight///192.168.0.11: 2016-01-15T22:10:42.111Z: Preparation to deploy 'HybridAdapterAuth' finished
[1/15/16 16:10:44:044 CST] 0000007b com.ibm.worklight.admin.jmx.ManagementMXBeanImpl             I AdapterBasedAuth: worklight///192.168.0.11: 2016-01-15T22:10:44.021Z: Preparation to deploy adapter 'AuthAdapter' finished successfully, SUCCESS
[1/15/16 16:10:44:044 CST] 0000007b com.ibm.worklight.admin.jmx.ManagementMXBeanImpl             I AdapterBasedAuth: worklight///192.168.0.11: 2016-01-15T22:10:44.021Z: Transaction handler reset
[1/15/16 16:10:44:046 CST] 00000039 com.worklight.core.init.WorklightServletInitializer          I FWLSE0247I: The AdapterBasedAuth project initialization times were: start-firstReadyCheck=3, firstReadyCheck=1,216, ready for sync=0, sync=3,440 [project AdapterBasedAuth]
[1/15/16 16:10:44:047 CST] 00000039 com.worklight.core.auth.impl.AuthenticationFilter            I FWLSE0273I: Set sync required to 'false' [project AdapterBasedAuth]
[1/15/16 16:10:44:072 CST] 00000039 com.worklight.core.ilmt.WorklightILMTLogger                  I FWLSE0278I: The default ILMT directory '/var/ibm/common/slm' cannot be used. [project AdapterBasedAuth]
[1/15/16 16:10:44:073 CST] 00000039 com.worklight.core.ilmt.WorklightILMTLogger                  I FWLSE0282I: Using the ILMT directory '/Users/lsteck/ws/ews/WorkspacesLSR2MFP710/CITutorial/dev/MobileFirstServerConfig/servers/worklight/logs'. [project AdapterBasedAuth]
[1/15/16 16:10:44:080 CST] 00000039 com.worklight.server.bundle.project.JeeProjectActivator      I FWLST0002I: ========= Project /AdapterBasedAuth started. The project WAR file version is 7.1.0.00.20151023-1441,running on server version 7.1.0.00.20151023-1441. [project AdapterBasedAuth]
[1/15/16 16:10:44:251 CST] 0000002f com.ibm.ws.webcontainer.servlet                              I SRVE0242I: [AnalyticsServices] [/analytics-service] [SwaggerJaxrsConfig]: Initialization successful.
[1/15/16 16:10:44:265 CST] 0000002f com.ibm.ws.app.manager.AppMessageHelper                      A CWWKZ0001I: Application AnalyticsServices started in 18.999 seconds.
[1/15/16 16:10:44:271 CST] 0000001a com.ibm.ws.kernel.feature.internal.FeatureManager            A CWWKF0012I: The server installed the following features: [appSecurity-1.0, jdbc-4.0, ldapRegistry-3.0, ssl-1.0, localConnector-1.0, json-1.0, appSecurity-2.0, jsp-2.2, restConnector-1.0, servlet-3.0, jaxrs-1.1, jndi-1.0, distributedMap-1.0].
[1/15/16 16:10:44:271 CST] 0000001a com.ibm.ws.kernel.feature.internal.FeatureManager            I CWWKF0008I: Feature update completed in 21.620 seconds.
[1/15/16 16:10:44:271 CST] 0000001a com.ibm.ws.kernel.feature.internal.FeatureManager            A CWWKF0011I: The server worklight is ready to run a smarter planet.
[1/15/16 16:10:44:929 CST] 00000086 com.worklight.common.util.jmx.LibertyRuntimeMBeanHandler     I Establishing REST connection to service:jmx:rest://localhost:10443/IBMJMXConnectorREST
[1/15/16 16:10:44:936 CST] 00000086 com.worklight.common.util.jmx.LibertyRuntimeMBeanHandler     I Successful REST connection to service:jmx:rest://localhost:10443/IBMJMXConnectorREST
[1/15/16 16:10:46:614 CST] 0000009d SystemErr                                                    R 10762  WorklightManagementPU-derby  INFO   [LargeThreadPool-thread-85] openjpa.Runtime - Though you are using optimistic transactions, OpenJPA is now beginning a datastore transaction because you have requested a lock on some data.
[1/15/16 16:10:46:623 CST] 0000009d SystemErr                                                    R 10771  WorklightManagementPU-derby  INFO   [LargeThreadPool-thread-85] openjpa.Runtime - Though you are using optimistic transactions, OpenJPA is now beginning a datastore transaction because you have requested a lock on some data.
[1/15/16 16:10:46:649 CST] 0000009d SystemErr                                                    R 10797  WorklightManagementPU-derby  INFO   [LargeThreadPool-thread-85] openjpa.Runtime - Though you are using optimistic transactions, OpenJPA is now beginning a datastore transaction because you have requested a lock on some data.
[1/15/16 16:10:46:768 CST] 000000a5 com.worklight.core.jmx.ProjectManagementMXBeanImpl           I FWLSE0275I: Starting transaction with ID 3 for 'deployAdapter'.  [project AdapterBasedAuth]
[1/15/16 16:10:46:791 CST] 000000a5 com.worklight.common.util.HttpUtil                           I FWLSE2014I: Downloading a worklight artifact from http://Larrys-MacBook-Pro.local:10080/worklightadmin/otu/1.0/751167ffffffa6ffffffa7ffffff9bffffffbcffffff85ffffffb0ffffff8206ffffff9e7cffffff87ffffff9e72/runtimes/AdapterBasedAuth/downloads/adapters/Temporary317569284 [project AdapterBasedAuth]
[1/15/16 16:10:47:076 CST] 000000a5 apache.wink.server.internal.application.ApplicationProcessor I The following JAX-RS application has been processed: com.worklight.wink.extensions.MFPJAXRSApplicationWrapper
[1/15/16 16:10:47:076 CST] 000000a5 org.apache.wink.server.internal.log.Resources                I The server has registered the JAX-RS resource class com.worklight.adapters.rest.JSAdapterRestWrapper with @Path(/).
[1/15/16 16:10:47:077 CST] 000000a5 org.apache.wink.server.internal.log.Providers                I The class org.codehaus.jackson.jaxrs.JacksonJaxbJsonProvider was registered as a JAX-RS MessageBodyReader provider for all Java types and application/json media types.
[1/15/16 16:10:47:077 CST] 000000a5 org.apache.wink.server.internal.log.Providers                I The class org.codehaus.jackson.jaxrs.JacksonJaxbJsonProvider was registered as a JAX-RS MessageBodyReader provider for all Java types and text/json media types.
[1/15/16 16:10:47:077 CST] 000000a5 org.apache.wink.server.internal.log.Providers                I The class org.codehaus.jackson.jaxrs.JacksonJaxbJsonProvider was registered as a JAX-RS MessageBodyWriter provider for all Java types and application/json media types.
[1/15/16 16:10:47:077 CST] 000000a5 org.apache.wink.server.internal.log.Providers                I The class org.codehaus.jackson.jaxrs.JacksonJaxbJsonProvider was registered as a JAX-RS MessageBodyWriter provider for all Java types and text/json media types.
[1/15/16 16:10:47:107 CST] 0000009d com.ibm.worklight.admin.actions.BaseTransaction              I Result: AdapterBasedAuth: worklight///192.168.0.11: Preparation to deploy adapter 'AuthAdapter' finished successfully, SUCCESS
[1/15/16 16:10:47:159 CST] 000000ab com.worklight.core.jmx.ProjectManagementMXBeanImpl           I FWLSE0275I: Starting transaction with ID 3 for 'commit'.  [project AdapterBasedAuth]
[1/15/16 16:10:47:171 CST] 0000009d com.ibm.worklight.admin.actions.BaseTransaction              I Result: AdapterBasedAuth: worklight///192.168.0.11: Commit
[1/15/16 16:10:47:171 CST] 0000009d com.ibm.worklight.admin.actions.BaseTransaction              I AdapterBasedAuth: worklight///192.168.0.11: 2016-01-15T22:10:47.165Z: Operation to deploy adapter AuthAdapter was commited
[1/15/16 16:10:47:196 CST] 0000009d SystemErr                                                    R 11344  WorklightManagementPU-derby  INFO   [LargeThreadPool-thread-85] openjpa.Runtime - Though you are using optimistic transactions, OpenJPA is now beginning a datastore transaction because you have requested a lock on some data.
[1/15/16 16:10:47:640 CST] 000000b2 com.ibm.ws.webcontainer.servlet                              I SRVE0242I: [AdapterBasedAuth] [/AdapterBasedAuth] [PreviewServlet]: Initialization successful.
[1/15/16 16:10:53:524 CST] 0000004d com.ibm.mobile.analytics.server.util.Warmers                 I Warmers have been disabled
[1/15/16 16:10:53:524 CST] 0000004d com.ibm.mobile.analytics.server.util.Warmers                 I Warmer frequency set to 0 milliseconds
[1/15/16 16:11:08:471 CST] 0000011e SystemErr                                                    R 32619  WorklightManagementPU-derby  INFO   [LargeThreadPool-thread-124] openjpa.Runtime - Though you are using optimistic transactions, OpenJPA is now beginning a datastore transaction because you have requested a lock on some data.
[1/15/16 16:11:08:477 CST] 0000011e SystemErr                                                    R 32625  WorklightManagementPU-derby  INFO   [LargeThreadPool-thread-124] openjpa.Runtime - Though you are using optimistic transactions, OpenJPA is now beginning a datastore transaction because you have requested a lock on some data.
[1/15/16 16:11:08:482 CST] 0000011e SystemErr                                                    R 32630  WorklightManagementPU-derby  INFO   [LargeThreadPool-thread-124] openjpa.Runtime - Though you are using optimistic transactions, OpenJPA is now beginning a datastore transaction because you have requested a lock on some data.
[1/15/16 16:11:08:585 CST] 00000126 com.worklight.core.jmx.ProjectManagementMXBeanImpl           I FWLSE0275I: Starting transaction with ID 4 for 'deployApplication'.  [project AdapterBasedAuth]
[1/15/16 16:11:08:624 CST] 00000126 com.worklight.common.util.HttpUtil                           I FWLSE2014I: Downloading a worklight artifact from http://Larrys-MacBook-Pro.local:10080/worklightadmin/otu/1.0/ffffffc9ffffffc52b71521dffffffa220ffffff9408ffffffe9fffffff20cffffffa63efffffff2/runtimes/AdapterBasedAuth/downloads/applications/Temporary317569284/common/1.0 [project AdapterBasedAuth]
[1/15/16 16:11:08:636 CST] 00000126 om.worklight.applications.deployers.base.EnvironmentDeployer I FWLSE0274I: Environment common deployed to directory '/Users/lsteck/ws/ews/WorkspacesLSR2MFP710/CITutorial/dev/MobileFirstServerConfig/servers/worklight/workarea/org.eclipse.osgi/84/data/temp/default_node/SMF_WebContainer/AdapterBasedAuth/AdapterBasedAuth/widget-resources/HybridAdapterAuth-common-049632bcaed365215d7eedb397d1ec81e26fd646' . [project AdapterBasedAuth]
[1/15/16 16:11:08:662 CST] 0000011e com.ibm.worklight.admin.actions.BaseTransaction              I Result: AdapterBasedAuth: worklight///192.168.0.11: Preparation to deploy 'HybridAdapterAuth' finished
[1/15/16 16:11:08:693 CST] 0000012b com.worklight.core.jmx.ProjectManagementMXBeanImpl           I FWLSE0275I: Starting transaction with ID 4 for 'commit'.  [project AdapterBasedAuth]
[1/15/16 16:11:08:706 CST] 0000011e com.ibm.worklight.admin.actions.BaseTransaction              I Result: AdapterBasedAuth: worklight///192.168.0.11: Commit
[1/15/16 16:11:08:706 CST] 0000011e com.ibm.worklight.admin.actions.BaseTransaction              I AdapterBasedAuth: worklight///192.168.0.11: 2016-01-15T22:11:08.694Z: Application 'HybridAdapterAuth' was updated
[1/15/16 16:11:08:746 CST] 0000011e SystemErr                                                    R 32894  WorklightManagementPU-derby  INFO   [LargeThreadPool-thread-124] openjpa.Runtime - Though you are using optimistic transactions, OpenJPA is now beginning a datastore transaction because you have requested a lock on some data.
[1/15/16 16:11:35:642 CST] 00000154 com.ibm.worklight.admin.common.util.ContextPropertyUtil      I Resource conf/jndi/default.properties not found. This is not an error. Context path is /worklightconsole
[1/15/16 16:11:36:051 CST] 0000007e m.ibm.worklight.management.ui.servlet.ConsoleServicesServlet I The endpoint used to invoke the MFP administration services is http://larrys-macbook-pro.local:10080/worklightadmin/
[1/15/16 16:11:44:082 CST] 0000007d com.worklight.core.ilmt.WorklightILMTLogger                  I FWLSE0277I: Creating an ILMT record in the file '/Users/lsteck/ws/ews/WorkspacesLSR2MFP710/CITutorial/dev/MobileFirstServerConfig/servers/worklight/logs/989da37ffe83809b11dd47dd67df4cb8.slmtag'.
[1/15/16 16:17:04:080 CST] 000000a2 com.ibm.ws.webcontainer.servlet                              I SRVE0242I: [AdapterBasedAuth] [/AdapterBasedAuth] [RESTAdaptersServiceServlet]: Initialization successful.
[1/15/16 16:19:15:607 CST] 0000008d com.ibm.ws.webcontainer.servlet                              I SRVE0242I: [AdapterBasedAuth] [/AdapterBasedAuth] [InvokeProcServlet]: Initialization successful.
[1/16/16 4:11:44:103 CST] 0000007d com.worklight.core.ilmt.WorklightILMTLogger                  I FWLSE0277I: Creating an ILMT record in the file '/Users/lsteck/ws/ews/WorkspacesLSR2MFP710/CITutorial/dev/MobileFirstServerConfig/servers/worklight/logs/989da37ffe83809b11dd47dd67df4cb8.slmtag'.
[1/16/16 16:11:44:092 CST] 0000007d com.worklight.core.ilmt.WorklightILMTLogger                  I FWLSE0277I: Creating an ILMT record in the file '/Users/lsteck/ws/ews/WorkspacesLSR2MFP710/CITutorial/dev/MobileFirstServerConfig/servers/worklight/logs/989da37ffe83809b11dd47dd67df4cb8.slmtag'.
[1/17/16 4:11:44:097 CST] 0000007d com.worklight.core.ilmt.WorklightILMTLogger                  I FWLSE0277I: Creating an ILMT record in the file '/Users/lsteck/ws/ews/WorkspacesLSR2MFP710/CITutorial/dev/MobileFirstServerConfig/servers/worklight/logs/989da37ffe83809b11dd47dd67df4cb8.slmtag'.
