********************************************************************************
product = WebSphere Application Server 8.5.5.5 (wlp-1.0.8.cl50520150305-2202)
wlp.install.dir = /Users/lsteck/eclipse/eclipse-jee-LSR2-MFP710/plugins/com.worklight.worklight-artifacts_7.1.0.00-20151023-1441/liberty/wlp/
server.config.dir = /Users/lsteck/ws/ews/WorkspacesLSR2MFP710/CITutorial/dev/MobileFirstServerConfig/servers/worklight/
java.home = /Library/Java/JavaVirtualMachines/jdk1.7.0_76.jdk/Contents/Home/jre
java.version = 1.7.0_76
java.runtime = Java(TM) SE Runtime Environment (1.7.0_76-b13)
os = Mac OS X (10.11.2; x86_64) (en_US)
process = 8521@Larrys-MacBook-Pro.local
********************************************************************************
[1/18/16 23:22:14:670 CST] 00000001 com.ibm.ws.kernel.launch.internal.FrameworkManager           A CWWKE0001I: The server worklight has been launched.
[1/18/16 23:22:16:460 CST] 00000001 com.ibm.ws.kernel.launch.internal.FrameworkManager           I CWWKE0002I: The kernel started after 1.964 seconds
[1/18/16 23:22:16:494 CST] 0000001a com.ibm.ws.kernel.feature.internal.FeatureManager            I CWWKF0007I: Feature update started.
[1/18/16 23:22:17:391 CST] 00000011 com.ibm.ws.security.internal.SecurityReadyServiceImpl        I CWWKS0007I: The security service is starting...
[1/18/16 23:22:18:028 CST] 00000011 com.ibm.ws.app.manager.internal.monitor.DropinMonitor        A CWWKZ0058I: Monitoring dropins for applications. 
[1/18/16 23:22:18:226 CST] 00000024 com.ibm.ws.tcpchannel.internal.TCPChannel                    I CWWKO0219I: TCP Channel defaultHttpEndpoint has been started and is now listening for requests on host *  (IPv6) port 10080.
[1/18/16 23:22:18:238 CST] 00000024 com.ibm.ws.tcpchannel.internal.TCPChannel                    I CWWKO0219I: TCP Channel defaultHttpEndpoint-ssl has been started and is now listening for requests on host *  (IPv6) port 10443.
[1/18/16 23:22:18:498 CST] 00000011 com.ibm.ws.cache.ServerCache                                 I DYNA1001I: WebSphere Dynamic Cache instance named baseCache initialized successfully.
[1/18/16 23:22:18:500 CST] 00000011 com.ibm.ws.cache.ServerCache                                 I DYNA1071I: The cache provider default is being used.
[1/18/16 23:22:18:501 CST] 00000011 com.ibm.ws.cache.CacheServiceImpl                            I DYNA1056I: Dynamic Cache (object cache) initialized successfully.
[1/18/16 23:22:18:515 CST] 00000028 com.ibm.ws.security.internal.SecurityReadyServiceImpl        I CWWKS0008I: The security service is ready.
[1/18/16 23:22:18:516 CST] 00000028 com.ibm.ws.security.token.ltpa.internal.LTPAKeyCreator       I CWWKS4105I: LTPA configuration is ready after 0.091 seconds.
[1/18/16 23:22:18:876 CST] 0000002f com.ibm.ws.app.manager.AppMessageHelper                      I CWWKZ0018I: Starting application AnalyticsUI.
[1/18/16 23:22:18:876 CST] 0000002e com.ibm.ws.app.manager.AppMessageHelper                      I CWWKZ0018I: Starting application _MobileBrowserSimulator.
[1/18/16 23:22:18:877 CST] 0000002b com.ibm.ws.app.manager.AppMessageHelper                      I CWWKZ0018I: Starting application WorklightConsole.
[1/18/16 23:22:18:877 CST] 0000002d com.ibm.ws.app.manager.AppMessageHelper                      I CWWKZ0018I: Starting application WorklightServices.
[1/18/16 23:22:18:877 CST] 00000030 com.ibm.ws.app.manager.AppMessageHelper                      I CWWKZ0018I: Starting application AdapterBasedAuth.
[1/18/16 23:22:18:877 CST] 0000002c com.ibm.ws.app.manager.AppMessageHelper                      I CWWKZ0018I: Starting application AnalyticsServices.
[1/18/16 23:22:18:973 CST] 0000002c m.ibm.ws.container.service.app.deploy.ManifestClassPathUtils W SRVE9967W: The manifest class path xml-apis.jar can not be found in jar file wsjar:file:/Users/lsteck/ws/ews/WorkspacesLSR2MFP710/CITutorial/dev/MobileFirstServerConfig/servers/worklight/apps/analytics-service.war!/WEB-INF/lib/serializer-2.7.2.jar or its parent.
[1/18/16 23:22:19:018 CST] 0000002c m.ibm.ws.container.service.app.deploy.ManifestClassPathUtils W SRVE9967W: The manifest class path xercesImpl.jar can not be found in jar file wsjar:file:/Users/lsteck/ws/ews/WorkspacesLSR2MFP710/CITutorial/dev/MobileFirstServerConfig/servers/worklight/apps/analytics-service.war!/WEB-INF/lib/xalan-2.7.2.jar or its parent.
[1/18/16 23:22:19:018 CST] 0000002c m.ibm.ws.container.service.app.deploy.ManifestClassPathUtils W SRVE9967W: The manifest class path xml-apis.jar can not be found in jar file wsjar:file:/Users/lsteck/ws/ews/WorkspacesLSR2MFP710/CITutorial/dev/MobileFirstServerConfig/servers/worklight/apps/analytics-service.war!/WEB-INF/lib/xalan-2.7.2.jar or its parent.
[1/18/16 23:22:19:018 CST] 0000002c m.ibm.ws.container.service.app.deploy.ManifestClassPathUtils W SRVE9967W: The manifest class path serializer.jar can not be found in jar file wsjar:file:/Users/lsteck/ws/ews/WorkspacesLSR2MFP710/CITutorial/dev/MobileFirstServerConfig/servers/worklight/apps/analytics-service.war!/WEB-INF/lib/xalan-2.7.2.jar or its parent.
[1/18/16 23:22:19:044 CST] 0000002b m.ibm.ws.container.service.app.deploy.ManifestClassPathUtils W SRVE9967W: The manifest class path jaxb-api.jar can not be found in jar file wsjar:file:/Users/lsteck/ws/ews/WorkspacesLSR2MFP710/CITutorial/dev/MobileFirstServerConfig/servers/worklight/apps/worklight-management-ui.war!/WEB-INF/lib/jaxb-impl-2.1.12.osgi.jar or its parent.
[1/18/16 23:22:19:044 CST] 0000002b m.ibm.ws.container.service.app.deploy.ManifestClassPathUtils W SRVE9967W: The manifest class path activation.jar can not be found in jar file wsjar:file:/Users/lsteck/ws/ews/WorkspacesLSR2MFP710/CITutorial/dev/MobileFirstServerConfig/servers/worklight/apps/worklight-management-ui.war!/WEB-INF/lib/jaxb-impl-2.1.12.osgi.jar or its parent.
[1/18/16 23:22:19:045 CST] 0000002b m.ibm.ws.container.service.app.deploy.ManifestClassPathUtils W SRVE9967W: The manifest class path jsr173_1.0_api.jar can not be found in jar file wsjar:file:/Users/lsteck/ws/ews/WorkspacesLSR2MFP710/CITutorial/dev/MobileFirstServerConfig/servers/worklight/apps/worklight-management-ui.war!/WEB-INF/lib/jaxb-impl-2.1.12.osgi.jar or its parent.
[1/18/16 23:22:19:045 CST] 0000002b m.ibm.ws.container.service.app.deploy.ManifestClassPathUtils W SRVE9967W: The manifest class path jaxb1-impl.jar can not be found in jar file wsjar:file:/Users/lsteck/ws/ews/WorkspacesLSR2MFP710/CITutorial/dev/MobileFirstServerConfig/servers/worklight/apps/worklight-management-ui.war!/WEB-INF/lib/jaxb-impl-2.1.12.osgi.jar or its parent.
[1/18/16 23:22:19:118 CST] 0000002d m.ibm.ws.container.service.app.deploy.ManifestClassPathUtils W SRVE9967W: The manifest class path jaxb-api.jar can not be found in jar file wsjar:file:/Users/lsteck/ws/ews/WorkspacesLSR2MFP710/CITutorial/dev/MobileFirstServerConfig/servers/worklight/apps/worklight-management-service.war!/WEB-INF/lib/jaxb-impl-2.1.12.osgi.jar or its parent.
[1/18/16 23:22:19:120 CST] 0000002d m.ibm.ws.container.service.app.deploy.ManifestClassPathUtils W SRVE9967W: The manifest class path activation.jar can not be found in jar file wsjar:file:/Users/lsteck/ws/ews/WorkspacesLSR2MFP710/CITutorial/dev/MobileFirstServerConfig/servers/worklight/apps/worklight-management-service.war!/WEB-INF/lib/jaxb-impl-2.1.12.osgi.jar or its parent.
[1/18/16 23:22:19:123 CST] 0000002d m.ibm.ws.container.service.app.deploy.ManifestClassPathUtils W SRVE9967W: The manifest class path jsr173_1.0_api.jar can not be found in jar file wsjar:file:/Users/lsteck/ws/ews/WorkspacesLSR2MFP710/CITutorial/dev/MobileFirstServerConfig/servers/worklight/apps/worklight-management-service.war!/WEB-INF/lib/jaxb-impl-2.1.12.osgi.jar or its parent.
[1/18/16 23:22:19:129 CST] 0000002d m.ibm.ws.container.service.app.deploy.ManifestClassPathUtils W SRVE9967W: The manifest class path jaxb1-impl.jar can not be found in jar file wsjar:file:/Users/lsteck/ws/ews/WorkspacesLSR2MFP710/CITutorial/dev/MobileFirstServerConfig/servers/worklight/apps/worklight-management-service.war!/WEB-INF/lib/jaxb-impl-2.1.12.osgi.jar or its parent.
[1/18/16 23:22:19:213 CST] 0000002b m.ibm.ws.container.service.app.deploy.ManifestClassPathUtils W SRVE9967W: The manifest class path jaxb-api.jar can not be found in jar file wsjar:file:/Users/lsteck/ws/ews/WorkspacesLSR2MFP710/CITutorial/dev/MobileFirstServerConfig/servers/worklight/apps/worklight-management-ui.war!/WEB-INF/lib/jaxb-impl-2.1.12.osgi.jar or its parent.
[1/18/16 23:22:19:214 CST] 0000002b m.ibm.ws.container.service.app.deploy.ManifestClassPathUtils W SRVE9967W: The manifest class path activation.jar can not be found in jar file wsjar:file:/Users/lsteck/ws/ews/WorkspacesLSR2MFP710/CITutorial/dev/MobileFirstServerConfig/servers/worklight/apps/worklight-management-ui.war!/WEB-INF/lib/jaxb-impl-2.1.12.osgi.jar or its parent.
[1/18/16 23:22:19:214 CST] 0000002b m.ibm.ws.container.service.app.deploy.ManifestClassPathUtils W SRVE9967W: The manifest class path jsr173_1.0_api.jar can not be found in jar file wsjar:file:/Users/lsteck/ws/ews/WorkspacesLSR2MFP710/CITutorial/dev/MobileFirstServerConfig/servers/worklight/apps/worklight-management-ui.war!/WEB-INF/lib/jaxb-impl-2.1.12.osgi.jar or its parent.
[1/18/16 23:22:19:215 CST] 0000002b m.ibm.ws.container.service.app.deploy.ManifestClassPathUtils W SRVE9967W: The manifest class path jaxb1-impl.jar can not be found in jar file wsjar:file:/Users/lsteck/ws/ews/WorkspacesLSR2MFP710/CITutorial/dev/MobileFirstServerConfig/servers/worklight/apps/worklight-management-ui.war!/WEB-INF/lib/jaxb-impl-2.1.12.osgi.jar or its parent.
[1/18/16 23:22:19:233 CST] 0000002e com.ibm.ws.webcontainer.osgi.webapp.WebGroup                 I SRVE0169I: Loading Web Module: _MobileBrowserSimulator.
[1/18/16 23:22:19:236 CST] 0000002e com.ibm.ws.webcontainer                                      I SRVE0250I: Web Module _MobileBrowserSimulator has been bound to default_host.
[1/18/16 23:22:19:239 CST] 0000002e com.ibm.ws.http.internal.VirtualHostImpl                     A CWWKT0016I: Web application available (default_host): http://192.168.169.1:10080/_MobileBrowserSimulator/
[1/18/16 23:22:19:263 CST] 0000002f com.ibm.ws.webcontainer.osgi.webapp.WebGroup                 I SRVE0169I: Loading Web Module: analytics.
[1/18/16 23:22:19:263 CST] 0000002f com.ibm.ws.webcontainer                                      I SRVE0250I: Web Module analytics has been bound to default_host.
[1/18/16 23:22:19:263 CST] 0000002f com.ibm.ws.http.internal.VirtualHostImpl                     A CWWKT0016I: Web application available (default_host): http://192.168.169.1:10080/analytics/
[1/18/16 23:22:19:298 CST] 0000002e com.ibm.ws.session.WASSessionCore                            I SESN8501I: The session manager did not find a persistent storage location; HttpSession objects will be stored in the local application server's memory.
[1/18/16 23:22:19:304 CST] 0000002e com.ibm.ws.session.WASSessionCore                            I SESN0176I: A new session context will be created for application key default_host/_MobileBrowserSimulator
[1/18/16 23:22:19:304 CST] 0000002f com.ibm.ws.session.WASSessionCore                            I SESN0176I: A new session context will be created for application key default_host/analytics
[1/18/16 23:22:19:313 CST] 00000029 com.ibm.ws.webcontainer.osgi.webapp.WebGroup                 I SRVE0169I: Loading Web Module: IBMJMXConnectorREST.
[1/18/16 23:22:19:314 CST] 00000029 com.ibm.ws.webcontainer                                      I SRVE0250I: Web Module IBMJMXConnectorREST has been bound to default_host.
[1/18/16 23:22:19:314 CST] 00000029 com.ibm.ws.http.internal.VirtualHostImpl                     A CWWKT0016I: Web application available (default_host): http://192.168.169.1:10080/IBMJMXConnectorREST/
[1/18/16 23:22:19:315 CST] 00000029 com.ibm.ws.jmx.connector.server.rest.RESTAppListener         I CWWKX0103I: The JMX REST connector is running and is available at the following service URL: service:jmx:rest://192.168.169.1:10443/IBMJMXConnectorREST
[1/18/16 23:22:19:316 CST] 00000029 com.ibm.ws.jmx.connector.server.rest.RESTAppListener         I CWWKX0103I: The JMX REST connector is running and is available at the following service URL: service:jmx:rest://192.168.169.1:10443/IBMJMXConnectorREST
[1/18/16 23:22:19:328 CST] 0000002e com.ibm.ws.util                                              I SESN0172I: The session manager is using the Java default SecureRandom implementation for session ID generation.
[1/18/16 23:22:19:343 CST] 0000002f com.ibm.ws.util                                              I SESN0172I: The session manager is using the Java default SecureRandom implementation for session ID generation.
[1/18/16 23:22:19:392 CST] 0000002d m.ibm.ws.container.service.app.deploy.ManifestClassPathUtils W SRVE9967W: The manifest class path jaxb-api.jar can not be found in jar file wsjar:file:/Users/lsteck/ws/ews/WorkspacesLSR2MFP710/CITutorial/dev/MobileFirstServerConfig/servers/worklight/apps/worklight-management-service.war!/WEB-INF/lib/jaxb-impl-2.1.12.osgi.jar or its parent.
[1/18/16 23:22:19:393 CST] 0000002d m.ibm.ws.container.service.app.deploy.ManifestClassPathUtils W SRVE9967W: The manifest class path activation.jar can not be found in jar file wsjar:file:/Users/lsteck/ws/ews/WorkspacesLSR2MFP710/CITutorial/dev/MobileFirstServerConfig/servers/worklight/apps/worklight-management-service.war!/WEB-INF/lib/jaxb-impl-2.1.12.osgi.jar or its parent.
[1/18/16 23:22:19:393 CST] 0000002d m.ibm.ws.container.service.app.deploy.ManifestClassPathUtils W SRVE9967W: The manifest class path jsr173_1.0_api.jar can not be found in jar file wsjar:file:/Users/lsteck/ws/ews/WorkspacesLSR2MFP710/CITutorial/dev/MobileFirstServerConfig/servers/worklight/apps/worklight-management-service.war!/WEB-INF/lib/jaxb-impl-2.1.12.osgi.jar or its parent.
[1/18/16 23:22:19:394 CST] 0000002d m.ibm.ws.container.service.app.deploy.ManifestClassPathUtils W SRVE9967W: The manifest class path jaxb1-impl.jar can not be found in jar file wsjar:file:/Users/lsteck/ws/ews/WorkspacesLSR2MFP710/CITutorial/dev/MobileFirstServerConfig/servers/worklight/apps/worklight-management-service.war!/WEB-INF/lib/jaxb-impl-2.1.12.osgi.jar or its parent.
[1/18/16 23:22:19:416 CST] 0000002e com.ibm.ws.jsp                                               I JSPG8502I: The value of the JSP attribute jdkSourceLevel is "15".
[1/18/16 23:22:19:416 CST] 0000002f com.ibm.ws.jsp                                               I JSPG8502I: The value of the JSP attribute jdkSourceLevel is "15".
[1/18/16 23:22:19:431 CST] 00000030 com.ibm.ws.webcontainer.osgi.webapp.WebGroup                 I SRVE0169I: Loading Web Module: Worklight.
[1/18/16 23:22:19:431 CST] 00000030 com.ibm.ws.webcontainer                                      I SRVE0250I: Web Module Worklight has been bound to default_host.
[1/18/16 23:22:19:431 CST] 00000030 com.ibm.ws.http.internal.VirtualHostImpl                     A CWWKT0016I: Web application available (default_host): http://192.168.169.1:10080/AdapterBasedAuth/
[1/18/16 23:22:19:447 CST] 0000002e com.ibm.ws.cache.CacheServiceImpl                            I DYNA1056I: Dynamic Cache (object cache) initialized successfully.
[1/18/16 23:22:19:448 CST] 00000029 com.ibm.ws.session.WASSessionCore                            I SESN0176I: A new session context will be created for application key default_host/IBMJMXConnectorREST
[1/18/16 23:22:19:448 CST] 00000029 com.ibm.ws.util                                              I SESN0172I: The session manager is using the Java default SecureRandom implementation for session ID generation.
[1/18/16 23:22:19:549 CST] 0000002e com.ibm.ws.app.manager.AppMessageHelper                      A CWWKZ0001I: Application _MobileBrowserSimulator started in 0.673 seconds.
[1/18/16 23:22:19:594 CST] 0000002c m.ibm.ws.container.service.app.deploy.ManifestClassPathUtils W SRVE9967W: The manifest class path xml-apis.jar can not be found in jar file wsjar:file:/Users/lsteck/ws/ews/WorkspacesLSR2MFP710/CITutorial/dev/MobileFirstServerConfig/servers/worklight/apps/analytics-service.war!/WEB-INF/lib/serializer-2.7.2.jar or its parent.
[1/18/16 23:22:19:628 CST] 0000002c m.ibm.ws.container.service.app.deploy.ManifestClassPathUtils W SRVE9967W: The manifest class path xercesImpl.jar can not be found in jar file wsjar:file:/Users/lsteck/ws/ews/WorkspacesLSR2MFP710/CITutorial/dev/MobileFirstServerConfig/servers/worklight/apps/analytics-service.war!/WEB-INF/lib/xalan-2.7.2.jar or its parent.
[1/18/16 23:22:19:628 CST] 0000002c m.ibm.ws.container.service.app.deploy.ManifestClassPathUtils W SRVE9967W: The manifest class path xml-apis.jar can not be found in jar file wsjar:file:/Users/lsteck/ws/ews/WorkspacesLSR2MFP710/CITutorial/dev/MobileFirstServerConfig/servers/worklight/apps/analytics-service.war!/WEB-INF/lib/xalan-2.7.2.jar or its parent.
[1/18/16 23:22:19:628 CST] 0000002c m.ibm.ws.container.service.app.deploy.ManifestClassPathUtils W SRVE9967W: The manifest class path serializer.jar can not be found in jar file wsjar:file:/Users/lsteck/ws/ews/WorkspacesLSR2MFP710/CITutorial/dev/MobileFirstServerConfig/servers/worklight/apps/analytics-service.war!/WEB-INF/lib/xalan-2.7.2.jar or its parent.
[1/18/16 23:22:19:899 CST] 0000002c com.ibm.ws.webcontainer.osgi.webapp.WebGroup                 I SRVE0169I: Loading Web Module: analytics.
[1/18/16 23:22:19:899 CST] 0000002c com.ibm.ws.webcontainer                                      I SRVE0250I: Web Module analytics has been bound to default_host.
[1/18/16 23:22:19:899 CST] 0000002c com.ibm.ws.http.internal.VirtualHostImpl                     A CWWKT0016I: Web application available (default_host): http://192.168.169.1:10080/analytics-service/
[1/18/16 23:22:19:901 CST] 0000002c com.ibm.ws.session.WASSessionCore                            I SESN0176I: A new session context will be created for application key default_host/analytics-service
[1/18/16 23:22:19:902 CST] 0000002c com.ibm.ws.util                                              I SESN0172I: The session manager is using the Java default SecureRandom implementation for session ID generation.
[1/18/16 23:22:19:905 CST] 0000002c com.ibm.ws.jsp                                               I JSPG8502I: The value of the JSP attribute jdkSourceLevel is "15".
[1/18/16 23:22:20:059 CST] 00000029 apache.wink.server.internal.application.ApplicationProcessor I The following JAX-RS application has been processed: com.ibm.ws.jaxrs.webcontainer.JAXRSDefaultApplicationSubclassProxy
[1/18/16 23:22:20:061 CST] 00000029 org.apache.wink.server.internal.log.Resources                I The server has registered the JAX-RS resource class com.ibm.ws.jmx.connector.server.rest.resources.FileTransferRouterResource with @Path(/fileTransfer/router/{filePath}).
[1/18/16 23:22:20:061 CST] 00000029 org.apache.wink.server.internal.log.Resources                I The server has registered the JAX-RS resource class com.ibm.ws.jmx.connector.server.rest.resources.AttributeResource with @Path(/mbeans/{objectName}/attributes).
[1/18/16 23:22:20:061 CST] 00000029 org.apache.wink.server.internal.log.Resources                I The server has registered the JAX-RS resource class com.ibm.ws.jmx.connector.server.rest.resources.FileCollectionResource with @Path(/file/collection).
[1/18/16 23:22:20:062 CST] 00000029 org.apache.wink.server.internal.log.Resources                I The server has registered the JAX-RS resource class com.ibm.ws.jmx.connector.server.rest.resources.FileTransferResource with @Path(/fileTransfer/{filePath}).
[1/18/16 23:22:20:062 CST] 00000029 org.apache.wink.server.internal.log.Resources                I The server has registered the JAX-RS resource class com.ibm.ws.jmx.connector.server.rest.resources.NotificationResource with @Path(/notifications).
[1/18/16 23:22:20:062 CST] 00000029 org.apache.wink.server.internal.log.Resources                I The server has registered the JAX-RS resource class com.ibm.ws.jmx.connector.server.rest.resources.FileStatusResource with @Path(/file/status).
[1/18/16 23:22:20:062 CST] 00000029 org.apache.wink.server.internal.log.Resources                I The server has registered the JAX-RS resource class com.ibm.ws.jmx.connector.server.rest.resources.MBeanRouterResource with @Path(/router).
[1/18/16 23:22:20:062 CST] 00000029 org.apache.wink.server.internal.log.Resources                I The server has registered the JAX-RS resource class com.ibm.ws.jmx.connector.server.rest.resources.MBeanResource with @Path(/mbeans).
[1/18/16 23:22:20:063 CST] 00000029 org.apache.wink.server.internal.log.Resources                I The server has registered the JAX-RS resource class com.ibm.ws.jmx.connector.server.rest.resources.FileResource with @Path(/file/{filePath}).
[1/18/16 23:22:20:063 CST] 00000029 org.apache.wink.server.internal.log.Resources                I The server has registered the JAX-RS resource class com.ibm.ws.jmx.connector.server.rest.resources.JMXResource with @Path().
[1/18/16 23:22:20:065 CST] 00000029 org.apache.wink.server.internal.log.Providers                I The class com.ibm.ws.jmx.connector.server.rest.providers.JSONErrorOutputStreamProvider was registered as a JAX-RS MessageBodyWriter provider for com.ibm.ws.jmx.connector.server.rest.providers.JSONErrorOutputStream Java types and application/json media types.
[1/18/16 23:22:20:561 CST] 00000030 com.ibm.ws.session.WASSessionCore                            I SESN0176I: A new session context will be created for application key default_host/AdapterBasedAuth
[1/18/16 23:22:20:562 CST] 00000030 com.ibm.ws.util                                              I SESN0172I: The session manager is using the Java default SecureRandom implementation for session ID generation.
[1/18/16 23:22:20:564 CST] 00000030 com.ibm.ws.jsp                                               I JSPG8502I: The value of the JSP attribute jdkSourceLevel is "15".
[1/18/16 23:22:21:025 CST] 00000029 com.ibm.ws.webcontainer.servlet                              I SRVE0242I: [com.ibm.ws.jmx.connector.server.rest] [/IBMJMXConnectorREST] [MBeanServerConnector]: Initialization successful.
[1/18/16 23:22:22:521 CST] 0000002f com.ibm.ws.webcontainer.servlet                              I SRVE0242I: [AnalyticsUI] [/analytics] [utilityServlet]: Initialization successful.
[1/18/16 23:22:22:525 CST] 0000002f com.ibm.ws.webcontainer.servlet                              I SRVE0242I: [AnalyticsUI] [/analytics] [servicesServlet]: Initialization successful.
[1/18/16 23:22:22:526 CST] 0000002f com.ibm.ws.app.manager.AppMessageHelper                      A CWWKZ0001I: Application AnalyticsUI started in 3.650 seconds.
[1/18/16 23:22:22:669 CST] 00000030 com.worklight.common.util.JNDIFromPropertiesUtil             I Using JNDI configuration conf/jndi/default.properties
[1/18/16 23:22:22:862 CST] 00000030 com.worklight.server.bundle.project.JeeProjectActivator      I FWLST0024I: Scanning jar: jar:file:/Users/lsteck/ws/ews/WorkspacesLSR2MFP710/CITutorial/dev/MobileFirstServerConfig/shared/resources/worklight-jee-library-7.1.0.jar!/conf/db.default.properties  [project AdapterBasedAuth]
[1/18/16 23:22:22:863 CST] 00000030 com.worklight.server.bundle.project.JeeProjectActivator      I FWLST0024I: Scanning jar: jar:file:/Users/lsteck/ws/ews/WorkspacesLSR2MFP710/CITutorial/dev/MobileFirstServerConfig/shared/resources/worklight-jee-library-7.1.0.jar!/conf/worklight.properties  [project AdapterBasedAuth]
[1/18/16 23:22:22:863 CST] 00000030 com.worklight.server.bundle.project.JeeProjectActivator      I FWLST0024I: Scanning jar: jar:file:/Users/lsteck/ws/ews/WorkspacesLSR2MFP710/CITutorial/dev/MobileFirstServerConfig/servers/worklight/apps/AdapterBasedAuth.war!/WEB-INF/classes/conf/worklight.properties  [project AdapterBasedAuth]
[1/18/16 23:22:23:023 CST] 0000002b com.ibm.ws.webcontainer.osgi.webapp.WebGroup                 I SRVE0169I: Loading Web Module: Worklight Console.
[1/18/16 23:22:23:024 CST] 0000002b com.ibm.ws.webcontainer                                      I SRVE0250I: Web Module Worklight Console has been bound to default_host.
[1/18/16 23:22:23:024 CST] 0000002b com.ibm.ws.http.internal.VirtualHostImpl                     A CWWKT0016I: Web application available (default_host): http://192.168.169.1:10080/worklightconsole/
[1/18/16 23:22:23:080 CST] 00000030 com.worklight.server.bundle.api.WorklightConfiguration       I FWLSE4006I: IBM MobileFirst Platform Studio is running in 'development' mode. [project AdapterBasedAuth]
[1/18/16 23:22:23:085 CST] 0000002b com.ibm.ws.session.WASSessionCore                            I SESN0176I: A new session context will be created for application key default_host/worklightconsole
[1/18/16 23:22:23:085 CST] 0000002b com.ibm.ws.util                                              I SESN0172I: The session manager is using the Java default SecureRandom implementation for session ID generation.
[1/18/16 23:22:23:087 CST] 0000002b com.ibm.ws.jsp                                               I JSPG8502I: The value of the JSP attribute jdkSourceLevel is "15".
[1/18/16 23:22:23:089 CST] 00000030 .worklight.server.bundle.project.ProjectConfigurationFactory W Using empty value for configuration property 'wl.analytics.logs.packages'
[1/18/16 23:22:23:097 CST] 00000039 com.worklight.server.bundle.project.JeeProjectActivator      I FWLST0022I: Worklight project async start = true
[1/18/16 23:22:23:156 CST] 0000002b com.ibm.ws.webcontainer.servlet                              I SRVE0242I: [WorklightConsole] [/worklightconsole] [localeServlet]: Initialization successful.
[1/18/16 23:22:23:157 CST] 0000002b com.ibm.ws.webcontainer.servlet                              I SRVE0242I: [WorklightConsole] [/worklightconsole] [servicesServlet]: Initialization successful.
[1/18/16 23:22:23:160 CST] 0000002b com.ibm.ws.app.manager.AppMessageHelper                      A CWWKZ0001I: Application WorklightConsole started in 4.283 seconds.
[1/18/16 23:22:23:212 CST] 00000030 apache.wink.server.internal.application.ApplicationProcessor I The following JAX-RS application has been processed: com.ibm.ws.jaxrs.webcontainer.JAXRSDefaultApplicationSubclassProxy
[1/18/16 23:22:23:213 CST] 00000030 org.apache.wink.server.internal.log.Resources                I The server has registered the JAX-RS resource class com.worklight.authorization.endpoint.registration.AppInstanceRegistrationEndpoint with @Path(/v1/clients/instance/).
[1/18/16 23:22:23:213 CST] 00000030 org.apache.wink.server.internal.log.Resources                I The server has registered the JAX-RS resource class com.worklight.authorization.endpoint.validation.TokenValidationEndpoint with @Path(/v1/token/validation).
[1/18/16 23:22:23:213 CST] 00000030 org.apache.wink.server.internal.log.Resources                I The server has registered the JAX-RS resource class com.worklight.authorization.endpoint.registration.PreviewRegistrationEndpoint with @Path(/v1/clients/preview/).
[1/18/16 23:22:23:214 CST] 00000030 org.apache.wink.server.internal.log.Resources                I The server has registered the JAX-RS resource class com.worklight.authorization.endpoint.authorization.AuthorizationEndpoint with @Path(/v1/authorization).
[1/18/16 23:22:23:214 CST] 00000030 org.apache.wink.server.internal.log.Resources                I The server has registered the JAX-RS resource class com.worklight.authorization.endpoint.publickey.PublicKeyEndpoint with @Path(/v1/publickey).
[1/18/16 23:22:23:214 CST] 00000030 org.apache.wink.server.internal.log.Resources                I The server has registered the JAX-RS resource class com.worklight.authorization.endpoint.testtoken.TestTokenEndpoint with @Path(/v1/testtoken).
[1/18/16 23:22:23:214 CST] 00000030 org.apache.wink.server.internal.log.Resources                I The server has registered the JAX-RS resource class com.worklight.authorization.endpoint.token.TokenEndpoint with @Path(/v1/token).
[1/18/16 23:22:23:215 CST] 00000030 org.apache.wink.server.internal.log.Providers                I There are no custom JAX-RS providers defined in the application.
[1/18/16 23:22:23:301 CST] 00000039 com.worklight.server.bundle.project.JeeProjectActivator      I FWLST0001I: Worklight home folder is /Users/lsteck/ws/ews/WorkspacesLSR2MFP710/CITutorial/dev/MobileFirstServerConfig/servers/worklight/workarea/org.eclipse.osgi/84/data/temp/default_node/SMF_WebContainer/AdapterBasedAuth/AdapterBasedAuth [project AdapterBasedAuth]
[1/18/16 23:22:23:378 CST] 00000030 com.ibm.ws.webcontainer.servlet                              I SRVE0242I: [AdapterBasedAuth] [/AdapterBasedAuth] [OAuthAuthorizationServer]: Initialization successful.
[1/18/16 23:22:23:396 CST] 00000039 ingframework.context.support.FileSystemXmlApplicationContext I Refreshing org.springframework.context.support.FileSystemXmlApplicationContext@61a688ef: startup date [Mon Jan 18 23:22:23 CST 2016]; root of context hierarchy
[1/18/16 23:22:23:514 CST] 00000039 rg.springframework.beans.factory.xml.XmlBeanDefinitionReader I Loading XML bean definitions from URL [wsjar:file:/Users/lsteck/ws/ews/WorkspacesLSR2MFP710/CITutorial/dev/MobileFirstServerConfig/shared/resources/worklight-jee-library-7.1.0.jar!/conf/spring-server-core.xml]
[1/18/16 23:22:23:569 CST] 00000030 apache.wink.server.internal.application.ApplicationProcessor I The following JAX-RS application has been processed: com.ibm.ws.jaxrs.webcontainer.JAXRSDefaultApplicationSubclassProxy
[1/18/16 23:22:23:569 CST] 00000030 org.apache.wink.server.internal.log.Resources                I The server has registered the JAX-RS resource class com.ibm.pushworks.server.rest.resources.PushResourceRouter with @Path(/).
[1/18/16 23:22:23:569 CST] 00000030 org.apache.wink.server.internal.log.Providers                I The class com.fasterxml.jackson.jaxrs.json.JacksonJsonProvider was registered as a JAX-RS MessageBodyReader provider for all Java types and */* media types.
[1/18/16 23:22:23:570 CST] 00000030 org.apache.wink.server.internal.log.Providers                I The class com.fasterxml.jackson.jaxrs.json.JacksonJsonProvider was registered as a JAX-RS MessageBodyWriter provider for all Java types and */* media types.
[1/18/16 23:22:23:570 CST] 00000030 org.apache.wink.server.internal.log.Providers                I The class com.ibm.pushworks.server.rest.response.PushWorksServerExceptionWriter was registered as a JAX-RS ExceptionMapper provider for com.ibm.pushworks.server.exceptions.PushWorksException Java types.
[1/18/16 23:22:23:594 CST] 00000030 com.ibm.ws.webcontainer.servlet                              I SRVE0242I: [AdapterBasedAuth] [/AdapterBasedAuth] [PushWorksApplication]: Initialization successful.
[1/18/16 23:22:23:637 CST] 00000030 apache.wink.server.internal.application.ApplicationProcessor I The following JAX-RS application has been processed: com.ibm.ws.jaxrs.webcontainer.JAXRSDefaultApplicationSubclassProxy
[1/18/16 23:22:23:637 CST] 00000030 org.apache.wink.server.internal.log.Resources                I The server has registered the JAX-RS resource class com.worklight.oauth.TokenValidationEndpoint with @Path(/validation).
[1/18/16 23:22:23:637 CST] 00000030 org.apache.wink.server.internal.log.Resources                I The server has registered the JAX-RS resource class com.worklight.oauth.TokenEndpoint with @Path(/token).
[1/18/16 23:22:23:638 CST] 00000030 org.apache.wink.server.internal.log.Providers                I There are no custom JAX-RS providers defined in the application.
[1/18/16 23:22:23:658 CST] 00000030 com.ibm.ws.webcontainer.servlet                              I SRVE0242I: [AdapterBasedAuth] [/AdapterBasedAuth] [AuthorizationServer]: Initialization successful.
[1/18/16 23:22:23:676 CST] 00000030 com.ibm.ws.app.manager.AppMessageHelper                      A CWWKZ0001I: Application AdapterBasedAuth started in 4.799 seconds.
[1/18/16 23:22:23:728 CST] 00000039 rg.springframework.beans.factory.xml.XmlBeanDefinitionReader I Loading XML bean definitions from URL [wsjar:file:/Users/lsteck/ws/ews/WorkspacesLSR2MFP710/CITutorial/dev/MobileFirstServerConfig/shared/resources/worklight-jee-library-7.1.0.jar!/conf/core.xml]
[1/18/16 23:22:23:777 CST] 00000039 rg.springframework.beans.factory.xml.XmlBeanDefinitionReader I Loading XML bean definitions from URL [wsjar:file:/Users/lsteck/ws/ews/WorkspacesLSR2MFP710/CITutorial/dev/MobileFirstServerConfig/shared/resources/worklight-jee-library-7.1.0.jar!/conf/integration.xml]
[1/18/16 23:22:23:790 CST] 00000039 rg.springframework.beans.factory.xml.XmlBeanDefinitionReader I Loading XML bean definitions from URL [wsjar:file:/Users/lsteck/ws/ews/WorkspacesLSR2MFP710/CITutorial/dev/MobileFirstServerConfig/shared/resources/worklight-jee-library-7.1.0.jar!/conf/gadgets.xml]
[1/18/16 23:22:23:810 CST] 00000039 rg.springframework.beans.factory.xml.XmlBeanDefinitionReader I Loading XML bean definitions from URL [wsjar:file:/Users/lsteck/ws/ews/WorkspacesLSR2MFP710/CITutorial/dev/MobileFirstServerConfig/shared/resources/worklight-jee-library-7.1.0.jar!/conf/pushworks.xml]
[1/18/16 23:22:23:824 CST] 00000039 ngframework.beans.factory.support.DefaultListableBeanFactory I Overriding bean definition for bean 'gadgetCustomizedResourcesRoot': replacing [Generic bean: class [com.worklight.core.util.WorkingDirectory]; scope=; abstract=false; lazyInit=false; autowireMode=0; dependencyCheck=0; autowireCandidate=true; primary=false; factoryBeanName=null; factoryMethodName=null; initMethodName=null; destroyMethodName=null; defined in URL [wsjar:file:/Users/lsteck/ws/ews/WorkspacesLSR2MFP710/CITutorial/dev/MobileFirstServerConfig/shared/resources/worklight-jee-library-7.1.0.jar!/conf/gadgets.xml]] with [Generic bean: class [com.worklight.core.util.WorkingDirectory]; scope=; abstract=false; lazyInit=false; autowireMode=0; dependencyCheck=0; autowireCandidate=true; primary=false; factoryBeanName=null; factoryMethodName=null; initMethodName=null; destroyMethodName=null; defined in URL [wsjar:file:/Users/lsteck/ws/ews/WorkspacesLSR2MFP710/CITutorial/dev/MobileFirstServerConfig/shared/resources/worklight-jee-library-7.1.0.jar!/conf/spring-server-core.xml]]
[1/18/16 23:22:23:825 CST] 00000039 ngframework.beans.factory.support.DefaultListableBeanFactory I Overriding bean definition for bean 'gadgetResourcesRoot': replacing [Generic bean: class [com.worklight.core.util.WorkingDirectory]; scope=; abstract=false; lazyInit=false; autowireMode=0; dependencyCheck=0; autowireCandidate=true; primary=false; factoryBeanName=null; factoryMethodName=null; initMethodName=null; destroyMethodName=null; defined in URL [wsjar:file:/Users/lsteck/ws/ews/WorkspacesLSR2MFP710/CITutorial/dev/MobileFirstServerConfig/shared/resources/worklight-jee-library-7.1.0.jar!/conf/gadgets.xml]] with [Generic bean: class [com.worklight.core.util.WorkingDirectory]; scope=; abstract=false; lazyInit=false; autowireMode=0; dependencyCheck=0; autowireCandidate=true; primary=false; factoryBeanName=null; factoryMethodName=null; initMethodName=null; destroyMethodName=null; defined in URL [wsjar:file:/Users/lsteck/ws/ews/WorkspacesLSR2MFP710/CITutorial/dev/MobileFirstServerConfig/shared/resources/worklight-jee-library-7.1.0.jar!/conf/spring-server-core.xml]]
[1/18/16 23:22:23:834 CST] 00000039 rg.springframework.beans.factory.xml.XmlBeanDefinitionReader I Loading XML bean definitions from URL [wsjar:file:/Users/lsteck/ws/ews/WorkspacesLSR2MFP710/CITutorial/dev/MobileFirstServerConfig/shared/resources/worklight-jee-library-7.1.0.jar!/conf/jpa.xml]
[1/18/16 23:22:24:574 CST] 0000002d com.ibm.ws.webcontainer.osgi.webapp.WebGroup                 I SRVE0169I: Loading Web Module: Worklight Administration Services.
[1/18/16 23:22:24:574 CST] 0000002d com.ibm.ws.webcontainer                                      I SRVE0250I: Web Module Worklight Administration Services has been bound to default_host.
[1/18/16 23:22:24:574 CST] 0000002d com.ibm.ws.http.internal.VirtualHostImpl                     A CWWKT0016I: Web application available (default_host): http://192.168.169.1:10080/worklightadmin/
[1/18/16 23:22:24:634 CST] 0000002d com.ibm.ws.injectionengine.AbstractInjectionEngine           W CWNEN0070W: The javax.ws.rs.CookieParam annotation class will not be recognized because it was loaded from the null location rather than from a product class loader.
[1/18/16 23:22:24:637 CST] 0000002d com.ibm.ws.injectionengine.AbstractInjectionEngine           W CWNEN0070W: The javax.ws.rs.QueryParam annotation class will not be recognized because it was loaded from the null location rather than from a product class loader.
[1/18/16 23:22:24:637 CST] 0000002d com.ibm.ws.injectionengine.AbstractInjectionEngine           W CWNEN0070W: The javax.ws.rs.MatrixParam annotation class will not be recognized because it was loaded from the null location rather than from a product class loader.
[1/18/16 23:22:24:645 CST] 0000002d com.ibm.ws.injectionengine.AbstractInjectionEngine           W CWNEN0070W: The javax.ws.rs.core.Context annotation class will not be recognized because it was loaded from the null location rather than from a product class loader.
[1/18/16 23:22:24:645 CST] 0000002d com.ibm.ws.injectionengine.AbstractInjectionEngine           W CWNEN0070W: The javax.ws.rs.HeaderParam annotation class will not be recognized because it was loaded from the null location rather than from a product class loader.
[1/18/16 23:22:24:646 CST] 0000002d com.ibm.ws.injectionengine.AbstractInjectionEngine           W CWNEN0070W: The javax.ws.rs.PathParam annotation class will not be recognized because it was loaded from the null location rather than from a product class loader.
[1/18/16 23:22:24:672 CST] 0000002d com.ibm.ws.session.WASSessionCore                            I SESN0176I: A new session context will be created for application key default_host/worklightadmin
[1/18/16 23:22:24:672 CST] 0000002d com.ibm.ws.util                                              I SESN0172I: The session manager is using the Java default SecureRandom implementation for session ID generation.
[1/18/16 23:22:24:672 CST] 0000002d com.ibm.ws.jsp                                               I JSPG8502I: The value of the JSP attribute jdkSourceLevel is "15".
[1/18/16 23:22:24:973 CST] 00000039 com.worklight.server.database.api.WorklightDataSource        I FWLSE0187I: jdbc/WorklightReportsDS data source is disabled. No connection opened.  [project AdapterBasedAuth]
[1/18/16 23:22:25:010 CST] 0000002d com.ibm.ws.webcontainer.webapp                               I SRVE0292I: Servlet Message - [worklight-management-service]:.No Spring WebApplicationInitializer types detected on classpath
[1/18/16 23:22:25:014 CST] 00000039 ringframework.orm.jpa.LocalContainerEntityManagerFactoryBean I Building JPA container EntityManagerFactory for persistence unit 'WorklightReportsPU'
[1/18/16 23:22:25:071 CST] 0000002d com.ibm.ws.webcontainer.webapp                               I SRVE0292I: Servlet Message - [worklight-management-service]:.Initializing Spring root WebApplicationContext
[1/18/16 23:22:25:071 CST] 0000002d org.springframework.web.context.ContextLoader                I Root WebApplicationContext: initialization started
[1/18/16 23:22:25:179 CST] 0000002d springframework.web.context.support.XmlWebApplicationContext I Refreshing Root WebApplicationContext: startup date [Mon Jan 18 23:22:25 CST 2016]; root of context hierarchy
[1/18/16 23:22:25:235 CST] 0000002d rg.springframework.beans.factory.xml.XmlBeanDefinitionReader I Loading XML bean definitions from ServletContext resource [/WEB-INF/spring-management-service.xml]
[1/18/16 23:22:25:295 CST] 0000002d ngframework.beans.factory.support.DefaultListableBeanFactory I Pre-instantiating singletons in org.springframework.beans.factory.support.DefaultListableBeanFactory@57cbc932: defining beans [registrationServiceFactory]; root of factory hierarchy
[1/18/16 23:22:25:310 CST] 00000039 SystemErr                                                    R 31  WorklightReportsPU  WARN   [Worklight runtime initialization for context=/AdapterBasedAuth] openjpa.Runtime - An error occurred while registering a ClassTransformer with PersistenceUnitInfo: name 'WorklightReportsPU', root URL [file:/Users/lsteck/ws/ews/WorkspacesLSR2MFP710/CITutorial/dev/MobileFirstServerConfig/shared/resources/worklight-jee-library-7.1.0.jar]. The error has been consumed. To see it, set your openjpa.Runtime log level to TRACE. Load-time class transformation will not be available.
[1/18/16 23:22:25:352 CST] 0000002d com.ibm.worklight.admin.common.util.ContextPropertyUtil      I Resource conf/jndi/default.properties not found. This is not an error. Context path is /worklightadmin
[1/18/16 23:22:25:353 CST] 0000002d com.ibm.worklight.admin.datastore.DataStoreUtil              I Read properties file. allProperties: {ibm.worklight.admin.db.jndi.name=java:comp/env/jdbc/WorklightAdminDS}
[1/18/16 23:22:25:363 CST] 0000002d com.ibm.worklight.admin.datastore.DataStoreUtil              I Handling propName=ibm.worklight.admin.db.jndi.name propValue=java:comp/env/jdbc/WorklightAdminDS
[1/18/16 23:22:25:363 CST] 0000002d com.ibm.worklight.admin.datastore.DataStoreUtil              I Handling propName=ibm.worklight.admin.db.openjpa.Log propValue=
[1/18/16 23:22:25:363 CST] 0000002d com.ibm.worklight.admin.datastore.DataStoreUtil              I Handling propName=ibm.worklight.admin.db.type propValue=
[1/18/16 23:22:25:527 CST] 0000002d com.ibm.ws.recoverylog.spi.RecoveryDirectorImpl              I CWRLS0010I: Performing recovery processing for local WebSphere server (Cell\Node\Server).
[1/18/16 23:22:25:599 CST] 0000002d com.ibm.ws.recoverylog.spi.RecoveryDirectorImpl              I CWRLS0012I: All persistent services have been directed to perform recovery processing for this WebSphere server (Cell\Node\Server).
[1/18/16 23:22:25:599 CST] 0000003e com.ibm.tx.jta.impl.RecoveryManager                          I WTRN0135I: Transaction service recovering no transactions.
[1/18/16 23:22:26:088 CST] 00000039 ringframework.orm.jpa.LocalContainerEntityManagerFactoryBean I Building JPA container EntityManagerFactory for persistence unit 'WorklightPU'
[1/18/16 23:22:26:095 CST] 00000039 SystemErr                                                    R 1  WorklightPU  WARN   [Worklight runtime initialization for context=/AdapterBasedAuth] openjpa.Runtime - An error occurred while registering a ClassTransformer with PersistenceUnitInfo: name 'WorklightPU', root URL [file:/Users/lsteck/ws/ews/WorkspacesLSR2MFP710/CITutorial/dev/MobileFirstServerConfig/shared/resources/worklight-jee-library-7.1.0.jar]. The error has been consumed. To see it, set your openjpa.Runtime log level to TRACE. Load-time class transformation will not be available.
[1/18/16 23:22:26:096 CST] 00000039 ngframework.beans.factory.support.DefaultListableBeanFactory I Pre-instantiating singletons in org.springframework.beans.factory.support.DefaultListableBeanFactory@478001db: defining beans [org.springframework.context.annotation.internalConfigurationAnnotationProcessor,org.springframework.context.annotation.internalAutowiredAnnotationProcessor,org.springframework.context.annotation.internalRequiredAnnotationProcessor,org.springframework.context.annotation.internalCommonAnnotationProcessor,org.springframework.context.annotation.internalPersistenceAnnotationProcessor,mailingService,WorkLightNotice,rssBrokerUtils,audit,GenericDAOFactory,GenericDAO,clusterSynchronizationDAOFactory,clusterSynchronizationDAO,taskCoordinator,taskManager,worklightAuthenticationService,loginConfigurationServiceBean,protectedResourceFactory,ssoDAOFactory,ssoDAO,ssoExpiredLoginContextsCleanupTask,keyStoreManager,authorizationServer,OAuthValidator,OAuthValidationFilter,authorizationStore,OAuthInternalFilter,JAXRSSandboxFactory,AdapterResourceFactory,wlServerAPI,securityAPI,adaptersAPI,configurationAPI,pushAPI,analyticsAPI,winkFrameworkSharedClassLoader,dataAccessService,shellResourcesService,analyticsService,coreServiceManager,adapterManager,nodeProcessManager,adapterManagementService,factProcessingTask,PlatformUsageProcessingTask,notificationCleanupTask,WSSecurityService,cloudantDatabaseFactory,cloudantDb,cloudantConnectorFactory,gadgetDAOFactory,gadgetDAO,userPrefDAOFactory,userPrefDAO,deviceDAOFactory,deviceDAO,licenseTermsDAOFactory,licenseTermsDAO,clientInstanceDAOFactory,clientInstanceDAO,licenseTermsAddressableDeviceDAOFactory,licenseTermsAddressableDeviceDAO,AttributeStoreDAOFactory,attributeStoreDAO,platformUsageService,configProfileService,gfwProps,gadgetEnvironmentManager,gadgetResourcesRoot,gadgetCustomizedResourcesRoot,applicationMetadataService,applicationManagementService,beaconService,notificationsSimulationManager,pushServiceListener,PushService,reportService,reportsDS,reportsBrokerDS,reportsSessionFactory,gadgetReportsDAO,notificationReportsDao,gadgetReportsService,analyticsFactService,analyticsSDKProvider,analyticsSDK,nodeInfo,registrationService,runtimeTransactionHandler,projectSyncService,xsConfiguration,attributeStoreFactory,attributeStoreDBCleanupTask,classCache,txManager,worklight-direct,rssBrokerDS,brokerSessionFactory,org.springframework.context.annotation.ConfigurationClassPostProcessor.importAwareProcessor]; root of factory hierarchy
[1/18/16 23:22:26:322 CST] 00000039 com.worklight.server.bundle.project.JeeProjectActivator      I FWLST0024I: Scanning jar: jar:file:/Users/lsteck/ws/ews/WorkspacesLSR2MFP710/CITutorial/dev/MobileFirstServerConfig/shared/resources/worklight-jee-library-7.1.0.jar!/conf/authenticationConfig.xml  [project AdapterBasedAuth]
[1/18/16 23:22:26:387 CST] 00000039 com.worklight.server.bundle.project.JeeProjectActivator      I FWLST0024I: Scanning jar: jar:file:/Users/lsteck/ws/ews/WorkspacesLSR2MFP710/CITutorial/dev/MobileFirstServerConfig/servers/worklight/apps/AdapterBasedAuth.war!/WEB-INF/classes/conf/authenticationConfig.xml  [project AdapterBasedAuth]
[1/18/16 23:22:26:534 CST] 0000002d com.ibm.ws.rsadapter.spi.InternalGenericDataStoreHelper      I DSRA8203I: Database product name : Apache Derby
[1/18/16 23:22:26:538 CST] 0000002d com.ibm.ws.rsadapter.spi.InternalGenericDataStoreHelper      I DSRA8204I: Database product version : 10.8.2.2 - (1181258)
[1/18/16 23:22:26:538 CST] 0000002d com.ibm.ws.rsadapter.spi.InternalGenericDataStoreHelper      I DSRA8205I: JDBC driver name  : Apache Derby Embedded JDBC Driver
[1/18/16 23:22:26:538 CST] 0000002d com.ibm.ws.rsadapter.spi.InternalGenericDataStoreHelper      I DSRA8206I: JDBC driver version  : 10.8.2.2 - (1181258)
[1/18/16 23:22:26:579 CST] 0000002d com.ibm.worklight.admin.jpa.datastore.JPAStore               I Creating EntityManagerFactory for persistence-unit=WorklightManagementPU-derby with properties: {openjpa.ConnectionFactory=com.ibm.ws.rsadapter.jdbc.WSJdbcDataSource@4235a1ab, openjpa.jdbc.SynchronizeMappings=buildSchema(SchemaAction='add'), openjpa.ProxyManager=com.ibm.worklight.admin.jpa.CustomProxyManager}
[1/18/16 23:22:26:894 CST] 0000002d com.worklight.common.util.JNDIUtils                          I Resource conf/jndi/default.properties not found. This is not an error. Context path is __globalscope__
[1/18/16 23:22:26:943 CST] 0000002d com.worklight.common.util.jmx.LibertyJMXRegister             I FWLSE2008I: MBean registration succeeded for: com.worklight.common.server.jmx.api:type=WorklightAdmin,qualifier=worklightadmin
[1/18/16 23:22:26:950 CST] 0000002d SystemErr                                                    R 88  WorklightManagementPU-derby  INFO   [LargeThreadPool-thread-13] openjpa.Runtime - Starting OpenJPA 1.2.2
[1/18/16 23:22:26:965 CST] 00000039 com.worklight.server.bundle.project.JeeProjectActivator      I FWLST0024I: Scanning jar: jar:file:/Users/lsteck/ws/ews/WorkspacesLSR2MFP710/CITutorial/dev/MobileFirstServerConfig/servers/worklight/apps/AdapterBasedAuth.war!/WEB-INF/classes/conf/default.keystore  [project AdapterBasedAuth]
[1/18/16 23:22:26:983 CST] 00000039 com.worklight.server.bundle.project.JeeProjectActivator      I FWLST0024I: Scanning jar: jar:file:/Users/lsteck/ws/ews/WorkspacesLSR2MFP710/CITutorial/dev/MobileFirstServerConfig/shared/resources/worklight-jee-library-7.1.0.jar!/conf/wl-default.jks  [project AdapterBasedAuth]
[1/18/16 23:22:27:065 CST] 0000002d SystemErr                                                    R 203  WorklightManagementPU-derby  INFO   [LargeThreadPool-thread-13] openjpa.jdbc.JDBC - Using dictionary class "org.apache.openjpa.jdbc.sql.DerbyDictionary" (Apache Derby 10.8.2.2 - (1181258) ,Apache Derby Embedded JDBC Driver 10.8.2.2 - (1181258)).
[1/18/16 23:22:27:109 CST] 00000039 SystemErr                                                    R 1015  WorklightPU  INFO   [Worklight runtime initialization for context=/AdapterBasedAuth] openjpa.Runtime - Starting OpenJPA 1.2.2
[1/18/16 23:22:27:170 CST] 00000039 SystemErr                                                    R 1076  WorklightPU  INFO   [Worklight runtime initialization for context=/AdapterBasedAuth] openjpa.jdbc.JDBC - Using dictionary class "org.apache.openjpa.jdbc.sql.HSQLDictionary".
[1/18/16 23:22:28:413 CST] 00000039 com.worklight.authorization.server.AuthorizationServer       I FWLSE0364W : No configuration for trusted signing certificates. [project AdapterBasedAuth]
[1/18/16 23:22:28:452 CST] 00000039 .worklight.server.bundle.project.ProjectConfigurationFactory W Using empty value for configuration property 'mfp.attrStore.type'
[1/18/16 23:22:28:454 CST] 00000039 om.worklight.core.attrstore.DistributedAttributeStoreFactory I FWLSE0371I : This attribute store type is: com.worklight.core.attrstore.HTTPSessionAttributeStoreManager [project AdapterBasedAuth]
[1/18/16 23:22:28:459 CST] 00000039 .worklight.server.bundle.project.ProjectConfigurationFactory W Using empty value for configuration property 'mfp.session.independent'
[1/18/16 23:22:28:461 CST] 00000039 om.worklight.core.attrstore.DistributedAttributeStoreFactory I FWLSE0351I: Session independent mode is set to 'false'. [project AdapterBasedAuth]
[1/18/16 23:22:28:533 CST] 00000039 com.worklight.report.impl.GadgetReportsServiceImpl           I FWLSE0186I: Application raw reports are disabled. [project AdapterBasedAuth]
[1/18/16 23:22:28:637 CST] 0000002d SystemErr                                                    R 1775  WorklightManagementPU-derby  INFO   [LargeThreadPool-thread-13] openjpa.Runtime - Though you are using optimistic transactions, OpenJPA is now beginning a datastore transaction because you have requested a lock on some data.
[1/18/16 23:22:28:686 CST] 0000002d SystemErr                                                    R 1824  WorklightManagementPU-derby  INFO   [LargeThreadPool-thread-13] openjpa.Runtime - Though you are using optimistic transactions, OpenJPA is now beginning a datastore transaction because you have requested a lock on some data.
[1/18/16 23:22:28:701 CST] 0000002d org.springframework.web.context.ContextLoader                I Root WebApplicationContext: initialization completed in 3629 ms
[1/18/16 23:22:28:714 CST] 0000002d ht.admin.listeners.WorklightManagementServletContextListener I MobileFirst Administration Services servlet context listener initialized
[1/18/16 23:22:28:715 CST] 0000002d ht.admin.listeners.WorklightManagementServletContextListener I FWLSE3199I: ========= MobileFirst Administration Services version 7.1.0.00-20151023-1441 started.
[1/18/16 23:22:28:766 CST] 0000002d org.apache.wink.server.internal.servlet.RestServlet          I The system is using the com.ibm.worklight.admin.services.ManagementServiceServlet JAX-RS application class that is named in the javax.ws.rs.Application init-param initialization parameter.
[1/18/16 23:22:28:858 CST] 0000002d apache.wink.server.internal.application.ApplicationProcessor I The following JAX-RS application has been processed: com.ibm.worklight.admin.services.ManagementServiceServlet
[1/18/16 23:22:28:860 CST] 0000002d org.apache.wink.server.internal.log.Resources                I The server has registered the JAX-RS resource class com.ibm.worklight.admin.services.ManagementService with @Path(/).
[1/18/16 23:22:28:862 CST] 0000002d org.apache.wink.server.internal.log.Providers                I The class com.ibm.worklight.admin.util.ByteArrayWorkaroundProvider was registered as a JAX-RS MessageBodyReader provider for com.ibm.worklight.admin.util.ByteArrayWorkaround Java types and */* media types.
[1/18/16 23:22:28:862 CST] 0000002d org.apache.wink.server.internal.log.Providers                I The class com.ibm.worklight.admin.util.ByteArrayWorkaroundProvider was registered as a JAX-RS MessageBodyWriter provider for com.ibm.worklight.admin.util.ByteArrayWorkaround Java types and */* media types.
[1/18/16 23:22:29:030 CST] 0000002d com.ibm.ws.webcontainer.servlet                              I SRVE0242I: [WorklightServices] [/worklightadmin] [ManagementServlet]: Initialization successful.
[1/18/16 23:22:29:031 CST] 0000002d com.ibm.ws.app.manager.AppMessageHelper                      A CWWKZ0001I: Application WorklightServices started in 10.154 seconds.
[1/18/16 23:22:29:756 CST] 0000002c com.ibm.mobile.analytics.server.util.config.JndiSettings     I Read JNDI Property: warmupFrequencyInSeconds = 0
[1/18/16 23:22:29:757 CST] 0000002c com.ibm.mobile.analytics.server.util.DatastoreUtility        I JNDI property: datastore_type has not been set. Datastore is defaulting to elasticsearch_local
[1/18/16 23:22:29:773 CST] 0000002c org.apache.wink.server.internal.servlet.RestServlet          I The system is using the com.ibm.mobile.analytics.server.servlet.ElasticApplicationV2 JAX-RS application class that is named in the javax.ws.rs.Application init-param initialization parameter.
[1/18/16 23:22:29:865 CST] 0000002c apache.wink.server.internal.application.ApplicationProcessor I The following JAX-RS application has been processed: com.ibm.mobile.analytics.server.servlet.ElasticApplicationV2
[1/18/16 23:22:29:865 CST] 0000002c org.apache.wink.server.internal.log.Resources                I The server has registered the JAX-RS resource class com.ibm.mobile.analytics.server.servlet.DataReceiverV2 with @Path(/).
[1/18/16 23:22:29:866 CST] 0000002c org.apache.wink.server.internal.log.Providers                I The class com.ibm.mobile.analytics.server.servlet.CustomParametersProvider was registered as a JAX-RS MessageBodyReader provider for com.ibm.mobile.analytics.server.rest.params.CustomParameters Java types and application/json media types.
[1/18/16 23:22:29:866 CST] 0000002c org.apache.wink.server.internal.log.Providers                I The class com.ibm.mobile.analytics.server.servlet.EventReportProvider was registered as a JAX-RS MessageBodyReader provider for com.ibm.mobile.analytics.sdk.model.EventReport Java types and application/json media types.
[1/18/16 23:22:29:866 CST] 0000002c org.apache.wink.server.internal.log.Providers                I The class com.ibm.mobile.analytics.server.servlet.EventReportListProvider was registered as a JAX-RS MessageBodyReader provider for java.util.List Java types and application/json media types.
[1/18/16 23:22:29:882 CST] 0000002c com.ibm.ws.webcontainer.servlet                              I SRVE0242I: [AnalyticsServices] [/analytics-service] [datav2]: Initialization successful.
[1/18/16 23:22:29:883 CST] 0000002c org.apache.wink.server.internal.servlet.RestServlet          I The system is using the com.ibm.mobile.analytics.server.servlet.ElasticApplication JAX-RS application class that is named in the javax.ws.rs.Application init-param initialization parameter.
[1/18/16 23:22:30:050 CST] 00000039 com.worklight.common.util.jmx.LibertyJMXRegister             I FWLSE2008I: MBean registration succeeded for: com.worklight.common.server.jmx.api:type=ProjectManagement,qualifier=AdapterBasedAuth [project AdapterBasedAuth]
[1/18/16 23:22:30:082 CST] 00000039 com.worklight.core.auth.impl.AuthenticationFilter            I FWLSE0273I: Set sync required to 'true' [project AdapterBasedAuth]
[1/18/16 23:22:30:086 CST] 00000039 com.worklight.common.util.jmx.LibertyRuntimeMBeanHandler     I Establishing REST connection to service:jmx:rest://localhost:10443/IBMJMXConnectorREST
[1/18/16 23:22:30:101 CST] 00000039 jmx.connector.client.rest.internal.RESTMBeanServerConnection I Value of retry post was already set: false
[1/18/16 23:22:30:280 CST] 0000002c apache.wink.server.internal.application.ApplicationProcessor I The following JAX-RS application has been processed: com.ibm.mobile.analytics.server.servlet.ElasticApplication
[1/18/16 23:22:30:280 CST] 0000002c org.apache.wink.server.internal.log.Resources                I The server has registered the JAX-RS resource class com.ibm.mobile.analytics.server.rest.AdministrationResource with @Path(/administration/apps/{appId}).
[1/18/16 23:22:30:280 CST] 0000002c org.apache.wink.server.internal.log.Resources                I The server has registered the JAX-RS resource class com.ibm.mobile.analytics.server.alert.elasticsearch.NotificationsResource with @Path(/notifications/apps/{appId}).
[1/18/16 23:22:30:280 CST] 0000002c org.apache.wink.server.internal.log.Resources                I The server has registered the JAX-RS resource class com.ibm.mobile.analytics.server.custom.elasticsearch.CustomChartsManager with @Path(/customCharts/apps/{appId}).
[1/18/16 23:22:30:280 CST] 0000002c org.apache.wink.server.internal.log.Resources                I The server has registered the JAX-RS resource class com.ibm.mobile.analytics.server.loadtesting.LoadTesting with @Path(/loadTesting/apps/{appId}).
[1/18/16 23:22:30:281 CST] 0000002c org.apache.wink.server.internal.log.Resources                I The server has registered the JAX-RS resource class com.ibm.mobile.analytics.server.rest.DashboardResource with @Path(/dashboard/apps/{appId}).
[1/18/16 23:22:30:281 CST] 0000002c org.apache.wink.server.internal.log.Resources                I The server has registered the JAX-RS resource class com.ibm.mobile.analytics.server.rest.SecurityResource with @Path(/security/apps/{appId}).
[1/18/16 23:22:30:281 CST] 0000002c org.apache.wink.server.internal.log.Resources                I The server has registered the JAX-RS resource class com.ibm.mobile.analytics.server.rest.AdaptersResource with @Path(/adapters/apps/{appId}).
[1/18/16 23:22:30:281 CST] 0000002c org.apache.wink.server.internal.log.Resources                I The server has registered the JAX-RS resource class com.ibm.mobile.analytics.server.rest.DevicesResource with @Path(/devices/apps/{appId}).
[1/18/16 23:22:30:281 CST] 0000002c org.apache.wink.server.internal.log.Resources                I The server has registered the JAX-RS resource class com.ibm.mobile.analytics.server.rest.NetworkResource with @Path(/network/apps/{appId}).
[1/18/16 23:22:30:281 CST] 0000002c org.apache.wink.server.internal.log.Resources                I The server has registered the JAX-RS resource class com.ibm.mobile.analytics.server.rest.ServersResource with @Path(/servers/apps/{appId}).
[1/18/16 23:22:30:282 CST] 0000002c org.apache.wink.server.internal.log.Resources                I The server has registered the JAX-RS resource class com.ibm.mobile.analytics.server.rest.CommonResource with @Path(/common/apps/{appId}).
[1/18/16 23:22:30:282 CST] 0000002c org.apache.wink.server.internal.log.Resources                I The server has registered the JAX-RS resource class com.ibm.mobile.analytics.server.rest.SearchResource with @Path(/search/apps/{appId}).
[1/18/16 23:22:30:282 CST] 0000002c org.apache.wink.server.internal.log.Resources                I The server has registered the JAX-RS resource class com.ibm.mobile.analytics.server.custom.elasticsearch.CustomCharts with @Path(/custom/apps/{appId}).
[1/18/16 23:22:30:282 CST] 0000002c org.apache.wink.server.internal.log.Resources                I The server has registered the JAX-RS resource class com.ibm.mobile.analytics.server.alert.elasticsearch.AlertsResource with @Path(/alerts/apps/{appId}).
[1/18/16 23:22:30:282 CST] 0000002c org.apache.wink.server.internal.log.Resources                I The server has registered the JAX-RS resource class com.ibm.mobile.analytics.server.rest.PushResource with @Path(/push/apps/{appId}).
[1/18/16 23:22:30:282 CST] 0000002c org.apache.wink.server.internal.log.Resources                I The server has registered the JAX-RS resource class com.wordnik.swagger.jaxrs.listing.ApiListingResourceJSON with @Path(/api-docs).
[1/18/16 23:22:30:283 CST] 0000002c org.apache.wink.server.internal.log.Resources                I The server has registered the JAX-RS resource class com.ibm.mobile.analytics.server.rest.IndexManagerResource with @Path(/indices).
[1/18/16 23:22:30:283 CST] 0000002c org.apache.wink.server.internal.log.Resources                I The server has registered the JAX-RS resource class com.ibm.mobile.analytics.server.servlet.DataReceiver with @Path(/).
[1/18/16 23:22:30:283 CST] 0000002c org.apache.wink.server.internal.log.Providers                I The class com.ibm.mobile.analytics.server.servlet.EventReportProvider was registered as a JAX-RS MessageBodyReader provider for com.ibm.mobile.analytics.sdk.model.EventReport Java types and application/json media types.
[1/18/16 23:22:30:283 CST] 0000002c org.apache.wink.server.internal.log.Providers                I The class com.ibm.mobile.analytics.server.servlet.CustomParametersProvider was registered as a JAX-RS MessageBodyReader provider for com.ibm.mobile.analytics.server.rest.params.CustomParameters Java types and application/json media types.
[1/18/16 23:22:30:283 CST] 0000002c org.apache.wink.server.internal.log.Providers                I The class com.ibm.mobile.analytics.server.servlet.AlertDefinitionProvider was registered as a JAX-RS MessageBodyReader provider for com.ibm.mobile.analytics.sdk.model.AlertDefinition Java types and application/json media types.
[1/18/16 23:22:30:284 CST] 0000002c org.apache.wink.server.internal.log.Providers                I The class com.ibm.mobile.analytics.server.servlet.EventReportListProvider was registered as a JAX-RS MessageBodyReader provider for java.util.List Java types and application/json media types.
[1/18/16 23:22:30:284 CST] 0000002c org.apache.wink.server.internal.log.Providers                I The class com.wordnik.swagger.jaxrs.listing.ResourceListingProvider was registered as a JAX-RS MessageBodyWriter provider for com.wordnik.swagger.model.ResourceListing Java types and application/json media types.
[1/18/16 23:22:30:284 CST] 0000002c org.apache.wink.server.internal.log.Providers                I The class com.wordnik.swagger.jaxrs.listing.ApiDeclarationProvider was registered as a JAX-RS MessageBodyWriter provider for com.wordnik.swagger.model.ApiListing Java types and application/json media types.
[1/18/16 23:22:30:284 CST] 0000002c org.apache.wink.server.internal.log.Providers                I The class com.wordnik.swagger.jaxrs.listing.ResourceListingProvider was registered as a JAX-RS MessageBodyWriter provider for com.wordnik.swagger.model.ResourceListing Java types and application/xml media types.
[1/18/16 23:22:30:284 CST] 0000002c org.apache.wink.server.internal.log.Providers                I The class com.wordnik.swagger.jaxrs.listing.ApiDeclarationProvider was registered as a JAX-RS MessageBodyWriter provider for com.wordnik.swagger.model.ApiListing Java types and application/xml media types.
[1/18/16 23:22:30:296 CST] 0000002c com.ibm.ws.webcontainer.servlet                              I SRVE0242I: [AnalyticsServices] [/analytics-service] [data]: Initialization successful.
[1/18/16 23:22:30:409 CST] 00000039 com.worklight.common.util.jmx.LibertyRuntimeMBeanHandler     I Successful REST connection to service:jmx:rest://localhost:10443/IBMJMXConnectorREST
[1/18/16 23:22:30:975 CST] 00000064 com.ibm.worklight.admin.jmx.ManagementMXBeanImpl             I Accessing the ping service http://localhost:10080//worklightadmin/ping
[1/18/16 23:22:31:106 CST] 00000066 com.ibm.worklight.admin.services.ManagementService           I Ping service checking the availability of the HTTP(s) port successfully invoked
[1/18/16 23:22:31:125 CST] 00000064 com.ibm.worklight.admin.jmx.ManagementMXBeanImpl             I The ping service http://localhost:10080//worklightadmin/ping is available
[1/18/16 23:22:31:152 CST] 00000068 SystemErr                                                    R 4361  WorklightManagementPU-derby  INFO   [LargeThreadPool-thread-41] openjpa.Runtime - Starting OpenJPA 1.2.2
[1/18/16 23:22:31:154 CST] 00000068 SystemErr                                                    R 4363  WorklightManagementPU-derby  INFO   [LargeThreadPool-thread-41] openjpa.jdbc.JDBC - Using dictionary class "org.apache.openjpa.jdbc.sql.DerbyDictionary" (Apache Derby 10.8.2.2 - (1181258) ,Apache Derby Embedded JDBC Driver 10.8.2.2 - (1181258)).
[1/18/16 23:22:31:524 CST] 00000068 SystemErr                                                    R 4662  WorklightManagementPU-derby  INFO   [LargeThreadPool-thread-41] openjpa.Runtime - Though you are using optimistic transactions, OpenJPA is now beginning a datastore transaction because you have requested a lock on some data.
[1/18/16 23:22:31:528 CST] 00000068 SystemErr                                                    R 4666  WorklightManagementPU-derby  INFO   [LargeThreadPool-thread-41] openjpa.Runtime - Though you are using optimistic transactions, OpenJPA is now beginning a datastore transaction because you have requested a lock on some data.
[1/18/16 23:22:31:906 CST] 00000039 com.worklight.core.auth.impl.AuthenticationFilter            I FWLSE0273I: Set sync required to 'true' [project AdapterBasedAuth]
[1/18/16 23:22:31:907 CST] 00000039 com.worklight.core.jmx.ProjectSynchronizationBean            I FWLSE0271I: Resources dir '/Users/lsteck/ws/ews/WorkspacesLSR2MFP710/CITutorial/dev/MobileFirstServerConfig/servers/worklight/workarea/org.eclipse.osgi/84/data/temp/default_node/SMF_WebContainer/AdapterBasedAuth/AdapterBasedAuth/widget-resources' is going to be cleaned [project AdapterBasedAuth]
[1/18/16 23:22:32:459 CST] 00000039 com.worklight.common.util.HttpUtil                           I FWLSE2014I: Downloading a worklight artifact from http://localhost:10080/worklightadmin/otu/1.0/7c0bffffffb5354d012a76ffffff81fffffff21effffff9affffff88ffffffda0821/runtimes/AdapterBasedAuth/downloads/applications/HybridAdapterAuth/android/1.0 [project AdapterBasedAuth]
[1/18/16 23:22:32:559 CST] 00000039 com.worklight.common.util.HttpUtil                           I FWLSE2014I: Downloading a worklight artifact from http://localhost:10080/worklightadmin/otu/1.0/7c0bffffffb5354d012a76ffffff81fffffff21effffff9affffff88ffffffda0821/runtimes/AdapterBasedAuth/downloads/applications/HybridAdapterAuth/iphone/1.0 [project AdapterBasedAuth]
[1/18/16 23:22:32:626 CST] 00000039 com.worklight.common.util.HttpUtil                           I FWLSE2014I: Downloading a worklight artifact from http://localhost:10080/worklightadmin/otu/1.0/7c0bffffffb5354d012a76ffffff81fffffff21effffff9affffff88ffffffda0821/runtimes/AdapterBasedAuth/downloads/applications/HybridAdapterAuth/common/1.0 [project AdapterBasedAuth]
[1/18/16 23:22:32:643 CST] 00000039 com.worklight.common.util.GeneralUtil                        I FWLSE2001I: Detected more than one IP address. Using 192.168.0.11 as the public IP address of the MobileFirst Server. You can set a different IP address in worklight.properties. [project AdapterBasedAuth]
[1/18/16 23:22:32:666 CST] 00000039 om.worklight.applications.deployers.base.EnvironmentDeployer I FWLSE0274I: Environment android deployed to directory '/Users/lsteck/ws/ews/WorkspacesLSR2MFP710/CITutorial/dev/MobileFirstServerConfig/servers/worklight/workarea/org.eclipse.osgi/84/data/temp/default_node/SMF_WebContainer/AdapterBasedAuth/AdapterBasedAuth/widget-resources/HybridAdapterAuth-android-1.0-2f1123c96406ac840ec709eea174cce32fe99245' . [project AdapterBasedAuth]
[1/18/16 23:22:32:916 CST] 00000039 om.worklight.applications.deployers.base.EnvironmentDeployer I FWLSE0274I: Environment common deployed to directory '/Users/lsteck/ws/ews/WorkspacesLSR2MFP710/CITutorial/dev/MobileFirstServerConfig/servers/worklight/workarea/org.eclipse.osgi/84/data/temp/default_node/SMF_WebContainer/AdapterBasedAuth/AdapterBasedAuth/widget-resources/HybridAdapterAuth-common-b1259f9333749689face841202e38f344092c795' . [project AdapterBasedAuth]
[1/18/16 23:22:32:937 CST] 00000039 om.worklight.applications.deployers.base.EnvironmentDeployer I FWLSE0274I: Environment iphone deployed to directory '/Users/lsteck/ws/ews/WorkspacesLSR2MFP710/CITutorial/dev/MobileFirstServerConfig/servers/worklight/workarea/org.eclipse.osgi/84/data/temp/default_node/SMF_WebContainer/AdapterBasedAuth/AdapterBasedAuth/widget-resources/HybridAdapterAuth-iphone-1.0-6483c3543b6778a10c89c255d03609a18bd76aa6' . [project AdapterBasedAuth]
[1/18/16 23:22:33:224 CST] 00000039 com.worklight.common.util.HttpUtil                           I FWLSE2014I: Downloading a worklight artifact from http://localhost:10080/worklightadmin/otu/1.0/7c0bffffffb5354d012a76ffffff81fffffff21effffff9affffff88ffffffda0821/runtimes/AdapterBasedAuth/downloads/adapters/AuthAdapter [project AdapterBasedAuth]
[1/18/16 23:22:33:561 CST] 0000002c com.ibm.ws.webcontainer.servlet                              I SRVE0242I: [AnalyticsServices] [/analytics-service] [SwaggerJaxrsConfig]: Initialization successful.
[1/18/16 23:22:33:572 CST] 0000002c com.ibm.ws.app.manager.AppMessageHelper                      A CWWKZ0001I: Application AnalyticsServices started in 14.695 seconds.
[1/18/16 23:22:33:579 CST] 0000001a com.ibm.ws.kernel.feature.internal.FeatureManager            A CWWKF0012I: The server installed the following features: [appSecurity-1.0, jdbc-4.0, ldapRegistry-3.0, ssl-1.0, localConnector-1.0, json-1.0, appSecurity-2.0, jsp-2.2, restConnector-1.0, servlet-3.0, jaxrs-1.1, jndi-1.0, distributedMap-1.0].
[1/18/16 23:22:33:579 CST] 0000001a com.ibm.ws.kernel.feature.internal.FeatureManager            I CWWKF0008I: Feature update completed in 17.119 seconds.
[1/18/16 23:22:33:579 CST] 0000001a com.ibm.ws.kernel.feature.internal.FeatureManager            A CWWKF0011I: The server worklight is ready to run a smarter planet.
[1/18/16 23:22:34:267 CST] 00000039 apache.wink.server.internal.application.ApplicationProcessor I The following JAX-RS application has been processed: com.worklight.wink.extensions.MFPJAXRSApplicationWrapper
[1/18/16 23:22:34:268 CST] 00000039 org.apache.wink.server.internal.log.Resources                I The server has registered the JAX-RS resource class com.worklight.adapters.rest.JSAdapterRestWrapper with @Path(/).
[1/18/16 23:22:34:271 CST] 00000039 org.apache.wink.server.internal.log.Providers                I The class org.codehaus.jackson.jaxrs.JacksonJaxbJsonProvider was registered as a JAX-RS MessageBodyReader provider for all Java types and application/json media types.
[1/18/16 23:22:34:271 CST] 00000039 org.apache.wink.server.internal.log.Providers                I The class org.codehaus.jackson.jaxrs.JacksonJaxbJsonProvider was registered as a JAX-RS MessageBodyReader provider for all Java types and text/json media types.
[1/18/16 23:22:34:271 CST] 00000039 org.apache.wink.server.internal.log.Providers                I The class org.codehaus.jackson.jaxrs.JacksonJaxbJsonProvider was registered as a JAX-RS MessageBodyWriter provider for all Java types and application/json media types.
[1/18/16 23:22:34:271 CST] 00000039 org.apache.wink.server.internal.log.Providers                I The class org.codehaus.jackson.jaxrs.JacksonJaxbJsonProvider was registered as a JAX-RS MessageBodyWriter provider for all Java types and text/json media types.
[1/18/16 23:22:34:725 CST] 0000008e SystemErr                                                    R 7863  WorklightManagementPU-derby  INFO   [LargeThreadPool-thread-74] openjpa.Runtime - Though you are using optimistic transactions, OpenJPA is now beginning a datastore transaction because you have requested a lock on some data.
[1/18/16 23:22:34:740 CST] 0000008e com.ibm.worklight.admin.jmx.ManagementMXBeanImpl             I Result: AdapterBasedAuth: worklight///192.168.0.11: Runtime was synchronized successfully
[1/18/16 23:22:34:741 CST] 0000008e com.ibm.worklight.admin.jmx.ManagementMXBeanImpl             I AdapterBasedAuth: worklight///192.168.0.11: 2016-01-19T05:22:33.172Z: Preparation to deploy 'HybridAdapterAuth' finished
[1/18/16 23:22:34:741 CST] 0000008e com.ibm.worklight.admin.jmx.ManagementMXBeanImpl             I AdapterBasedAuth: worklight///192.168.0.11: 2016-01-19T05:22:34.711Z: Preparation to deploy adapter 'AuthAdapter' finished successfully, SUCCESS
[1/18/16 23:22:34:741 CST] 0000008e com.ibm.worklight.admin.jmx.ManagementMXBeanImpl             I AdapterBasedAuth: worklight///192.168.0.11: 2016-01-19T05:22:34.712Z: Transaction handler reset
[1/18/16 23:22:34:744 CST] 00000039 com.worklight.core.init.WorklightServletInitializer          I FWLSE0247I: The AdapterBasedAuth project initialization times were: start-firstReadyCheck=3, firstReadyCheck=1,045, ready for sync=0, sync=3,614 [project AdapterBasedAuth]
[1/18/16 23:22:34:745 CST] 00000039 com.worklight.core.auth.impl.AuthenticationFilter            I FWLSE0273I: Set sync required to 'false' [project AdapterBasedAuth]
[1/18/16 23:22:34:778 CST] 00000039 com.worklight.core.ilmt.WorklightILMTLogger                  I FWLSE0278I: The default ILMT directory '/var/ibm/common/slm' cannot be used. [project AdapterBasedAuth]
[1/18/16 23:22:34:779 CST] 00000039 com.worklight.core.ilmt.WorklightILMTLogger                  I FWLSE0282I: Using the ILMT directory '/Users/lsteck/ws/ews/WorkspacesLSR2MFP710/CITutorial/dev/MobileFirstServerConfig/servers/worklight/logs'. [project AdapterBasedAuth]
[1/18/16 23:22:34:792 CST] 00000039 com.worklight.server.bundle.project.JeeProjectActivator      I FWLST0002I: ========= Project /AdapterBasedAuth started. The project WAR file version is 7.1.0.00.20151023-1441,running on server version 7.1.0.00.20151023-1441. [project AdapterBasedAuth]
[1/18/16 23:22:41:296 CST] 000000c0 com.worklight.common.util.jmx.LibertyRuntimeMBeanHandler     I Establishing REST connection to service:jmx:rest://localhost:10443/IBMJMXConnectorREST
[1/18/16 23:22:41:313 CST] 000000c0 com.worklight.common.util.jmx.LibertyRuntimeMBeanHandler     I Successful REST connection to service:jmx:rest://localhost:10443/IBMJMXConnectorREST
[1/18/16 23:22:42:562 CST] 000000d8 SystemErr                                                    R 15771  WorklightManagementPU-derby  WARN   [LargeThreadPool-thread-97] openjpa.Runtime - Encountered object id "com.ibm.worklight.admin.entity.DifferentialDirectUpdateEntity-2" in serialized data, but the corresponding persistent object no longer exists.  Substituting null into the deserialization stream. 
[1/18/16 23:22:42:664 CST] 000000d8 SystemErr                                                    R 15802  WorklightManagementPU-derby  INFO   [LargeThreadPool-thread-97] openjpa.Runtime - Though you are using optimistic transactions, OpenJPA is now beginning a datastore transaction because you have requested a lock on some data.
[1/18/16 23:22:42:672 CST] 000000d8 SystemErr                                                    R 15810  WorklightManagementPU-derby  INFO   [LargeThreadPool-thread-97] openjpa.Runtime - Though you are using optimistic transactions, OpenJPA is now beginning a datastore transaction because you have requested a lock on some data.
[1/18/16 23:22:42:694 CST] 000000d8 SystemErr                                                    R 15832  WorklightManagementPU-derby  INFO   [LargeThreadPool-thread-97] openjpa.Runtime - Though you are using optimistic transactions, OpenJPA is now beginning a datastore transaction because you have requested a lock on some data.
[1/18/16 23:22:42:917 CST] 000000e4 com.worklight.core.jmx.ProjectManagementMXBeanImpl           I FWLSE0275I: Starting transaction with ID 9 for 'deployApplication'.  [project AdapterBasedAuth]
[1/18/16 23:22:42:974 CST] 000000e4 com.worklight.common.util.HttpUtil                           I FWLSE2014I: Downloading a worklight artifact from http://Larrys-MacBook-Pro.local:10080/worklightadmin/otu/1.0/ffffff8bffffffafffffffef31634cffffffa8ffffffa52fffffffb433ffffffc7ffffff8609ffffffe73f/runtimes/AdapterBasedAuth/downloads/applications/Temporary317569284/iphone/1.0 [project AdapterBasedAuth]
[1/18/16 23:22:43:034 CST] 000000e4 com.worklight.common.util.HttpUtil                           I FWLSE2014I: Downloading a worklight artifact from http://Larrys-MacBook-Pro.local:10080/worklightadmin/otu/1.0/ffffff8bffffffafffffffef31634cffffffa8ffffffa52fffffffb433ffffffc7ffffff8609ffffffe73f/runtimes/AdapterBasedAuth/downloads/applications/Temporary317569284/common/1.0 [project AdapterBasedAuth]
[1/18/16 23:22:43:046 CST] 000000e4 om.worklight.applications.deployers.base.EnvironmentDeployer I FWLSE0274I: Environment common deployed to directory '/Users/lsteck/ws/ews/WorkspacesLSR2MFP710/CITutorial/dev/MobileFirstServerConfig/servers/worklight/workarea/org.eclipse.osgi/84/data/temp/default_node/SMF_WebContainer/AdapterBasedAuth/AdapterBasedAuth/widget-resources/HybridAdapterAuth-common-c199e85b2ad812e53b706f433bc352883de2c5f0' . [project AdapterBasedAuth]
[1/18/16 23:22:43:066 CST] 000000e4 om.worklight.applications.deployers.base.EnvironmentDeployer I FWLSE0274I: Environment iphone deployed to directory '/Users/lsteck/ws/ews/WorkspacesLSR2MFP710/CITutorial/dev/MobileFirstServerConfig/servers/worklight/workarea/org.eclipse.osgi/84/data/temp/default_node/SMF_WebContainer/AdapterBasedAuth/AdapterBasedAuth/widget-resources/HybridAdapterAuth-iphone-1.0-cc92d1fd5efb9e2f89aa9ba84e3d85a8123d1b9a' . [project AdapterBasedAuth]
[1/18/16 23:22:43:306 CST] 000000d8 com.ibm.worklight.admin.actions.BaseTransaction              I Result: AdapterBasedAuth: worklight///192.168.0.11: Preparation to deploy 'HybridAdapterAuth' finished
[1/18/16 23:22:43:350 CST] 000000ec com.worklight.core.jmx.ProjectManagementMXBeanImpl           I FWLSE0275I: Starting transaction with ID 9 for 'commit'.  [project AdapterBasedAuth]
[1/18/16 23:22:43:445 CST] 000000d8 com.ibm.worklight.admin.actions.BaseTransaction              I Result: AdapterBasedAuth: worklight///192.168.0.11: Commit
[1/18/16 23:22:43:446 CST] 000000d8 com.ibm.worklight.admin.actions.BaseTransaction              I AdapterBasedAuth: worklight///192.168.0.11: 2016-01-19T05:22:43.351Z: Application 'HybridAdapterAuth' was updated
[1/18/16 23:22:43:506 CST] 000000d8 SystemErr                                                    R 16644  WorklightManagementPU-derby  INFO   [LargeThreadPool-thread-97] openjpa.Runtime - Though you are using optimistic transactions, OpenJPA is now beginning a datastore transaction because you have requested a lock on some data.
[1/18/16 23:22:44:327 CST] 0000004d com.ibm.mobile.analytics.server.util.Warmers                 I Warmers have been disabled
[1/18/16 23:22:44:327 CST] 0000004d com.ibm.mobile.analytics.server.util.Warmers                 I Warmer frequency set to 0 milliseconds
[1/18/16 23:22:44:753 CST] 00000118 com.ibm.ws.webcontainer.servlet                              I SRVE0242I: [AdapterBasedAuth] [/AdapterBasedAuth] [PreviewServlet]: Initialization successful.
[1/18/16 23:23:34:794 CST] 00000090 com.worklight.core.ilmt.WorklightILMTLogger                  I FWLSE0277I: Creating an ILMT record in the file '/Users/lsteck/ws/ews/WorkspacesLSR2MFP710/CITutorial/dev/MobileFirstServerConfig/servers/worklight/logs/989da37ffe83809b11dd47dd67df4cb8.slmtag'.
[1/18/16 23:25:39:182 CST] 00000172 com.ibm.ws.webcontainer.servlet                              I SRVE0242I: [AdapterBasedAuth] [/AdapterBasedAuth] [RESTAdaptersServiceServlet]: Initialization successful.
[1/18/16 23:25:52:261 CST] 0000018a com.ibm.ws.webcontainer.servlet                              I SRVE0242I: [AdapterBasedAuth] [/AdapterBasedAuth] [InvokeProcServlet]: Initialization successful.
[1/18/16 23:26:17:120 CST] 0000019c com.ibm.ws.runtime.update.internal.RuntimeUpdateManagerImpl  I CWWKE1100I: Begin server quiesce.
[1/18/16 23:26:17:122 CST] 0000019d com.ibm.ws.tcpchannel.internal.TCPChannel                    I CWWKO0220I: TCP Channel defaultHttpEndpoint has stopped listening for requests on host *  (IPv6) port 10080.
[1/18/16 23:26:17:125 CST] 0000019d com.ibm.ws.tcpchannel.internal.TCPChannel                    I CWWKO0220I: TCP Channel defaultHttpEndpoint-ssl has stopped listening for requests on host *  (IPv6) port 10443.
[1/18/16 23:26:17:125 CST] 0000019d com.ibm.ws.http.internal.VirtualHostImpl                     A CWWKT0017I: Web application removed (default_host): https://192.168.169.1:10443/IBMJMXConnectorREST/
[1/18/16 23:26:17:125 CST] 0000019d com.ibm.ws.http.internal.VirtualHostImpl                     A CWWKT0017I: Web application removed (default_host): https://192.168.169.1:10443/worklightadmin/
[1/18/16 23:26:17:125 CST] 0000019d com.ibm.ws.http.internal.VirtualHostImpl                     A CWWKT0017I: Web application removed (default_host): https://192.168.169.1:10443/analytics/
[1/18/16 23:26:17:125 CST] 0000019d com.ibm.ws.http.internal.VirtualHostImpl                     A CWWKT0017I: Web application removed (default_host): https://192.168.169.1:10443/analytics-service/
[1/18/16 23:26:17:125 CST] 0000019d com.ibm.ws.http.internal.VirtualHostImpl                     A CWWKT0017I: Web application removed (default_host): https://192.168.169.1:10443/_MobileBrowserSimulator/
[1/18/16 23:26:17:125 CST] 0000019d com.ibm.ws.http.internal.VirtualHostImpl                     A CWWKT0017I: Web application removed (default_host): https://192.168.169.1:10443/worklightconsole/
[1/18/16 23:26:17:125 CST] 0000019d com.ibm.ws.http.internal.VirtualHostImpl                     A CWWKT0017I: Web application removed (default_host): https://192.168.169.1:10443/AdapterBasedAuth/
[1/18/16 23:26:17:128 CST] 0000019c com.ibm.ws.runtime.update.internal.RuntimeUpdateManagerImpl  I CWWKE1101I: Server quiesce complete.
[1/18/16 23:26:17:169 CST] 0000008e com.ibm.ws.webcontainer.servlet                              I SRVE0253I: [AnalyticsUI] [/analytics] [servicesServlet]: Destroy successful.
[1/18/16 23:26:17:169 CST] 000000e1 com.ibm.ws.webcontainer.servlet                              I SRVE0253I: [WorklightConsole] [/worklightconsole] [servicesServlet]: Destroy successful.
[1/18/16 23:26:17:169 CST] 00000030 com.ibm.ws.webcontainer.servlet                              I SRVE0253I: [AnalyticsServices] [/analytics-service] [SwaggerJaxrsConfig]: Destroy successful.
[1/18/16 23:26:17:170 CST] 00000170 com.ibm.ws.webcontainer.servlet                              I SRVE0253I: [WorklightServices] [/worklightadmin] [ManagementServlet]: Destroy successful.
[1/18/16 23:26:17:170 CST] 00000093 com.ibm.ws.webcontainer.servlet                              I SRVE0253I: [AdapterBasedAuth] [/AdapterBasedAuth] [AuthorizationServer]: Destroy successful.
[1/18/16 23:26:17:172 CST] 000000e1 com.ibm.ws.webcontainer.servlet                              I SRVE0253I: [WorklightConsole] [/worklightconsole] [localeServlet]: Destroy successful.
[1/18/16 23:26:17:172 CST] 0000008e com.ibm.ws.webcontainer.servlet                              I SRVE0253I: [AnalyticsUI] [/analytics] [utilityServlet]: Destroy successful.
[1/18/16 23:26:17:173 CST] 00000030 com.ibm.ws.webcontainer.servlet                              I SRVE0253I: [AnalyticsServices] [/analytics-service] [data]: Destroy successful.
[1/18/16 23:26:17:173 CST] 00000093 com.ibm.ws.webcontainer.servlet                              I SRVE0253I: [AdapterBasedAuth] [/AdapterBasedAuth] [OAuthAuthorizationServer]: Destroy successful.
[1/18/16 23:26:17:173 CST] 00000093 com.ibm.ws.webcontainer.servlet                              I SRVE0253I: [AdapterBasedAuth] [/AdapterBasedAuth] [InvokeProcServlet]: Destroy successful.
[1/18/16 23:26:17:174 CST] 00000170 ht.admin.listeners.WorklightManagementServletContextListener I MobileFirst Administration Services servlet context listener destroyed
[1/18/16 23:26:17:174 CST] 00000030 com.ibm.ws.webcontainer.servlet                              I SRVE0253I: [AnalyticsServices] [/analytics-service] [datav2]: Destroy successful.
[1/18/16 23:26:17:174 CST] 00000093 com.ibm.ws.webcontainer.servlet                              I SRVE0253I: [AdapterBasedAuth] [/AdapterBasedAuth] [RESTAdaptersServiceServlet]: Destroy successful.
[1/18/16 23:26:17:174 CST] 00000170 com.ibm.ws.webcontainer.webapp                               I SRVE0292I: Servlet Message - [worklight-management-service]:.Closing Spring root WebApplicationContext
[1/18/16 23:26:17:176 CST] 00000093 com.ibm.ws.webcontainer.servlet                              I SRVE0253I: [AdapterBasedAuth] [/AdapterBasedAuth] [PushWorksApplication]: Destroy successful.
[1/18/16 23:26:17:176 CST] 00000093 com.ibm.ws.webcontainer.servlet                              I SRVE0253I: [AdapterBasedAuth] [/AdapterBasedAuth] [PreviewServlet]: Destroy successful.
[1/18/16 23:26:17:176 CST] 00000170 springframework.web.context.support.XmlWebApplicationContext I Closing Root WebApplicationContext: startup date [Mon Jan 18 23:22:25 CST 2016]; root of context hierarchy
[1/18/16 23:26:17:178 CST] 00000170 ngframework.beans.factory.support.DefaultListableBeanFactory I Destroying singletons in org.springframework.beans.factory.support.DefaultListableBeanFactory@57cbc932: defining beans [registrationServiceFactory]; root of factory hierarchy
[1/18/16 23:26:17:179 CST] 00000093 com.worklight.core.ilmt.WorklightILMTLogger                  I FWLSE0277I: Creating an ILMT record in the file '/Users/lsteck/ws/ews/WorkspacesLSR2MFP710/CITutorial/dev/MobileFirstServerConfig/servers/worklight/logs/989da37ffe83809b11dd47dd67df4cb8.slmtag'. [project AdapterBasedAuth]
[1/18/16 23:26:17:179 CST] 00000078 com.ibm.ws.app.manager.AppMessageHelper                      A CWWKZ0009I: The application _MobileBrowserSimulator has stopped successfully.
[1/18/16 23:26:17:180 CST] 000000e1 com.ibm.ws.app.manager.AppMessageHelper                      A CWWKZ0009I: The application WorklightConsole has stopped successfully.
[1/18/16 23:26:17:183 CST] 0000008e com.ibm.ws.app.manager.AppMessageHelper                      A CWWKZ0009I: The application AnalyticsUI has stopped successfully.
[1/18/16 23:26:17:187 CST] 00000170 com.ibm.ws.app.manager.AppMessageHelper                      A CWWKZ0009I: The application WorklightServices has stopped successfully.
[1/18/16 23:26:17:244 CST] 00000030 com.ibm.ws.app.manager.AppMessageHelper                      A CWWKZ0009I: The application AnalyticsServices has stopped successfully.
[1/18/16 23:26:25:211 CST] 00000093 ingframework.context.support.FileSystemXmlApplicationContext I Closing org.springframework.context.support.FileSystemXmlApplicationContext@61a688ef: startup date [Mon Jan 18 23:22:23 CST 2016]; root of context hierarchy
[1/18/16 23:26:25:212 CST] 00000093 ngframework.beans.factory.support.DefaultListableBeanFactory I Destroying singletons in org.springframework.beans.factory.support.DefaultListableBeanFactory@478001db: defining beans [org.springframework.context.annotation.internalConfigurationAnnotationProcessor,org.springframework.context.annotation.internalAutowiredAnnotationProcessor,org.springframework.context.annotation.internalRequiredAnnotationProcessor,org.springframework.context.annotation.internalCommonAnnotationProcessor,org.springframework.context.annotation.internalPersistenceAnnotationProcessor,mailingService,WorkLightNotice,rssBrokerUtils,audit,GenericDAOFactory,GenericDAO,clusterSynchronizationDAOFactory,clusterSynchronizationDAO,taskCoordinator,taskManager,worklightAuthenticationService,loginConfigurationServiceBean,protectedResourceFactory,ssoDAOFactory,ssoDAO,ssoExpiredLoginContextsCleanupTask,keyStoreManager,authorizationServer,OAuthValidator,OAuthValidationFilter,authorizationStore,OAuthInternalFilter,JAXRSSandboxFactory,AdapterResourceFactory,wlServerAPI,securityAPI,adaptersAPI,configurationAPI,pushAPI,analyticsAPI,winkFrameworkSharedClassLoader,dataAccessService,shellResourcesService,analyticsService,coreServiceManager,adapterManager,nodeProcessManager,adapterManagementService,factProcessingTask,PlatformUsageProcessingTask,notificationCleanupTask,WSSecurityService,cloudantDatabaseFactory,cloudantDb,cloudantConnectorFactory,gadgetDAOFactory,gadgetDAO,userPrefDAOFactory,userPrefDAO,deviceDAOFactory,deviceDAO,licenseTermsDAOFactory,licenseTermsDAO,clientInstanceDAOFactory,clientInstanceDAO,licenseTermsAddressableDeviceDAOFactory,licenseTermsAddressableDeviceDAO,AttributeStoreDAOFactory,attributeStoreDAO,platformUsageService,configProfileService,gfwProps,gadgetEnvironmentManager,gadgetResourcesRoot,gadgetCustomizedResourcesRoot,applicationMetadataService,applicationManagementService,beaconService,notificationsSimulationManager,pushServiceListener,PushService,reportService,reportsDS,reportsBrokerDS,reportsSessionFactory,gadgetReportsDAO,notificationReportsDao,gadgetReportsService,analyticsFactService,analyticsSDKProvider,analyticsSDK,nodeInfo,registrationService,runtimeTransactionHandler,projectSyncService,xsConfiguration,attributeStoreFactory,attributeStoreDBCleanupTask,classCache,txManager,worklight-direct,rssBrokerDS,brokerSessionFactory,org.springframework.context.annotation.ConfigurationClassPostProcessor.importAwareProcessor]; root of factory hierarchy
[1/18/16 23:26:25:220 CST] 00000093 ringframework.orm.jpa.LocalContainerEntityManagerFactoryBean I Closing JPA EntityManagerFactory for persistence unit 'WorklightPU'
[1/18/16 23:26:25:250 CST] 00000093 hsqldb.db.HSQLDB52580AD1C9.ENGINE                            I Database closed
[1/18/16 23:26:25:357 CST] 00000093 ringframework.orm.jpa.LocalContainerEntityManagerFactoryBean I Closing JPA EntityManagerFactory for persistence unit 'WorklightReportsPU'
[1/18/16 23:26:25:357 CST] 00000093 com.worklight.server.bundle.project.JeeProjectActivator      I FWLST0004I: ========= Project /AdapterBasedAuth stopped
[1/18/16 23:26:25:360 CST] 00000093 com.ibm.ws.app.manager.AppMessageHelper                      A CWWKZ0009I: The application AdapterBasedAuth has stopped successfully.
[1/18/16 23:26:25:383 CST] 0000019c com.ibm.tx.jta.impl.FailureScopeController                   A WTRN0105I: The transaction service has shutdown successfully with no transactions requiring recovery.
[1/18/16 23:26:25:399 CST] 0000019c com.ibm.ws.webcontainer.servlet                              I SRVE0253I: [com.ibm.ws.jmx.connector.server.rest] [/IBMJMXConnectorREST] [MBeanServerConnector]: Destroy successful.
[1/18/16 23:26:25:443 CST] 0000019c com.ibm.ws.security.internal.SecurityReadyServiceImpl        I CWWKS0008I: The security service is ready.
[1/18/16 23:26:25:529 CST] 0000019c com.ibm.ws.security.internal.SecurityReadyServiceImpl        I CWWKS0009I: The security service has stopped.
[1/18/16 23:26:25:679 CST] 00000001 com.ibm.ws.kernel.launch.internal.FrameworkManager           A CWWKE0036I: The server worklight stopped after 4 minutes, 11.185 seconds.
