********************************************************************************
product = WebSphere Application Server 8.5.5.5 (wlp-1.0.8.cl50520150305-2202)
wlp.install.dir = /Users/lsteck/eclipse/eclipse-jee-LSR2-MFP710/plugins/com.worklight.worklight-artifacts_7.1.0.00-20151023-1441/liberty/wlp/
server.config.dir = /Users/lsteck/ws/ews/WorkspacesLSR2MFP710/CITutorial/dev/MobileFirstServerConfig/servers/worklight/
java.home = /Library/Java/JavaVirtualMachines/jdk1.7.0_76.jdk/Contents/Home/jre
java.version = 1.7.0_76
java.runtime = Java(TM) SE Runtime Environment (1.7.0_76-b13)
os = Mac OS X (10.11.2; x86_64) (en_US)
process = 89685@Larrys-MacBook-Pro.local
********************************************************************************
[1/18/16 22:00:36:605 CST] 00000001 com.ibm.ws.kernel.launch.internal.FrameworkManager           A CWWKE0001I: The server worklight has been launched.
[1/18/16 22:00:38:359 CST] 00000001 com.ibm.ws.kernel.launch.internal.FrameworkManager           I CWWKE0002I: The kernel started after 2.689 seconds
[1/18/16 22:00:38:422 CST] 0000001a com.ibm.ws.kernel.feature.internal.FeatureManager            I CWWKF0007I: Feature update started.
[1/18/16 22:00:40:095 CST] 00000010 com.ibm.ws.security.internal.SecurityReadyServiceImpl        I CWWKS0007I: The security service is starting...
[1/18/16 22:00:40:702 CST] 00000010 com.ibm.ws.app.manager.internal.monitor.DropinMonitor        A CWWKZ0058I: Monitoring dropins for applications. 
[1/18/16 22:00:40:872 CST] 00000024 com.ibm.ws.tcpchannel.internal.TCPChannel                    I CWWKO0219I: TCP Channel defaultHttpEndpoint has been started and is now listening for requests on host *  (IPv6) port 10080.
[1/18/16 22:00:40:881 CST] 00000024 com.ibm.ws.tcpchannel.internal.TCPChannel                    I CWWKO0219I: TCP Channel defaultHttpEndpoint-ssl has been started and is now listening for requests on host *  (IPv6) port 10443.
[1/18/16 22:00:41:164 CST] 00000010 com.ibm.ws.cache.ServerCache                                 I DYNA1001I: WebSphere Dynamic Cache instance named baseCache initialized successfully.
[1/18/16 22:00:41:166 CST] 00000010 com.ibm.ws.cache.ServerCache                                 I DYNA1071I: The cache provider default is being used.
[1/18/16 22:00:41:166 CST] 00000010 com.ibm.ws.cache.CacheServiceImpl                            I DYNA1056I: Dynamic Cache (object cache) initialized successfully.
[1/18/16 22:00:41:176 CST] 00000028 com.ibm.ws.security.internal.SecurityReadyServiceImpl        I CWWKS0008I: The security service is ready.
[1/18/16 22:00:41:177 CST] 00000028 com.ibm.ws.security.token.ltpa.internal.LTPAKeyCreator       I CWWKS4105I: LTPA configuration is ready after 0.097 seconds.
[1/18/16 22:00:41:446 CST] 0000002d com.ibm.ws.app.manager.AppMessageHelper                      I CWWKZ0018I: Starting application WorklightServices.
[1/18/16 22:00:41:447 CST] 0000002f com.ibm.ws.app.manager.AppMessageHelper                      I CWWKZ0018I: Starting application AnalyticsServices.
[1/18/16 22:00:41:447 CST] 0000002e com.ibm.ws.app.manager.AppMessageHelper                      I CWWKZ0018I: Starting application _MobileBrowserSimulator.
[1/18/16 22:00:41:447 CST] 0000002c com.ibm.ws.app.manager.AppMessageHelper                      I CWWKZ0018I: Starting application WorklightConsole.
[1/18/16 22:00:41:447 CST] 00000030 com.ibm.ws.app.manager.AppMessageHelper                      I CWWKZ0018I: Starting application AdapterBasedAuth.
[1/18/16 22:00:41:447 CST] 0000002b com.ibm.ws.app.manager.AppMessageHelper                      I CWWKZ0018I: Starting application AnalyticsUI.
[1/18/16 22:00:41:632 CST] 0000002f m.ibm.ws.container.service.app.deploy.ManifestClassPathUtils W SRVE9967W: The manifest class path xml-apis.jar can not be found in jar file wsjar:file:/Users/lsteck/ws/ews/WorkspacesLSR2MFP710/CITutorial/dev/MobileFirstServerConfig/servers/worklight/apps/analytics-service.war!/WEB-INF/lib/serializer-2.7.2.jar or its parent.
[1/18/16 22:00:41:794 CST] 0000002f m.ibm.ws.container.service.app.deploy.ManifestClassPathUtils W SRVE9967W: The manifest class path xercesImpl.jar can not be found in jar file wsjar:file:/Users/lsteck/ws/ews/WorkspacesLSR2MFP710/CITutorial/dev/MobileFirstServerConfig/servers/worklight/apps/analytics-service.war!/WEB-INF/lib/xalan-2.7.2.jar or its parent.
[1/18/16 22:00:41:794 CST] 0000002f m.ibm.ws.container.service.app.deploy.ManifestClassPathUtils W SRVE9967W: The manifest class path xml-apis.jar can not be found in jar file wsjar:file:/Users/lsteck/ws/ews/WorkspacesLSR2MFP710/CITutorial/dev/MobileFirstServerConfig/servers/worklight/apps/analytics-service.war!/WEB-INF/lib/xalan-2.7.2.jar or its parent.
[1/18/16 22:00:41:795 CST] 0000002f m.ibm.ws.container.service.app.deploy.ManifestClassPathUtils W SRVE9967W: The manifest class path serializer.jar can not be found in jar file wsjar:file:/Users/lsteck/ws/ews/WorkspacesLSR2MFP710/CITutorial/dev/MobileFirstServerConfig/servers/worklight/apps/analytics-service.war!/WEB-INF/lib/xalan-2.7.2.jar or its parent.
[1/18/16 22:00:41:815 CST] 0000002e com.ibm.ws.webcontainer.osgi.webapp.WebGroup                 I SRVE0169I: Loading Web Module: _MobileBrowserSimulator.
[1/18/16 22:00:41:818 CST] 0000002e com.ibm.ws.webcontainer                                      I SRVE0250I: Web Module _MobileBrowserSimulator has been bound to default_host.
[1/18/16 22:00:41:820 CST] 0000002e com.ibm.ws.http.internal.VirtualHostImpl                     A CWWKT0016I: Web application available (default_host): http://192.168.169.1:10080/_MobileBrowserSimulator/
[1/18/16 22:00:41:849 CST] 0000002b com.ibm.ws.webcontainer.osgi.webapp.WebGroup                 I SRVE0169I: Loading Web Module: analytics.
[1/18/16 22:00:41:850 CST] 0000002b com.ibm.ws.webcontainer                                      I SRVE0250I: Web Module analytics has been bound to default_host.
[1/18/16 22:00:41:850 CST] 0000002b com.ibm.ws.http.internal.VirtualHostImpl                     A CWWKT0016I: Web application available (default_host): http://192.168.169.1:10080/analytics/
[1/18/16 22:00:41:873 CST] 00000029 com.ibm.ws.webcontainer.osgi.webapp.WebGroup                 I SRVE0169I: Loading Web Module: IBMJMXConnectorREST.
[1/18/16 22:00:41:873 CST] 00000029 com.ibm.ws.webcontainer                                      I SRVE0250I: Web Module IBMJMXConnectorREST has been bound to default_host.
[1/18/16 22:00:41:873 CST] 00000029 com.ibm.ws.http.internal.VirtualHostImpl                     A CWWKT0016I: Web application available (default_host): http://192.168.169.1:10080/IBMJMXConnectorREST/
[1/18/16 22:00:41:874 CST] 00000029 com.ibm.ws.jmx.connector.server.rest.RESTAppListener         I CWWKX0103I: The JMX REST connector is running and is available at the following service URL: service:jmx:rest://192.168.169.1:10443/IBMJMXConnectorREST
[1/18/16 22:00:41:876 CST] 00000029 com.ibm.ws.jmx.connector.server.rest.RESTAppListener         I CWWKX0103I: The JMX REST connector is running and is available at the following service URL: service:jmx:rest://192.168.169.1:10443/IBMJMXConnectorREST
[1/18/16 22:00:41:993 CST] 00000030 com.ibm.ws.webcontainer.osgi.webapp.WebGroup                 I SRVE0169I: Loading Web Module: Worklight.
[1/18/16 22:00:41:995 CST] 0000002e com.ibm.ws.session.WASSessionCore                            I SESN8501I: The session manager did not find a persistent storage location; HttpSession objects will be stored in the local application server's memory.
[1/18/16 22:00:41:995 CST] 00000030 com.ibm.ws.webcontainer                                      I SRVE0250I: Web Module Worklight has been bound to default_host.
[1/18/16 22:00:41:996 CST] 00000030 com.ibm.ws.http.internal.VirtualHostImpl                     A CWWKT0016I: Web application available (default_host): http://192.168.169.1:10080/AdapterBasedAuth/
[1/18/16 22:00:42:004 CST] 0000002e com.ibm.ws.session.WASSessionCore                            I SESN0176I: A new session context will be created for application key default_host/_MobileBrowserSimulator
[1/18/16 22:00:42:004 CST] 0000002b com.ibm.ws.session.WASSessionCore                            I SESN0176I: A new session context will be created for application key default_host/analytics
[1/18/16 22:00:42:028 CST] 0000002e com.ibm.ws.util                                              I SESN0172I: The session manager is using the Java default SecureRandom implementation for session ID generation.
[1/18/16 22:00:42:049 CST] 0000002b com.ibm.ws.util                                              I SESN0172I: The session manager is using the Java default SecureRandom implementation for session ID generation.
[1/18/16 22:00:42:095 CST] 0000002e com.ibm.ws.jsp                                               I JSPG8502I: The value of the JSP attribute jdkSourceLevel is "15".
[1/18/16 22:00:42:096 CST] 0000002b com.ibm.ws.jsp                                               I JSPG8502I: The value of the JSP attribute jdkSourceLevel is "15".
[1/18/16 22:00:42:127 CST] 00000029 com.ibm.ws.session.WASSessionCore                            I SESN0176I: A new session context will be created for application key default_host/IBMJMXConnectorREST
[1/18/16 22:00:42:127 CST] 00000029 com.ibm.ws.util                                              I SESN0172I: The session manager is using the Java default SecureRandom implementation for session ID generation.
[1/18/16 22:00:42:167 CST] 0000002c m.ibm.ws.container.service.app.deploy.ManifestClassPathUtils W SRVE9967W: The manifest class path jaxb-api.jar can not be found in jar file wsjar:file:/Users/lsteck/ws/ews/WorkspacesLSR2MFP710/CITutorial/dev/MobileFirstServerConfig/servers/worklight/apps/worklight-management-ui.war!/WEB-INF/lib/jaxb-impl-2.1.12.osgi.jar or its parent.
[1/18/16 22:00:42:168 CST] 0000002c m.ibm.ws.container.service.app.deploy.ManifestClassPathUtils W SRVE9967W: The manifest class path activation.jar can not be found in jar file wsjar:file:/Users/lsteck/ws/ews/WorkspacesLSR2MFP710/CITutorial/dev/MobileFirstServerConfig/servers/worklight/apps/worklight-management-ui.war!/WEB-INF/lib/jaxb-impl-2.1.12.osgi.jar or its parent.
[1/18/16 22:00:42:168 CST] 0000002c m.ibm.ws.container.service.app.deploy.ManifestClassPathUtils W SRVE9967W: The manifest class path jsr173_1.0_api.jar can not be found in jar file wsjar:file:/Users/lsteck/ws/ews/WorkspacesLSR2MFP710/CITutorial/dev/MobileFirstServerConfig/servers/worklight/apps/worklight-management-ui.war!/WEB-INF/lib/jaxb-impl-2.1.12.osgi.jar or its parent.
[1/18/16 22:00:42:168 CST] 0000002c m.ibm.ws.container.service.app.deploy.ManifestClassPathUtils W SRVE9967W: The manifest class path jaxb1-impl.jar can not be found in jar file wsjar:file:/Users/lsteck/ws/ews/WorkspacesLSR2MFP710/CITutorial/dev/MobileFirstServerConfig/servers/worklight/apps/worklight-management-ui.war!/WEB-INF/lib/jaxb-impl-2.1.12.osgi.jar or its parent.
[1/18/16 22:00:42:171 CST] 0000002e com.ibm.ws.cache.CacheServiceImpl                            I DYNA1056I: Dynamic Cache (object cache) initialized successfully.
[1/18/16 22:00:42:251 CST] 0000002e com.ibm.ws.app.manager.AppMessageHelper                      A CWWKZ0001I: Application _MobileBrowserSimulator started in 0.804 seconds.
[1/18/16 22:00:42:314 CST] 0000002d m.ibm.ws.container.service.app.deploy.ManifestClassPathUtils W SRVE9967W: The manifest class path jaxb-api.jar can not be found in jar file wsjar:file:/Users/lsteck/ws/ews/WorkspacesLSR2MFP710/CITutorial/dev/MobileFirstServerConfig/servers/worklight/apps/worklight-management-service.war!/WEB-INF/lib/jaxb-impl-2.1.12.osgi.jar or its parent.
[1/18/16 22:00:42:314 CST] 0000002d m.ibm.ws.container.service.app.deploy.ManifestClassPathUtils W SRVE9967W: The manifest class path activation.jar can not be found in jar file wsjar:file:/Users/lsteck/ws/ews/WorkspacesLSR2MFP710/CITutorial/dev/MobileFirstServerConfig/servers/worklight/apps/worklight-management-service.war!/WEB-INF/lib/jaxb-impl-2.1.12.osgi.jar or its parent.
[1/18/16 22:00:42:314 CST] 0000002d m.ibm.ws.container.service.app.deploy.ManifestClassPathUtils W SRVE9967W: The manifest class path jsr173_1.0_api.jar can not be found in jar file wsjar:file:/Users/lsteck/ws/ews/WorkspacesLSR2MFP710/CITutorial/dev/MobileFirstServerConfig/servers/worklight/apps/worklight-management-service.war!/WEB-INF/lib/jaxb-impl-2.1.12.osgi.jar or its parent.
[1/18/16 22:00:42:315 CST] 0000002d m.ibm.ws.container.service.app.deploy.ManifestClassPathUtils W SRVE9967W: The manifest class path jaxb1-impl.jar can not be found in jar file wsjar:file:/Users/lsteck/ws/ews/WorkspacesLSR2MFP710/CITutorial/dev/MobileFirstServerConfig/servers/worklight/apps/worklight-management-service.war!/WEB-INF/lib/jaxb-impl-2.1.12.osgi.jar or its parent.
[1/18/16 22:00:42:349 CST] 0000002c m.ibm.ws.container.service.app.deploy.ManifestClassPathUtils W SRVE9967W: The manifest class path jaxb-api.jar can not be found in jar file wsjar:file:/Users/lsteck/ws/ews/WorkspacesLSR2MFP710/CITutorial/dev/MobileFirstServerConfig/servers/worklight/apps/worklight-management-ui.war!/WEB-INF/lib/jaxb-impl-2.1.12.osgi.jar or its parent.
[1/18/16 22:00:42:350 CST] 0000002c m.ibm.ws.container.service.app.deploy.ManifestClassPathUtils W SRVE9967W: The manifest class path activation.jar can not be found in jar file wsjar:file:/Users/lsteck/ws/ews/WorkspacesLSR2MFP710/CITutorial/dev/MobileFirstServerConfig/servers/worklight/apps/worklight-management-ui.war!/WEB-INF/lib/jaxb-impl-2.1.12.osgi.jar or its parent.
[1/18/16 22:00:42:350 CST] 0000002c m.ibm.ws.container.service.app.deploy.ManifestClassPathUtils W SRVE9967W: The manifest class path jsr173_1.0_api.jar can not be found in jar file wsjar:file:/Users/lsteck/ws/ews/WorkspacesLSR2MFP710/CITutorial/dev/MobileFirstServerConfig/servers/worklight/apps/worklight-management-ui.war!/WEB-INF/lib/jaxb-impl-2.1.12.osgi.jar or its parent.
[1/18/16 22:00:42:350 CST] 0000002c m.ibm.ws.container.service.app.deploy.ManifestClassPathUtils W SRVE9967W: The manifest class path jaxb1-impl.jar can not be found in jar file wsjar:file:/Users/lsteck/ws/ews/WorkspacesLSR2MFP710/CITutorial/dev/MobileFirstServerConfig/servers/worklight/apps/worklight-management-ui.war!/WEB-INF/lib/jaxb-impl-2.1.12.osgi.jar or its parent.
[1/18/16 22:00:42:759 CST] 00000029 apache.wink.server.internal.application.ApplicationProcessor I The following JAX-RS application has been processed: com.ibm.ws.jaxrs.webcontainer.JAXRSDefaultApplicationSubclassProxy
[1/18/16 22:00:42:761 CST] 00000029 org.apache.wink.server.internal.log.Resources                I The server has registered the JAX-RS resource class com.ibm.ws.jmx.connector.server.rest.resources.FileTransferRouterResource with @Path(/fileTransfer/router/{filePath}).
[1/18/16 22:00:42:761 CST] 00000029 org.apache.wink.server.internal.log.Resources                I The server has registered the JAX-RS resource class com.ibm.ws.jmx.connector.server.rest.resources.AttributeResource with @Path(/mbeans/{objectName}/attributes).
[1/18/16 22:00:42:761 CST] 00000029 org.apache.wink.server.internal.log.Resources                I The server has registered the JAX-RS resource class com.ibm.ws.jmx.connector.server.rest.resources.FileCollectionResource with @Path(/file/collection).
[1/18/16 22:00:42:761 CST] 00000029 org.apache.wink.server.internal.log.Resources                I The server has registered the JAX-RS resource class com.ibm.ws.jmx.connector.server.rest.resources.FileTransferResource with @Path(/fileTransfer/{filePath}).
[1/18/16 22:00:42:761 CST] 00000029 org.apache.wink.server.internal.log.Resources                I The server has registered the JAX-RS resource class com.ibm.ws.jmx.connector.server.rest.resources.NotificationResource with @Path(/notifications).
[1/18/16 22:00:42:762 CST] 00000029 org.apache.wink.server.internal.log.Resources                I The server has registered the JAX-RS resource class com.ibm.ws.jmx.connector.server.rest.resources.FileStatusResource with @Path(/file/status).
[1/18/16 22:00:42:762 CST] 00000029 org.apache.wink.server.internal.log.Resources                I The server has registered the JAX-RS resource class com.ibm.ws.jmx.connector.server.rest.resources.MBeanRouterResource with @Path(/router).
[1/18/16 22:00:42:762 CST] 00000029 org.apache.wink.server.internal.log.Resources                I The server has registered the JAX-RS resource class com.ibm.ws.jmx.connector.server.rest.resources.MBeanResource with @Path(/mbeans).
[1/18/16 22:00:42:762 CST] 00000029 org.apache.wink.server.internal.log.Resources                I The server has registered the JAX-RS resource class com.ibm.ws.jmx.connector.server.rest.resources.FileResource with @Path(/file/{filePath}).
[1/18/16 22:00:42:762 CST] 00000029 org.apache.wink.server.internal.log.Resources                I The server has registered the JAX-RS resource class com.ibm.ws.jmx.connector.server.rest.resources.JMXResource with @Path().
[1/18/16 22:00:42:765 CST] 00000029 org.apache.wink.server.internal.log.Providers                I The class com.ibm.ws.jmx.connector.server.rest.providers.JSONErrorOutputStreamProvider was registered as a JAX-RS MessageBodyWriter provider for com.ibm.ws.jmx.connector.server.rest.providers.JSONErrorOutputStream Java types and application/json media types.
[1/18/16 22:00:42:783 CST] 0000002d m.ibm.ws.container.service.app.deploy.ManifestClassPathUtils W SRVE9967W: The manifest class path jaxb-api.jar can not be found in jar file wsjar:file:/Users/lsteck/ws/ews/WorkspacesLSR2MFP710/CITutorial/dev/MobileFirstServerConfig/servers/worklight/apps/worklight-management-service.war!/WEB-INF/lib/jaxb-impl-2.1.12.osgi.jar or its parent.
[1/18/16 22:00:42:783 CST] 0000002d m.ibm.ws.container.service.app.deploy.ManifestClassPathUtils W SRVE9967W: The manifest class path activation.jar can not be found in jar file wsjar:file:/Users/lsteck/ws/ews/WorkspacesLSR2MFP710/CITutorial/dev/MobileFirstServerConfig/servers/worklight/apps/worklight-management-service.war!/WEB-INF/lib/jaxb-impl-2.1.12.osgi.jar or its parent.
[1/18/16 22:00:42:784 CST] 0000002d m.ibm.ws.container.service.app.deploy.ManifestClassPathUtils W SRVE9967W: The manifest class path jsr173_1.0_api.jar can not be found in jar file wsjar:file:/Users/lsteck/ws/ews/WorkspacesLSR2MFP710/CITutorial/dev/MobileFirstServerConfig/servers/worklight/apps/worklight-management-service.war!/WEB-INF/lib/jaxb-impl-2.1.12.osgi.jar or its parent.
[1/18/16 22:00:42:784 CST] 0000002d m.ibm.ws.container.service.app.deploy.ManifestClassPathUtils W SRVE9967W: The manifest class path jaxb1-impl.jar can not be found in jar file wsjar:file:/Users/lsteck/ws/ews/WorkspacesLSR2MFP710/CITutorial/dev/MobileFirstServerConfig/servers/worklight/apps/worklight-management-service.war!/WEB-INF/lib/jaxb-impl-2.1.12.osgi.jar or its parent.
[1/18/16 22:00:43:670 CST] 00000030 com.ibm.ws.session.WASSessionCore                            I SESN0176I: A new session context will be created for application key default_host/AdapterBasedAuth
[1/18/16 22:00:43:670 CST] 00000030 com.ibm.ws.util                                              I SESN0172I: The session manager is using the Java default SecureRandom implementation for session ID generation.
[1/18/16 22:00:43:671 CST] 00000030 com.ibm.ws.jsp                                               I JSPG8502I: The value of the JSP attribute jdkSourceLevel is "15".
[1/18/16 22:00:43:828 CST] 0000002f m.ibm.ws.container.service.app.deploy.ManifestClassPathUtils W SRVE9967W: The manifest class path xml-apis.jar can not be found in jar file wsjar:file:/Users/lsteck/ws/ews/WorkspacesLSR2MFP710/CITutorial/dev/MobileFirstServerConfig/servers/worklight/apps/analytics-service.war!/WEB-INF/lib/serializer-2.7.2.jar or its parent.
[1/18/16 22:00:43:855 CST] 0000002f m.ibm.ws.container.service.app.deploy.ManifestClassPathUtils W SRVE9967W: The manifest class path xercesImpl.jar can not be found in jar file wsjar:file:/Users/lsteck/ws/ews/WorkspacesLSR2MFP710/CITutorial/dev/MobileFirstServerConfig/servers/worklight/apps/analytics-service.war!/WEB-INF/lib/xalan-2.7.2.jar or its parent.
[1/18/16 22:00:43:855 CST] 0000002f m.ibm.ws.container.service.app.deploy.ManifestClassPathUtils W SRVE9967W: The manifest class path xml-apis.jar can not be found in jar file wsjar:file:/Users/lsteck/ws/ews/WorkspacesLSR2MFP710/CITutorial/dev/MobileFirstServerConfig/servers/worklight/apps/analytics-service.war!/WEB-INF/lib/xalan-2.7.2.jar or its parent.
[1/18/16 22:00:43:856 CST] 0000002f m.ibm.ws.container.service.app.deploy.ManifestClassPathUtils W SRVE9967W: The manifest class path serializer.jar can not be found in jar file wsjar:file:/Users/lsteck/ws/ews/WorkspacesLSR2MFP710/CITutorial/dev/MobileFirstServerConfig/servers/worklight/apps/analytics-service.war!/WEB-INF/lib/xalan-2.7.2.jar or its parent.
[1/18/16 22:00:44:104 CST] 0000002f com.ibm.ws.webcontainer.osgi.webapp.WebGroup                 I SRVE0169I: Loading Web Module: analytics.
[1/18/16 22:00:44:104 CST] 0000002f com.ibm.ws.webcontainer                                      I SRVE0250I: Web Module analytics has been bound to default_host.
[1/18/16 22:00:44:118 CST] 0000002f com.ibm.ws.http.internal.VirtualHostImpl                     A CWWKT0016I: Web application available (default_host): http://192.168.169.1:10080/analytics-service/
[1/18/16 22:00:44:120 CST] 0000002f com.ibm.ws.session.WASSessionCore                            I SESN0176I: A new session context will be created for application key default_host/analytics-service
[1/18/16 22:00:44:120 CST] 0000002f com.ibm.ws.util                                              I SESN0172I: The session manager is using the Java default SecureRandom implementation for session ID generation.
[1/18/16 22:00:44:123 CST] 0000002f com.ibm.ws.jsp                                               I JSPG8502I: The value of the JSP attribute jdkSourceLevel is "15".
[1/18/16 22:00:44:426 CST] 00000029 com.ibm.ws.webcontainer.servlet                              I SRVE0242I: [com.ibm.ws.jmx.connector.server.rest] [/IBMJMXConnectorREST] [MBeanServerConnector]: Initialization successful.
[1/18/16 22:00:45:643 CST] 0000002b com.ibm.ws.webcontainer.servlet                              I SRVE0242I: [AnalyticsUI] [/analytics] [utilityServlet]: Initialization successful.
[1/18/16 22:00:45:647 CST] 0000002b com.ibm.ws.webcontainer.servlet                              I SRVE0242I: [AnalyticsUI] [/analytics] [servicesServlet]: Initialization successful.
[1/18/16 22:00:45:647 CST] 0000002b com.ibm.ws.app.manager.AppMessageHelper                      A CWWKZ0001I: Application AnalyticsUI started in 4.200 seconds.
[1/18/16 22:00:46:214 CST] 00000030 com.worklight.common.util.JNDIFromPropertiesUtil             I Using JNDI configuration conf/jndi/default.properties
[1/18/16 22:00:46:381 CST] 0000002c com.ibm.ws.webcontainer.osgi.webapp.WebGroup                 I SRVE0169I: Loading Web Module: Worklight Console.
[1/18/16 22:00:46:383 CST] 0000002c com.ibm.ws.webcontainer                                      I SRVE0250I: Web Module Worklight Console has been bound to default_host.
[1/18/16 22:00:46:383 CST] 0000002c com.ibm.ws.http.internal.VirtualHostImpl                     A CWWKT0016I: Web application available (default_host): http://192.168.169.1:10080/worklightconsole/
[1/18/16 22:00:46:424 CST] 00000030 com.worklight.server.bundle.project.JeeProjectActivator      I FWLST0024I: Scanning jar: jar:file:/Users/lsteck/ws/ews/WorkspacesLSR2MFP710/CITutorial/dev/MobileFirstServerConfig/shared/resources/worklight-jee-library-7.1.0.jar!/conf/db.default.properties  [project AdapterBasedAuth]
[1/18/16 22:00:46:424 CST] 00000030 com.worklight.server.bundle.project.JeeProjectActivator      I FWLST0024I: Scanning jar: jar:file:/Users/lsteck/ws/ews/WorkspacesLSR2MFP710/CITutorial/dev/MobileFirstServerConfig/shared/resources/worklight-jee-library-7.1.0.jar!/conf/worklight.properties  [project AdapterBasedAuth]
[1/18/16 22:00:46:425 CST] 00000030 com.worklight.server.bundle.project.JeeProjectActivator      I FWLST0024I: Scanning jar: jar:file:/Users/lsteck/ws/ews/WorkspacesLSR2MFP710/CITutorial/dev/MobileFirstServerConfig/servers/worklight/apps/AdapterBasedAuth.war!/WEB-INF/classes/conf/worklight.properties  [project AdapterBasedAuth]
[1/18/16 22:00:46:449 CST] 0000002c com.ibm.ws.session.WASSessionCore                            I SESN0176I: A new session context will be created for application key default_host/worklightconsole
[1/18/16 22:00:46:449 CST] 0000002c com.ibm.ws.util                                              I SESN0172I: The session manager is using the Java default SecureRandom implementation for session ID generation.
[1/18/16 22:00:46:449 CST] 0000002c com.ibm.ws.jsp                                               I JSPG8502I: The value of the JSP attribute jdkSourceLevel is "15".
[1/18/16 22:00:46:519 CST] 0000002c com.ibm.ws.webcontainer.servlet                              I SRVE0242I: [WorklightConsole] [/worklightconsole] [localeServlet]: Initialization successful.
[1/18/16 22:00:46:520 CST] 0000002c com.ibm.ws.webcontainer.servlet                              I SRVE0242I: [WorklightConsole] [/worklightconsole] [servicesServlet]: Initialization successful.
[1/18/16 22:00:46:523 CST] 0000002c com.ibm.ws.app.manager.AppMessageHelper                      A CWWKZ0001I: Application WorklightConsole started in 5.075 seconds.
[1/18/16 22:00:46:621 CST] 00000030 com.worklight.server.bundle.api.WorklightConfiguration       I FWLSE4006I: IBM MobileFirst Platform Studio is running in 'development' mode. [project AdapterBasedAuth]
[1/18/16 22:00:46:634 CST] 00000030 .worklight.server.bundle.project.ProjectConfigurationFactory W Using empty value for configuration property 'wl.analytics.logs.packages'
[1/18/16 22:00:46:642 CST] 00000039 com.worklight.server.bundle.project.JeeProjectActivator      I FWLST0022I: Worklight project async start = true
[1/18/16 22:00:46:845 CST] 00000039 com.worklight.server.bundle.project.JeeProjectActivator      I FWLST0001I: Worklight home folder is /Users/lsteck/ws/ews/WorkspacesLSR2MFP710/CITutorial/dev/MobileFirstServerConfig/servers/worklight/workarea/org.eclipse.osgi/84/data/temp/default_node/SMF_WebContainer/AdapterBasedAuth/AdapterBasedAuth [project AdapterBasedAuth]
[1/18/16 22:00:46:993 CST] 00000039 ingframework.context.support.FileSystemXmlApplicationContext I Refreshing org.springframework.context.support.FileSystemXmlApplicationContext@7a0f7503: startup date [Mon Jan 18 22:00:46 CST 2016]; root of context hierarchy
[1/18/16 22:00:47:039 CST] 00000030 apache.wink.server.internal.application.ApplicationProcessor I The following JAX-RS application has been processed: com.ibm.ws.jaxrs.webcontainer.JAXRSDefaultApplicationSubclassProxy
[1/18/16 22:00:47:040 CST] 00000030 org.apache.wink.server.internal.log.Resources                I The server has registered the JAX-RS resource class com.worklight.authorization.endpoint.validation.TokenValidationEndpoint with @Path(/v1/token/validation).
[1/18/16 22:00:47:040 CST] 00000030 org.apache.wink.server.internal.log.Resources                I The server has registered the JAX-RS resource class com.worklight.authorization.endpoint.registration.AppInstanceRegistrationEndpoint with @Path(/v1/clients/instance/).
[1/18/16 22:00:47:040 CST] 00000030 org.apache.wink.server.internal.log.Resources                I The server has registered the JAX-RS resource class com.worklight.authorization.endpoint.registration.PreviewRegistrationEndpoint with @Path(/v1/clients/preview/).
[1/18/16 22:00:47:040 CST] 00000030 org.apache.wink.server.internal.log.Resources                I The server has registered the JAX-RS resource class com.worklight.authorization.endpoint.authorization.AuthorizationEndpoint with @Path(/v1/authorization).
[1/18/16 22:00:47:040 CST] 00000030 org.apache.wink.server.internal.log.Resources                I The server has registered the JAX-RS resource class com.worklight.authorization.endpoint.publickey.PublicKeyEndpoint with @Path(/v1/publickey).
[1/18/16 22:00:47:041 CST] 00000030 org.apache.wink.server.internal.log.Resources                I The server has registered the JAX-RS resource class com.worklight.authorization.endpoint.testtoken.TestTokenEndpoint with @Path(/v1/testtoken).
[1/18/16 22:00:47:041 CST] 00000030 org.apache.wink.server.internal.log.Resources                I The server has registered the JAX-RS resource class com.worklight.authorization.endpoint.token.TokenEndpoint with @Path(/v1/token).
[1/18/16 22:00:47:041 CST] 00000030 org.apache.wink.server.internal.log.Providers                I There are no custom JAX-RS providers defined in the application.
[1/18/16 22:00:47:111 CST] 00000039 rg.springframework.beans.factory.xml.XmlBeanDefinitionReader I Loading XML bean definitions from URL [wsjar:file:/Users/lsteck/ws/ews/WorkspacesLSR2MFP710/CITutorial/dev/MobileFirstServerConfig/shared/resources/worklight-jee-library-7.1.0.jar!/conf/spring-server-core.xml]
[1/18/16 22:00:47:219 CST] 00000030 com.ibm.ws.webcontainer.servlet                              I SRVE0242I: [AdapterBasedAuth] [/AdapterBasedAuth] [OAuthAuthorizationServer]: Initialization successful.
[1/18/16 22:00:47:372 CST] 00000030 apache.wink.server.internal.application.ApplicationProcessor I The following JAX-RS application has been processed: com.ibm.ws.jaxrs.webcontainer.JAXRSDefaultApplicationSubclassProxy
[1/18/16 22:00:47:373 CST] 00000030 org.apache.wink.server.internal.log.Resources                I The server has registered the JAX-RS resource class com.ibm.pushworks.server.rest.resources.PushResourceRouter with @Path(/).
[1/18/16 22:00:47:373 CST] 00000030 org.apache.wink.server.internal.log.Providers                I The class com.fasterxml.jackson.jaxrs.json.JacksonJsonProvider was registered as a JAX-RS MessageBodyReader provider for all Java types and */* media types.
[1/18/16 22:00:47:373 CST] 00000030 org.apache.wink.server.internal.log.Providers                I The class com.fasterxml.jackson.jaxrs.json.JacksonJsonProvider was registered as a JAX-RS MessageBodyWriter provider for all Java types and */* media types.
[1/18/16 22:00:47:374 CST] 00000030 org.apache.wink.server.internal.log.Providers                I The class com.ibm.pushworks.server.rest.response.PushWorksServerExceptionWriter was registered as a JAX-RS ExceptionMapper provider for com.ibm.pushworks.server.exceptions.PushWorksException Java types.
[1/18/16 22:00:47:398 CST] 00000030 com.ibm.ws.webcontainer.servlet                              I SRVE0242I: [AdapterBasedAuth] [/AdapterBasedAuth] [PushWorksApplication]: Initialization successful.
[1/18/16 22:00:47:436 CST] 00000039 rg.springframework.beans.factory.xml.XmlBeanDefinitionReader I Loading XML bean definitions from URL [wsjar:file:/Users/lsteck/ws/ews/WorkspacesLSR2MFP710/CITutorial/dev/MobileFirstServerConfig/shared/resources/worklight-jee-library-7.1.0.jar!/conf/core.xml]
[1/18/16 22:00:47:445 CST] 00000030 apache.wink.server.internal.application.ApplicationProcessor I The following JAX-RS application has been processed: com.ibm.ws.jaxrs.webcontainer.JAXRSDefaultApplicationSubclassProxy
[1/18/16 22:00:47:446 CST] 00000030 org.apache.wink.server.internal.log.Resources                I The server has registered the JAX-RS resource class com.worklight.oauth.TokenValidationEndpoint with @Path(/validation).
[1/18/16 22:00:47:446 CST] 00000030 org.apache.wink.server.internal.log.Resources                I The server has registered the JAX-RS resource class com.worklight.oauth.TokenEndpoint with @Path(/token).
[1/18/16 22:00:47:446 CST] 00000030 org.apache.wink.server.internal.log.Providers                I There are no custom JAX-RS providers defined in the application.
[1/18/16 22:00:47:467 CST] 00000030 com.ibm.ws.webcontainer.servlet                              I SRVE0242I: [AdapterBasedAuth] [/AdapterBasedAuth] [AuthorizationServer]: Initialization successful.
[1/18/16 22:00:47:483 CST] 00000030 com.ibm.ws.app.manager.AppMessageHelper                      A CWWKZ0001I: Application AdapterBasedAuth started in 6.036 seconds.
[1/18/16 22:00:47:495 CST] 00000039 rg.springframework.beans.factory.xml.XmlBeanDefinitionReader I Loading XML bean definitions from URL [wsjar:file:/Users/lsteck/ws/ews/WorkspacesLSR2MFP710/CITutorial/dev/MobileFirstServerConfig/shared/resources/worklight-jee-library-7.1.0.jar!/conf/integration.xml]
[1/18/16 22:00:47:513 CST] 00000039 rg.springframework.beans.factory.xml.XmlBeanDefinitionReader I Loading XML bean definitions from URL [wsjar:file:/Users/lsteck/ws/ews/WorkspacesLSR2MFP710/CITutorial/dev/MobileFirstServerConfig/shared/resources/worklight-jee-library-7.1.0.jar!/conf/gadgets.xml]
[1/18/16 22:00:47:538 CST] 00000039 rg.springframework.beans.factory.xml.XmlBeanDefinitionReader I Loading XML bean definitions from URL [wsjar:file:/Users/lsteck/ws/ews/WorkspacesLSR2MFP710/CITutorial/dev/MobileFirstServerConfig/shared/resources/worklight-jee-library-7.1.0.jar!/conf/pushworks.xml]
[1/18/16 22:00:47:552 CST] 00000039 ngframework.beans.factory.support.DefaultListableBeanFactory I Overriding bean definition for bean 'gadgetCustomizedResourcesRoot': replacing [Generic bean: class [com.worklight.core.util.WorkingDirectory]; scope=; abstract=false; lazyInit=false; autowireMode=0; dependencyCheck=0; autowireCandidate=true; primary=false; factoryBeanName=null; factoryMethodName=null; initMethodName=null; destroyMethodName=null; defined in URL [wsjar:file:/Users/lsteck/ws/ews/WorkspacesLSR2MFP710/CITutorial/dev/MobileFirstServerConfig/shared/resources/worklight-jee-library-7.1.0.jar!/conf/gadgets.xml]] with [Generic bean: class [com.worklight.core.util.WorkingDirectory]; scope=; abstract=false; lazyInit=false; autowireMode=0; dependencyCheck=0; autowireCandidate=true; primary=false; factoryBeanName=null; factoryMethodName=null; initMethodName=null; destroyMethodName=null; defined in URL [wsjar:file:/Users/lsteck/ws/ews/WorkspacesLSR2MFP710/CITutorial/dev/MobileFirstServerConfig/shared/resources/worklight-jee-library-7.1.0.jar!/conf/spring-server-core.xml]]
[1/18/16 22:00:47:553 CST] 00000039 ngframework.beans.factory.support.DefaultListableBeanFactory I Overriding bean definition for bean 'gadgetResourcesRoot': replacing [Generic bean: class [com.worklight.core.util.WorkingDirectory]; scope=; abstract=false; lazyInit=false; autowireMode=0; dependencyCheck=0; autowireCandidate=true; primary=false; factoryBeanName=null; factoryMethodName=null; initMethodName=null; destroyMethodName=null; defined in URL [wsjar:file:/Users/lsteck/ws/ews/WorkspacesLSR2MFP710/CITutorial/dev/MobileFirstServerConfig/shared/resources/worklight-jee-library-7.1.0.jar!/conf/gadgets.xml]] with [Generic bean: class [com.worklight.core.util.WorkingDirectory]; scope=; abstract=false; lazyInit=false; autowireMode=0; dependencyCheck=0; autowireCandidate=true; primary=false; factoryBeanName=null; factoryMethodName=null; initMethodName=null; destroyMethodName=null; defined in URL [wsjar:file:/Users/lsteck/ws/ews/WorkspacesLSR2MFP710/CITutorial/dev/MobileFirstServerConfig/shared/resources/worklight-jee-library-7.1.0.jar!/conf/spring-server-core.xml]]
[1/18/16 22:00:47:563 CST] 00000039 rg.springframework.beans.factory.xml.XmlBeanDefinitionReader I Loading XML bean definitions from URL [wsjar:file:/Users/lsteck/ws/ews/WorkspacesLSR2MFP710/CITutorial/dev/MobileFirstServerConfig/shared/resources/worklight-jee-library-7.1.0.jar!/conf/jpa.xml]
[1/18/16 22:00:48:156 CST] 0000002d com.ibm.ws.webcontainer.osgi.webapp.WebGroup                 I SRVE0169I: Loading Web Module: Worklight Administration Services.
[1/18/16 22:00:48:156 CST] 0000002d com.ibm.ws.webcontainer                                      I SRVE0250I: Web Module Worklight Administration Services has been bound to default_host.
[1/18/16 22:00:48:156 CST] 0000002d com.ibm.ws.http.internal.VirtualHostImpl                     A CWWKT0016I: Web application available (default_host): http://192.168.169.1:10080/worklightadmin/
[1/18/16 22:00:48:257 CST] 0000002d com.ibm.ws.injectionengine.AbstractInjectionEngine           W CWNEN0070W: The javax.ws.rs.HeaderParam annotation class will not be recognized because it was loaded from the null location rather than from a product class loader.
[1/18/16 22:00:48:262 CST] 0000002d com.ibm.ws.injectionengine.AbstractInjectionEngine           W CWNEN0070W: The javax.ws.rs.QueryParam annotation class will not be recognized because it was loaded from the null location rather than from a product class loader.
[1/18/16 22:00:48:263 CST] 0000002d com.ibm.ws.injectionengine.AbstractInjectionEngine           W CWNEN0070W: The javax.ws.rs.core.Context annotation class will not be recognized because it was loaded from the null location rather than from a product class loader.
[1/18/16 22:00:48:263 CST] 0000002d com.ibm.ws.injectionengine.AbstractInjectionEngine           W CWNEN0070W: The javax.ws.rs.CookieParam annotation class will not be recognized because it was loaded from the null location rather than from a product class loader.
[1/18/16 22:00:48:264 CST] 0000002d com.ibm.ws.injectionengine.AbstractInjectionEngine           W CWNEN0070W: The javax.ws.rs.PathParam annotation class will not be recognized because it was loaded from the null location rather than from a product class loader.
[1/18/16 22:00:48:265 CST] 0000002d com.ibm.ws.injectionengine.AbstractInjectionEngine           W CWNEN0070W: The javax.ws.rs.MatrixParam annotation class will not be recognized because it was loaded from the null location rather than from a product class loader.
[1/18/16 22:00:48:348 CST] 0000002d com.ibm.ws.session.WASSessionCore                            I SESN0176I: A new session context will be created for application key default_host/worklightadmin
[1/18/16 22:00:48:349 CST] 0000002d com.ibm.ws.util                                              I SESN0172I: The session manager is using the Java default SecureRandom implementation for session ID generation.
[1/18/16 22:00:48:350 CST] 0000002d com.ibm.ws.jsp                                               I JSPG8502I: The value of the JSP attribute jdkSourceLevel is "15".
[1/18/16 22:00:48:880 CST] 0000002d com.ibm.ws.webcontainer.webapp                               I SRVE0292I: Servlet Message - [worklight-management-service]:.No Spring WebApplicationInitializer types detected on classpath
[1/18/16 22:00:48:959 CST] 0000002d com.ibm.ws.webcontainer.webapp                               I SRVE0292I: Servlet Message - [worklight-management-service]:.Initializing Spring root WebApplicationContext
[1/18/16 22:00:48:960 CST] 0000002d org.springframework.web.context.ContextLoader                I Root WebApplicationContext: initialization started
[1/18/16 22:00:49:040 CST] 00000039 com.worklight.server.database.api.WorklightDataSource        I FWLSE0187I: jdbc/WorklightReportsDS data source is disabled. No connection opened.  [project AdapterBasedAuth]
[1/18/16 22:00:49:088 CST] 00000039 ringframework.orm.jpa.LocalContainerEntityManagerFactoryBean I Building JPA container EntityManagerFactory for persistence unit 'WorklightReportsPU'
[1/18/16 22:00:49:092 CST] 0000002d springframework.web.context.support.XmlWebApplicationContext I Refreshing Root WebApplicationContext: startup date [Mon Jan 18 22:00:49 CST 2016]; root of context hierarchy
[1/18/16 22:00:49:168 CST] 0000002d rg.springframework.beans.factory.xml.XmlBeanDefinitionReader I Loading XML bean definitions from ServletContext resource [/WEB-INF/spring-management-service.xml]
[1/18/16 22:00:49:259 CST] 0000002d ngframework.beans.factory.support.DefaultListableBeanFactory I Pre-instantiating singletons in org.springframework.beans.factory.support.DefaultListableBeanFactory@125eaa7e: defining beans [registrationServiceFactory]; root of factory hierarchy
[1/18/16 22:00:49:331 CST] 0000002d com.ibm.worklight.admin.common.util.ContextPropertyUtil      I Resource conf/jndi/default.properties not found. This is not an error. Context path is /worklightadmin
[1/18/16 22:00:49:332 CST] 0000002d com.ibm.worklight.admin.datastore.DataStoreUtil              I Read properties file. allProperties: {ibm.worklight.admin.db.jndi.name=java:comp/env/jdbc/WorklightAdminDS}
[1/18/16 22:00:49:382 CST] 0000002d com.ibm.worklight.admin.datastore.DataStoreUtil              I Handling propName=ibm.worklight.admin.db.jndi.name propValue=java:comp/env/jdbc/WorklightAdminDS
[1/18/16 22:00:49:383 CST] 0000002d com.ibm.worklight.admin.datastore.DataStoreUtil              I Handling propName=ibm.worklight.admin.db.openjpa.Log propValue=
[1/18/16 22:00:49:383 CST] 0000002d com.ibm.worklight.admin.datastore.DataStoreUtil              I Handling propName=ibm.worklight.admin.db.type propValue=
[1/18/16 22:00:49:470 CST] 00000039 SystemErr                                                    R 40  WorklightReportsPU  WARN   [Worklight runtime initialization for context=/AdapterBasedAuth] openjpa.Runtime - An error occurred while registering a ClassTransformer with PersistenceUnitInfo: name 'WorklightReportsPU', root URL [file:/Users/lsteck/ws/ews/WorkspacesLSR2MFP710/CITutorial/dev/MobileFirstServerConfig/shared/resources/worklight-jee-library-7.1.0.jar]. The error has been consumed. To see it, set your openjpa.Runtime log level to TRACE. Load-time class transformation will not be available.
[1/18/16 22:00:49:590 CST] 0000002d com.ibm.ws.recoverylog.spi.RecoveryDirectorImpl              I CWRLS0010I: Performing recovery processing for local WebSphere server (Cell\Node\Server).
[1/18/16 22:00:49:659 CST] 0000002d com.ibm.ws.recoverylog.spi.RecoveryDirectorImpl              I CWRLS0012I: All persistent services have been directed to perform recovery processing for this WebSphere server (Cell\Node\Server).
[1/18/16 22:00:49:659 CST] 0000003e com.ibm.tx.jta.impl.RecoveryManager                          I WTRN0135I: Transaction service recovering no transactions.
[1/18/16 22:00:50:168 CST] 00000039 hsqldb.db.HSQLDB52580AD1C9.ENGINE                            I Checkpoint start
[1/18/16 22:00:50:168 CST] 00000039 hsqldb.db.HSQLDB52580AD1C9.ENGINE                            I checkpointClose start
[1/18/16 22:00:50:175 CST] 00000039 hsqldb.db.HSQLDB52580AD1C9.ENGINE                            I checkpointClose end
[1/18/16 22:00:50:180 CST] 00000039 hsqldb.db.HSQLDB52580AD1C9.ENGINE                            I Checkpoint end
[1/18/16 22:00:50:246 CST] 00000039 ringframework.orm.jpa.LocalContainerEntityManagerFactoryBean I Building JPA container EntityManagerFactory for persistence unit 'WorklightPU'
[1/18/16 22:00:50:253 CST] 00000039 SystemErr                                                    R 1  WorklightPU  WARN   [Worklight runtime initialization for context=/AdapterBasedAuth] openjpa.Runtime - An error occurred while registering a ClassTransformer with PersistenceUnitInfo: name 'WorklightPU', root URL [file:/Users/lsteck/ws/ews/WorkspacesLSR2MFP710/CITutorial/dev/MobileFirstServerConfig/shared/resources/worklight-jee-library-7.1.0.jar]. The error has been consumed. To see it, set your openjpa.Runtime log level to TRACE. Load-time class transformation will not be available.
[1/18/16 22:00:50:254 CST] 00000039 ngframework.beans.factory.support.DefaultListableBeanFactory I Pre-instantiating singletons in org.springframework.beans.factory.support.DefaultListableBeanFactory@1a2da37d: defining beans [org.springframework.context.annotation.internalConfigurationAnnotationProcessor,org.springframework.context.annotation.internalAutowiredAnnotationProcessor,org.springframework.context.annotation.internalRequiredAnnotationProcessor,org.springframework.context.annotation.internalCommonAnnotationProcessor,org.springframework.context.annotation.internalPersistenceAnnotationProcessor,mailingService,WorkLightNotice,rssBrokerUtils,audit,GenericDAOFactory,GenericDAO,clusterSynchronizationDAOFactory,clusterSynchronizationDAO,taskCoordinator,taskManager,worklightAuthenticationService,loginConfigurationServiceBean,protectedResourceFactory,ssoDAOFactory,ssoDAO,ssoExpiredLoginContextsCleanupTask,keyStoreManager,authorizationServer,OAuthValidator,OAuthValidationFilter,authorizationStore,OAuthInternalFilter,JAXRSSandboxFactory,AdapterResourceFactory,wlServerAPI,securityAPI,adaptersAPI,configurationAPI,pushAPI,analyticsAPI,winkFrameworkSharedClassLoader,dataAccessService,shellResourcesService,analyticsService,coreServiceManager,adapterManager,nodeProcessManager,adapterManagementService,factProcessingTask,PlatformUsageProcessingTask,notificationCleanupTask,WSSecurityService,cloudantDatabaseFactory,cloudantDb,cloudantConnectorFactory,gadgetDAOFactory,gadgetDAO,userPrefDAOFactory,userPrefDAO,deviceDAOFactory,deviceDAO,licenseTermsDAOFactory,licenseTermsDAO,clientInstanceDAOFactory,clientInstanceDAO,licenseTermsAddressableDeviceDAOFactory,licenseTermsAddressableDeviceDAO,AttributeStoreDAOFactory,attributeStoreDAO,platformUsageService,configProfileService,gfwProps,gadgetEnvironmentManager,gadgetResourcesRoot,gadgetCustomizedResourcesRoot,applicationMetadataService,applicationManagementService,beaconService,notificationsSimulationManager,pushServiceListener,PushService,reportService,reportsDS,reportsBrokerDS,reportsSessionFactory,gadgetReportsDAO,notificationReportsDao,gadgetReportsService,analyticsFactService,analyticsSDKProvider,analyticsSDK,nodeInfo,registrationService,runtimeTransactionHandler,projectSyncService,xsConfiguration,attributeStoreFactory,attributeStoreDBCleanupTask,classCache,txManager,worklight-direct,rssBrokerDS,brokerSessionFactory,org.springframework.context.annotation.ConfigurationClassPostProcessor.importAwareProcessor]; root of factory hierarchy
[1/18/16 22:00:50:548 CST] 00000039 com.worklight.server.bundle.project.JeeProjectActivator      I FWLST0024I: Scanning jar: jar:file:/Users/lsteck/ws/ews/WorkspacesLSR2MFP710/CITutorial/dev/MobileFirstServerConfig/shared/resources/worklight-jee-library-7.1.0.jar!/conf/authenticationConfig.xml  [project AdapterBasedAuth]
[1/18/16 22:00:50:614 CST] 00000039 com.worklight.server.bundle.project.JeeProjectActivator      I FWLST0024I: Scanning jar: jar:file:/Users/lsteck/ws/ews/WorkspacesLSR2MFP710/CITutorial/dev/MobileFirstServerConfig/servers/worklight/apps/AdapterBasedAuth.war!/WEB-INF/classes/conf/authenticationConfig.xml  [project AdapterBasedAuth]
[1/18/16 22:00:50:873 CST] 0000002d com.ibm.ws.rsadapter.spi.InternalGenericDataStoreHelper      I DSRA8203I: Database product name : Apache Derby
[1/18/16 22:00:50:878 CST] 0000002d com.ibm.ws.rsadapter.spi.InternalGenericDataStoreHelper      I DSRA8204I: Database product version : 10.8.2.2 - (1181258)
[1/18/16 22:00:50:878 CST] 0000002d com.ibm.ws.rsadapter.spi.InternalGenericDataStoreHelper      I DSRA8205I: JDBC driver name  : Apache Derby Embedded JDBC Driver
[1/18/16 22:00:50:879 CST] 0000002d com.ibm.ws.rsadapter.spi.InternalGenericDataStoreHelper      I DSRA8206I: JDBC driver version  : 10.8.2.2 - (1181258)
[1/18/16 22:00:50:921 CST] 0000002d com.ibm.worklight.admin.jpa.datastore.JPAStore               I Creating EntityManagerFactory for persistence-unit=WorklightManagementPU-derby with properties: {openjpa.ConnectionFactory=com.ibm.ws.rsadapter.jdbc.WSJdbcDataSource@74ea0e4a, openjpa.jdbc.SynchronizeMappings=buildSchema(SchemaAction='add'), openjpa.ProxyManager=com.ibm.worklight.admin.jpa.CustomProxyManager}
[1/18/16 22:00:51:121 CST] 00000039 com.worklight.server.bundle.project.JeeProjectActivator      I FWLST0024I: Scanning jar: jar:file:/Users/lsteck/ws/ews/WorkspacesLSR2MFP710/CITutorial/dev/MobileFirstServerConfig/servers/worklight/apps/AdapterBasedAuth.war!/WEB-INF/classes/conf/default.keystore  [project AdapterBasedAuth]
[1/18/16 22:00:51:140 CST] 00000039 com.worklight.server.bundle.project.JeeProjectActivator      I FWLST0024I: Scanning jar: jar:file:/Users/lsteck/ws/ews/WorkspacesLSR2MFP710/CITutorial/dev/MobileFirstServerConfig/shared/resources/worklight-jee-library-7.1.0.jar!/conf/wl-default.jks  [project AdapterBasedAuth]
[1/18/16 22:00:51:272 CST] 00000039 SystemErr                                                    R 1020  WorklightPU  INFO   [Worklight runtime initialization for context=/AdapterBasedAuth] openjpa.Runtime - Starting OpenJPA 1.2.2
[1/18/16 22:00:51:341 CST] 0000002d com.worklight.common.util.JNDIUtils                          I Resource conf/jndi/default.properties not found. This is not an error. Context path is __globalscope__
[1/18/16 22:00:51:383 CST] 00000039 SystemErr                                                    R 1131  WorklightPU  INFO   [Worklight runtime initialization for context=/AdapterBasedAuth] openjpa.jdbc.JDBC - Using dictionary class "org.apache.openjpa.jdbc.sql.HSQLDictionary".
[1/18/16 22:00:51:397 CST] 0000002d com.worklight.common.util.jmx.LibertyJMXRegister             I FWLSE2008I: MBean registration succeeded for: com.worklight.common.server.jmx.api:type=WorklightAdmin,qualifier=worklightadmin
[1/18/16 22:00:51:406 CST] 0000002d SystemErr                                                    R 156  WorklightManagementPU-derby  INFO   [LargeThreadPool-thread-13] openjpa.Runtime - Starting OpenJPA 1.2.2
[1/18/16 22:00:51:535 CST] 0000002d SystemErr                                                    R 285  WorklightManagementPU-derby  INFO   [LargeThreadPool-thread-13] openjpa.jdbc.JDBC - Using dictionary class "org.apache.openjpa.jdbc.sql.DerbyDictionary" (Apache Derby 10.8.2.2 - (1181258) ,Apache Derby Embedded JDBC Driver 10.8.2.2 - (1181258)).
[1/18/16 22:00:53:415 CST] 0000002d SystemErr                                                    R 2165  WorklightManagementPU-derby  INFO   [LargeThreadPool-thread-13] openjpa.Runtime - Though you are using optimistic transactions, OpenJPA is now beginning a datastore transaction because you have requested a lock on some data.
[1/18/16 22:00:53:463 CST] 0000002d SystemErr                                                    R 2213  WorklightManagementPU-derby  INFO   [LargeThreadPool-thread-13] openjpa.Runtime - Though you are using optimistic transactions, OpenJPA is now beginning a datastore transaction because you have requested a lock on some data.
[1/18/16 22:00:53:476 CST] 0000002d org.springframework.web.context.ContextLoader                I Root WebApplicationContext: initialization completed in 4516 ms
[1/18/16 22:00:53:489 CST] 0000002d ht.admin.listeners.WorklightManagementServletContextListener I MobileFirst Administration Services servlet context listener initialized
[1/18/16 22:00:53:489 CST] 0000002d ht.admin.listeners.WorklightManagementServletContextListener I FWLSE3199I: ========= MobileFirst Administration Services version 7.1.0.00-20151023-1441 started.
[1/18/16 22:00:53:536 CST] 0000002d org.apache.wink.server.internal.servlet.RestServlet          I The system is using the com.ibm.worklight.admin.services.ManagementServiceServlet JAX-RS application class that is named in the javax.ws.rs.Application init-param initialization parameter.
[1/18/16 22:00:53:638 CST] 0000002d apache.wink.server.internal.application.ApplicationProcessor I The following JAX-RS application has been processed: com.ibm.worklight.admin.services.ManagementServiceServlet
[1/18/16 22:00:53:640 CST] 0000002d org.apache.wink.server.internal.log.Resources                I The server has registered the JAX-RS resource class com.ibm.worklight.admin.services.ManagementService with @Path(/).
[1/18/16 22:00:53:643 CST] 0000002d org.apache.wink.server.internal.log.Providers                I The class com.ibm.worklight.admin.util.ByteArrayWorkaroundProvider was registered as a JAX-RS MessageBodyReader provider for com.ibm.worklight.admin.util.ByteArrayWorkaround Java types and */* media types.
[1/18/16 22:00:53:643 CST] 0000002d org.apache.wink.server.internal.log.Providers                I The class com.ibm.worklight.admin.util.ByteArrayWorkaroundProvider was registered as a JAX-RS MessageBodyWriter provider for com.ibm.worklight.admin.util.ByteArrayWorkaround Java types and */* media types.
[1/18/16 22:00:53:691 CST] 00000039 com.worklight.authorization.server.AuthorizationServer       I FWLSE0364W : No configuration for trusted signing certificates. [project AdapterBasedAuth]
[1/18/16 22:00:53:737 CST] 00000039 .worklight.server.bundle.project.ProjectConfigurationFactory W Using empty value for configuration property 'mfp.attrStore.type'
[1/18/16 22:00:53:739 CST] 00000039 om.worklight.core.attrstore.DistributedAttributeStoreFactory I FWLSE0371I : This attribute store type is: com.worklight.core.attrstore.HTTPSessionAttributeStoreManager [project AdapterBasedAuth]
[1/18/16 22:00:53:747 CST] 00000039 .worklight.server.bundle.project.ProjectConfigurationFactory W Using empty value for configuration property 'mfp.session.independent'
[1/18/16 22:00:53:750 CST] 00000039 om.worklight.core.attrstore.DistributedAttributeStoreFactory I FWLSE0351I: Session independent mode is set to 'false'. [project AdapterBasedAuth]
[1/18/16 22:00:53:801 CST] 0000002d com.ibm.ws.webcontainer.servlet                              I SRVE0242I: [WorklightServices] [/worklightadmin] [ManagementServlet]: Initialization successful.
[1/18/16 22:00:53:803 CST] 0000002d com.ibm.ws.app.manager.AppMessageHelper                      A CWWKZ0001I: Application WorklightServices started in 12.357 seconds.
[1/18/16 22:00:53:831 CST] 00000039 com.worklight.report.impl.GadgetReportsServiceImpl           I FWLSE0186I: Application raw reports are disabled. [project AdapterBasedAuth]
[1/18/16 22:00:54:461 CST] 0000002f com.ibm.mobile.analytics.server.util.config.JndiSettings     I Read JNDI Property: warmupFrequencyInSeconds = 0
[1/18/16 22:00:54:462 CST] 0000002f com.ibm.mobile.analytics.server.util.DatastoreUtility        I JNDI property: datastore_type has not been set. Datastore is defaulting to elasticsearch_local
[1/18/16 22:00:54:483 CST] 0000002f org.apache.wink.server.internal.servlet.RestServlet          I The system is using the com.ibm.mobile.analytics.server.servlet.ElasticApplicationV2 JAX-RS application class that is named in the javax.ws.rs.Application init-param initialization parameter.
[1/18/16 22:00:54:585 CST] 0000002f apache.wink.server.internal.application.ApplicationProcessor I The following JAX-RS application has been processed: com.ibm.mobile.analytics.server.servlet.ElasticApplicationV2
[1/18/16 22:00:54:586 CST] 0000002f org.apache.wink.server.internal.log.Resources                I The server has registered the JAX-RS resource class com.ibm.mobile.analytics.server.servlet.DataReceiverV2 with @Path(/).
[1/18/16 22:00:54:586 CST] 0000002f org.apache.wink.server.internal.log.Providers                I The class com.ibm.mobile.analytics.server.servlet.EventReportListProvider was registered as a JAX-RS MessageBodyReader provider for java.util.List Java types and application/json media types.
[1/18/16 22:00:54:586 CST] 0000002f org.apache.wink.server.internal.log.Providers                I The class com.ibm.mobile.analytics.server.servlet.EventReportProvider was registered as a JAX-RS MessageBodyReader provider for com.ibm.mobile.analytics.sdk.model.EventReport Java types and application/json media types.
[1/18/16 22:00:54:586 CST] 0000002f org.apache.wink.server.internal.log.Providers                I The class com.ibm.mobile.analytics.server.servlet.CustomParametersProvider was registered as a JAX-RS MessageBodyReader provider for com.ibm.mobile.analytics.server.rest.params.CustomParameters Java types and application/json media types.
[1/18/16 22:00:54:601 CST] 0000002f com.ibm.ws.webcontainer.servlet                              I SRVE0242I: [AnalyticsServices] [/analytics-service] [datav2]: Initialization successful.
[1/18/16 22:00:54:603 CST] 0000002f org.apache.wink.server.internal.servlet.RestServlet          I The system is using the com.ibm.mobile.analytics.server.servlet.ElasticApplication JAX-RS application class that is named in the javax.ws.rs.Application init-param initialization parameter.
[1/18/16 22:00:54:849 CST] 00000039 com.worklight.common.util.jmx.LibertyJMXRegister             I FWLSE2008I: MBean registration succeeded for: com.worklight.common.server.jmx.api:type=ProjectManagement,qualifier=AdapterBasedAuth [project AdapterBasedAuth]
[1/18/16 22:00:54:939 CST] 00000039 com.worklight.core.auth.impl.AuthenticationFilter            I FWLSE0273I: Set sync required to 'true' [project AdapterBasedAuth]
[1/18/16 22:00:54:944 CST] 00000039 com.worklight.common.util.jmx.LibertyRuntimeMBeanHandler     I Establishing REST connection to service:jmx:rest://localhost:10443/IBMJMXConnectorREST
[1/18/16 22:00:54:964 CST] 00000039 jmx.connector.client.rest.internal.RESTMBeanServerConnection I Value of retry post was already set: false
[1/18/16 22:00:55:111 CST] 0000002f apache.wink.server.internal.application.ApplicationProcessor I The following JAX-RS application has been processed: com.ibm.mobile.analytics.server.servlet.ElasticApplication
[1/18/16 22:00:55:112 CST] 0000002f org.apache.wink.server.internal.log.Resources                I The server has registered the JAX-RS resource class com.ibm.mobile.analytics.server.rest.AdministrationResource with @Path(/administration/apps/{appId}).
[1/18/16 22:00:55:112 CST] 0000002f org.apache.wink.server.internal.log.Resources                I The server has registered the JAX-RS resource class com.ibm.mobile.analytics.server.alert.elasticsearch.NotificationsResource with @Path(/notifications/apps/{appId}).
[1/18/16 22:00:55:112 CST] 0000002f org.apache.wink.server.internal.log.Resources                I The server has registered the JAX-RS resource class com.ibm.mobile.analytics.server.custom.elasticsearch.CustomChartsManager with @Path(/customCharts/apps/{appId}).
[1/18/16 22:00:55:112 CST] 0000002f org.apache.wink.server.internal.log.Resources                I The server has registered the JAX-RS resource class com.ibm.mobile.analytics.server.loadtesting.LoadTesting with @Path(/loadTesting/apps/{appId}).
[1/18/16 22:00:55:112 CST] 0000002f org.apache.wink.server.internal.log.Resources                I The server has registered the JAX-RS resource class com.ibm.mobile.analytics.server.rest.DashboardResource with @Path(/dashboard/apps/{appId}).
[1/18/16 22:00:55:113 CST] 0000002f org.apache.wink.server.internal.log.Resources                I The server has registered the JAX-RS resource class com.ibm.mobile.analytics.server.rest.AdaptersResource with @Path(/adapters/apps/{appId}).
[1/18/16 22:00:55:113 CST] 0000002f org.apache.wink.server.internal.log.Resources                I The server has registered the JAX-RS resource class com.ibm.mobile.analytics.server.rest.SecurityResource with @Path(/security/apps/{appId}).
[1/18/16 22:00:55:113 CST] 0000002f org.apache.wink.server.internal.log.Resources                I The server has registered the JAX-RS resource class com.ibm.mobile.analytics.server.rest.DevicesResource with @Path(/devices/apps/{appId}).
[1/18/16 22:00:55:113 CST] 0000002f org.apache.wink.server.internal.log.Resources                I The server has registered the JAX-RS resource class com.ibm.mobile.analytics.server.rest.NetworkResource with @Path(/network/apps/{appId}).
[1/18/16 22:00:55:113 CST] 0000002f org.apache.wink.server.internal.log.Resources                I The server has registered the JAX-RS resource class com.ibm.mobile.analytics.server.rest.ServersResource with @Path(/servers/apps/{appId}).
[1/18/16 22:00:55:114 CST] 0000002f org.apache.wink.server.internal.log.Resources                I The server has registered the JAX-RS resource class com.ibm.mobile.analytics.server.alert.elasticsearch.AlertsResource with @Path(/alerts/apps/{appId}).
[1/18/16 22:00:55:114 CST] 0000002f org.apache.wink.server.internal.log.Resources                I The server has registered the JAX-RS resource class com.ibm.mobile.analytics.server.custom.elasticsearch.CustomCharts with @Path(/custom/apps/{appId}).
[1/18/16 22:00:55:114 CST] 0000002f org.apache.wink.server.internal.log.Resources                I The server has registered the JAX-RS resource class com.ibm.mobile.analytics.server.rest.CommonResource with @Path(/common/apps/{appId}).
[1/18/16 22:00:55:114 CST] 0000002f org.apache.wink.server.internal.log.Resources                I The server has registered the JAX-RS resource class com.ibm.mobile.analytics.server.rest.SearchResource with @Path(/search/apps/{appId}).
[1/18/16 22:00:55:115 CST] 0000002f org.apache.wink.server.internal.log.Resources                I The server has registered the JAX-RS resource class com.ibm.mobile.analytics.server.rest.PushResource with @Path(/push/apps/{appId}).
[1/18/16 22:00:55:115 CST] 0000002f org.apache.wink.server.internal.log.Resources                I The server has registered the JAX-RS resource class com.wordnik.swagger.jaxrs.listing.ApiListingResourceJSON with @Path(/api-docs).
[1/18/16 22:00:55:115 CST] 0000002f org.apache.wink.server.internal.log.Resources                I The server has registered the JAX-RS resource class com.ibm.mobile.analytics.server.rest.IndexManagerResource with @Path(/indices).
[1/18/16 22:00:55:115 CST] 0000002f org.apache.wink.server.internal.log.Resources                I The server has registered the JAX-RS resource class com.ibm.mobile.analytics.server.servlet.DataReceiver with @Path(/).
[1/18/16 22:00:55:115 CST] 0000002f org.apache.wink.server.internal.log.Providers                I The class com.ibm.mobile.analytics.server.servlet.CustomParametersProvider was registered as a JAX-RS MessageBodyReader provider for com.ibm.mobile.analytics.server.rest.params.CustomParameters Java types and application/json media types.
[1/18/16 22:00:55:115 CST] 0000002f org.apache.wink.server.internal.log.Providers                I The class com.ibm.mobile.analytics.server.servlet.EventReportListProvider was registered as a JAX-RS MessageBodyReader provider for java.util.List Java types and application/json media types.
[1/18/16 22:00:55:116 CST] 0000002f org.apache.wink.server.internal.log.Providers                I The class com.ibm.mobile.analytics.server.servlet.EventReportProvider was registered as a JAX-RS MessageBodyReader provider for com.ibm.mobile.analytics.sdk.model.EventReport Java types and application/json media types.
[1/18/16 22:00:55:116 CST] 0000002f org.apache.wink.server.internal.log.Providers                I The class com.ibm.mobile.analytics.server.servlet.AlertDefinitionProvider was registered as a JAX-RS MessageBodyReader provider for com.ibm.mobile.analytics.sdk.model.AlertDefinition Java types and application/json media types.
[1/18/16 22:00:55:116 CST] 0000002f org.apache.wink.server.internal.log.Providers                I The class com.wordnik.swagger.jaxrs.listing.ResourceListingProvider was registered as a JAX-RS MessageBodyWriter provider for com.wordnik.swagger.model.ResourceListing Java types and application/json media types.
[1/18/16 22:00:55:116 CST] 0000002f org.apache.wink.server.internal.log.Providers                I The class com.wordnik.swagger.jaxrs.listing.ApiDeclarationProvider was registered as a JAX-RS MessageBodyWriter provider for com.wordnik.swagger.model.ApiListing Java types and application/json media types.
[1/18/16 22:00:55:116 CST] 0000002f org.apache.wink.server.internal.log.Providers                I The class com.wordnik.swagger.jaxrs.listing.ResourceListingProvider was registered as a JAX-RS MessageBodyWriter provider for com.wordnik.swagger.model.ResourceListing Java types and application/xml media types.
[1/18/16 22:00:55:117 CST] 0000002f org.apache.wink.server.internal.log.Providers                I The class com.wordnik.swagger.jaxrs.listing.ApiDeclarationProvider was registered as a JAX-RS MessageBodyWriter provider for com.wordnik.swagger.model.ApiListing Java types and application/xml media types.
[1/18/16 22:00:55:128 CST] 0000002f com.ibm.ws.webcontainer.servlet                              I SRVE0242I: [AnalyticsServices] [/analytics-service] [data]: Initialization successful.
[1/18/16 22:00:55:334 CST] 00000039 com.worklight.common.util.jmx.LibertyRuntimeMBeanHandler     I Successful REST connection to service:jmx:rest://localhost:10443/IBMJMXConnectorREST
[1/18/16 22:00:55:911 CST] 00000066 com.ibm.worklight.admin.jmx.ManagementMXBeanImpl             I Accessing the ping service http://localhost:10080//worklightadmin/ping
[1/18/16 22:00:56:046 CST] 00000068 com.ibm.worklight.admin.services.ManagementService           I Ping service checking the availability of the HTTP(s) port successfully invoked
[1/18/16 22:00:56:065 CST] 00000066 com.ibm.worklight.admin.jmx.ManagementMXBeanImpl             I The ping service http://localhost:10080//worklightadmin/ping is available
[1/18/16 22:00:56:091 CST] 0000006a SystemErr                                                    R 4928  WorklightManagementPU-derby  INFO   [LargeThreadPool-thread-43] openjpa.Runtime - Starting OpenJPA 1.2.2
[1/18/16 22:00:56:092 CST] 0000006a SystemErr                                                    R 4929  WorklightManagementPU-derby  INFO   [LargeThreadPool-thread-43] openjpa.jdbc.JDBC - Using dictionary class "org.apache.openjpa.jdbc.sql.DerbyDictionary" (Apache Derby 10.8.2.2 - (1181258) ,Apache Derby Embedded JDBC Driver 10.8.2.2 - (1181258)).
[1/18/16 22:00:56:407 CST] 0000006a SystemErr                                                    R 5157  WorklightManagementPU-derby  INFO   [LargeThreadPool-thread-43] openjpa.Runtime - Though you are using optimistic transactions, OpenJPA is now beginning a datastore transaction because you have requested a lock on some data.
[1/18/16 22:00:56:411 CST] 0000006a SystemErr                                                    R 5161  WorklightManagementPU-derby  INFO   [LargeThreadPool-thread-43] openjpa.Runtime - Though you are using optimistic transactions, OpenJPA is now beginning a datastore transaction because you have requested a lock on some data.
[1/18/16 22:00:56:823 CST] 00000039 com.worklight.core.auth.impl.AuthenticationFilter            I FWLSE0273I: Set sync required to 'true' [project AdapterBasedAuth]
[1/18/16 22:00:56:825 CST] 00000039 com.worklight.core.jmx.ProjectSynchronizationBean            I FWLSE0271I: Resources dir '/Users/lsteck/ws/ews/WorkspacesLSR2MFP710/CITutorial/dev/MobileFirstServerConfig/servers/worklight/workarea/org.eclipse.osgi/84/data/temp/default_node/SMF_WebContainer/AdapterBasedAuth/AdapterBasedAuth/widget-resources' is going to be cleaned [project AdapterBasedAuth]
[1/18/16 22:00:57:190 CST] 00000039 com.worklight.common.util.HttpUtil                           I FWLSE2014I: Downloading a worklight artifact from http://localhost:10080/worklightadmin/otu/1.0/ffffff9f63ffffff97ffffff85ffffffe0ffffffe8ffffffcbffffffc9ffffffe82bffffffa02fffffffb9ffffff95ffffffc2ffffffef/runtimes/AdapterBasedAuth/downloads/applications/HybridAdapterAuth/common/1.0 [project AdapterBasedAuth]
[1/18/16 22:00:57:210 CST] 00000039 com.worklight.common.util.GeneralUtil                        I FWLSE2001I: Detected more than one IP address. Using 192.168.0.11 as the public IP address of the MobileFirst Server. You can set a different IP address in worklight.properties. [project AdapterBasedAuth]
[1/18/16 22:00:57:230 CST] 00000039 om.worklight.applications.deployers.base.EnvironmentDeployer I FWLSE0274I: Environment common deployed to directory '/Users/lsteck/ws/ews/WorkspacesLSR2MFP710/CITutorial/dev/MobileFirstServerConfig/servers/worklight/workarea/org.eclipse.osgi/84/data/temp/default_node/SMF_WebContainer/AdapterBasedAuth/AdapterBasedAuth/widget-resources/HybridAdapterAuth-common-049632bcaed365215d7eedb397d1ec81e26fd646' . [project AdapterBasedAuth]
[1/18/16 22:00:57:318 CST] 00000039 com.worklight.common.util.HttpUtil                           I FWLSE2014I: Downloading a worklight artifact from http://localhost:10080/worklightadmin/otu/1.0/ffffff9f63ffffff97ffffff85ffffffe0ffffffe8ffffffcbffffffc9ffffffe82bffffffa02fffffffb9ffffff95ffffffc2ffffffef/runtimes/AdapterBasedAuth/downloads/adapters/AuthAdapter [project AdapterBasedAuth]
[1/18/16 22:00:58:244 CST] 0000002f com.ibm.ws.webcontainer.servlet                              I SRVE0242I: [AnalyticsServices] [/analytics-service] [SwaggerJaxrsConfig]: Initialization successful.
[1/18/16 22:00:58:254 CST] 00000039 apache.wink.server.internal.application.ApplicationProcessor I The following JAX-RS application has been processed: com.worklight.wink.extensions.MFPJAXRSApplicationWrapper
[1/18/16 22:00:58:255 CST] 00000039 org.apache.wink.server.internal.log.Resources                I The server has registered the JAX-RS resource class com.worklight.adapters.rest.JSAdapterRestWrapper with @Path(/).
[1/18/16 22:00:58:259 CST] 00000039 org.apache.wink.server.internal.log.Providers                I The class org.codehaus.jackson.jaxrs.JacksonJaxbJsonProvider was registered as a JAX-RS MessageBodyReader provider for all Java types and application/json media types.
[1/18/16 22:00:58:259 CST] 00000039 org.apache.wink.server.internal.log.Providers                I The class org.codehaus.jackson.jaxrs.JacksonJaxbJsonProvider was registered as a JAX-RS MessageBodyReader provider for all Java types and text/json media types.
[1/18/16 22:00:58:259 CST] 00000039 org.apache.wink.server.internal.log.Providers                I The class org.codehaus.jackson.jaxrs.JacksonJaxbJsonProvider was registered as a JAX-RS MessageBodyWriter provider for all Java types and application/json media types.
[1/18/16 22:00:58:259 CST] 00000039 org.apache.wink.server.internal.log.Providers                I The class org.codehaus.jackson.jaxrs.JacksonJaxbJsonProvider was registered as a JAX-RS MessageBodyWriter provider for all Java types and text/json media types.
[1/18/16 22:00:58:263 CST] 0000002f com.ibm.ws.app.manager.AppMessageHelper                      A CWWKZ0001I: Application AnalyticsServices started in 16.816 seconds.
[1/18/16 22:00:58:281 CST] 0000001a com.ibm.ws.kernel.feature.internal.FeatureManager            A CWWKF0012I: The server installed the following features: [appSecurity-1.0, ldapRegistry-3.0, jdbc-4.0, ssl-1.0, localConnector-1.0, appSecurity-2.0, json-1.0, jsp-2.2, restConnector-1.0, servlet-3.0, jaxrs-1.1, jndi-1.0, distributedMap-1.0].
[1/18/16 22:00:58:282 CST] 0000001a com.ibm.ws.kernel.feature.internal.FeatureManager            I CWWKF0008I: Feature update completed in 19.924 seconds.
[1/18/16 22:00:58:282 CST] 0000001a com.ibm.ws.kernel.feature.internal.FeatureManager            A CWWKF0011I: The server worklight is ready to run a smarter planet.
[1/18/16 22:00:59:358 CST] 00000080 SystemErr                                                    R 8108  WorklightManagementPU-derby  INFO   [LargeThreadPool-thread-62] openjpa.Runtime - Though you are using optimistic transactions, OpenJPA is now beginning a datastore transaction because you have requested a lock on some data.
[1/18/16 22:00:59:375 CST] 00000080 com.ibm.worklight.admin.jmx.ManagementMXBeanImpl             I Result: AdapterBasedAuth: worklight///192.168.0.11: Runtime was synchronized successfully
[1/18/16 22:00:59:376 CST] 00000080 com.ibm.worklight.admin.jmx.ManagementMXBeanImpl             I AdapterBasedAuth: worklight///192.168.0.11: 2016-01-19T04:00:57.256Z: Preparation to deploy 'HybridAdapterAuth' finished
[1/18/16 22:00:59:376 CST] 00000080 com.ibm.worklight.admin.jmx.ManagementMXBeanImpl             I AdapterBasedAuth: worklight///192.168.0.11: 2016-01-19T04:00:59.341Z: Preparation to deploy adapter 'AuthAdapter' finished successfully, SUCCESS
[1/18/16 22:00:59:376 CST] 00000080 com.ibm.worklight.admin.jmx.ManagementMXBeanImpl             I AdapterBasedAuth: worklight///192.168.0.11: 2016-01-19T04:00:59.341Z: Transaction handler reset
[1/18/16 22:00:59:379 CST] 00000039 com.worklight.core.init.WorklightServletInitializer          I FWLSE0247I: The AdapterBasedAuth project initialization times were: start-firstReadyCheck=3, firstReadyCheck=1,128, ready for sync=0, sync=3,309 [project AdapterBasedAuth]
[1/18/16 22:00:59:380 CST] 00000039 com.worklight.core.auth.impl.AuthenticationFilter            I FWLSE0273I: Set sync required to 'false' [project AdapterBasedAuth]
[1/18/16 22:00:59:429 CST] 00000039 com.worklight.core.ilmt.WorklightILMTLogger                  I FWLSE0278I: The default ILMT directory '/var/ibm/common/slm' cannot be used. [project AdapterBasedAuth]
[1/18/16 22:00:59:435 CST] 00000039 com.worklight.core.ilmt.WorklightILMTLogger                  I FWLSE0282I: Using the ILMT directory '/Users/lsteck/ws/ews/WorkspacesLSR2MFP710/CITutorial/dev/MobileFirstServerConfig/servers/worklight/logs'. [project AdapterBasedAuth]
[1/18/16 22:00:59:447 CST] 00000039 com.worklight.server.bundle.project.JeeProjectActivator      I FWLST0002I: ========= Project /AdapterBasedAuth started. The project WAR file version is 7.1.0.00.20151023-1441,running on server version 7.1.0.00.20151023-1441. [project AdapterBasedAuth]
[1/18/16 22:00:59:653 CST] 00000086 com.worklight.common.util.jmx.LibertyRuntimeMBeanHandler     I Establishing REST connection to service:jmx:rest://localhost:10443/IBMJMXConnectorREST
[1/18/16 22:00:59:660 CST] 00000086 com.worklight.common.util.jmx.LibertyRuntimeMBeanHandler     I Successful REST connection to service:jmx:rest://localhost:10443/IBMJMXConnectorREST
[1/18/16 22:01:01:533 CST] 00000099 SystemErr                                                    R 10283  WorklightManagementPU-derby  INFO   [LargeThreadPool-thread-83] openjpa.Runtime - Though you are using optimistic transactions, OpenJPA is now beginning a datastore transaction because you have requested a lock on some data.
[1/18/16 22:01:01:541 CST] 00000099 SystemErr                                                    R 10291  WorklightManagementPU-derby  INFO   [LargeThreadPool-thread-83] openjpa.Runtime - Though you are using optimistic transactions, OpenJPA is now beginning a datastore transaction because you have requested a lock on some data.
[1/18/16 22:01:01:567 CST] 00000099 SystemErr                                                    R 10317  WorklightManagementPU-derby  INFO   [LargeThreadPool-thread-83] openjpa.Runtime - Though you are using optimistic transactions, OpenJPA is now beginning a datastore transaction because you have requested a lock on some data.
[1/18/16 22:01:01:674 CST] 000000a5 com.worklight.core.jmx.ProjectManagementMXBeanImpl           I FWLSE0275I: Starting transaction with ID 5 for 'deployAdapter'.  [project AdapterBasedAuth]
[1/18/16 22:01:01:688 CST] 000000a5 com.worklight.common.util.HttpUtil                           I FWLSE2014I: Downloading a worklight artifact from http://Larrys-MacBook-Pro.local:10080/worklightadmin/otu/1.0/ffffffb95dffffff8affffffb209ffffffe336ffffffe7326618ffffffdcffffffc4ffffffdb5630/runtimes/AdapterBasedAuth/downloads/adapters/Temporary317569284 [project AdapterBasedAuth]
[1/18/16 22:01:01:958 CST] 000000a5 apache.wink.server.internal.application.ApplicationProcessor I The following JAX-RS application has been processed: com.worklight.wink.extensions.MFPJAXRSApplicationWrapper
[1/18/16 22:01:01:958 CST] 000000a5 org.apache.wink.server.internal.log.Resources                I The server has registered the JAX-RS resource class com.worklight.adapters.rest.JSAdapterRestWrapper with @Path(/).
[1/18/16 22:01:01:959 CST] 000000a5 org.apache.wink.server.internal.log.Providers                I The class org.codehaus.jackson.jaxrs.JacksonJaxbJsonProvider was registered as a JAX-RS MessageBodyReader provider for all Java types and application/json media types.
[1/18/16 22:01:01:959 CST] 000000a5 org.apache.wink.server.internal.log.Providers                I The class org.codehaus.jackson.jaxrs.JacksonJaxbJsonProvider was registered as a JAX-RS MessageBodyReader provider for all Java types and text/json media types.
[1/18/16 22:01:01:959 CST] 000000a5 org.apache.wink.server.internal.log.Providers                I The class org.codehaus.jackson.jaxrs.JacksonJaxbJsonProvider was registered as a JAX-RS MessageBodyWriter provider for all Java types and application/json media types.
[1/18/16 22:01:01:959 CST] 000000a5 org.apache.wink.server.internal.log.Providers                I The class org.codehaus.jackson.jaxrs.JacksonJaxbJsonProvider was registered as a JAX-RS MessageBodyWriter provider for all Java types and text/json media types.
[1/18/16 22:01:01:991 CST] 00000099 com.ibm.worklight.admin.actions.BaseTransaction              I Result: AdapterBasedAuth: worklight///192.168.0.11: Preparation to deploy adapter 'AuthAdapter' finished successfully, SUCCESS
[1/18/16 22:01:02:036 CST] 000000aa com.worklight.core.jmx.ProjectManagementMXBeanImpl           I FWLSE0275I: Starting transaction with ID 5 for 'commit'.  [project AdapterBasedAuth]
[1/18/16 22:01:02:045 CST] 00000099 com.ibm.worklight.admin.actions.BaseTransaction              I Result: AdapterBasedAuth: worklight///192.168.0.11: Commit
[1/18/16 22:01:02:045 CST] 00000099 com.ibm.worklight.admin.actions.BaseTransaction              I AdapterBasedAuth: worklight///192.168.0.11: 2016-01-19T04:01:02.041Z: Operation to deploy adapter AuthAdapter was commited
[1/18/16 22:01:02:066 CST] 00000099 SystemErr                                                    R 10816  WorklightManagementPU-derby  INFO   [LargeThreadPool-thread-83] openjpa.Runtime - Though you are using optimistic transactions, OpenJPA is now beginning a datastore transaction because you have requested a lock on some data.
[1/18/16 22:01:02:493 CST] 000000af com.ibm.ws.webcontainer.servlet                              I SRVE0242I: [AdapterBasedAuth] [/AdapterBasedAuth] [PreviewServlet]: Initialization successful.
[1/18/16 22:01:08:551 CST] 0000004d com.ibm.mobile.analytics.server.util.Warmers                 I Warmers have been disabled
[1/18/16 22:01:08:551 CST] 0000004d com.ibm.mobile.analytics.server.util.Warmers                 I Warmer frequency set to 0 milliseconds
[1/18/16 22:01:59:450 CST] 00000084 com.worklight.core.ilmt.WorklightILMTLogger                  I FWLSE0277I: Creating an ILMT record in the file '/Users/lsteck/ws/ews/WorkspacesLSR2MFP710/CITutorial/dev/MobileFirstServerConfig/servers/worklight/logs/989da37ffe83809b11dd47dd67df4cb8.slmtag'.
[1/18/16 22:03:03:341 CST] 0000014a com.ibm.ws.runtime.update.internal.RuntimeUpdateManagerImpl  I CWWKE1100I: Begin server quiesce.
[1/18/16 22:03:03:344 CST] 0000014b com.ibm.ws.tcpchannel.internal.TCPChannel                    I CWWKO0220I: TCP Channel defaultHttpEndpoint has stopped listening for requests on host *  (IPv6) port 10080.
[1/18/16 22:03:03:346 CST] 0000014b com.ibm.ws.tcpchannel.internal.TCPChannel                    I CWWKO0220I: TCP Channel defaultHttpEndpoint-ssl has stopped listening for requests on host *  (IPv6) port 10443.
[1/18/16 22:03:03:346 CST] 0000014b com.ibm.ws.http.internal.VirtualHostImpl                     A CWWKT0017I: Web application removed (default_host): https://192.168.169.1:10443/IBMJMXConnectorREST/
[1/18/16 22:03:03:346 CST] 0000014b com.ibm.ws.http.internal.VirtualHostImpl                     A CWWKT0017I: Web application removed (default_host): https://192.168.169.1:10443/worklightadmin/
[1/18/16 22:03:03:346 CST] 0000014b com.ibm.ws.http.internal.VirtualHostImpl                     A CWWKT0017I: Web application removed (default_host): https://192.168.169.1:10443/analytics/
[1/18/16 22:03:03:346 CST] 0000014b com.ibm.ws.http.internal.VirtualHostImpl                     A CWWKT0017I: Web application removed (default_host): https://192.168.169.1:10443/analytics-service/
[1/18/16 22:03:03:346 CST] 0000014b com.ibm.ws.http.internal.VirtualHostImpl                     A CWWKT0017I: Web application removed (default_host): https://192.168.169.1:10443/_MobileBrowserSimulator/
[1/18/16 22:03:03:347 CST] 0000014b com.ibm.ws.http.internal.VirtualHostImpl                     A CWWKT0017I: Web application removed (default_host): https://192.168.169.1:10443/worklightconsole/
[1/18/16 22:03:03:347 CST] 0000014b com.ibm.ws.http.internal.VirtualHostImpl                     A CWWKT0017I: Web application removed (default_host): https://192.168.169.1:10443/AdapterBasedAuth/
[1/18/16 22:03:03:349 CST] 0000014a com.ibm.ws.runtime.update.internal.RuntimeUpdateManagerImpl  I CWWKE1101I: Server quiesce complete.
[1/18/16 22:03:03:393 CST] 0000014f com.ibm.ws.webcontainer.servlet                              I SRVE0253I: [AnalyticsServices] [/analytics-service] [SwaggerJaxrsConfig]: Destroy successful.
[1/18/16 22:03:03:395 CST] 00000153 com.ibm.ws.webcontainer.servlet                              I SRVE0253I: [WorklightConsole] [/worklightconsole] [servicesServlet]: Destroy successful.
[1/18/16 22:03:03:395 CST] 00000151 com.ibm.ws.webcontainer.servlet                              I SRVE0253I: [AnalyticsUI] [/analytics] [servicesServlet]: Destroy successful.
[1/18/16 22:03:03:395 CST] 00000150 com.ibm.ws.webcontainer.servlet                              I SRVE0253I: [WorklightServices] [/worklightadmin] [ManagementServlet]: Destroy successful.
[1/18/16 22:03:03:395 CST] 0000014e com.ibm.ws.webcontainer.servlet                              I SRVE0253I: [AdapterBasedAuth] [/AdapterBasedAuth] [AuthorizationServer]: Destroy successful.
[1/18/16 22:03:03:396 CST] 00000153 com.ibm.ws.webcontainer.servlet                              I SRVE0253I: [WorklightConsole] [/worklightconsole] [localeServlet]: Destroy successful.
[1/18/16 22:03:03:396 CST] 00000151 com.ibm.ws.webcontainer.servlet                              I SRVE0253I: [AnalyticsUI] [/analytics] [utilityServlet]: Destroy successful.
[1/18/16 22:03:03:397 CST] 0000014f com.ibm.ws.webcontainer.servlet                              I SRVE0253I: [AnalyticsServices] [/analytics-service] [data]: Destroy successful.
[1/18/16 22:03:03:400 CST] 00000150 ht.admin.listeners.WorklightManagementServletContextListener I MobileFirst Administration Services servlet context listener destroyed
[1/18/16 22:03:03:400 CST] 00000150 com.ibm.ws.webcontainer.webapp                               I SRVE0292I: Servlet Message - [worklight-management-service]:.Closing Spring root WebApplicationContext
[1/18/16 22:03:03:400 CST] 0000014f com.ibm.ws.webcontainer.servlet                              I SRVE0253I: [AnalyticsServices] [/analytics-service] [datav2]: Destroy successful.
[1/18/16 22:03:03:400 CST] 0000014e com.ibm.ws.webcontainer.servlet                              I SRVE0253I: [AdapterBasedAuth] [/AdapterBasedAuth] [OAuthAuthorizationServer]: Destroy successful.
[1/18/16 22:03:03:401 CST] 00000150 springframework.web.context.support.XmlWebApplicationContext I Closing Root WebApplicationContext: startup date [Mon Jan 18 22:00:49 CST 2016]; root of context hierarchy
[1/18/16 22:03:03:402 CST] 0000014e com.ibm.ws.webcontainer.servlet                              I SRVE0253I: [AdapterBasedAuth] [/AdapterBasedAuth] [PushWorksApplication]: Destroy successful.
[1/18/16 22:03:03:403 CST] 0000014e com.ibm.ws.webcontainer.servlet                              I SRVE0253I: [AdapterBasedAuth] [/AdapterBasedAuth] [PreviewServlet]: Destroy successful.
[1/18/16 22:03:03:403 CST] 00000150 ngframework.beans.factory.support.DefaultListableBeanFactory I Destroying singletons in org.springframework.beans.factory.support.DefaultListableBeanFactory@125eaa7e: defining beans [registrationServiceFactory]; root of factory hierarchy
[1/18/16 22:03:03:404 CST] 00000152 com.ibm.ws.app.manager.AppMessageHelper                      A CWWKZ0009I: The application _MobileBrowserSimulator has stopped successfully.
[1/18/16 22:03:03:406 CST] 0000014e com.worklight.core.ilmt.WorklightILMTLogger                  I FWLSE0277I: Creating an ILMT record in the file '/Users/lsteck/ws/ews/WorkspacesLSR2MFP710/CITutorial/dev/MobileFirstServerConfig/servers/worklight/logs/989da37ffe83809b11dd47dd67df4cb8.slmtag'. [project AdapterBasedAuth]
[1/18/16 22:03:03:406 CST] 00000151 com.ibm.ws.app.manager.AppMessageHelper                      A CWWKZ0009I: The application AnalyticsUI has stopped successfully.
[1/18/16 22:03:03:408 CST] 00000153 com.ibm.ws.app.manager.AppMessageHelper                      A CWWKZ0009I: The application WorklightConsole has stopped successfully.
[1/18/16 22:03:03:410 CST] 00000150 com.ibm.ws.app.manager.AppMessageHelper                      A CWWKZ0009I: The application WorklightServices has stopped successfully.
[1/18/16 22:03:03:489 CST] 0000014f com.ibm.ws.app.manager.AppMessageHelper                      A CWWKZ0009I: The application AnalyticsServices has stopped successfully.
[1/18/16 22:03:10:442 CST] 0000014e ingframework.context.support.FileSystemXmlApplicationContext I Closing org.springframework.context.support.FileSystemXmlApplicationContext@7a0f7503: startup date [Mon Jan 18 22:00:46 CST 2016]; root of context hierarchy
[1/18/16 22:03:10:443 CST] 0000014e ngframework.beans.factory.support.DefaultListableBeanFactory I Destroying singletons in org.springframework.beans.factory.support.DefaultListableBeanFactory@1a2da37d: defining beans [org.springframework.context.annotation.internalConfigurationAnnotationProcessor,org.springframework.context.annotation.internalAutowiredAnnotationProcessor,org.springframework.context.annotation.internalRequiredAnnotationProcessor,org.springframework.context.annotation.internalCommonAnnotationProcessor,org.springframework.context.annotation.internalPersistenceAnnotationProcessor,mailingService,WorkLightNotice,rssBrokerUtils,audit,GenericDAOFactory,GenericDAO,clusterSynchronizationDAOFactory,clusterSynchronizationDAO,taskCoordinator,taskManager,worklightAuthenticationService,loginConfigurationServiceBean,protectedResourceFactory,ssoDAOFactory,ssoDAO,ssoExpiredLoginContextsCleanupTask,keyStoreManager,authorizationServer,OAuthValidator,OAuthValidationFilter,authorizationStore,OAuthInternalFilter,JAXRSSandboxFactory,AdapterResourceFactory,wlServerAPI,securityAPI,adaptersAPI,configurationAPI,pushAPI,analyticsAPI,winkFrameworkSharedClassLoader,dataAccessService,shellResourcesService,analyticsService,coreServiceManager,adapterManager,nodeProcessManager,adapterManagementService,factProcessingTask,PlatformUsageProcessingTask,notificationCleanupTask,WSSecurityService,cloudantDatabaseFactory,cloudantDb,cloudantConnectorFactory,gadgetDAOFactory,gadgetDAO,userPrefDAOFactory,userPrefDAO,deviceDAOFactory,deviceDAO,licenseTermsDAOFactory,licenseTermsDAO,clientInstanceDAOFactory,clientInstanceDAO,licenseTermsAddressableDeviceDAOFactory,licenseTermsAddressableDeviceDAO,AttributeStoreDAOFactory,attributeStoreDAO,platformUsageService,configProfileService,gfwProps,gadgetEnvironmentManager,gadgetResourcesRoot,gadgetCustomizedResourcesRoot,applicationMetadataService,applicationManagementService,beaconService,notificationsSimulationManager,pushServiceListener,PushService,reportService,reportsDS,reportsBrokerDS,reportsSessionFactory,gadgetReportsDAO,notificationReportsDao,gadgetReportsService,analyticsFactService,analyticsSDKProvider,analyticsSDK,nodeInfo,registrationService,runtimeTransactionHandler,projectSyncService,xsConfiguration,attributeStoreFactory,attributeStoreDBCleanupTask,classCache,txManager,worklight-direct,rssBrokerDS,brokerSessionFactory,org.springframework.context.annotation.ConfigurationClassPostProcessor.importAwareProcessor]; root of factory hierarchy
[1/18/16 22:03:10:451 CST] 0000014e ringframework.orm.jpa.LocalContainerEntityManagerFactoryBean I Closing JPA EntityManagerFactory for persistence unit 'WorklightPU'
[1/18/16 22:03:10:459 CST] 0000014e hsqldb.db.HSQLDB52580AD1C9.ENGINE                            I Database closed
[1/18/16 22:03:10:565 CST] 0000014e ringframework.orm.jpa.LocalContainerEntityManagerFactoryBean I Closing JPA EntityManagerFactory for persistence unit 'WorklightReportsPU'
[1/18/16 22:03:10:566 CST] 0000014e com.worklight.server.bundle.project.JeeProjectActivator      I FWLST0004I: ========= Project /AdapterBasedAuth stopped
[1/18/16 22:03:10:568 CST] 0000014e com.ibm.ws.app.manager.AppMessageHelper                      A CWWKZ0009I: The application AdapterBasedAuth has stopped successfully.
[1/18/16 22:03:10:593 CST] 0000014a com.ibm.tx.jta.impl.FailureScopeController                   A WTRN0105I: The transaction service has shutdown successfully with no transactions requiring recovery.
[1/18/16 22:03:10:614 CST] 0000014a com.ibm.ws.webcontainer.servlet                              I SRVE0253I: [com.ibm.ws.jmx.connector.server.rest] [/IBMJMXConnectorREST] [MBeanServerConnector]: Destroy successful.
[1/18/16 22:03:10:665 CST] 0000014a com.ibm.ws.security.internal.SecurityReadyServiceImpl        I CWWKS0008I: The security service is ready.
[1/18/16 22:03:10:767 CST] 0000014a com.ibm.ws.security.internal.SecurityReadyServiceImpl        I CWWKS0009I: The security service has stopped.
[1/18/16 22:03:10:924 CST] 00000001 com.ibm.ws.kernel.launch.internal.FrameworkManager           A CWWKE0036I: The server worklight stopped after 2 minutes, 35.254 seconds.
