********************************************************************************
product = WebSphere Application Server 8.5.5.5 (wlp-1.0.8.cl50520150305-2202)
wlp.install.dir = /Users/lsteck/eclipse/eclipse-jee-LSR2-MFP710/plugins/com.worklight.worklight-artifacts_7.1.0.00-20151023-1441/liberty/wlp/
server.config.dir = /Users/lsteck/ws/ews/WorkspacesLSR2MFP710/CITutorial/dev/MobileFirstServerConfig/servers/worklight/
java.home = /Library/Java/JavaVirtualMachines/jdk1.7.0_76.jdk/Contents/Home/jre
java.version = 1.7.0_76
java.runtime = Java(TM) SE Runtime Environment (1.7.0_76-b13)
os = Mac OS X (10.11.2; x86_64) (en_US)
process = 93073@Larrys-MacBook-Pro.local
********************************************************************************
[1/18/16 22:17:48:111 CST] 00000001 com.ibm.ws.kernel.launch.internal.FrameworkManager           A CWWKE0001I: The server worklight has been launched.
[1/18/16 22:17:49:696 CST] 00000001 com.ibm.ws.kernel.launch.internal.FrameworkManager           I CWWKE0002I: The kernel started after 1.744 seconds
[1/18/16 22:17:49:725 CST] 0000001a com.ibm.ws.kernel.feature.internal.FeatureManager            I CWWKF0007I: Feature update started.
[1/18/16 22:17:50:483 CST] 00000011 com.ibm.ws.security.internal.SecurityReadyServiceImpl        I CWWKS0007I: The security service is starting...
[1/18/16 22:17:51:091 CST] 00000011 com.ibm.ws.app.manager.internal.monitor.DropinMonitor        A CWWKZ0058I: Monitoring dropins for applications. 
[1/18/16 22:17:51:271 CST] 00000024 com.ibm.ws.tcpchannel.internal.TCPChannel                    I CWWKO0219I: TCP Channel defaultHttpEndpoint has been started and is now listening for requests on host *  (IPv6) port 10080.
[1/18/16 22:17:51:280 CST] 00000024 com.ibm.ws.tcpchannel.internal.TCPChannel                    I CWWKO0219I: TCP Channel defaultHttpEndpoint-ssl has been started and is now listening for requests on host *  (IPv6) port 10443.
[1/18/16 22:17:51:577 CST] 00000011 com.ibm.ws.cache.ServerCache                                 I DYNA1001I: WebSphere Dynamic Cache instance named baseCache initialized successfully.
[1/18/16 22:17:51:580 CST] 00000011 com.ibm.ws.cache.ServerCache                                 I DYNA1071I: The cache provider default is being used.
[1/18/16 22:17:51:581 CST] 00000011 com.ibm.ws.cache.CacheServiceImpl                            I DYNA1056I: Dynamic Cache (object cache) initialized successfully.
[1/18/16 22:17:51:588 CST] 00000028 com.ibm.ws.security.internal.SecurityReadyServiceImpl        I CWWKS0008I: The security service is ready.
[1/18/16 22:17:51:589 CST] 00000028 com.ibm.ws.security.token.ltpa.internal.LTPAKeyCreator       I CWWKS4105I: LTPA configuration is ready after 0.116 seconds.
[1/18/16 22:17:51:869 CST] 0000002d com.ibm.ws.app.manager.AppMessageHelper                      I CWWKZ0018I: Starting application WorklightServices.
[1/18/16 22:17:51:869 CST] 0000002f com.ibm.ws.app.manager.AppMessageHelper                      I CWWKZ0018I: Starting application WorklightConsole.
[1/18/16 22:17:51:869 CST] 0000002b com.ibm.ws.app.manager.AppMessageHelper                      I CWWKZ0018I: Starting application AnalyticsServices.
[1/18/16 22:17:51:869 CST] 0000002c com.ibm.ws.app.manager.AppMessageHelper                      I CWWKZ0018I: Starting application _MobileBrowserSimulator.
[1/18/16 22:17:51:869 CST] 00000030 com.ibm.ws.app.manager.AppMessageHelper                      I CWWKZ0018I: Starting application AnalyticsUI.
[1/18/16 22:17:51:869 CST] 0000002e com.ibm.ws.app.manager.AppMessageHelper                      I CWWKZ0018I: Starting application AdapterBasedAuth.
[1/18/16 22:17:52:000 CST] 0000002b m.ibm.ws.container.service.app.deploy.ManifestClassPathUtils W SRVE9967W: The manifest class path xml-apis.jar can not be found in jar file wsjar:file:/Users/lsteck/ws/ews/WorkspacesLSR2MFP710/CITutorial/dev/MobileFirstServerConfig/servers/worklight/apps/analytics-service.war!/WEB-INF/lib/serializer-2.7.2.jar or its parent.
[1/18/16 22:17:52:135 CST] 0000002b m.ibm.ws.container.service.app.deploy.ManifestClassPathUtils W SRVE9967W: The manifest class path xercesImpl.jar can not be found in jar file wsjar:file:/Users/lsteck/ws/ews/WorkspacesLSR2MFP710/CITutorial/dev/MobileFirstServerConfig/servers/worklight/apps/analytics-service.war!/WEB-INF/lib/xalan-2.7.2.jar or its parent.
[1/18/16 22:17:52:136 CST] 0000002b m.ibm.ws.container.service.app.deploy.ManifestClassPathUtils W SRVE9967W: The manifest class path xml-apis.jar can not be found in jar file wsjar:file:/Users/lsteck/ws/ews/WorkspacesLSR2MFP710/CITutorial/dev/MobileFirstServerConfig/servers/worklight/apps/analytics-service.war!/WEB-INF/lib/xalan-2.7.2.jar or its parent.
[1/18/16 22:17:52:136 CST] 0000002b m.ibm.ws.container.service.app.deploy.ManifestClassPathUtils W SRVE9967W: The manifest class path serializer.jar can not be found in jar file wsjar:file:/Users/lsteck/ws/ews/WorkspacesLSR2MFP710/CITutorial/dev/MobileFirstServerConfig/servers/worklight/apps/analytics-service.war!/WEB-INF/lib/xalan-2.7.2.jar or its parent.
[1/18/16 22:17:52:290 CST] 0000002c com.ibm.ws.webcontainer.osgi.webapp.WebGroup                 I SRVE0169I: Loading Web Module: _MobileBrowserSimulator.
[1/18/16 22:17:52:299 CST] 00000029 com.ibm.ws.webcontainer.osgi.webapp.WebGroup                 I SRVE0169I: Loading Web Module: IBMJMXConnectorREST.
[1/18/16 22:17:52:302 CST] 00000029 com.ibm.ws.webcontainer                                      I SRVE0250I: Web Module IBMJMXConnectorREST has been bound to default_host.
[1/18/16 22:17:52:302 CST] 0000002c com.ibm.ws.webcontainer                                      I SRVE0250I: Web Module _MobileBrowserSimulator has been bound to default_host.
[1/18/16 22:17:52:308 CST] 00000029 com.ibm.ws.http.internal.VirtualHostImpl                     A CWWKT0016I: Web application available (default_host): http://192.168.169.1:10080/IBMJMXConnectorREST/
[1/18/16 22:17:52:310 CST] 00000029 com.ibm.ws.jmx.connector.server.rest.RESTAppListener         I CWWKX0103I: The JMX REST connector is running and is available at the following service URL: service:jmx:rest://192.168.169.1:10443/IBMJMXConnectorREST
[1/18/16 22:17:52:311 CST] 00000029 com.ibm.ws.jmx.connector.server.rest.RESTAppListener         I CWWKX0103I: The JMX REST connector is running and is available at the following service URL: service:jmx:rest://192.168.169.1:10443/IBMJMXConnectorREST
[1/18/16 22:17:52:312 CST] 00000030 com.ibm.ws.webcontainer.osgi.webapp.WebGroup                 I SRVE0169I: Loading Web Module: analytics.
[1/18/16 22:17:52:312 CST] 00000030 com.ibm.ws.webcontainer                                      I SRVE0250I: Web Module analytics has been bound to default_host.
[1/18/16 22:17:52:312 CST] 0000002c com.ibm.ws.http.internal.VirtualHostImpl                     A CWWKT0016I: Web application available (default_host): http://192.168.169.1:10080/_MobileBrowserSimulator/
[1/18/16 22:17:52:313 CST] 00000030 com.ibm.ws.http.internal.VirtualHostImpl                     A CWWKT0016I: Web application available (default_host): http://192.168.169.1:10080/analytics/
[1/18/16 22:17:52:383 CST] 0000002c com.ibm.ws.session.WASSessionCore                            I SESN8501I: The session manager did not find a persistent storage location; HttpSession objects will be stored in the local application server's memory.
[1/18/16 22:17:52:389 CST] 00000030 com.ibm.ws.session.WASSessionCore                            I SESN0176I: A new session context will be created for application key default_host/analytics
[1/18/16 22:17:52:388 CST] 0000002c com.ibm.ws.session.WASSessionCore                            I SESN0176I: A new session context will be created for application key default_host/_MobileBrowserSimulator
[1/18/16 22:17:52:424 CST] 00000030 com.ibm.ws.util                                              I SESN0172I: The session manager is using the Java default SecureRandom implementation for session ID generation.
[1/18/16 22:17:52:431 CST] 0000002f m.ibm.ws.container.service.app.deploy.ManifestClassPathUtils W SRVE9967W: The manifest class path jaxb-api.jar can not be found in jar file wsjar:file:/Users/lsteck/ws/ews/WorkspacesLSR2MFP710/CITutorial/dev/MobileFirstServerConfig/servers/worklight/apps/worklight-management-ui.war!/WEB-INF/lib/jaxb-impl-2.1.12.osgi.jar or its parent.
[1/18/16 22:17:52:432 CST] 0000002f m.ibm.ws.container.service.app.deploy.ManifestClassPathUtils W SRVE9967W: The manifest class path activation.jar can not be found in jar file wsjar:file:/Users/lsteck/ws/ews/WorkspacesLSR2MFP710/CITutorial/dev/MobileFirstServerConfig/servers/worklight/apps/worklight-management-ui.war!/WEB-INF/lib/jaxb-impl-2.1.12.osgi.jar or its parent.
[1/18/16 22:17:52:432 CST] 0000002f m.ibm.ws.container.service.app.deploy.ManifestClassPathUtils W SRVE9967W: The manifest class path jsr173_1.0_api.jar can not be found in jar file wsjar:file:/Users/lsteck/ws/ews/WorkspacesLSR2MFP710/CITutorial/dev/MobileFirstServerConfig/servers/worklight/apps/worklight-management-ui.war!/WEB-INF/lib/jaxb-impl-2.1.12.osgi.jar or its parent.
[1/18/16 22:17:52:433 CST] 0000002f m.ibm.ws.container.service.app.deploy.ManifestClassPathUtils W SRVE9967W: The manifest class path jaxb1-impl.jar can not be found in jar file wsjar:file:/Users/lsteck/ws/ews/WorkspacesLSR2MFP710/CITutorial/dev/MobileFirstServerConfig/servers/worklight/apps/worklight-management-ui.war!/WEB-INF/lib/jaxb-impl-2.1.12.osgi.jar or its parent.
[1/18/16 22:17:52:443 CST] 0000002c com.ibm.ws.util                                              I SESN0172I: The session manager is using the Java default SecureRandom implementation for session ID generation.
[1/18/16 22:17:52:456 CST] 0000002c com.ibm.ws.jsp                                               I JSPG8502I: The value of the JSP attribute jdkSourceLevel is "15".
[1/18/16 22:17:52:458 CST] 00000030 com.ibm.ws.jsp                                               I JSPG8502I: The value of the JSP attribute jdkSourceLevel is "15".
[1/18/16 22:17:52:484 CST] 0000002c com.ibm.ws.cache.CacheServiceImpl                            I DYNA1056I: Dynamic Cache (object cache) initialized successfully.
[1/18/16 22:17:52:486 CST] 0000002d m.ibm.ws.container.service.app.deploy.ManifestClassPathUtils W SRVE9967W: The manifest class path jaxb-api.jar can not be found in jar file wsjar:file:/Users/lsteck/ws/ews/WorkspacesLSR2MFP710/CITutorial/dev/MobileFirstServerConfig/servers/worklight/apps/worklight-management-service.war!/WEB-INF/lib/jaxb-impl-2.1.12.osgi.jar or its parent.
[1/18/16 22:17:52:487 CST] 0000002d m.ibm.ws.container.service.app.deploy.ManifestClassPathUtils W SRVE9967W: The manifest class path activation.jar can not be found in jar file wsjar:file:/Users/lsteck/ws/ews/WorkspacesLSR2MFP710/CITutorial/dev/MobileFirstServerConfig/servers/worklight/apps/worklight-management-service.war!/WEB-INF/lib/jaxb-impl-2.1.12.osgi.jar or its parent.
[1/18/16 22:17:52:487 CST] 0000002d m.ibm.ws.container.service.app.deploy.ManifestClassPathUtils W SRVE9967W: The manifest class path jsr173_1.0_api.jar can not be found in jar file wsjar:file:/Users/lsteck/ws/ews/WorkspacesLSR2MFP710/CITutorial/dev/MobileFirstServerConfig/servers/worklight/apps/worklight-management-service.war!/WEB-INF/lib/jaxb-impl-2.1.12.osgi.jar or its parent.
[1/18/16 22:17:52:487 CST] 0000002d m.ibm.ws.container.service.app.deploy.ManifestClassPathUtils W SRVE9967W: The manifest class path jaxb1-impl.jar can not be found in jar file wsjar:file:/Users/lsteck/ws/ews/WorkspacesLSR2MFP710/CITutorial/dev/MobileFirstServerConfig/servers/worklight/apps/worklight-management-service.war!/WEB-INF/lib/jaxb-impl-2.1.12.osgi.jar or its parent.
[1/18/16 22:17:52:493 CST] 00000029 com.ibm.ws.session.WASSessionCore                            I SESN0176I: A new session context will be created for application key default_host/IBMJMXConnectorREST
[1/18/16 22:17:52:494 CST] 00000029 com.ibm.ws.util                                              I SESN0172I: The session manager is using the Java default SecureRandom implementation for session ID generation.
[1/18/16 22:17:52:502 CST] 0000002e com.ibm.ws.webcontainer.osgi.webapp.WebGroup                 I SRVE0169I: Loading Web Module: Worklight.
[1/18/16 22:17:52:502 CST] 0000002e com.ibm.ws.webcontainer                                      I SRVE0250I: Web Module Worklight has been bound to default_host.
[1/18/16 22:17:52:503 CST] 0000002e com.ibm.ws.http.internal.VirtualHostImpl                     A CWWKT0016I: Web application available (default_host): http://192.168.169.1:10080/AdapterBasedAuth/
[1/18/16 22:17:52:562 CST] 0000002c com.ibm.ws.app.manager.AppMessageHelper                      A CWWKZ0001I: Application _MobileBrowserSimulator started in 0.693 seconds.
[1/18/16 22:17:52:710 CST] 0000002f m.ibm.ws.container.service.app.deploy.ManifestClassPathUtils W SRVE9967W: The manifest class path jaxb-api.jar can not be found in jar file wsjar:file:/Users/lsteck/ws/ews/WorkspacesLSR2MFP710/CITutorial/dev/MobileFirstServerConfig/servers/worklight/apps/worklight-management-ui.war!/WEB-INF/lib/jaxb-impl-2.1.12.osgi.jar or its parent.
[1/18/16 22:17:52:710 CST] 0000002f m.ibm.ws.container.service.app.deploy.ManifestClassPathUtils W SRVE9967W: The manifest class path activation.jar can not be found in jar file wsjar:file:/Users/lsteck/ws/ews/WorkspacesLSR2MFP710/CITutorial/dev/MobileFirstServerConfig/servers/worklight/apps/worklight-management-ui.war!/WEB-INF/lib/jaxb-impl-2.1.12.osgi.jar or its parent.
[1/18/16 22:17:52:711 CST] 0000002f m.ibm.ws.container.service.app.deploy.ManifestClassPathUtils W SRVE9967W: The manifest class path jsr173_1.0_api.jar can not be found in jar file wsjar:file:/Users/lsteck/ws/ews/WorkspacesLSR2MFP710/CITutorial/dev/MobileFirstServerConfig/servers/worklight/apps/worklight-management-ui.war!/WEB-INF/lib/jaxb-impl-2.1.12.osgi.jar or its parent.
[1/18/16 22:17:52:711 CST] 0000002f m.ibm.ws.container.service.app.deploy.ManifestClassPathUtils W SRVE9967W: The manifest class path jaxb1-impl.jar can not be found in jar file wsjar:file:/Users/lsteck/ws/ews/WorkspacesLSR2MFP710/CITutorial/dev/MobileFirstServerConfig/servers/worklight/apps/worklight-management-ui.war!/WEB-INF/lib/jaxb-impl-2.1.12.osgi.jar or its parent.
[1/18/16 22:17:52:917 CST] 0000002d m.ibm.ws.container.service.app.deploy.ManifestClassPathUtils W SRVE9967W: The manifest class path jaxb-api.jar can not be found in jar file wsjar:file:/Users/lsteck/ws/ews/WorkspacesLSR2MFP710/CITutorial/dev/MobileFirstServerConfig/servers/worklight/apps/worklight-management-service.war!/WEB-INF/lib/jaxb-impl-2.1.12.osgi.jar or its parent.
[1/18/16 22:17:52:917 CST] 0000002d m.ibm.ws.container.service.app.deploy.ManifestClassPathUtils W SRVE9967W: The manifest class path activation.jar can not be found in jar file wsjar:file:/Users/lsteck/ws/ews/WorkspacesLSR2MFP710/CITutorial/dev/MobileFirstServerConfig/servers/worklight/apps/worklight-management-service.war!/WEB-INF/lib/jaxb-impl-2.1.12.osgi.jar or its parent.
[1/18/16 22:17:52:918 CST] 0000002d m.ibm.ws.container.service.app.deploy.ManifestClassPathUtils W SRVE9967W: The manifest class path jsr173_1.0_api.jar can not be found in jar file wsjar:file:/Users/lsteck/ws/ews/WorkspacesLSR2MFP710/CITutorial/dev/MobileFirstServerConfig/servers/worklight/apps/worklight-management-service.war!/WEB-INF/lib/jaxb-impl-2.1.12.osgi.jar or its parent.
[1/18/16 22:17:52:918 CST] 0000002d m.ibm.ws.container.service.app.deploy.ManifestClassPathUtils W SRVE9967W: The manifest class path jaxb1-impl.jar can not be found in jar file wsjar:file:/Users/lsteck/ws/ews/WorkspacesLSR2MFP710/CITutorial/dev/MobileFirstServerConfig/servers/worklight/apps/worklight-management-service.war!/WEB-INF/lib/jaxb-impl-2.1.12.osgi.jar or its parent.
[1/18/16 22:17:53:082 CST] 00000029 apache.wink.server.internal.application.ApplicationProcessor I The following JAX-RS application has been processed: com.ibm.ws.jaxrs.webcontainer.JAXRSDefaultApplicationSubclassProxy
[1/18/16 22:17:53:084 CST] 00000029 org.apache.wink.server.internal.log.Resources                I The server has registered the JAX-RS resource class com.ibm.ws.jmx.connector.server.rest.resources.FileTransferRouterResource with @Path(/fileTransfer/router/{filePath}).
[1/18/16 22:17:53:085 CST] 00000029 org.apache.wink.server.internal.log.Resources                I The server has registered the JAX-RS resource class com.ibm.ws.jmx.connector.server.rest.resources.AttributeResource with @Path(/mbeans/{objectName}/attributes).
[1/18/16 22:17:53:085 CST] 00000029 org.apache.wink.server.internal.log.Resources                I The server has registered the JAX-RS resource class com.ibm.ws.jmx.connector.server.rest.resources.FileCollectionResource with @Path(/file/collection).
[1/18/16 22:17:53:090 CST] 00000029 org.apache.wink.server.internal.log.Resources                I The server has registered the JAX-RS resource class com.ibm.ws.jmx.connector.server.rest.resources.FileTransferResource with @Path(/fileTransfer/{filePath}).
[1/18/16 22:17:53:091 CST] 00000029 org.apache.wink.server.internal.log.Resources                I The server has registered the JAX-RS resource class com.ibm.ws.jmx.connector.server.rest.resources.NotificationResource with @Path(/notifications).
[1/18/16 22:17:53:092 CST] 00000029 org.apache.wink.server.internal.log.Resources                I The server has registered the JAX-RS resource class com.ibm.ws.jmx.connector.server.rest.resources.FileStatusResource with @Path(/file/status).
[1/18/16 22:17:53:092 CST] 00000029 org.apache.wink.server.internal.log.Resources                I The server has registered the JAX-RS resource class com.ibm.ws.jmx.connector.server.rest.resources.MBeanResource with @Path(/mbeans).
[1/18/16 22:17:53:092 CST] 00000029 org.apache.wink.server.internal.log.Resources                I The server has registered the JAX-RS resource class com.ibm.ws.jmx.connector.server.rest.resources.MBeanRouterResource with @Path(/router).
[1/18/16 22:17:53:093 CST] 00000029 org.apache.wink.server.internal.log.Resources                I The server has registered the JAX-RS resource class com.ibm.ws.jmx.connector.server.rest.resources.FileResource with @Path(/file/{filePath}).
[1/18/16 22:17:53:093 CST] 00000029 org.apache.wink.server.internal.log.Resources                I The server has registered the JAX-RS resource class com.ibm.ws.jmx.connector.server.rest.resources.JMXResource with @Path().
[1/18/16 22:17:53:096 CST] 00000029 org.apache.wink.server.internal.log.Providers                I The class com.ibm.ws.jmx.connector.server.rest.providers.JSONErrorOutputStreamProvider was registered as a JAX-RS MessageBodyWriter provider for com.ibm.ws.jmx.connector.server.rest.providers.JSONErrorOutputStream Java types and application/json media types.
[1/18/16 22:17:53:684 CST] 0000002b m.ibm.ws.container.service.app.deploy.ManifestClassPathUtils W SRVE9967W: The manifest class path xml-apis.jar can not be found in jar file wsjar:file:/Users/lsteck/ws/ews/WorkspacesLSR2MFP710/CITutorial/dev/MobileFirstServerConfig/servers/worklight/apps/analytics-service.war!/WEB-INF/lib/serializer-2.7.2.jar or its parent.
[1/18/16 22:17:53:703 CST] 0000002b m.ibm.ws.container.service.app.deploy.ManifestClassPathUtils W SRVE9967W: The manifest class path xercesImpl.jar can not be found in jar file wsjar:file:/Users/lsteck/ws/ews/WorkspacesLSR2MFP710/CITutorial/dev/MobileFirstServerConfig/servers/worklight/apps/analytics-service.war!/WEB-INF/lib/xalan-2.7.2.jar or its parent.
[1/18/16 22:17:53:703 CST] 0000002b m.ibm.ws.container.service.app.deploy.ManifestClassPathUtils W SRVE9967W: The manifest class path xml-apis.jar can not be found in jar file wsjar:file:/Users/lsteck/ws/ews/WorkspacesLSR2MFP710/CITutorial/dev/MobileFirstServerConfig/servers/worklight/apps/analytics-service.war!/WEB-INF/lib/xalan-2.7.2.jar or its parent.
[1/18/16 22:17:53:704 CST] 0000002b m.ibm.ws.container.service.app.deploy.ManifestClassPathUtils W SRVE9967W: The manifest class path serializer.jar can not be found in jar file wsjar:file:/Users/lsteck/ws/ews/WorkspacesLSR2MFP710/CITutorial/dev/MobileFirstServerConfig/servers/worklight/apps/analytics-service.war!/WEB-INF/lib/xalan-2.7.2.jar or its parent.
[1/18/16 22:17:53:984 CST] 0000002b com.ibm.ws.webcontainer.osgi.webapp.WebGroup                 I SRVE0169I: Loading Web Module: analytics.
[1/18/16 22:17:53:985 CST] 0000002b com.ibm.ws.webcontainer                                      I SRVE0250I: Web Module analytics has been bound to default_host.
[1/18/16 22:17:53:985 CST] 0000002b com.ibm.ws.http.internal.VirtualHostImpl                     A CWWKT0016I: Web application available (default_host): http://192.168.169.1:10080/analytics-service/
[1/18/16 22:17:53:987 CST] 0000002b com.ibm.ws.session.WASSessionCore                            I SESN0176I: A new session context will be created for application key default_host/analytics-service
[1/18/16 22:17:53:987 CST] 0000002b com.ibm.ws.util                                              I SESN0172I: The session manager is using the Java default SecureRandom implementation for session ID generation.
[1/18/16 22:17:53:990 CST] 0000002b com.ibm.ws.jsp                                               I JSPG8502I: The value of the JSP attribute jdkSourceLevel is "15".
[1/18/16 22:17:54:246 CST] 0000002e com.ibm.ws.session.WASSessionCore                            I SESN0176I: A new session context will be created for application key default_host/AdapterBasedAuth
[1/18/16 22:17:54:247 CST] 0000002e com.ibm.ws.util                                              I SESN0172I: The session manager is using the Java default SecureRandom implementation for session ID generation.
[1/18/16 22:17:54:248 CST] 0000002e com.ibm.ws.jsp                                               I JSPG8502I: The value of the JSP attribute jdkSourceLevel is "15".
[1/18/16 22:17:55:062 CST] 00000029 com.ibm.ws.webcontainer.servlet                              I SRVE0242I: [com.ibm.ws.jmx.connector.server.rest] [/IBMJMXConnectorREST] [MBeanServerConnector]: Initialization successful.
[1/18/16 22:17:56:416 CST] 00000030 com.ibm.ws.webcontainer.servlet                              I SRVE0242I: [AnalyticsUI] [/analytics] [utilityServlet]: Initialization successful.
[1/18/16 22:17:56:419 CST] 00000030 com.ibm.ws.webcontainer.servlet                              I SRVE0242I: [AnalyticsUI] [/analytics] [servicesServlet]: Initialization successful.
[1/18/16 22:17:56:420 CST] 00000030 com.ibm.ws.app.manager.AppMessageHelper                      A CWWKZ0001I: Application AnalyticsUI started in 4.551 seconds.
[1/18/16 22:17:56:872 CST] 0000002f com.ibm.ws.webcontainer.osgi.webapp.WebGroup                 I SRVE0169I: Loading Web Module: Worklight Console.
[1/18/16 22:17:56:872 CST] 0000002f com.ibm.ws.webcontainer                                      I SRVE0250I: Web Module Worklight Console has been bound to default_host.
[1/18/16 22:17:56:873 CST] 0000002f com.ibm.ws.http.internal.VirtualHostImpl                     A CWWKT0016I: Web application available (default_host): http://192.168.169.1:10080/worklightconsole/
[1/18/16 22:17:56:944 CST] 0000002f com.ibm.ws.session.WASSessionCore                            I SESN0176I: A new session context will be created for application key default_host/worklightconsole
[1/18/16 22:17:56:944 CST] 0000002f com.ibm.ws.util                                              I SESN0172I: The session manager is using the Java default SecureRandom implementation for session ID generation.
[1/18/16 22:17:56:946 CST] 0000002f com.ibm.ws.jsp                                               I JSPG8502I: The value of the JSP attribute jdkSourceLevel is "15".
[1/18/16 22:17:57:028 CST] 0000002f com.ibm.ws.webcontainer.servlet                              I SRVE0242I: [WorklightConsole] [/worklightconsole] [localeServlet]: Initialization successful.
[1/18/16 22:17:57:030 CST] 0000002f com.ibm.ws.webcontainer.servlet                              I SRVE0242I: [WorklightConsole] [/worklightconsole] [servicesServlet]: Initialization successful.
[1/18/16 22:17:57:033 CST] 0000002f com.ibm.ws.app.manager.AppMessageHelper                      A CWWKZ0001I: Application WorklightConsole started in 5.164 seconds.
[1/18/16 22:17:57:128 CST] 0000002e com.worklight.common.util.JNDIFromPropertiesUtil             I Using JNDI configuration conf/jndi/default.properties
[1/18/16 22:17:57:343 CST] 0000002e com.worklight.server.bundle.project.JeeProjectActivator      I FWLST0024I: Scanning jar: jar:file:/Users/lsteck/ws/ews/WorkspacesLSR2MFP710/CITutorial/dev/MobileFirstServerConfig/shared/resources/worklight-jee-library-7.1.0.jar!/conf/db.default.properties  [project AdapterBasedAuth]
[1/18/16 22:17:57:344 CST] 0000002e com.worklight.server.bundle.project.JeeProjectActivator      I FWLST0024I: Scanning jar: jar:file:/Users/lsteck/ws/ews/WorkspacesLSR2MFP710/CITutorial/dev/MobileFirstServerConfig/shared/resources/worklight-jee-library-7.1.0.jar!/conf/worklight.properties  [project AdapterBasedAuth]
[1/18/16 22:17:57:344 CST] 0000002e com.worklight.server.bundle.project.JeeProjectActivator      I FWLST0024I: Scanning jar: jar:file:/Users/lsteck/ws/ews/WorkspacesLSR2MFP710/CITutorial/dev/MobileFirstServerConfig/servers/worklight/apps/AdapterBasedAuth.war!/WEB-INF/classes/conf/worklight.properties  [project AdapterBasedAuth]
[1/18/16 22:17:57:503 CST] 0000002e com.worklight.server.bundle.api.WorklightConfiguration       I FWLSE4006I: IBM MobileFirst Platform Studio is running in 'development' mode. [project AdapterBasedAuth]
[1/18/16 22:17:57:510 CST] 0000002e .worklight.server.bundle.project.ProjectConfigurationFactory W Using empty value for configuration property 'wl.analytics.logs.packages'
[1/18/16 22:17:57:516 CST] 00000039 com.worklight.server.bundle.project.JeeProjectActivator      I FWLST0022I: Worklight project async start = true
[1/18/16 22:17:57:615 CST] 0000002e apache.wink.server.internal.application.ApplicationProcessor I The following JAX-RS application has been processed: com.ibm.ws.jaxrs.webcontainer.JAXRSDefaultApplicationSubclassProxy
[1/18/16 22:17:57:615 CST] 0000002e org.apache.wink.server.internal.log.Resources                I The server has registered the JAX-RS resource class com.worklight.authorization.endpoint.registration.AppInstanceRegistrationEndpoint with @Path(/v1/clients/instance/).
[1/18/16 22:17:57:615 CST] 0000002e org.apache.wink.server.internal.log.Resources                I The server has registered the JAX-RS resource class com.worklight.authorization.endpoint.validation.TokenValidationEndpoint with @Path(/v1/token/validation).
[1/18/16 22:17:57:616 CST] 0000002e org.apache.wink.server.internal.log.Resources                I The server has registered the JAX-RS resource class com.worklight.authorization.endpoint.registration.PreviewRegistrationEndpoint with @Path(/v1/clients/preview/).
[1/18/16 22:17:57:616 CST] 0000002e org.apache.wink.server.internal.log.Resources                I The server has registered the JAX-RS resource class com.worklight.authorization.endpoint.authorization.AuthorizationEndpoint with @Path(/v1/authorization).
[1/18/16 22:17:57:616 CST] 0000002e org.apache.wink.server.internal.log.Resources                I The server has registered the JAX-RS resource class com.worklight.authorization.endpoint.publickey.PublicKeyEndpoint with @Path(/v1/publickey).
[1/18/16 22:17:57:616 CST] 0000002e org.apache.wink.server.internal.log.Resources                I The server has registered the JAX-RS resource class com.worklight.authorization.endpoint.testtoken.TestTokenEndpoint with @Path(/v1/testtoken).
[1/18/16 22:17:57:617 CST] 0000002e org.apache.wink.server.internal.log.Resources                I The server has registered the JAX-RS resource class com.worklight.authorization.endpoint.token.TokenEndpoint with @Path(/v1/token).
[1/18/16 22:17:57:617 CST] 0000002e org.apache.wink.server.internal.log.Providers                I There are no custom JAX-RS providers defined in the application.
[1/18/16 22:17:57:719 CST] 00000039 com.worklight.server.bundle.project.JeeProjectActivator      I FWLST0001I: Worklight home folder is /Users/lsteck/ws/ews/WorkspacesLSR2MFP710/CITutorial/dev/MobileFirstServerConfig/servers/worklight/workarea/org.eclipse.osgi/84/data/temp/default_node/SMF_WebContainer/AdapterBasedAuth/AdapterBasedAuth [project AdapterBasedAuth]
[1/18/16 22:17:57:749 CST] 0000002e com.ibm.ws.webcontainer.servlet                              I SRVE0242I: [AdapterBasedAuth] [/AdapterBasedAuth] [OAuthAuthorizationServer]: Initialization successful.
[1/18/16 22:17:57:925 CST] 00000039 ingframework.context.support.FileSystemXmlApplicationContext I Refreshing org.springframework.context.support.FileSystemXmlApplicationContext@4199aeb8: startup date [Mon Jan 18 22:17:57 CST 2016]; root of context hierarchy
[1/18/16 22:17:57:938 CST] 0000002e apache.wink.server.internal.application.ApplicationProcessor I The following JAX-RS application has been processed: com.ibm.ws.jaxrs.webcontainer.JAXRSDefaultApplicationSubclassProxy
[1/18/16 22:17:57:939 CST] 0000002e org.apache.wink.server.internal.log.Resources                I The server has registered the JAX-RS resource class com.ibm.pushworks.server.rest.resources.PushResourceRouter with @Path(/).
[1/18/16 22:17:57:939 CST] 0000002e org.apache.wink.server.internal.log.Providers                I The class com.fasterxml.jackson.jaxrs.json.JacksonJsonProvider was registered as a JAX-RS MessageBodyReader provider for all Java types and */* media types.
[1/18/16 22:17:57:939 CST] 0000002e org.apache.wink.server.internal.log.Providers                I The class com.fasterxml.jackson.jaxrs.json.JacksonJsonProvider was registered as a JAX-RS MessageBodyWriter provider for all Java types and */* media types.
[1/18/16 22:17:57:940 CST] 0000002e org.apache.wink.server.internal.log.Providers                I The class com.ibm.pushworks.server.rest.response.PushWorksServerExceptionWriter was registered as a JAX-RS ExceptionMapper provider for com.ibm.pushworks.server.exceptions.PushWorksException Java types.
[1/18/16 22:17:57:959 CST] 0000002e com.ibm.ws.webcontainer.servlet                              I SRVE0242I: [AdapterBasedAuth] [/AdapterBasedAuth] [PushWorksApplication]: Initialization successful.
[1/18/16 22:17:57:993 CST] 0000002e apache.wink.server.internal.application.ApplicationProcessor I The following JAX-RS application has been processed: com.ibm.ws.jaxrs.webcontainer.JAXRSDefaultApplicationSubclassProxy
[1/18/16 22:17:57:994 CST] 0000002e org.apache.wink.server.internal.log.Resources                I The server has registered the JAX-RS resource class com.worklight.oauth.TokenValidationEndpoint with @Path(/validation).
[1/18/16 22:17:57:994 CST] 0000002e org.apache.wink.server.internal.log.Resources                I The server has registered the JAX-RS resource class com.worklight.oauth.TokenEndpoint with @Path(/token).
[1/18/16 22:17:57:994 CST] 0000002e org.apache.wink.server.internal.log.Providers                I There are no custom JAX-RS providers defined in the application.
[1/18/16 22:17:58:015 CST] 0000002e com.ibm.ws.webcontainer.servlet                              I SRVE0242I: [AdapterBasedAuth] [/AdapterBasedAuth] [AuthorizationServer]: Initialization successful.
[1/18/16 22:17:58:036 CST] 0000002e com.ibm.ws.app.manager.AppMessageHelper                      A CWWKZ0001I: Application AdapterBasedAuth started in 6.167 seconds.
[1/18/16 22:17:58:051 CST] 00000039 rg.springframework.beans.factory.xml.XmlBeanDefinitionReader I Loading XML bean definitions from URL [wsjar:file:/Users/lsteck/ws/ews/WorkspacesLSR2MFP710/CITutorial/dev/MobileFirstServerConfig/shared/resources/worklight-jee-library-7.1.0.jar!/conf/spring-server-core.xml]
[1/18/16 22:17:58:271 CST] 00000039 rg.springframework.beans.factory.xml.XmlBeanDefinitionReader I Loading XML bean definitions from URL [wsjar:file:/Users/lsteck/ws/ews/WorkspacesLSR2MFP710/CITutorial/dev/MobileFirstServerConfig/shared/resources/worklight-jee-library-7.1.0.jar!/conf/core.xml]
[1/18/16 22:17:58:345 CST] 00000039 rg.springframework.beans.factory.xml.XmlBeanDefinitionReader I Loading XML bean definitions from URL [wsjar:file:/Users/lsteck/ws/ews/WorkspacesLSR2MFP710/CITutorial/dev/MobileFirstServerConfig/shared/resources/worklight-jee-library-7.1.0.jar!/conf/integration.xml]
[1/18/16 22:17:58:363 CST] 00000039 rg.springframework.beans.factory.xml.XmlBeanDefinitionReader I Loading XML bean definitions from URL [wsjar:file:/Users/lsteck/ws/ews/WorkspacesLSR2MFP710/CITutorial/dev/MobileFirstServerConfig/shared/resources/worklight-jee-library-7.1.0.jar!/conf/gadgets.xml]
[1/18/16 22:17:58:387 CST] 00000039 rg.springframework.beans.factory.xml.XmlBeanDefinitionReader I Loading XML bean definitions from URL [wsjar:file:/Users/lsteck/ws/ews/WorkspacesLSR2MFP710/CITutorial/dev/MobileFirstServerConfig/shared/resources/worklight-jee-library-7.1.0.jar!/conf/pushworks.xml]
[1/18/16 22:17:58:404 CST] 00000039 ngframework.beans.factory.support.DefaultListableBeanFactory I Overriding bean definition for bean 'gadgetCustomizedResourcesRoot': replacing [Generic bean: class [com.worklight.core.util.WorkingDirectory]; scope=; abstract=false; lazyInit=false; autowireMode=0; dependencyCheck=0; autowireCandidate=true; primary=false; factoryBeanName=null; factoryMethodName=null; initMethodName=null; destroyMethodName=null; defined in URL [wsjar:file:/Users/lsteck/ws/ews/WorkspacesLSR2MFP710/CITutorial/dev/MobileFirstServerConfig/shared/resources/worklight-jee-library-7.1.0.jar!/conf/gadgets.xml]] with [Generic bean: class [com.worklight.core.util.WorkingDirectory]; scope=; abstract=false; lazyInit=false; autowireMode=0; dependencyCheck=0; autowireCandidate=true; primary=false; factoryBeanName=null; factoryMethodName=null; initMethodName=null; destroyMethodName=null; defined in URL [wsjar:file:/Users/lsteck/ws/ews/WorkspacesLSR2MFP710/CITutorial/dev/MobileFirstServerConfig/shared/resources/worklight-jee-library-7.1.0.jar!/conf/spring-server-core.xml]]
[1/18/16 22:17:58:405 CST] 00000039 ngframework.beans.factory.support.DefaultListableBeanFactory I Overriding bean definition for bean 'gadgetResourcesRoot': replacing [Generic bean: class [com.worklight.core.util.WorkingDirectory]; scope=; abstract=false; lazyInit=false; autowireMode=0; dependencyCheck=0; autowireCandidate=true; primary=false; factoryBeanName=null; factoryMethodName=null; initMethodName=null; destroyMethodName=null; defined in URL [wsjar:file:/Users/lsteck/ws/ews/WorkspacesLSR2MFP710/CITutorial/dev/MobileFirstServerConfig/shared/resources/worklight-jee-library-7.1.0.jar!/conf/gadgets.xml]] with [Generic bean: class [com.worklight.core.util.WorkingDirectory]; scope=; abstract=false; lazyInit=false; autowireMode=0; dependencyCheck=0; autowireCandidate=true; primary=false; factoryBeanName=null; factoryMethodName=null; initMethodName=null; destroyMethodName=null; defined in URL [wsjar:file:/Users/lsteck/ws/ews/WorkspacesLSR2MFP710/CITutorial/dev/MobileFirstServerConfig/shared/resources/worklight-jee-library-7.1.0.jar!/conf/spring-server-core.xml]]
[1/18/16 22:17:58:408 CST] 0000002d com.ibm.ws.webcontainer.osgi.webapp.WebGroup                 I SRVE0169I: Loading Web Module: Worklight Administration Services.
[1/18/16 22:17:58:409 CST] 0000002d com.ibm.ws.webcontainer                                      I SRVE0250I: Web Module Worklight Administration Services has been bound to default_host.
[1/18/16 22:17:58:409 CST] 0000002d com.ibm.ws.http.internal.VirtualHostImpl                     A CWWKT0016I: Web application available (default_host): http://192.168.169.1:10080/worklightadmin/
[1/18/16 22:17:58:418 CST] 00000039 rg.springframework.beans.factory.xml.XmlBeanDefinitionReader I Loading XML bean definitions from URL [wsjar:file:/Users/lsteck/ws/ews/WorkspacesLSR2MFP710/CITutorial/dev/MobileFirstServerConfig/shared/resources/worklight-jee-library-7.1.0.jar!/conf/jpa.xml]
[1/18/16 22:17:58:532 CST] 0000002d com.ibm.ws.injectionengine.AbstractInjectionEngine           W CWNEN0070W: The javax.ws.rs.MatrixParam annotation class will not be recognized because it was loaded from the null location rather than from a product class loader.
[1/18/16 22:17:58:545 CST] 0000002d com.ibm.ws.injectionengine.AbstractInjectionEngine           W CWNEN0070W: The javax.ws.rs.PathParam annotation class will not be recognized because it was loaded from the null location rather than from a product class loader.
[1/18/16 22:17:58:546 CST] 0000002d com.ibm.ws.injectionengine.AbstractInjectionEngine           W CWNEN0070W: The javax.ws.rs.QueryParam annotation class will not be recognized because it was loaded from the null location rather than from a product class loader.
[1/18/16 22:17:58:546 CST] 0000002d com.ibm.ws.injectionengine.AbstractInjectionEngine           W CWNEN0070W: The javax.ws.rs.HeaderParam annotation class will not be recognized because it was loaded from the null location rather than from a product class loader.
[1/18/16 22:17:58:547 CST] 0000002d com.ibm.ws.injectionengine.AbstractInjectionEngine           W CWNEN0070W: The javax.ws.rs.core.Context annotation class will not be recognized because it was loaded from the null location rather than from a product class loader.
[1/18/16 22:17:58:548 CST] 0000002d com.ibm.ws.injectionengine.AbstractInjectionEngine           W CWNEN0070W: The javax.ws.rs.CookieParam annotation class will not be recognized because it was loaded from the null location rather than from a product class loader.
[1/18/16 22:17:58:583 CST] 0000002d com.ibm.ws.session.WASSessionCore                            I SESN0176I: A new session context will be created for application key default_host/worklightadmin
[1/18/16 22:17:58:584 CST] 0000002d com.ibm.ws.util                                              I SESN0172I: The session manager is using the Java default SecureRandom implementation for session ID generation.
[1/18/16 22:17:58:585 CST] 0000002d com.ibm.ws.jsp                                               I JSPG8502I: The value of the JSP attribute jdkSourceLevel is "15".
[1/18/16 22:17:58:977 CST] 0000002d com.ibm.ws.webcontainer.webapp                               I SRVE0292I: Servlet Message - [worklight-management-service]:.No Spring WebApplicationInitializer types detected on classpath
[1/18/16 22:17:59:073 CST] 0000002d com.ibm.ws.webcontainer.webapp                               I SRVE0292I: Servlet Message - [worklight-management-service]:.Initializing Spring root WebApplicationContext
[1/18/16 22:17:59:075 CST] 0000002d org.springframework.web.context.ContextLoader                I Root WebApplicationContext: initialization started
[1/18/16 22:17:59:231 CST] 0000002d springframework.web.context.support.XmlWebApplicationContext I Refreshing Root WebApplicationContext: startup date [Mon Jan 18 22:17:59 CST 2016]; root of context hierarchy
[1/18/16 22:17:59:371 CST] 0000002d rg.springframework.beans.factory.xml.XmlBeanDefinitionReader I Loading XML bean definitions from ServletContext resource [/WEB-INF/spring-management-service.xml]
[1/18/16 22:17:59:489 CST] 0000002d ngframework.beans.factory.support.DefaultListableBeanFactory I Pre-instantiating singletons in org.springframework.beans.factory.support.DefaultListableBeanFactory@49694e13: defining beans [registrationServiceFactory]; root of factory hierarchy
[1/18/16 22:17:59:563 CST] 0000002d com.ibm.worklight.admin.common.util.ContextPropertyUtil      I Resource conf/jndi/default.properties not found. This is not an error. Context path is /worklightadmin
[1/18/16 22:17:59:564 CST] 0000002d com.ibm.worklight.admin.datastore.DataStoreUtil              I Read properties file. allProperties: {ibm.worklight.admin.db.jndi.name=java:comp/env/jdbc/WorklightAdminDS}
[1/18/16 22:17:59:577 CST] 0000002d com.ibm.worklight.admin.datastore.DataStoreUtil              I Handling propName=ibm.worklight.admin.db.jndi.name propValue=java:comp/env/jdbc/WorklightAdminDS
[1/18/16 22:17:59:578 CST] 0000002d com.ibm.worklight.admin.datastore.DataStoreUtil              I Handling propName=ibm.worklight.admin.db.openjpa.Log propValue=
[1/18/16 22:17:59:578 CST] 0000002d com.ibm.worklight.admin.datastore.DataStoreUtil              I Handling propName=ibm.worklight.admin.db.type propValue=
[1/18/16 22:17:59:782 CST] 0000002d com.ibm.ws.recoverylog.spi.RecoveryDirectorImpl              I CWRLS0010I: Performing recovery processing for local WebSphere server (Cell\Node\Server).
[1/18/16 22:17:59:859 CST] 0000002d com.ibm.ws.recoverylog.spi.RecoveryDirectorImpl              I CWRLS0012I: All persistent services have been directed to perform recovery processing for this WebSphere server (Cell\Node\Server).
[1/18/16 22:17:59:859 CST] 0000003c com.ibm.tx.jta.impl.RecoveryManager                          I WTRN0135I: Transaction service recovering no transactions.
[1/18/16 22:18:00:008 CST] 00000039 com.worklight.server.database.api.WorklightDataSource        I FWLSE0187I: jdbc/WorklightReportsDS data source is disabled. No connection opened.  [project AdapterBasedAuth]
[1/18/16 22:18:00:054 CST] 00000039 ringframework.orm.jpa.LocalContainerEntityManagerFactoryBean I Building JPA container EntityManagerFactory for persistence unit 'WorklightReportsPU'
[1/18/16 22:18:00:411 CST] 00000039 SystemErr                                                    R 62  WorklightReportsPU  WARN   [Worklight runtime initialization for context=/AdapterBasedAuth] openjpa.Runtime - An error occurred while registering a ClassTransformer with PersistenceUnitInfo: name 'WorklightReportsPU', root URL [file:/Users/lsteck/ws/ews/WorkspacesLSR2MFP710/CITutorial/dev/MobileFirstServerConfig/shared/resources/worklight-jee-library-7.1.0.jar]. The error has been consumed. To see it, set your openjpa.Runtime log level to TRACE. Load-time class transformation will not be available.
[1/18/16 22:18:00:920 CST] 0000002d com.ibm.ws.rsadapter.spi.InternalGenericDataStoreHelper      I DSRA8203I: Database product name : Apache Derby
[1/18/16 22:18:00:926 CST] 0000002d com.ibm.ws.rsadapter.spi.InternalGenericDataStoreHelper      I DSRA8204I: Database product version : 10.8.2.2 - (1181258)
[1/18/16 22:18:00:926 CST] 0000002d com.ibm.ws.rsadapter.spi.InternalGenericDataStoreHelper      I DSRA8205I: JDBC driver name  : Apache Derby Embedded JDBC Driver
[1/18/16 22:18:00:926 CST] 0000002d com.ibm.ws.rsadapter.spi.InternalGenericDataStoreHelper      I DSRA8206I: JDBC driver version  : 10.8.2.2 - (1181258)
[1/18/16 22:18:00:972 CST] 0000002d com.ibm.worklight.admin.jpa.datastore.JPAStore               I Creating EntityManagerFactory for persistence-unit=WorklightManagementPU-derby with properties: {openjpa.ConnectionFactory=com.ibm.ws.rsadapter.jdbc.WSJdbcDataSource@3ba48de3, openjpa.jdbc.SynchronizeMappings=buildSchema(SchemaAction='add'), openjpa.ProxyManager=com.ibm.worklight.admin.jpa.CustomProxyManager}
[1/18/16 22:18:01:125 CST] 00000039 ringframework.orm.jpa.LocalContainerEntityManagerFactoryBean I Building JPA container EntityManagerFactory for persistence unit 'WorklightPU'
[1/18/16 22:18:01:144 CST] 00000039 SystemErr                                                    R 0  WorklightPU  WARN   [Worklight runtime initialization for context=/AdapterBasedAuth] openjpa.Runtime - An error occurred while registering a ClassTransformer with PersistenceUnitInfo: name 'WorklightPU', root URL [file:/Users/lsteck/ws/ews/WorkspacesLSR2MFP710/CITutorial/dev/MobileFirstServerConfig/shared/resources/worklight-jee-library-7.1.0.jar]. The error has been consumed. To see it, set your openjpa.Runtime log level to TRACE. Load-time class transformation will not be available.
[1/18/16 22:18:01:145 CST] 00000039 ngframework.beans.factory.support.DefaultListableBeanFactory I Pre-instantiating singletons in org.springframework.beans.factory.support.DefaultListableBeanFactory@3c8d454c: defining beans [org.springframework.context.annotation.internalConfigurationAnnotationProcessor,org.springframework.context.annotation.internalAutowiredAnnotationProcessor,org.springframework.context.annotation.internalRequiredAnnotationProcessor,org.springframework.context.annotation.internalCommonAnnotationProcessor,org.springframework.context.annotation.internalPersistenceAnnotationProcessor,mailingService,WorkLightNotice,rssBrokerUtils,audit,GenericDAOFactory,GenericDAO,clusterSynchronizationDAOFactory,clusterSynchronizationDAO,taskCoordinator,taskManager,worklightAuthenticationService,loginConfigurationServiceBean,protectedResourceFactory,ssoDAOFactory,ssoDAO,ssoExpiredLoginContextsCleanupTask,keyStoreManager,authorizationServer,OAuthValidator,OAuthValidationFilter,authorizationStore,OAuthInternalFilter,JAXRSSandboxFactory,AdapterResourceFactory,wlServerAPI,securityAPI,adaptersAPI,configurationAPI,pushAPI,analyticsAPI,winkFrameworkSharedClassLoader,dataAccessService,shellResourcesService,analyticsService,coreServiceManager,adapterManager,nodeProcessManager,adapterManagementService,factProcessingTask,PlatformUsageProcessingTask,notificationCleanupTask,WSSecurityService,cloudantDatabaseFactory,cloudantDb,cloudantConnectorFactory,gadgetDAOFactory,gadgetDAO,userPrefDAOFactory,userPrefDAO,deviceDAOFactory,deviceDAO,licenseTermsDAOFactory,licenseTermsDAO,clientInstanceDAOFactory,clientInstanceDAO,licenseTermsAddressableDeviceDAOFactory,licenseTermsAddressableDeviceDAO,AttributeStoreDAOFactory,attributeStoreDAO,platformUsageService,configProfileService,gfwProps,gadgetEnvironmentManager,gadgetResourcesRoot,gadgetCustomizedResourcesRoot,applicationMetadataService,applicationManagementService,beaconService,notificationsSimulationManager,pushServiceListener,PushService,reportService,reportsDS,reportsBrokerDS,reportsSessionFactory,gadgetReportsDAO,notificationReportsDao,gadgetReportsService,analyticsFactService,analyticsSDKProvider,analyticsSDK,nodeInfo,registrationService,runtimeTransactionHandler,projectSyncService,xsConfiguration,attributeStoreFactory,attributeStoreDBCleanupTask,classCache,txManager,worklight-direct,rssBrokerDS,brokerSessionFactory,org.springframework.context.annotation.ConfigurationClassPostProcessor.importAwareProcessor]; root of factory hierarchy
[1/18/16 22:18:01:442 CST] 0000002d com.worklight.common.util.JNDIUtils                          I Resource conf/jndi/default.properties not found. This is not an error. Context path is __globalscope__
[1/18/16 22:18:01:476 CST] 00000039 com.worklight.server.bundle.project.JeeProjectActivator      I FWLST0024I: Scanning jar: jar:file:/Users/lsteck/ws/ews/WorkspacesLSR2MFP710/CITutorial/dev/MobileFirstServerConfig/shared/resources/worklight-jee-library-7.1.0.jar!/conf/authenticationConfig.xml  [project AdapterBasedAuth]
[1/18/16 22:18:01:509 CST] 0000002d com.worklight.common.util.jmx.LibertyJMXRegister             I FWLSE2008I: MBean registration succeeded for: com.worklight.common.server.jmx.api:type=WorklightAdmin,qualifier=worklightadmin
[1/18/16 22:18:01:523 CST] 0000002d SystemErr                                                    R 181  WorklightManagementPU-derby  INFO   [LargeThreadPool-thread-13] openjpa.Runtime - Starting OpenJPA 1.2.2
[1/18/16 22:18:01:571 CST] 00000039 com.worklight.server.bundle.project.JeeProjectActivator      I FWLST0024I: Scanning jar: jar:file:/Users/lsteck/ws/ews/WorkspacesLSR2MFP710/CITutorial/dev/MobileFirstServerConfig/servers/worklight/apps/AdapterBasedAuth.war!/WEB-INF/classes/conf/authenticationConfig.xml  [project AdapterBasedAuth]
[1/18/16 22:18:01:688 CST] 0000002d SystemErr                                                    R 347  WorklightManagementPU-derby  INFO   [LargeThreadPool-thread-13] openjpa.jdbc.JDBC - Using dictionary class "org.apache.openjpa.jdbc.sql.DerbyDictionary" (Apache Derby 10.8.2.2 - (1181258) ,Apache Derby Embedded JDBC Driver 10.8.2.2 - (1181258)).
[1/18/16 22:18:02:275 CST] 00000039 com.worklight.server.bundle.project.JeeProjectActivator      I FWLST0024I: Scanning jar: jar:file:/Users/lsteck/ws/ews/WorkspacesLSR2MFP710/CITutorial/dev/MobileFirstServerConfig/servers/worklight/apps/AdapterBasedAuth.war!/WEB-INF/classes/conf/default.keystore  [project AdapterBasedAuth]
[1/18/16 22:18:02:289 CST] 00000039 com.worklight.server.bundle.project.JeeProjectActivator      I FWLST0024I: Scanning jar: jar:file:/Users/lsteck/ws/ews/WorkspacesLSR2MFP710/CITutorial/dev/MobileFirstServerConfig/shared/resources/worklight-jee-library-7.1.0.jar!/conf/wl-default.jks  [project AdapterBasedAuth]
[1/18/16 22:18:02:447 CST] 00000039 SystemErr                                                    R 1303  WorklightPU  INFO   [Worklight runtime initialization for context=/AdapterBasedAuth] openjpa.Runtime - Starting OpenJPA 1.2.2
[1/18/16 22:18:02:518 CST] 00000039 SystemErr                                                    R 1374  WorklightPU  INFO   [Worklight runtime initialization for context=/AdapterBasedAuth] openjpa.jdbc.JDBC - Using dictionary class "org.apache.openjpa.jdbc.sql.HSQLDictionary".
[1/18/16 22:18:03:597 CST] 0000002d SystemErr                                                    R 2256  WorklightManagementPU-derby  INFO   [LargeThreadPool-thread-13] openjpa.Runtime - Though you are using optimistic transactions, OpenJPA is now beginning a datastore transaction because you have requested a lock on some data.
[1/18/16 22:18:03:650 CST] 0000002d SystemErr                                                    R 2309  WorklightManagementPU-derby  INFO   [LargeThreadPool-thread-13] openjpa.Runtime - Though you are using optimistic transactions, OpenJPA is now beginning a datastore transaction because you have requested a lock on some data.
[1/18/16 22:18:03:662 CST] 0000002d org.springframework.web.context.ContextLoader                I Root WebApplicationContext: initialization completed in 4587 ms
[1/18/16 22:18:03:673 CST] 0000002d ht.admin.listeners.WorklightManagementServletContextListener I MobileFirst Administration Services servlet context listener initialized
[1/18/16 22:18:03:673 CST] 0000002d ht.admin.listeners.WorklightManagementServletContextListener I FWLSE3199I: ========= MobileFirst Administration Services version 7.1.0.00-20151023-1441 started.
[1/18/16 22:18:03:713 CST] 0000002d org.apache.wink.server.internal.servlet.RestServlet          I The system is using the com.ibm.worklight.admin.services.ManagementServiceServlet JAX-RS application class that is named in the javax.ws.rs.Application init-param initialization parameter.
[1/18/16 22:18:03:841 CST] 0000002d apache.wink.server.internal.application.ApplicationProcessor I The following JAX-RS application has been processed: com.ibm.worklight.admin.services.ManagementServiceServlet
[1/18/16 22:18:03:843 CST] 0000002d org.apache.wink.server.internal.log.Resources                I The server has registered the JAX-RS resource class com.ibm.worklight.admin.services.ManagementService with @Path(/).
[1/18/16 22:18:03:845 CST] 0000002d org.apache.wink.server.internal.log.Providers                I The class com.ibm.worklight.admin.util.ByteArrayWorkaroundProvider was registered as a JAX-RS MessageBodyReader provider for com.ibm.worklight.admin.util.ByteArrayWorkaround Java types and */* media types.
[1/18/16 22:18:03:845 CST] 0000002d org.apache.wink.server.internal.log.Providers                I The class com.ibm.worklight.admin.util.ByteArrayWorkaroundProvider was registered as a JAX-RS MessageBodyWriter provider for com.ibm.worklight.admin.util.ByteArrayWorkaround Java types and */* media types.
[1/18/16 22:18:04:014 CST] 0000002d com.ibm.ws.webcontainer.servlet                              I SRVE0242I: [WorklightServices] [/worklightadmin] [ManagementServlet]: Initialization successful.
[1/18/16 22:18:04:016 CST] 0000002d com.ibm.ws.app.manager.AppMessageHelper                      A CWWKZ0001I: Application WorklightServices started in 12.148 seconds.
[1/18/16 22:18:04:020 CST] 0000002b com.ibm.mobile.analytics.server.util.config.JndiSettings     I Read JNDI Property: warmupFrequencyInSeconds = 0
[1/18/16 22:18:04:022 CST] 0000002b com.ibm.mobile.analytics.server.util.DatastoreUtility        I JNDI property: datastore_type has not been set. Datastore is defaulting to elasticsearch_local
[1/18/16 22:18:04:041 CST] 0000002b org.apache.wink.server.internal.servlet.RestServlet          I The system is using the com.ibm.mobile.analytics.server.servlet.ElasticApplicationV2 JAX-RS application class that is named in the javax.ws.rs.Application init-param initialization parameter.
[1/18/16 22:18:04:155 CST] 0000002b apache.wink.server.internal.application.ApplicationProcessor I The following JAX-RS application has been processed: com.ibm.mobile.analytics.server.servlet.ElasticApplicationV2
[1/18/16 22:18:04:156 CST] 0000002b org.apache.wink.server.internal.log.Resources                I The server has registered the JAX-RS resource class com.ibm.mobile.analytics.server.servlet.DataReceiverV2 with @Path(/).
[1/18/16 22:18:04:156 CST] 0000002b org.apache.wink.server.internal.log.Providers                I The class com.ibm.mobile.analytics.server.servlet.EventReportListProvider was registered as a JAX-RS MessageBodyReader provider for java.util.List Java types and application/json media types.
[1/18/16 22:18:04:156 CST] 0000002b org.apache.wink.server.internal.log.Providers                I The class com.ibm.mobile.analytics.server.servlet.CustomParametersProvider was registered as a JAX-RS MessageBodyReader provider for com.ibm.mobile.analytics.server.rest.params.CustomParameters Java types and application/json media types.
[1/18/16 22:18:04:156 CST] 0000002b org.apache.wink.server.internal.log.Providers                I The class com.ibm.mobile.analytics.server.servlet.EventReportProvider was registered as a JAX-RS MessageBodyReader provider for com.ibm.mobile.analytics.sdk.model.EventReport Java types and application/json media types.
[1/18/16 22:18:04:174 CST] 0000002b com.ibm.ws.webcontainer.servlet                              I SRVE0242I: [AnalyticsServices] [/analytics-service] [datav2]: Initialization successful.
[1/18/16 22:18:04:176 CST] 0000002b org.apache.wink.server.internal.servlet.RestServlet          I The system is using the com.ibm.mobile.analytics.server.servlet.ElasticApplication JAX-RS application class that is named in the javax.ws.rs.Application init-param initialization parameter.
[1/18/16 22:18:04:271 CST] 00000039 com.worklight.authorization.server.AuthorizationServer       I FWLSE0364W : No configuration for trusted signing certificates. [project AdapterBasedAuth]
[1/18/16 22:18:04:309 CST] 00000039 .worklight.server.bundle.project.ProjectConfigurationFactory W Using empty value for configuration property 'mfp.attrStore.type'
[1/18/16 22:18:04:311 CST] 00000039 om.worklight.core.attrstore.DistributedAttributeStoreFactory I FWLSE0371I : This attribute store type is: com.worklight.core.attrstore.HTTPSessionAttributeStoreManager [project AdapterBasedAuth]
[1/18/16 22:18:04:317 CST] 00000039 .worklight.server.bundle.project.ProjectConfigurationFactory W Using empty value for configuration property 'mfp.session.independent'
[1/18/16 22:18:04:319 CST] 00000039 om.worklight.core.attrstore.DistributedAttributeStoreFactory I FWLSE0351I: Session independent mode is set to 'false'. [project AdapterBasedAuth]
[1/18/16 22:18:04:398 CST] 00000039 com.worklight.report.impl.GadgetReportsServiceImpl           I FWLSE0186I: Application raw reports are disabled. [project AdapterBasedAuth]
[1/18/16 22:18:04:670 CST] 0000002b apache.wink.server.internal.application.ApplicationProcessor I The following JAX-RS application has been processed: com.ibm.mobile.analytics.server.servlet.ElasticApplication
[1/18/16 22:18:04:670 CST] 0000002b org.apache.wink.server.internal.log.Resources                I The server has registered the JAX-RS resource class com.ibm.mobile.analytics.server.rest.AdministrationResource with @Path(/administration/apps/{appId}).
[1/18/16 22:18:04:670 CST] 0000002b org.apache.wink.server.internal.log.Resources                I The server has registered the JAX-RS resource class com.ibm.mobile.analytics.server.alert.elasticsearch.NotificationsResource with @Path(/notifications/apps/{appId}).
[1/18/16 22:18:04:670 CST] 0000002b org.apache.wink.server.internal.log.Resources                I The server has registered the JAX-RS resource class com.ibm.mobile.analytics.server.custom.elasticsearch.CustomChartsManager with @Path(/customCharts/apps/{appId}).
[1/18/16 22:18:04:671 CST] 0000002b org.apache.wink.server.internal.log.Resources                I The server has registered the JAX-RS resource class com.ibm.mobile.analytics.server.loadtesting.LoadTesting with @Path(/loadTesting/apps/{appId}).
[1/18/16 22:18:04:671 CST] 0000002b org.apache.wink.server.internal.log.Resources                I The server has registered the JAX-RS resource class com.ibm.mobile.analytics.server.rest.DashboardResource with @Path(/dashboard/apps/{appId}).
[1/18/16 22:18:04:671 CST] 0000002b org.apache.wink.server.internal.log.Resources                I The server has registered the JAX-RS resource class com.ibm.mobile.analytics.server.rest.SecurityResource with @Path(/security/apps/{appId}).
[1/18/16 22:18:04:671 CST] 0000002b org.apache.wink.server.internal.log.Resources                I The server has registered the JAX-RS resource class com.ibm.mobile.analytics.server.rest.AdaptersResource with @Path(/adapters/apps/{appId}).
[1/18/16 22:18:04:671 CST] 0000002b org.apache.wink.server.internal.log.Resources                I The server has registered the JAX-RS resource class com.ibm.mobile.analytics.server.rest.NetworkResource with @Path(/network/apps/{appId}).
[1/18/16 22:18:04:671 CST] 0000002b org.apache.wink.server.internal.log.Resources                I The server has registered the JAX-RS resource class com.ibm.mobile.analytics.server.rest.DevicesResource with @Path(/devices/apps/{appId}).
[1/18/16 22:18:04:672 CST] 0000002b org.apache.wink.server.internal.log.Resources                I The server has registered the JAX-RS resource class com.ibm.mobile.analytics.server.rest.ServersResource with @Path(/servers/apps/{appId}).
[1/18/16 22:18:04:672 CST] 0000002b org.apache.wink.server.internal.log.Resources                I The server has registered the JAX-RS resource class com.ibm.mobile.analytics.server.rest.CommonResource with @Path(/common/apps/{appId}).
[1/18/16 22:18:04:672 CST] 0000002b org.apache.wink.server.internal.log.Resources                I The server has registered the JAX-RS resource class com.ibm.mobile.analytics.server.rest.SearchResource with @Path(/search/apps/{appId}).
[1/18/16 22:18:04:672 CST] 0000002b org.apache.wink.server.internal.log.Resources                I The server has registered the JAX-RS resource class com.ibm.mobile.analytics.server.custom.elasticsearch.CustomCharts with @Path(/custom/apps/{appId}).
[1/18/16 22:18:04:672 CST] 0000002b org.apache.wink.server.internal.log.Resources                I The server has registered the JAX-RS resource class com.ibm.mobile.analytics.server.alert.elasticsearch.AlertsResource with @Path(/alerts/apps/{appId}).
[1/18/16 22:18:04:672 CST] 0000002b org.apache.wink.server.internal.log.Resources                I The server has registered the JAX-RS resource class com.ibm.mobile.analytics.server.rest.PushResource with @Path(/push/apps/{appId}).
[1/18/16 22:18:04:672 CST] 0000002b org.apache.wink.server.internal.log.Resources                I The server has registered the JAX-RS resource class com.wordnik.swagger.jaxrs.listing.ApiListingResourceJSON with @Path(/api-docs).
[1/18/16 22:18:04:672 CST] 0000002b org.apache.wink.server.internal.log.Resources                I The server has registered the JAX-RS resource class com.ibm.mobile.analytics.server.rest.IndexManagerResource with @Path(/indices).
[1/18/16 22:18:04:673 CST] 0000002b org.apache.wink.server.internal.log.Resources                I The server has registered the JAX-RS resource class com.ibm.mobile.analytics.server.servlet.DataReceiver with @Path(/).
[1/18/16 22:18:04:673 CST] 0000002b org.apache.wink.server.internal.log.Providers                I The class com.ibm.mobile.analytics.server.servlet.EventReportListProvider was registered as a JAX-RS MessageBodyReader provider for java.util.List Java types and application/json media types.
[1/18/16 22:18:04:673 CST] 0000002b org.apache.wink.server.internal.log.Providers                I The class com.ibm.mobile.analytics.server.servlet.CustomParametersProvider was registered as a JAX-RS MessageBodyReader provider for com.ibm.mobile.analytics.server.rest.params.CustomParameters Java types and application/json media types.
[1/18/16 22:18:04:673 CST] 0000002b org.apache.wink.server.internal.log.Providers                I The class com.ibm.mobile.analytics.server.servlet.AlertDefinitionProvider was registered as a JAX-RS MessageBodyReader provider for com.ibm.mobile.analytics.sdk.model.AlertDefinition Java types and application/json media types.
[1/18/16 22:18:04:673 CST] 0000002b org.apache.wink.server.internal.log.Providers                I The class com.ibm.mobile.analytics.server.servlet.EventReportProvider was registered as a JAX-RS MessageBodyReader provider for com.ibm.mobile.analytics.sdk.model.EventReport Java types and application/json media types.
[1/18/16 22:18:04:673 CST] 0000002b org.apache.wink.server.internal.log.Providers                I The class com.wordnik.swagger.jaxrs.listing.ResourceListingProvider was registered as a JAX-RS MessageBodyWriter provider for com.wordnik.swagger.model.ResourceListing Java types and application/json media types.
[1/18/16 22:18:04:673 CST] 0000002b org.apache.wink.server.internal.log.Providers                I The class com.wordnik.swagger.jaxrs.listing.ApiDeclarationProvider was registered as a JAX-RS MessageBodyWriter provider for com.wordnik.swagger.model.ApiListing Java types and application/json media types.
[1/18/16 22:18:04:673 CST] 0000002b org.apache.wink.server.internal.log.Providers                I The class com.wordnik.swagger.jaxrs.listing.ResourceListingProvider was registered as a JAX-RS MessageBodyWriter provider for com.wordnik.swagger.model.ResourceListing Java types and application/xml media types.
[1/18/16 22:18:04:674 CST] 0000002b org.apache.wink.server.internal.log.Providers                I The class com.wordnik.swagger.jaxrs.listing.ApiDeclarationProvider was registered as a JAX-RS MessageBodyWriter provider for com.wordnik.swagger.model.ApiListing Java types and application/xml media types.
[1/18/16 22:18:04:685 CST] 0000002b com.ibm.ws.webcontainer.servlet                              I SRVE0242I: [AnalyticsServices] [/analytics-service] [data]: Initialization successful.
[1/18/16 22:18:05:465 CST] 00000039 com.worklight.common.util.jmx.LibertyJMXRegister             I FWLSE2008I: MBean registration succeeded for: com.worklight.common.server.jmx.api:type=ProjectManagement,qualifier=AdapterBasedAuth [project AdapterBasedAuth]
[1/18/16 22:18:05:504 CST] 00000039 com.worklight.core.auth.impl.AuthenticationFilter            I FWLSE0273I: Set sync required to 'true' [project AdapterBasedAuth]
[1/18/16 22:18:05:509 CST] 00000039 com.worklight.common.util.jmx.LibertyRuntimeMBeanHandler     I Establishing REST connection to service:jmx:rest://localhost:10443/IBMJMXConnectorREST
[1/18/16 22:18:05:525 CST] 00000039 jmx.connector.client.rest.internal.RESTMBeanServerConnection I Value of retry post was already set: false
[1/18/16 22:18:05:822 CST] 00000039 com.worklight.common.util.jmx.LibertyRuntimeMBeanHandler     I Successful REST connection to service:jmx:rest://localhost:10443/IBMJMXConnectorREST
[1/18/16 22:18:06:309 CST] 00000064 com.ibm.worklight.admin.jmx.ManagementMXBeanImpl             I Accessing the ping service http://localhost:10080//worklightadmin/ping
[1/18/16 22:18:06:431 CST] 00000066 com.ibm.worklight.admin.services.ManagementService           I Ping service checking the availability of the HTTP(s) port successfully invoked
[1/18/16 22:18:06:450 CST] 00000064 com.ibm.worklight.admin.jmx.ManagementMXBeanImpl             I The ping service http://localhost:10080//worklightadmin/ping is available
[1/18/16 22:18:06:478 CST] 00000068 SystemErr                                                    R 5242  WorklightManagementPU-derby  INFO   [LargeThreadPool-thread-41] openjpa.Runtime - Starting OpenJPA 1.2.2
[1/18/16 22:18:06:480 CST] 00000068 SystemErr                                                    R 5244  WorklightManagementPU-derby  INFO   [LargeThreadPool-thread-41] openjpa.jdbc.JDBC - Using dictionary class "org.apache.openjpa.jdbc.sql.DerbyDictionary" (Apache Derby 10.8.2.2 - (1181258) ,Apache Derby Embedded JDBC Driver 10.8.2.2 - (1181258)).
[1/18/16 22:18:06:892 CST] 00000068 SystemErr                                                    R 5551  WorklightManagementPU-derby  INFO   [LargeThreadPool-thread-41] openjpa.Runtime - Though you are using optimistic transactions, OpenJPA is now beginning a datastore transaction because you have requested a lock on some data.
[1/18/16 22:18:06:896 CST] 00000068 SystemErr                                                    R 5555  WorklightManagementPU-derby  INFO   [LargeThreadPool-thread-41] openjpa.Runtime - Though you are using optimistic transactions, OpenJPA is now beginning a datastore transaction because you have requested a lock on some data.
[1/18/16 22:18:07:321 CST] 00000039 com.worklight.core.auth.impl.AuthenticationFilter            I FWLSE0273I: Set sync required to 'true' [project AdapterBasedAuth]
[1/18/16 22:18:07:322 CST] 00000039 com.worklight.core.jmx.ProjectSynchronizationBean            I FWLSE0271I: Resources dir '/Users/lsteck/ws/ews/WorkspacesLSR2MFP710/CITutorial/dev/MobileFirstServerConfig/servers/worklight/workarea/org.eclipse.osgi/84/data/temp/default_node/SMF_WebContainer/AdapterBasedAuth/AdapterBasedAuth/widget-resources' is going to be cleaned [project AdapterBasedAuth]
[1/18/16 22:18:08:332 CST] 0000002b com.ibm.ws.webcontainer.servlet                              I SRVE0242I: [AnalyticsServices] [/analytics-service] [SwaggerJaxrsConfig]: Initialization successful.
[1/18/16 22:18:08:348 CST] 0000002b com.ibm.ws.app.manager.AppMessageHelper                      A CWWKZ0001I: Application AnalyticsServices started in 16.479 seconds.
[1/18/16 22:18:08:355 CST] 0000001a com.ibm.ws.kernel.feature.internal.FeatureManager            A CWWKF0012I: The server installed the following features: [appSecurity-1.0, jdbc-4.0, ldapRegistry-3.0, ssl-1.0, localConnector-1.0, json-1.0, appSecurity-2.0, jsp-2.2, restConnector-1.0, servlet-3.0, jaxrs-1.1, jndi-1.0, distributedMap-1.0].
[1/18/16 22:18:08:355 CST] 0000001a com.ibm.ws.kernel.feature.internal.FeatureManager            I CWWKF0008I: Feature update completed in 18.659 seconds.
[1/18/16 22:18:08:355 CST] 0000001a com.ibm.ws.kernel.feature.internal.FeatureManager            A CWWKF0011I: The server worklight is ready to run a smarter planet.
[1/18/16 22:18:08:370 CST] 00000039 com.worklight.common.util.HttpUtil                           I FWLSE2014I: Downloading a worklight artifact from http://localhost:10080/worklightadmin/otu/1.0/7d5c3cffffffd6495122ffffffa2ffffffdcffffff8bffffffda0affffffc4301bfffffff8/runtimes/AdapterBasedAuth/downloads/applications/HybridAdapterAuth/common/1.0 [project AdapterBasedAuth]
[1/18/16 22:18:08:400 CST] 00000039 com.worklight.common.util.GeneralUtil                        I FWLSE2001I: Detected more than one IP address. Using 192.168.0.11 as the public IP address of the MobileFirst Server. You can set a different IP address in worklight.properties. [project AdapterBasedAuth]
[1/18/16 22:18:08:423 CST] 00000039 om.worklight.applications.deployers.base.EnvironmentDeployer I FWLSE0274I: Environment common deployed to directory '/Users/lsteck/ws/ews/WorkspacesLSR2MFP710/CITutorial/dev/MobileFirstServerConfig/servers/worklight/workarea/org.eclipse.osgi/84/data/temp/default_node/SMF_WebContainer/AdapterBasedAuth/AdapterBasedAuth/widget-resources/HybridAdapterAuth-common-049632bcaed365215d7eedb397d1ec81e26fd646' . [project AdapterBasedAuth]
[1/18/16 22:18:08:529 CST] 00000039 com.worklight.common.util.HttpUtil                           I FWLSE2014I: Downloading a worklight artifact from http://localhost:10080/worklightadmin/otu/1.0/7d5c3cffffffd6495122ffffffa2ffffffdcffffff8bffffffda0affffffc4301bfffffff8/runtimes/AdapterBasedAuth/downloads/adapters/AuthAdapter [project AdapterBasedAuth]
[1/18/16 22:18:09:114 CST] 0000007d com.worklight.common.util.jmx.LibertyRuntimeMBeanHandler     I Establishing REST connection to service:jmx:rest://localhost:10443/IBMJMXConnectorREST
[1/18/16 22:18:09:122 CST] 0000007d com.worklight.common.util.jmx.LibertyRuntimeMBeanHandler     I Successful REST connection to service:jmx:rest://localhost:10443/IBMJMXConnectorREST
[1/18/16 22:18:09:873 CST] 00000039 apache.wink.server.internal.application.ApplicationProcessor I The following JAX-RS application has been processed: com.worklight.wink.extensions.MFPJAXRSApplicationWrapper
[1/18/16 22:18:09:874 CST] 00000039 org.apache.wink.server.internal.log.Resources                I The server has registered the JAX-RS resource class com.worklight.adapters.rest.JSAdapterRestWrapper with @Path(/).
[1/18/16 22:18:09:879 CST] 00000039 org.apache.wink.server.internal.log.Providers                I The class org.codehaus.jackson.jaxrs.JacksonJaxbJsonProvider was registered as a JAX-RS MessageBodyReader provider for all Java types and application/json media types.
[1/18/16 22:18:09:879 CST] 00000039 org.apache.wink.server.internal.log.Providers                I The class org.codehaus.jackson.jaxrs.JacksonJaxbJsonProvider was registered as a JAX-RS MessageBodyReader provider for all Java types and text/json media types.
[1/18/16 22:18:09:879 CST] 00000039 org.apache.wink.server.internal.log.Providers                I The class org.codehaus.jackson.jaxrs.JacksonJaxbJsonProvider was registered as a JAX-RS MessageBodyWriter provider for all Java types and application/json media types.
[1/18/16 22:18:09:879 CST] 00000039 org.apache.wink.server.internal.log.Providers                I The class org.codehaus.jackson.jaxrs.JacksonJaxbJsonProvider was registered as a JAX-RS MessageBodyWriter provider for all Java types and text/json media types.
[1/18/16 22:18:10:261 CST] 0000009b SystemErr                                                    R 8920  WorklightManagementPU-derby  INFO   [LargeThreadPool-thread-85] openjpa.Runtime - Though you are using optimistic transactions, OpenJPA is now beginning a datastore transaction because you have requested a lock on some data.
[1/18/16 22:18:10:269 CST] 0000009b com.ibm.worklight.admin.jmx.ManagementMXBeanImpl             I Result: AdapterBasedAuth: worklight///192.168.0.11: Runtime was synchronized successfully
[1/18/16 22:18:10:270 CST] 0000009b com.ibm.worklight.admin.jmx.ManagementMXBeanImpl             I AdapterBasedAuth: worklight///192.168.0.11: 2016-01-19T04:18:08.456Z: Preparation to deploy 'HybridAdapterAuth' finished
[1/18/16 22:18:10:270 CST] 0000009b com.ibm.worklight.admin.jmx.ManagementMXBeanImpl             I AdapterBasedAuth: worklight///192.168.0.11: 2016-01-19T04:18:10.247Z: Preparation to deploy adapter 'AuthAdapter' finished successfully, SUCCESS
[1/18/16 22:18:10:270 CST] 0000009b com.ibm.worklight.admin.jmx.ManagementMXBeanImpl             I AdapterBasedAuth: worklight///192.168.0.11: 2016-01-19T04:18:10.248Z: Transaction handler reset
[1/18/16 22:18:10:272 CST] 00000039 com.worklight.core.init.WorklightServletInitializer          I FWLSE0247I: The AdapterBasedAuth project initialization times were: start-firstReadyCheck=2, firstReadyCheck=948, ready for sync=0, sync=3,818 [project AdapterBasedAuth]
[1/18/16 22:18:10:274 CST] 00000039 com.worklight.core.auth.impl.AuthenticationFilter            I FWLSE0273I: Set sync required to 'false' [project AdapterBasedAuth]
[1/18/16 22:18:10:305 CST] 00000039 com.worklight.core.ilmt.WorklightILMTLogger                  I FWLSE0278I: The default ILMT directory '/var/ibm/common/slm' cannot be used. [project AdapterBasedAuth]
[1/18/16 22:18:10:307 CST] 00000039 com.worklight.core.ilmt.WorklightILMTLogger                  I FWLSE0282I: Using the ILMT directory '/Users/lsteck/ws/ews/WorkspacesLSR2MFP710/CITutorial/dev/MobileFirstServerConfig/servers/worklight/logs'. [project AdapterBasedAuth]
[1/18/16 22:18:10:318 CST] 00000039 com.worklight.server.bundle.project.JeeProjectActivator      I FWLST0002I: ========= Project /AdapterBasedAuth started. The project WAR file version is 7.1.0.00.20151023-1441,running on server version 7.1.0.00.20151023-1441. [project AdapterBasedAuth]
[1/18/16 22:18:11:186 CST] 00000090 SystemErr                                                    R 9845  WorklightManagementPU-derby  INFO   [LargeThreadPool-thread-77] openjpa.Runtime - Though you are using optimistic transactions, OpenJPA is now beginning a datastore transaction because you have requested a lock on some data.
[1/18/16 22:18:11:195 CST] 00000090 SystemErr                                                    R 9854  WorklightManagementPU-derby  INFO   [LargeThreadPool-thread-77] openjpa.Runtime - Though you are using optimistic transactions, OpenJPA is now beginning a datastore transaction because you have requested a lock on some data.
[1/18/16 22:18:11:219 CST] 00000090 SystemErr                                                    R 9878  WorklightManagementPU-derby  INFO   [LargeThreadPool-thread-77] openjpa.Runtime - Though you are using optimistic transactions, OpenJPA is now beginning a datastore transaction because you have requested a lock on some data.
[1/18/16 22:18:11:319 CST] 000000a3 com.worklight.core.jmx.ProjectManagementMXBeanImpl           I FWLSE0275I: Starting transaction with ID 6 for 'deployAdapter'.  [project AdapterBasedAuth]
[1/18/16 22:18:11:336 CST] 000000a3 com.worklight.common.util.HttpUtil                           I FWLSE2014I: Downloading a worklight artifact from http://Larrys-MacBook-Pro.local:10080/worklightadmin/otu/1.0/ffffffdbfffffff024ffffff80ffffffe95dffffffe0ffffffb51305fffffffeffffffa7ffffff8a5310ffffffab/runtimes/AdapterBasedAuth/downloads/adapters/Temporary317569284 [project AdapterBasedAuth]
[1/18/16 22:18:11:637 CST] 000000a3 apache.wink.server.internal.application.ApplicationProcessor I The following JAX-RS application has been processed: com.worklight.wink.extensions.MFPJAXRSApplicationWrapper
[1/18/16 22:18:11:638 CST] 000000a3 org.apache.wink.server.internal.log.Resources                I The server has registered the JAX-RS resource class com.worklight.adapters.rest.JSAdapterRestWrapper with @Path(/).
[1/18/16 22:18:11:638 CST] 000000a3 org.apache.wink.server.internal.log.Providers                I The class org.codehaus.jackson.jaxrs.JacksonJaxbJsonProvider was registered as a JAX-RS MessageBodyReader provider for all Java types and application/json media types.
[1/18/16 22:18:11:639 CST] 000000a3 org.apache.wink.server.internal.log.Providers                I The class org.codehaus.jackson.jaxrs.JacksonJaxbJsonProvider was registered as a JAX-RS MessageBodyReader provider for all Java types and text/json media types.
[1/18/16 22:18:11:639 CST] 000000a3 org.apache.wink.server.internal.log.Providers                I The class org.codehaus.jackson.jaxrs.JacksonJaxbJsonProvider was registered as a JAX-RS MessageBodyWriter provider for all Java types and application/json media types.
[1/18/16 22:18:11:639 CST] 000000a3 org.apache.wink.server.internal.log.Providers                I The class org.codehaus.jackson.jaxrs.JacksonJaxbJsonProvider was registered as a JAX-RS MessageBodyWriter provider for all Java types and text/json media types.
[1/18/16 22:18:11:666 CST] 00000090 com.ibm.worklight.admin.actions.BaseTransaction              I Result: AdapterBasedAuth: worklight///192.168.0.11: Preparation to deploy adapter 'AuthAdapter' finished successfully, SUCCESS
[1/18/16 22:18:11:708 CST] 000000a8 com.worklight.core.jmx.ProjectManagementMXBeanImpl           I FWLSE0275I: Starting transaction with ID 6 for 'commit'.  [project AdapterBasedAuth]
[1/18/16 22:18:11:716 CST] 00000090 com.ibm.worklight.admin.actions.BaseTransaction              I Result: AdapterBasedAuth: worklight///192.168.0.11: Commit
[1/18/16 22:18:11:716 CST] 00000090 com.ibm.worklight.admin.actions.BaseTransaction              I AdapterBasedAuth: worklight///192.168.0.11: 2016-01-19T04:18:11.711Z: Operation to deploy adapter AuthAdapter was commited
[1/18/16 22:18:11:740 CST] 00000090 SystemErr                                                    R 10399  WorklightManagementPU-derby  INFO   [LargeThreadPool-thread-77] openjpa.Runtime - Though you are using optimistic transactions, OpenJPA is now beginning a datastore transaction because you have requested a lock on some data.
[1/18/16 22:18:12:277 CST] 000000b0 com.ibm.ws.webcontainer.servlet                              I SRVE0242I: [AdapterBasedAuth] [/AdapterBasedAuth] [PreviewServlet]: Initialization successful.
[1/18/16 22:18:18:969 CST] 0000004c com.ibm.mobile.analytics.server.util.Warmers                 I Warmers have been disabled
[1/18/16 22:18:18:969 CST] 0000004c com.ibm.mobile.analytics.server.util.Warmers                 I Warmer frequency set to 0 milliseconds
[1/18/16 22:19:10:320 CST] 0000009d com.worklight.core.ilmt.WorklightILMTLogger                  I FWLSE0277I: Creating an ILMT record in the file '/Users/lsteck/ws/ews/WorkspacesLSR2MFP710/CITutorial/dev/MobileFirstServerConfig/servers/worklight/logs/989da37ffe83809b11dd47dd67df4cb8.slmtag'.
[1/18/16 22:24:20:631 CST] 0000013c SystemErr                                                    R 379290  WorklightManagementPU-derby  INFO   [LargeThreadPool-thread-136] openjpa.Runtime - Though you are using optimistic transactions, OpenJPA is now beginning a datastore transaction because you have requested a lock on some data.
[1/18/16 22:24:20:639 CST] 0000013c SystemErr                                                    R 379298  WorklightManagementPU-derby  INFO   [LargeThreadPool-thread-136] openjpa.Runtime - Though you are using optimistic transactions, OpenJPA is now beginning a datastore transaction because you have requested a lock on some data.
[1/18/16 22:24:20:644 CST] 0000013c SystemErr                                                    R 379303  WorklightManagementPU-derby  INFO   [LargeThreadPool-thread-136] openjpa.Runtime - Though you are using optimistic transactions, OpenJPA is now beginning a datastore transaction because you have requested a lock on some data.
[1/18/16 22:24:20:823 CST] 00000057 com.worklight.core.jmx.ProjectManagementMXBeanImpl           I FWLSE0275I: Starting transaction with ID 7 for 'deployApplication'.  [project AdapterBasedAuth]
[1/18/16 22:24:20:888 CST] 00000057 com.worklight.common.util.HttpUtil                           I FWLSE2014I: Downloading a worklight artifact from http://Larrys-MacBook-Pro.local:10080/worklightadmin/otu/1.0/ffffffe1311003fffffff8ffffff9147ffffffc84affffffae5dffffffc64a3a476c/runtimes/AdapterBasedAuth/downloads/applications/Temporary317569284/iphone/1.0 [project AdapterBasedAuth]
[1/18/16 22:24:20:967 CST] 00000057 com.worklight.common.util.HttpUtil                           I FWLSE2014I: Downloading a worklight artifact from http://Larrys-MacBook-Pro.local:10080/worklightadmin/otu/1.0/ffffffe1311003fffffff8ffffff9147ffffffc84affffffae5dffffffc64a3a476c/runtimes/AdapterBasedAuth/downloads/applications/Temporary317569284/android/1.0 [project AdapterBasedAuth]
[1/18/16 22:24:21:016 CST] 00000057 com.worklight.common.util.HttpUtil                           I FWLSE2014I: Downloading a worklight artifact from http://Larrys-MacBook-Pro.local:10080/worklightadmin/otu/1.0/ffffffe1311003fffffff8ffffff9147ffffffc84affffffae5dffffffc64a3a476c/runtimes/AdapterBasedAuth/downloads/applications/Temporary317569284/common/1.0 [project AdapterBasedAuth]
[1/18/16 22:24:21:027 CST] 00000057 om.worklight.applications.deployers.base.EnvironmentDeployer I FWLSE0274I: Environment iphone deployed to directory '/Users/lsteck/ws/ews/WorkspacesLSR2MFP710/CITutorial/dev/MobileFirstServerConfig/servers/worklight/workarea/org.eclipse.osgi/84/data/temp/default_node/SMF_WebContainer/AdapterBasedAuth/AdapterBasedAuth/widget-resources/HybridAdapterAuth-iphone-1.0-3de9efe2aa32ed964a6951cebe1376cda098ffca' . [project AdapterBasedAuth]
[1/18/16 22:24:21:247 CST] 00000057 om.worklight.applications.deployers.base.EnvironmentDeployer I FWLSE0274I: Environment common deployed to directory '/Users/lsteck/ws/ews/WorkspacesLSR2MFP710/CITutorial/dev/MobileFirstServerConfig/servers/worklight/workarea/org.eclipse.osgi/84/data/temp/default_node/SMF_WebContainer/AdapterBasedAuth/AdapterBasedAuth/widget-resources/HybridAdapterAuth-common-a07bdf093d7c68fff9b947ebb79e9bf1ab68a743' . [project AdapterBasedAuth]
[1/18/16 22:24:21:264 CST] 00000057 om.worklight.applications.deployers.base.EnvironmentDeployer I FWLSE0274I: Environment android deployed to directory '/Users/lsteck/ws/ews/WorkspacesLSR2MFP710/CITutorial/dev/MobileFirstServerConfig/servers/worklight/workarea/org.eclipse.osgi/84/data/temp/default_node/SMF_WebContainer/AdapterBasedAuth/AdapterBasedAuth/widget-resources/HybridAdapterAuth-android-1.0-2f1123c96406ac840ec709eea174cce32fe99245' . [project AdapterBasedAuth]
[1/18/16 22:24:21:444 CST] 0000013c com.ibm.worklight.admin.actions.BaseTransaction              I Result: AdapterBasedAuth: worklight///192.168.0.11: Preparation to deploy 'HybridAdapterAuth' finished
[1/18/16 22:24:21:472 CST] 0000014d com.worklight.core.jmx.ProjectManagementMXBeanImpl           I FWLSE0275I: Starting transaction with ID 7 for 'commit'.  [project AdapterBasedAuth]
[1/18/16 22:24:21:484 CST] 0000013c com.ibm.worklight.admin.actions.BaseTransaction              I Result: AdapterBasedAuth: worklight///192.168.0.11: Commit
[1/18/16 22:24:21:484 CST] 0000013c com.ibm.worklight.admin.actions.BaseTransaction              I AdapterBasedAuth: worklight///192.168.0.11: 2016-01-19T04:24:21.475Z: Application 'HybridAdapterAuth' was updated
[1/18/16 22:24:21:530 CST] 0000013c SystemErr                                                    R 380189  WorklightManagementPU-derby  INFO   [LargeThreadPool-thread-136] openjpa.Runtime - Though you are using optimistic transactions, OpenJPA is now beginning a datastore transaction because you have requested a lock on some data.
[1/18/16 22:24:42:744 CST] 00000099 com.ibm.worklight.admin.common.util.ContextPropertyUtil      I Resource conf/jndi/default.properties not found. This is not an error. Context path is /worklightconsole
[1/18/16 22:24:43:040 CST] 00000173 m.ibm.worklight.management.ui.servlet.ConsoleServicesServlet I The endpoint used to invoke the MFP administration services is http://larrys-macbook-pro.local:10080/worklightadmin/
[1/18/16 22:24:50:291 CST] 0000017e com.ibm.ws.webcontainer.servlet                              I SRVE0242I: [AdapterBasedAuth] [/AdapterBasedAuth] [RESTAdaptersServiceServlet]: Initialization successful.
[1/18/16 22:24:57:406 CST] 000001a7 com.ibm.ws.webcontainer.servlet                              I SRVE0242I: [AdapterBasedAuth] [/AdapterBasedAuth] [InvokeProcServlet]: Initialization successful.
[1/18/16 22:28:12:335 CST] 00000057 SystemErr                                                    R 610994  WorklightManagementPU-derby  INFO   [LargeThreadPool-thread-28] openjpa.Runtime - Though you are using optimistic transactions, OpenJPA is now beginning a datastore transaction because you have requested a lock on some data.
[1/18/16 22:28:12:341 CST] 00000057 SystemErr                                                    R 611000  WorklightManagementPU-derby  INFO   [LargeThreadPool-thread-28] openjpa.Runtime - Though you are using optimistic transactions, OpenJPA is now beginning a datastore transaction because you have requested a lock on some data.
[1/18/16 22:28:12:345 CST] 00000057 SystemErr                                                    R 611004  WorklightManagementPU-derby  INFO   [LargeThreadPool-thread-28] openjpa.Runtime - Though you are using optimistic transactions, OpenJPA is now beginning a datastore transaction because you have requested a lock on some data.
[1/18/16 22:28:12:426 CST] 0000019f com.worklight.core.jmx.ProjectManagementMXBeanImpl           I FWLSE0275I: Starting transaction with ID 8 for 'deployApplication'.  [project AdapterBasedAuth]
[1/18/16 22:28:12:466 CST] 0000019f com.worklight.common.util.HttpUtil                           I FWLSE2014I: Downloading a worklight artifact from http://Larrys-MacBook-Pro.local:10080/worklightadmin/otu/1.0/4964ffffffb2ffffffabffffffeeffffff9725ffffffbd4734576e7affffffd7305f/runtimes/AdapterBasedAuth/downloads/applications/Temporary317569284/iphone/1.0 [project AdapterBasedAuth]
[1/18/16 22:28:12:516 CST] 0000019f com.worklight.common.util.HttpUtil                           I FWLSE2014I: Downloading a worklight artifact from http://Larrys-MacBook-Pro.local:10080/worklightadmin/otu/1.0/4964ffffffb2ffffffabffffffeeffffff9725ffffffbd4734576e7affffffd7305f/runtimes/AdapterBasedAuth/downloads/applications/Temporary317569284/common/1.0 [project AdapterBasedAuth]
[1/18/16 22:28:12:526 CST] 0000019f om.worklight.applications.deployers.base.EnvironmentDeployer I FWLSE0274I: Environment iphone deployed to directory '/Users/lsteck/ws/ews/WorkspacesLSR2MFP710/CITutorial/dev/MobileFirstServerConfig/servers/worklight/workarea/org.eclipse.osgi/84/data/temp/default_node/SMF_WebContainer/AdapterBasedAuth/AdapterBasedAuth/widget-resources/HybridAdapterAuth-iphone-1.0-6483c3543b6778a10c89c255d03609a18bd76aa6' . [project AdapterBasedAuth]
[1/18/16 22:28:12:688 CST] 0000019f om.worklight.applications.deployers.base.EnvironmentDeployer I FWLSE0274I: Environment common deployed to directory '/Users/lsteck/ws/ews/WorkspacesLSR2MFP710/CITutorial/dev/MobileFirstServerConfig/servers/worklight/workarea/org.eclipse.osgi/84/data/temp/default_node/SMF_WebContainer/AdapterBasedAuth/AdapterBasedAuth/widget-resources/HybridAdapterAuth-common-b1259f9333749689face841202e38f344092c795' . [project AdapterBasedAuth]
[1/18/16 22:28:12:706 CST] 00000057 com.ibm.worklight.admin.actions.BaseTransaction              I Result: AdapterBasedAuth: worklight///192.168.0.11: Preparation to deploy 'HybridAdapterAuth' finished
[1/18/16 22:28:12:714 CST] 000000a1 com.worklight.core.jmx.ProjectManagementMXBeanImpl           I FWLSE0275I: Starting transaction with ID 8 for 'commit'.  [project AdapterBasedAuth]
[1/18/16 22:28:12:781 CST] 00000057 com.ibm.worklight.admin.actions.BaseTransaction              I Result: AdapterBasedAuth: worklight///192.168.0.11: Commit
[1/18/16 22:28:12:782 CST] 00000057 com.ibm.worklight.admin.actions.BaseTransaction              I AdapterBasedAuth: worklight///192.168.0.11: 2016-01-19T04:28:12.715Z: Application 'HybridAdapterAuth' was updated
[1/18/16 22:28:12:798 CST] 00000057 SystemErr                                                    R 611457  WorklightManagementPU-derby  INFO   [LargeThreadPool-thread-28] openjpa.Runtime - Though you are using optimistic transactions, OpenJPA is now beginning a datastore transaction because you have requested a lock on some data.
[1/18/16 23:15:09:155 CST] 000002ee com.ibm.ws.runtime.update.internal.RuntimeUpdateManagerImpl  I CWWKE1100I: Begin server quiesce.
[1/18/16 23:15:09:159 CST] 000002ef com.ibm.ws.tcpchannel.internal.TCPChannel                    I CWWKO0220I: TCP Channel defaultHttpEndpoint has stopped listening for requests on host *  (IPv6) port 10080.
[1/18/16 23:15:09:162 CST] 000002ef com.ibm.ws.tcpchannel.internal.TCPChannel                    I CWWKO0220I: TCP Channel defaultHttpEndpoint-ssl has stopped listening for requests on host *  (IPv6) port 10443.
[1/18/16 23:15:09:162 CST] 000002ef com.ibm.ws.http.internal.VirtualHostImpl                     A CWWKT0017I: Web application removed (default_host): https://192.168.169.1:10443/IBMJMXConnectorREST/
[1/18/16 23:15:09:162 CST] 000002ef com.ibm.ws.http.internal.VirtualHostImpl                     A CWWKT0017I: Web application removed (default_host): https://192.168.169.1:10443/worklightadmin/
[1/18/16 23:15:09:162 CST] 000002ef com.ibm.ws.http.internal.VirtualHostImpl                     A CWWKT0017I: Web application removed (default_host): https://192.168.169.1:10443/analytics/
[1/18/16 23:15:09:162 CST] 000002ef com.ibm.ws.http.internal.VirtualHostImpl                     A CWWKT0017I: Web application removed (default_host): https://192.168.169.1:10443/analytics-service/
[1/18/16 23:15:09:162 CST] 000002ef com.ibm.ws.http.internal.VirtualHostImpl                     A CWWKT0017I: Web application removed (default_host): https://192.168.169.1:10443/_MobileBrowserSimulator/
[1/18/16 23:15:09:162 CST] 000002ef com.ibm.ws.http.internal.VirtualHostImpl                     A CWWKT0017I: Web application removed (default_host): https://192.168.169.1:10443/worklightconsole/
[1/18/16 23:15:09:163 CST] 000002ef com.ibm.ws.http.internal.VirtualHostImpl                     A CWWKT0017I: Web application removed (default_host): https://192.168.169.1:10443/AdapterBasedAuth/
[1/18/16 23:15:09:165 CST] 000002ee com.ibm.ws.runtime.update.internal.RuntimeUpdateManagerImpl  I CWWKE1101I: Server quiesce complete.
[1/18/16 23:15:09:201 CST] 00000111 com.ibm.ws.webcontainer.servlet                              I SRVE0253I: [AnalyticsServices] [/analytics-service] [SwaggerJaxrsConfig]: Destroy successful.
[1/18/16 23:15:09:201 CST] 0000014c com.ibm.ws.webcontainer.servlet                              I SRVE0253I: [AnalyticsUI] [/analytics] [servicesServlet]: Destroy successful.
[1/18/16 23:15:09:201 CST] 000001f0 com.ibm.ws.webcontainer.servlet                              I SRVE0253I: [WorklightConsole] [/worklightconsole] [servicesServlet]: Destroy successful.
[1/18/16 23:15:09:203 CST] 00000069 com.ibm.ws.webcontainer.servlet                              I SRVE0253I: [AdapterBasedAuth] [/AdapterBasedAuth] [AuthorizationServer]: Destroy successful.
[1/18/16 23:15:09:203 CST] 00000155 com.ibm.ws.webcontainer.servlet                              I SRVE0253I: [WorklightServices] [/worklightadmin] [ManagementServlet]: Destroy successful.
[1/18/16 23:15:09:204 CST] 0000014c com.ibm.ws.webcontainer.servlet                              I SRVE0253I: [AnalyticsUI] [/analytics] [utilityServlet]: Destroy successful.
[1/18/16 23:15:09:205 CST] 00000069 com.ibm.ws.webcontainer.servlet                              I SRVE0253I: [AdapterBasedAuth] [/AdapterBasedAuth] [OAuthAuthorizationServer]: Destroy successful.
[1/18/16 23:15:09:205 CST] 000001f0 com.ibm.ws.webcontainer.servlet                              I SRVE0253I: [WorklightConsole] [/worklightconsole] [localeServlet]: Destroy successful.
[1/18/16 23:15:09:206 CST] 00000155 ht.admin.listeners.WorklightManagementServletContextListener I MobileFirst Administration Services servlet context listener destroyed
[1/18/16 23:15:09:206 CST] 00000069 com.ibm.ws.webcontainer.servlet                              I SRVE0253I: [AdapterBasedAuth] [/AdapterBasedAuth] [InvokeProcServlet]: Destroy successful.
[1/18/16 23:15:09:206 CST] 00000155 com.ibm.ws.webcontainer.webapp                               I SRVE0292I: Servlet Message - [worklight-management-service]:.Closing Spring root WebApplicationContext
[1/18/16 23:15:09:207 CST] 00000069 com.ibm.ws.webcontainer.servlet                              I SRVE0253I: [AdapterBasedAuth] [/AdapterBasedAuth] [RESTAdaptersServiceServlet]: Destroy successful.
[1/18/16 23:15:09:207 CST] 00000111 com.ibm.ws.webcontainer.servlet                              I SRVE0253I: [AnalyticsServices] [/analytics-service] [data]: Destroy successful.
[1/18/16 23:15:09:209 CST] 00000111 com.ibm.ws.webcontainer.servlet                              I SRVE0253I: [AnalyticsServices] [/analytics-service] [datav2]: Destroy successful.
[1/18/16 23:15:09:210 CST] 00000069 com.ibm.ws.webcontainer.servlet                              I SRVE0253I: [AdapterBasedAuth] [/AdapterBasedAuth] [PushWorksApplication]: Destroy successful.
[1/18/16 23:15:09:210 CST] 00000069 com.ibm.ws.webcontainer.servlet                              I SRVE0253I: [AdapterBasedAuth] [/AdapterBasedAuth] [PreviewServlet]: Destroy successful.
[1/18/16 23:15:09:210 CST] 00000155 springframework.web.context.support.XmlWebApplicationContext I Closing Root WebApplicationContext: startup date [Mon Jan 18 22:17:59 CST 2016]; root of context hierarchy
[1/18/16 23:15:09:212 CST] 00000069 com.worklight.core.ilmt.WorklightILMTLogger                  I FWLSE0277I: Creating an ILMT record in the file '/Users/lsteck/ws/ews/WorkspacesLSR2MFP710/CITutorial/dev/MobileFirstServerConfig/servers/worklight/logs/989da37ffe83809b11dd47dd67df4cb8.slmtag'. [project AdapterBasedAuth]
[1/18/16 23:15:09:213 CST] 00000155 ngframework.beans.factory.support.DefaultListableBeanFactory I Destroying singletons in org.springframework.beans.factory.support.DefaultListableBeanFactory@49694e13: defining beans [registrationServiceFactory]; root of factory hierarchy
[1/18/16 23:15:09:213 CST] 000002c9 com.ibm.ws.app.manager.AppMessageHelper                      A CWWKZ0009I: The application _MobileBrowserSimulator has stopped successfully.
[1/18/16 23:15:09:215 CST] 000001f0 com.ibm.ws.app.manager.AppMessageHelper                      A CWWKZ0009I: The application WorklightConsole has stopped successfully.
[1/18/16 23:15:09:217 CST] 0000014c com.ibm.ws.app.manager.AppMessageHelper                      A CWWKZ0009I: The application AnalyticsUI has stopped successfully.
[1/18/16 23:15:09:222 CST] 00000155 com.ibm.ws.app.manager.AppMessageHelper                      A CWWKZ0009I: The application WorklightServices has stopped successfully.
[1/18/16 23:15:09:278 CST] 00000111 com.ibm.ws.app.manager.AppMessageHelper                      A CWWKZ0009I: The application AnalyticsServices has stopped successfully.
[1/18/16 23:15:11:231 CST] 00000069 ingframework.context.support.FileSystemXmlApplicationContext I Closing org.springframework.context.support.FileSystemXmlApplicationContext@4199aeb8: startup date [Mon Jan 18 22:17:57 CST 2016]; root of context hierarchy
[1/18/16 23:15:11:232 CST] 00000069 ngframework.beans.factory.support.DefaultListableBeanFactory I Destroying singletons in org.springframework.beans.factory.support.DefaultListableBeanFactory@3c8d454c: defining beans [org.springframework.context.annotation.internalConfigurationAnnotationProcessor,org.springframework.context.annotation.internalAutowiredAnnotationProcessor,org.springframework.context.annotation.internalRequiredAnnotationProcessor,org.springframework.context.annotation.internalCommonAnnotationProcessor,org.springframework.context.annotation.internalPersistenceAnnotationProcessor,mailingService,WorkLightNotice,rssBrokerUtils,audit,GenericDAOFactory,GenericDAO,clusterSynchronizationDAOFactory,clusterSynchronizationDAO,taskCoordinator,taskManager,worklightAuthenticationService,loginConfigurationServiceBean,protectedResourceFactory,ssoDAOFactory,ssoDAO,ssoExpiredLoginContextsCleanupTask,keyStoreManager,authorizationServer,OAuthValidator,OAuthValidationFilter,authorizationStore,OAuthInternalFilter,JAXRSSandboxFactory,AdapterResourceFactory,wlServerAPI,securityAPI,adaptersAPI,configurationAPI,pushAPI,analyticsAPI,winkFrameworkSharedClassLoader,dataAccessService,shellResourcesService,analyticsService,coreServiceManager,adapterManager,nodeProcessManager,adapterManagementService,factProcessingTask,PlatformUsageProcessingTask,notificationCleanupTask,WSSecurityService,cloudantDatabaseFactory,cloudantDb,cloudantConnectorFactory,gadgetDAOFactory,gadgetDAO,userPrefDAOFactory,userPrefDAO,deviceDAOFactory,deviceDAO,licenseTermsDAOFactory,licenseTermsDAO,clientInstanceDAOFactory,clientInstanceDAO,licenseTermsAddressableDeviceDAOFactory,licenseTermsAddressableDeviceDAO,AttributeStoreDAOFactory,attributeStoreDAO,platformUsageService,configProfileService,gfwProps,gadgetEnvironmentManager,gadgetResourcesRoot,gadgetCustomizedResourcesRoot,applicationMetadataService,applicationManagementService,beaconService,notificationsSimulationManager,pushServiceListener,PushService,reportService,reportsDS,reportsBrokerDS,reportsSessionFactory,gadgetReportsDAO,notificationReportsDao,gadgetReportsService,analyticsFactService,analyticsSDKProvider,analyticsSDK,nodeInfo,registrationService,runtimeTransactionHandler,projectSyncService,xsConfiguration,attributeStoreFactory,attributeStoreDBCleanupTask,classCache,txManager,worklight-direct,rssBrokerDS,brokerSessionFactory,org.springframework.context.annotation.ConfigurationClassPostProcessor.importAwareProcessor]; root of factory hierarchy
[1/18/16 23:15:11:242 CST] 00000069 ringframework.orm.jpa.LocalContainerEntityManagerFactoryBean I Closing JPA EntityManagerFactory for persistence unit 'WorklightPU'
[1/18/16 23:15:11:255 CST] 00000069 hsqldb.db.HSQLDB52580AD1C9.ENGINE                            I Database closed
[1/18/16 23:15:11:361 CST] 00000069 ringframework.orm.jpa.LocalContainerEntityManagerFactoryBean I Closing JPA EntityManagerFactory for persistence unit 'WorklightReportsPU'
[1/18/16 23:15:11:363 CST] 00000069 com.worklight.server.bundle.project.JeeProjectActivator      I FWLST0004I: ========= Project /AdapterBasedAuth stopped
[1/18/16 23:15:11:365 CST] 00000069 com.ibm.ws.app.manager.AppMessageHelper                      A CWWKZ0009I: The application AdapterBasedAuth has stopped successfully.
[1/18/16 23:15:11:387 CST] 000002ee com.ibm.tx.jta.impl.FailureScopeController                   A WTRN0105I: The transaction service has shutdown successfully with no transactions requiring recovery.
[1/18/16 23:15:11:402 CST] 000002ee com.ibm.ws.webcontainer.servlet                              I SRVE0253I: [com.ibm.ws.jmx.connector.server.rest] [/IBMJMXConnectorREST] [MBeanServerConnector]: Destroy successful.
[1/18/16 23:15:11:429 CST] 000002ee com.ibm.ws.security.internal.SecurityReadyServiceImpl        I CWWKS0008I: The security service is ready.
[1/18/16 23:15:11:519 CST] 000002ee com.ibm.ws.security.internal.SecurityReadyServiceImpl        I CWWKS0009I: The security service has stopped.
[1/18/16 23:15:11:651 CST] 00000001 com.ibm.ws.kernel.launch.internal.FrameworkManager           A CWWKE0036I: The server worklight stopped after 57 minutes, 23.7 seconds.
